ARM GAS  C:\Users\Xuleo\AppData\Local\Temp\cc2Ek4cO.s 			page 1


   1              		.cpu cortex-m33
   2              		.arch armv8-m.main
   3              		.fpu fpv5-sp-d16
   4              		.arch_extension dsp
   5              		.eabi_attribute 27, 1
   6              		.eabi_attribute 28, 1
   7              		.eabi_attribute 20, 1
   8              		.eabi_attribute 21, 1
   9              		.eabi_attribute 23, 3
  10              		.eabi_attribute 24, 1
  11              		.eabi_attribute 25, 1
  12              		.eabi_attribute 26, 1
  13              		.eabi_attribute 30, 1
  14              		.eabi_attribute 34, 1
  15              		.eabi_attribute 18, 4
  16              		.file	"adc.c"
  17              		.text
  18              	.Ltext0:
  19              		.cfi_sections	.debug_frame
  20              		.file 1 "Core/Src/adc.c"
  21              		.section	.text.MX_ADC1_Init,"ax",%progbits
  22              		.align	1
  23              		.global	MX_ADC1_Init
  24              		.syntax unified
  25              		.thumb
  26              		.thumb_func
  28              	MX_ADC1_Init:
  29              	.LFB356:
   1:Core/Src/adc.c **** /* USER CODE BEGIN Header */
   2:Core/Src/adc.c **** /**
   3:Core/Src/adc.c ****   ******************************************************************************
   4:Core/Src/adc.c ****   * @file    adc.c
   5:Core/Src/adc.c ****   * @brief   This file provides code for the configuration
   6:Core/Src/adc.c ****   *          of the ADC instances.
   7:Core/Src/adc.c ****   ******************************************************************************
   8:Core/Src/adc.c ****   * @attention
   9:Core/Src/adc.c ****   *
  10:Core/Src/adc.c ****   * Copyright (c) 2026 STMicroelectronics.
  11:Core/Src/adc.c ****   * All rights reserved.
  12:Core/Src/adc.c ****   *
  13:Core/Src/adc.c ****   * This software is licensed under terms that can be found in the LICENSE file
  14:Core/Src/adc.c ****   * in the root directory of this software component.
  15:Core/Src/adc.c ****   * If no LICENSE file comes with this software, it is provided AS-IS.
  16:Core/Src/adc.c ****   *
  17:Core/Src/adc.c ****   ******************************************************************************
  18:Core/Src/adc.c ****   */
  19:Core/Src/adc.c **** /* USER CODE END Header */
  20:Core/Src/adc.c **** /* Includes ------------------------------------------------------------------*/
  21:Core/Src/adc.c **** #include "adc.h"
  22:Core/Src/adc.c **** 
  23:Core/Src/adc.c **** /* USER CODE BEGIN 0 */
  24:Core/Src/adc.c **** 
  25:Core/Src/adc.c **** /* USER CODE END 0 */
  26:Core/Src/adc.c **** 
  27:Core/Src/adc.c **** ADC_HandleTypeDef hadc1;
  28:Core/Src/adc.c **** 
  29:Core/Src/adc.c **** /* ADC1 init function */
ARM GAS  C:\Users\Xuleo\AppData\Local\Temp\cc2Ek4cO.s 			page 2


  30:Core/Src/adc.c **** void MX_ADC1_Init(void)
  31:Core/Src/adc.c **** {
  30              		.loc 1 31 1 view -0
  31              		.cfi_startproc
  32              		@ args = 0, pretend = 0, frame = 32
  33              		@ frame_needed = 0, uses_anonymous_args = 0
  34 0000 00B5     		push	{lr}
  35              	.LCFI0:
  36              		.cfi_def_cfa_offset 4
  37              		.cfi_offset 14, -4
  38 0002 89B0     		sub	sp, sp, #36
  39              	.LCFI1:
  40              		.cfi_def_cfa_offset 40
  32:Core/Src/adc.c **** 
  33:Core/Src/adc.c ****   /* USER CODE BEGIN ADC1_Init 0 */
  34:Core/Src/adc.c **** 
  35:Core/Src/adc.c ****   /* USER CODE END ADC1_Init 0 */
  36:Core/Src/adc.c **** 
  37:Core/Src/adc.c ****   ADC_ChannelConfTypeDef sConfig = {0};
  41              		.loc 1 37 3 view .LVU1
  42              		.loc 1 37 26 is_stmt 0 view .LVU2
  43 0004 2022     		movs	r2, #32
  44 0006 0021     		movs	r1, #0
  45 0008 6846     		mov	r0, sp
  46 000a FFF7FEFF 		bl	memset
  47              	.LVL0:
  38:Core/Src/adc.c **** 
  39:Core/Src/adc.c ****   /* USER CODE BEGIN ADC1_Init 1 */
  40:Core/Src/adc.c **** 
  41:Core/Src/adc.c ****   /* USER CODE END ADC1_Init 1 */
  42:Core/Src/adc.c **** 
  43:Core/Src/adc.c ****   /** Common config
  44:Core/Src/adc.c ****   */
  45:Core/Src/adc.c ****   hadc1.Instance = ADC1;
  48              		.loc 1 45 3 is_stmt 1 view .LVU3
  49              		.loc 1 45 18 is_stmt 0 view .LVU4
  50 000e 1948     		ldr	r0, .L7
  51 0010 194B     		ldr	r3, .L7+4
  52 0012 0360     		str	r3, [r0]
  46:Core/Src/adc.c ****   hadc1.Init.ClockPrescaler = ADC_CLOCK_ASYNC_DIV1;
  53              		.loc 1 46 3 is_stmt 1 view .LVU5
  54              		.loc 1 46 29 is_stmt 0 view .LVU6
  55 0014 0023     		movs	r3, #0
  56 0016 4360     		str	r3, [r0, #4]
  47:Core/Src/adc.c ****   hadc1.Init.Resolution = ADC_RESOLUTION_12B;
  57              		.loc 1 47 3 is_stmt 1 view .LVU7
  58              		.loc 1 47 25 is_stmt 0 view .LVU8
  59 0018 8360     		str	r3, [r0, #8]
  48:Core/Src/adc.c ****   hadc1.Init.DataAlign = ADC_DATAALIGN_RIGHT;
  60              		.loc 1 48 3 is_stmt 1 view .LVU9
  61              		.loc 1 48 24 is_stmt 0 view .LVU10
  62 001a C360     		str	r3, [r0, #12]
  49:Core/Src/adc.c ****   hadc1.Init.ScanConvMode = ADC_SCAN_DISABLE;
  63              		.loc 1 49 3 is_stmt 1 view .LVU11
  64              		.loc 1 49 27 is_stmt 0 view .LVU12
  65 001c 0361     		str	r3, [r0, #16]
  50:Core/Src/adc.c ****   hadc1.Init.EOCSelection = ADC_EOC_SINGLE_CONV;
ARM GAS  C:\Users\Xuleo\AppData\Local\Temp\cc2Ek4cO.s 			page 3


  66              		.loc 1 50 3 is_stmt 1 view .LVU13
  67              		.loc 1 50 27 is_stmt 0 view .LVU14
  68 001e 0422     		movs	r2, #4
  69 0020 4261     		str	r2, [r0, #20]
  51:Core/Src/adc.c ****   hadc1.Init.LowPowerAutoWait = DISABLE;
  70              		.loc 1 51 3 is_stmt 1 view .LVU15
  71              		.loc 1 51 31 is_stmt 0 view .LVU16
  72 0022 0376     		strb	r3, [r0, #24]
  52:Core/Src/adc.c ****   hadc1.Init.ContinuousConvMode = DISABLE;
  73              		.loc 1 52 3 is_stmt 1 view .LVU17
  74              		.loc 1 52 33 is_stmt 0 view .LVU18
  75 0024 4376     		strb	r3, [r0, #25]
  53:Core/Src/adc.c ****   hadc1.Init.NbrOfConversion = 1;
  76              		.loc 1 53 3 is_stmt 1 view .LVU19
  77              		.loc 1 53 30 is_stmt 0 view .LVU20
  78 0026 0122     		movs	r2, #1
  79 0028 C261     		str	r2, [r0, #28]
  54:Core/Src/adc.c ****   hadc1.Init.DiscontinuousConvMode = DISABLE;
  80              		.loc 1 54 3 is_stmt 1 view .LVU21
  81              		.loc 1 54 36 is_stmt 0 view .LVU22
  82 002a 80F82030 		strb	r3, [r0, #32]
  55:Core/Src/adc.c ****   hadc1.Init.ExternalTrigConv = ADC_SOFTWARE_START;
  83              		.loc 1 55 3 is_stmt 1 view .LVU23
  84              		.loc 1 55 31 is_stmt 0 view .LVU24
  85 002e 8362     		str	r3, [r0, #40]
  56:Core/Src/adc.c ****   hadc1.Init.ExternalTrigConvEdge = ADC_EXTERNALTRIGCONVEDGE_NONE;
  86              		.loc 1 56 3 is_stmt 1 view .LVU25
  87              		.loc 1 56 35 is_stmt 0 view .LVU26
  88 0030 C362     		str	r3, [r0, #44]
  57:Core/Src/adc.c ****   hadc1.Init.DMAContinuousRequests = DISABLE;
  89              		.loc 1 57 3 is_stmt 1 view .LVU27
  90              		.loc 1 57 36 is_stmt 0 view .LVU28
  91 0032 80F83430 		strb	r3, [r0, #52]
  58:Core/Src/adc.c ****   hadc1.Init.SamplingMode = ADC_SAMPLING_MODE_NORMAL;
  92              		.loc 1 58 3 is_stmt 1 view .LVU29
  93              		.loc 1 58 27 is_stmt 0 view .LVU30
  94 0036 0363     		str	r3, [r0, #48]
  59:Core/Src/adc.c ****   hadc1.Init.Overrun = ADC_OVR_DATA_PRESERVED;
  95              		.loc 1 59 3 is_stmt 1 view .LVU31
  96              		.loc 1 59 22 is_stmt 0 view .LVU32
  97 0038 8363     		str	r3, [r0, #56]
  60:Core/Src/adc.c ****   hadc1.Init.OversamplingMode = DISABLE;
  98              		.loc 1 60 3 is_stmt 1 view .LVU33
  99              		.loc 1 60 31 is_stmt 0 view .LVU34
 100 003a 80F83C30 		strb	r3, [r0, #60]
  61:Core/Src/adc.c ****   if (HAL_ADC_Init(&hadc1) != HAL_OK)
 101              		.loc 1 61 3 is_stmt 1 view .LVU35
 102              		.loc 1 61 7 is_stmt 0 view .LVU36
 103 003e FFF7FEFF 		bl	HAL_ADC_Init
 104              	.LVL1:
 105              		.loc 1 61 6 discriminator 1 view .LVU37
 106 0042 88B9     		cbnz	r0, .L5
 107              	.L2:
  62:Core/Src/adc.c ****   {
  63:Core/Src/adc.c ****     Error_Handler();
  64:Core/Src/adc.c ****   }
  65:Core/Src/adc.c **** 
ARM GAS  C:\Users\Xuleo\AppData\Local\Temp\cc2Ek4cO.s 			page 4


  66:Core/Src/adc.c ****   /** Configure Regular Channel
  67:Core/Src/adc.c ****   */
  68:Core/Src/adc.c ****   sConfig.Channel = ADC_CHANNEL_0;
 108              		.loc 1 68 3 is_stmt 1 view .LVU38
 109              		.loc 1 68 19 is_stmt 0 view .LVU39
 110 0044 0123     		movs	r3, #1
 111 0046 0093     		str	r3, [sp]
  69:Core/Src/adc.c ****   sConfig.Rank = ADC_REGULAR_RANK_1;
 112              		.loc 1 69 3 is_stmt 1 view .LVU40
 113              		.loc 1 69 16 is_stmt 0 view .LVU41
 114 0048 0623     		movs	r3, #6
 115 004a 0193     		str	r3, [sp, #4]
  70:Core/Src/adc.c ****   sConfig.SamplingTime = ADC_SAMPLETIME_2CYCLES_5;
 116              		.loc 1 70 3 is_stmt 1 view .LVU42
 117              		.loc 1 70 24 is_stmt 0 view .LVU43
 118 004c 0023     		movs	r3, #0
 119 004e 0293     		str	r3, [sp, #8]
  71:Core/Src/adc.c ****   sConfig.SingleDiff = ADC_SINGLE_ENDED;
 120              		.loc 1 71 3 is_stmt 1 view .LVU44
 121              		.loc 1 71 22 is_stmt 0 view .LVU45
 122 0050 7F22     		movs	r2, #127
 123 0052 0392     		str	r2, [sp, #12]
  72:Core/Src/adc.c ****   sConfig.OffsetNumber = ADC_OFFSET_NONE;
 124              		.loc 1 72 3 is_stmt 1 view .LVU46
 125              		.loc 1 72 24 is_stmt 0 view .LVU47
 126 0054 0422     		movs	r2, #4
 127 0056 0492     		str	r2, [sp, #16]
  73:Core/Src/adc.c ****   sConfig.Offset = 0;
 128              		.loc 1 73 3 is_stmt 1 view .LVU48
 129              		.loc 1 73 18 is_stmt 0 view .LVU49
 130 0058 0593     		str	r3, [sp, #20]
  74:Core/Src/adc.c ****   if (HAL_ADC_ConfigChannel(&hadc1, &sConfig) != HAL_OK)
 131              		.loc 1 74 3 is_stmt 1 view .LVU50
 132              		.loc 1 74 7 is_stmt 0 view .LVU51
 133 005a 6946     		mov	r1, sp
 134 005c 0548     		ldr	r0, .L7
 135 005e FFF7FEFF 		bl	HAL_ADC_ConfigChannel
 136              	.LVL2:
 137              		.loc 1 74 6 discriminator 1 view .LVU52
 138 0062 20B9     		cbnz	r0, .L6
 139              	.L1:
  75:Core/Src/adc.c ****   {
  76:Core/Src/adc.c ****     Error_Handler();
  77:Core/Src/adc.c ****   }
  78:Core/Src/adc.c ****   /* USER CODE BEGIN ADC1_Init 2 */
  79:Core/Src/adc.c **** 
  80:Core/Src/adc.c ****   /* USER CODE END ADC1_Init 2 */
  81:Core/Src/adc.c **** 
  82:Core/Src/adc.c **** }
 140              		.loc 1 82 1 view .LVU53
 141 0064 09B0     		add	sp, sp, #36
 142              	.LCFI2:
 143              		.cfi_remember_state
 144              		.cfi_def_cfa_offset 4
 145              		@ sp needed
 146 0066 00BD     		pop	{pc}
 147              	.L5:
ARM GAS  C:\Users\Xuleo\AppData\Local\Temp\cc2Ek4cO.s 			page 5


 148              	.LCFI3:
 149              		.cfi_restore_state
  63:Core/Src/adc.c ****   }
 150              		.loc 1 63 5 is_stmt 1 view .LVU54
 151 0068 FFF7FEFF 		bl	Error_Handler
 152              	.LVL3:
 153 006c EAE7     		b	.L2
 154              	.L6:
  76:Core/Src/adc.c ****   }
 155              		.loc 1 76 5 view .LVU55
 156 006e FFF7FEFF 		bl	Error_Handler
 157              	.LVL4:
 158              		.loc 1 82 1 is_stmt 0 view .LVU56
 159 0072 F7E7     		b	.L1
 160              	.L8:
 161              		.align	2
 162              	.L7:
 163 0074 00000000 		.word	hadc1
 164 0078 00800242 		.word	1107460096
 165              		.cfi_endproc
 166              	.LFE356:
 168              		.section	.text.HAL_ADC_MspInit,"ax",%progbits
 169              		.align	1
 170              		.global	HAL_ADC_MspInit
 171              		.syntax unified
 172              		.thumb
 173              		.thumb_func
 175              	HAL_ADC_MspInit:
 176              	.LVL5:
 177              	.LFB357:
  83:Core/Src/adc.c **** 
  84:Core/Src/adc.c **** void HAL_ADC_MspInit(ADC_HandleTypeDef* adcHandle)
  85:Core/Src/adc.c **** {
 178              		.loc 1 85 1 is_stmt 1 view -0
 179              		.cfi_startproc
 180              		@ args = 0, pretend = 0, frame = 248
 181              		@ frame_needed = 0, uses_anonymous_args = 0
 182              		.loc 1 85 1 is_stmt 0 view .LVU58
 183 0000 30B5     		push	{r4, r5, lr}
 184              	.LCFI4:
 185              		.cfi_def_cfa_offset 12
 186              		.cfi_offset 4, -12
 187              		.cfi_offset 5, -8
 188              		.cfi_offset 14, -4
 189 0002 BFB0     		sub	sp, sp, #252
 190              	.LCFI5:
 191              		.cfi_def_cfa_offset 264
 192 0004 0446     		mov	r4, r0
  86:Core/Src/adc.c **** 
  87:Core/Src/adc.c ****   GPIO_InitTypeDef GPIO_InitStruct = {0};
 193              		.loc 1 87 3 is_stmt 1 view .LVU59
 194              		.loc 1 87 20 is_stmt 0 view .LVU60
 195 0006 0021     		movs	r1, #0
 196 0008 3991     		str	r1, [sp, #228]
 197 000a 3A91     		str	r1, [sp, #232]
 198 000c 3B91     		str	r1, [sp, #236]
 199 000e 3C91     		str	r1, [sp, #240]
ARM GAS  C:\Users\Xuleo\AppData\Local\Temp\cc2Ek4cO.s 			page 6


 200 0010 3D91     		str	r1, [sp, #244]
  88:Core/Src/adc.c ****   RCC_PeriphCLKInitTypeDef PeriphClkInitStruct = {0};
 201              		.loc 1 88 3 is_stmt 1 view .LVU61
 202              		.loc 1 88 28 is_stmt 0 view .LVU62
 203 0012 D022     		movs	r2, #208
 204 0014 04A8     		add	r0, sp, #16
 205              	.LVL6:
 206              		.loc 1 88 28 view .LVU63
 207 0016 FFF7FEFF 		bl	memset
 208              	.LVL7:
  89:Core/Src/adc.c ****   if(adcHandle->Instance==ADC1)
 209              		.loc 1 89 3 is_stmt 1 view .LVU64
 210              		.loc 1 89 15 is_stmt 0 view .LVU65
 211 001a 2268     		ldr	r2, [r4]
 212              		.loc 1 89 5 view .LVU66
 213 001c 254B     		ldr	r3, .L15
 214 001e 9A42     		cmp	r2, r3
 215 0020 01D0     		beq	.L13
 216              	.LVL8:
 217              	.L9:
  90:Core/Src/adc.c ****   {
  91:Core/Src/adc.c ****   /* USER CODE BEGIN ADC1_MspInit 0 */
  92:Core/Src/adc.c **** 
  93:Core/Src/adc.c ****   /* USER CODE END ADC1_MspInit 0 */
  94:Core/Src/adc.c **** 
  95:Core/Src/adc.c ****   /** Initializes the peripherals clock
  96:Core/Src/adc.c ****   */
  97:Core/Src/adc.c ****     PeriphClkInitStruct.PeriphClockSelection = RCC_PERIPHCLK_ADCDAC;
  98:Core/Src/adc.c ****     PeriphClkInitStruct.AdcDacClockSelection = RCC_ADCDACCLKSOURCE_HSE;
  99:Core/Src/adc.c ****     if (HAL_RCCEx_PeriphCLKConfig(&PeriphClkInitStruct) != HAL_OK)
 100:Core/Src/adc.c ****     {
 101:Core/Src/adc.c ****       Error_Handler();
 102:Core/Src/adc.c ****     }
 103:Core/Src/adc.c **** 
 104:Core/Src/adc.c ****     /* ADC1 clock enable */
 105:Core/Src/adc.c ****     __HAL_RCC_ADC_CLK_ENABLE();
 106:Core/Src/adc.c **** 
 107:Core/Src/adc.c ****     __HAL_RCC_GPIOA_CLK_ENABLE();
 108:Core/Src/adc.c ****     __HAL_RCC_GPIOC_CLK_ENABLE();
 109:Core/Src/adc.c ****     /**ADC1 GPIO Configuration
 110:Core/Src/adc.c ****     PA0     ------> ADC1_INP0
 111:Core/Src/adc.c ****     PA2     ------> ADC1_INP14
 112:Core/Src/adc.c ****     PA4     ------> ADC1_INP18
 113:Core/Src/adc.c ****     PA6     ------> ADC1_INP3
 114:Core/Src/adc.c ****     PA7     ------> ADC1_INP7
 115:Core/Src/adc.c ****     PC4     ------> ADC1_INP4
 116:Core/Src/adc.c ****     */
 117:Core/Src/adc.c ****     GPIO_InitStruct.Pin = SOL1_ISENSE_Pin|SOL2_ISENSE_Pin|MT_ISENSE_Pin|GPIO_PIN_6
 118:Core/Src/adc.c ****                           |GPIO_PIN_7;
 119:Core/Src/adc.c ****     GPIO_InitStruct.Mode = GPIO_MODE_ANALOG;
 120:Core/Src/adc.c ****     GPIO_InitStruct.Pull = GPIO_NOPULL;
 121:Core/Src/adc.c ****     HAL_GPIO_Init(GPIOA, &GPIO_InitStruct);
 122:Core/Src/adc.c **** 
 123:Core/Src/adc.c ****     GPIO_InitStruct.Pin = GPIO_PIN_4;
 124:Core/Src/adc.c ****     GPIO_InitStruct.Mode = GPIO_MODE_ANALOG;
 125:Core/Src/adc.c ****     GPIO_InitStruct.Pull = GPIO_NOPULL;
 126:Core/Src/adc.c ****     HAL_GPIO_Init(GPIOC, &GPIO_InitStruct);
ARM GAS  C:\Users\Xuleo\AppData\Local\Temp\cc2Ek4cO.s 			page 7


 127:Core/Src/adc.c **** 
 128:Core/Src/adc.c ****   /* USER CODE BEGIN ADC1_MspInit 1 */
 129:Core/Src/adc.c **** 
 130:Core/Src/adc.c ****   /* USER CODE END ADC1_MspInit 1 */
 131:Core/Src/adc.c ****   }
 132:Core/Src/adc.c **** }
 218              		.loc 1 132 1 view .LVU67
 219 0022 3FB0     		add	sp, sp, #252
 220              	.LCFI6:
 221              		.cfi_remember_state
 222              		.cfi_def_cfa_offset 12
 223              		@ sp needed
 224 0024 30BD     		pop	{r4, r5, pc}
 225              	.LVL9:
 226              	.L13:
 227              	.LCFI7:
 228              		.cfi_restore_state
  97:Core/Src/adc.c ****     PeriphClkInitStruct.AdcDacClockSelection = RCC_ADCDACCLKSOURCE_HSE;
 229              		.loc 1 97 5 is_stmt 1 view .LVU68
  97:Core/Src/adc.c ****     PeriphClkInitStruct.AdcDacClockSelection = RCC_ADCDACCLKSOURCE_HSE;
 230              		.loc 1 97 46 is_stmt 0 view .LVU69
 231 0026 4FF40012 		mov	r2, #2097152
 232 002a 0023     		movs	r3, #0
 233 002c CDE90423 		strd	r2, [sp, #16]
  98:Core/Src/adc.c ****     if (HAL_RCCEx_PeriphCLKConfig(&PeriphClkInitStruct) != HAL_OK)
 234              		.loc 1 98 5 is_stmt 1 view .LVU70
  98:Core/Src/adc.c ****     if (HAL_RCCEx_PeriphCLKConfig(&PeriphClkInitStruct) != HAL_OK)
 235              		.loc 1 98 46 is_stmt 0 view .LVU71
 236 0030 0323     		movs	r3, #3
 237 0032 2C93     		str	r3, [sp, #176]
  99:Core/Src/adc.c ****     {
 238              		.loc 1 99 5 is_stmt 1 view .LVU72
  99:Core/Src/adc.c ****     {
 239              		.loc 1 99 9 is_stmt 0 view .LVU73
 240 0034 04A8     		add	r0, sp, #16
 241 0036 FFF7FEFF 		bl	HAL_RCCEx_PeriphCLKConfig
 242              	.LVL10:
  99:Core/Src/adc.c ****     {
 243              		.loc 1 99 8 discriminator 1 view .LVU74
 244 003a 0028     		cmp	r0, #0
 245 003c 37D1     		bne	.L14
 246              	.L11:
 105:Core/Src/adc.c **** 
 247              		.loc 1 105 5 is_stmt 1 view .LVU75
 248              	.LBB2:
 105:Core/Src/adc.c **** 
 249              		.loc 1 105 5 view .LVU76
 105:Core/Src/adc.c **** 
 250              		.loc 1 105 5 view .LVU77
 251 003e 1E4B     		ldr	r3, .L15+4
 252 0040 D3F88C20 		ldr	r2, [r3, #140]
 253 0044 42F48062 		orr	r2, r2, #1024
 254 0048 C3F88C20 		str	r2, [r3, #140]
 105:Core/Src/adc.c **** 
 255              		.loc 1 105 5 view .LVU78
 256 004c D3F88C20 		ldr	r2, [r3, #140]
 257 0050 02F48062 		and	r2, r2, #1024
ARM GAS  C:\Users\Xuleo\AppData\Local\Temp\cc2Ek4cO.s 			page 8


 258 0054 0192     		str	r2, [sp, #4]
 105:Core/Src/adc.c **** 
 259              		.loc 1 105 5 view .LVU79
 260 0056 019A     		ldr	r2, [sp, #4]
 261              	.LBE2:
 105:Core/Src/adc.c **** 
 262              		.loc 1 105 5 view .LVU80
 107:Core/Src/adc.c ****     __HAL_RCC_GPIOC_CLK_ENABLE();
 263              		.loc 1 107 5 view .LVU81
 264              	.LBB3:
 107:Core/Src/adc.c ****     __HAL_RCC_GPIOC_CLK_ENABLE();
 265              		.loc 1 107 5 view .LVU82
 107:Core/Src/adc.c ****     __HAL_RCC_GPIOC_CLK_ENABLE();
 266              		.loc 1 107 5 view .LVU83
 267 0058 D3F88C20 		ldr	r2, [r3, #140]
 268 005c 42F00102 		orr	r2, r2, #1
 269 0060 C3F88C20 		str	r2, [r3, #140]
 107:Core/Src/adc.c ****     __HAL_RCC_GPIOC_CLK_ENABLE();
 270              		.loc 1 107 5 view .LVU84
 271 0064 D3F88C20 		ldr	r2, [r3, #140]
 272 0068 02F00102 		and	r2, r2, #1
 273 006c 0292     		str	r2, [sp, #8]
 107:Core/Src/adc.c ****     __HAL_RCC_GPIOC_CLK_ENABLE();
 274              		.loc 1 107 5 view .LVU85
 275 006e 029A     		ldr	r2, [sp, #8]
 276              	.LBE3:
 107:Core/Src/adc.c ****     __HAL_RCC_GPIOC_CLK_ENABLE();
 277              		.loc 1 107 5 view .LVU86
 108:Core/Src/adc.c ****     /**ADC1 GPIO Configuration
 278              		.loc 1 108 5 view .LVU87
 279              	.LBB4:
 108:Core/Src/adc.c ****     /**ADC1 GPIO Configuration
 280              		.loc 1 108 5 view .LVU88
 108:Core/Src/adc.c ****     /**ADC1 GPIO Configuration
 281              		.loc 1 108 5 view .LVU89
 282 0070 D3F88C20 		ldr	r2, [r3, #140]
 283 0074 42F00402 		orr	r2, r2, #4
 284 0078 C3F88C20 		str	r2, [r3, #140]
 108:Core/Src/adc.c ****     /**ADC1 GPIO Configuration
 285              		.loc 1 108 5 view .LVU90
 286 007c D3F88C30 		ldr	r3, [r3, #140]
 287 0080 03F00403 		and	r3, r3, #4
 288 0084 0393     		str	r3, [sp, #12]
 108:Core/Src/adc.c ****     /**ADC1 GPIO Configuration
 289              		.loc 1 108 5 view .LVU91
 290 0086 039B     		ldr	r3, [sp, #12]
 291              	.LBE4:
 108:Core/Src/adc.c ****     /**ADC1 GPIO Configuration
 292              		.loc 1 108 5 view .LVU92
 117:Core/Src/adc.c ****                           |GPIO_PIN_7;
 293              		.loc 1 117 5 view .LVU93
 117:Core/Src/adc.c ****                           |GPIO_PIN_7;
 294              		.loc 1 117 25 is_stmt 0 view .LVU94
 295 0088 D523     		movs	r3, #213
 296 008a 3993     		str	r3, [sp, #228]
 119:Core/Src/adc.c ****     GPIO_InitStruct.Pull = GPIO_NOPULL;
 297              		.loc 1 119 5 is_stmt 1 view .LVU95
ARM GAS  C:\Users\Xuleo\AppData\Local\Temp\cc2Ek4cO.s 			page 9


 119:Core/Src/adc.c ****     GPIO_InitStruct.Pull = GPIO_NOPULL;
 298              		.loc 1 119 26 is_stmt 0 view .LVU96
 299 008c 0324     		movs	r4, #3
 300              	.LVL11:
 119:Core/Src/adc.c ****     GPIO_InitStruct.Pull = GPIO_NOPULL;
 301              		.loc 1 119 26 view .LVU97
 302 008e 3A94     		str	r4, [sp, #232]
 120:Core/Src/adc.c ****     HAL_GPIO_Init(GPIOA, &GPIO_InitStruct);
 303              		.loc 1 120 5 is_stmt 1 view .LVU98
 120:Core/Src/adc.c ****     HAL_GPIO_Init(GPIOA, &GPIO_InitStruct);
 304              		.loc 1 120 26 is_stmt 0 view .LVU99
 305 0090 0025     		movs	r5, #0
 306 0092 3B95     		str	r5, [sp, #236]
 121:Core/Src/adc.c **** 
 307              		.loc 1 121 5 is_stmt 1 view .LVU100
 308 0094 39A9     		add	r1, sp, #228
 309 0096 0948     		ldr	r0, .L15+8
 310 0098 FFF7FEFF 		bl	HAL_GPIO_Init
 311              	.LVL12:
 123:Core/Src/adc.c ****     GPIO_InitStruct.Mode = GPIO_MODE_ANALOG;
 312              		.loc 1 123 5 view .LVU101
 123:Core/Src/adc.c ****     GPIO_InitStruct.Mode = GPIO_MODE_ANALOG;
 313              		.loc 1 123 25 is_stmt 0 view .LVU102
 314 009c 1023     		movs	r3, #16
 315 009e 3993     		str	r3, [sp, #228]
 124:Core/Src/adc.c ****     GPIO_InitStruct.Pull = GPIO_NOPULL;
 316              		.loc 1 124 5 is_stmt 1 view .LVU103
 124:Core/Src/adc.c ****     GPIO_InitStruct.Pull = GPIO_NOPULL;
 317              		.loc 1 124 26 is_stmt 0 view .LVU104
 318 00a0 3A94     		str	r4, [sp, #232]
 125:Core/Src/adc.c ****     HAL_GPIO_Init(GPIOC, &GPIO_InitStruct);
 319              		.loc 1 125 5 is_stmt 1 view .LVU105
 125:Core/Src/adc.c ****     HAL_GPIO_Init(GPIOC, &GPIO_InitStruct);
 320              		.loc 1 125 26 is_stmt 0 view .LVU106
 321 00a2 3B95     		str	r5, [sp, #236]
 126:Core/Src/adc.c **** 
 322              		.loc 1 126 5 is_stmt 1 view .LVU107
 323 00a4 39A9     		add	r1, sp, #228
 324 00a6 0648     		ldr	r0, .L15+12
 325 00a8 FFF7FEFF 		bl	HAL_GPIO_Init
 326              	.LVL13:
 327              		.loc 1 132 1 is_stmt 0 view .LVU108
 328 00ac B9E7     		b	.L9
 329              	.LVL14:
 330              	.L14:
 101:Core/Src/adc.c ****     }
 331              		.loc 1 101 7 is_stmt 1 view .LVU109
 332 00ae FFF7FEFF 		bl	Error_Handler
 333              	.LVL15:
 334 00b2 C4E7     		b	.L11
 335              	.L16:
 336              		.align	2
 337              	.L15:
 338 00b4 00800242 		.word	1107460096
 339 00b8 000C0244 		.word	1140984832
 340 00bc 00000242 		.word	1107427328
 341 00c0 00080242 		.word	1107429376
ARM GAS  C:\Users\Xuleo\AppData\Local\Temp\cc2Ek4cO.s 			page 10


 342              		.cfi_endproc
 343              	.LFE357:
 345              		.section	.text.HAL_ADC_MspDeInit,"ax",%progbits
 346              		.align	1
 347              		.global	HAL_ADC_MspDeInit
 348              		.syntax unified
 349              		.thumb
 350              		.thumb_func
 352              	HAL_ADC_MspDeInit:
 353              	.LVL16:
 354              	.LFB358:
 133:Core/Src/adc.c **** 
 134:Core/Src/adc.c **** void HAL_ADC_MspDeInit(ADC_HandleTypeDef* adcHandle)
 135:Core/Src/adc.c **** {
 355              		.loc 1 135 1 view -0
 356              		.cfi_startproc
 357              		@ args = 0, pretend = 0, frame = 0
 358              		@ frame_needed = 0, uses_anonymous_args = 0
 359              		.loc 1 135 1 is_stmt 0 view .LVU111
 360 0000 08B5     		push	{r3, lr}
 361              	.LCFI8:
 362              		.cfi_def_cfa_offset 8
 363              		.cfi_offset 3, -8
 364              		.cfi_offset 14, -4
 136:Core/Src/adc.c **** 
 137:Core/Src/adc.c ****   if(adcHandle->Instance==ADC1)
 365              		.loc 1 137 3 is_stmt 1 view .LVU112
 366              		.loc 1 137 15 is_stmt 0 view .LVU113
 367 0002 0268     		ldr	r2, [r0]
 368              		.loc 1 137 5 view .LVU114
 369 0004 094B     		ldr	r3, .L21
 370 0006 9A42     		cmp	r2, r3
 371 0008 00D0     		beq	.L20
 372              	.LVL17:
 373              	.L17:
 138:Core/Src/adc.c ****   {
 139:Core/Src/adc.c ****   /* USER CODE BEGIN ADC1_MspDeInit 0 */
 140:Core/Src/adc.c **** 
 141:Core/Src/adc.c ****   /* USER CODE END ADC1_MspDeInit 0 */
 142:Core/Src/adc.c ****     /* Peripheral clock disable */
 143:Core/Src/adc.c ****     __HAL_RCC_ADC_CLK_DISABLE();
 144:Core/Src/adc.c **** 
 145:Core/Src/adc.c ****     /**ADC1 GPIO Configuration
 146:Core/Src/adc.c ****     PA0     ------> ADC1_INP0
 147:Core/Src/adc.c ****     PA2     ------> ADC1_INP14
 148:Core/Src/adc.c ****     PA4     ------> ADC1_INP18
 149:Core/Src/adc.c ****     PA6     ------> ADC1_INP3
 150:Core/Src/adc.c ****     PA7     ------> ADC1_INP7
 151:Core/Src/adc.c ****     PC4     ------> ADC1_INP4
 152:Core/Src/adc.c ****     */
 153:Core/Src/adc.c ****     HAL_GPIO_DeInit(GPIOA, SOL1_ISENSE_Pin|SOL2_ISENSE_Pin|MT_ISENSE_Pin|GPIO_PIN_6
 154:Core/Src/adc.c ****                           |GPIO_PIN_7);
 155:Core/Src/adc.c **** 
 156:Core/Src/adc.c ****     HAL_GPIO_DeInit(GPIOC, GPIO_PIN_4);
 157:Core/Src/adc.c **** 
 158:Core/Src/adc.c ****   /* USER CODE BEGIN ADC1_MspDeInit 1 */
 159:Core/Src/adc.c **** 
ARM GAS  C:\Users\Xuleo\AppData\Local\Temp\cc2Ek4cO.s 			page 11


 160:Core/Src/adc.c ****   /* USER CODE END ADC1_MspDeInit 1 */
 161:Core/Src/adc.c ****   }
 162:Core/Src/adc.c **** }
 374              		.loc 1 162 1 view .LVU115
 375 000a 08BD     		pop	{r3, pc}
 376              	.LVL18:
 377              	.L20:
 143:Core/Src/adc.c **** 
 378              		.loc 1 143 5 is_stmt 1 view .LVU116
 379 000c 084A     		ldr	r2, .L21+4
 380 000e D2F88C30 		ldr	r3, [r2, #140]
 381 0012 23F48063 		bic	r3, r3, #1024
 382 0016 C2F88C30 		str	r3, [r2, #140]
 153:Core/Src/adc.c ****                           |GPIO_PIN_7);
 383              		.loc 1 153 5 view .LVU117
 384 001a D521     		movs	r1, #213
 385 001c 0548     		ldr	r0, .L21+8
 386              	.LVL19:
 153:Core/Src/adc.c ****                           |GPIO_PIN_7);
 387              		.loc 1 153 5 is_stmt 0 view .LVU118
 388 001e FFF7FEFF 		bl	HAL_GPIO_DeInit
 389              	.LVL20:
 156:Core/Src/adc.c **** 
 390              		.loc 1 156 5 is_stmt 1 view .LVU119
 391 0022 1021     		movs	r1, #16
 392 0024 0448     		ldr	r0, .L21+12
 393 0026 FFF7FEFF 		bl	HAL_GPIO_DeInit
 394              	.LVL21:
 395              		.loc 1 162 1 is_stmt 0 view .LVU120
 396 002a EEE7     		b	.L17
 397              	.L22:
 398              		.align	2
 399              	.L21:
 400 002c 00800242 		.word	1107460096
 401 0030 000C0244 		.word	1140984832
 402 0034 00000242 		.word	1107427328
 403 0038 00080242 		.word	1107429376
 404              		.cfi_endproc
 405              	.LFE358:
 407              		.global	hadc1
 408              		.section	.bss.hadc1,"aw",%nobits
 409              		.align	2
 412              	hadc1:
 413 0000 00000000 		.space	104
 413      00000000 
 413      00000000 
 413      00000000 
 413      00000000 
 414              		.text
 415              	.Letext0:
 416              		.file 2 "C:/thirdpartyLibs/arm-gnu-toolchain-15.2/arm-none-eabi/include/machine/_default_types.h"
 417              		.file 3 "C:/thirdpartyLibs/arm-gnu-toolchain-15.2/arm-none-eabi/include/sys/_stdint.h"
 418              		.file 4 "Drivers/CMSIS/Device/ST/STM32H5xx/Include/stm32h523xx.h"
 419              		.file 5 "Drivers/CMSIS/Device/ST/STM32H5xx/Include/stm32h5xx.h"
 420              		.file 6 "Drivers/STM32H5xx_HAL_Driver/Inc/stm32h5xx_hal_def.h"
 421              		.file 7 "Drivers/STM32H5xx_HAL_Driver/Inc/stm32h5xx_hal_rcc_ex.h"
 422              		.file 8 "Drivers/STM32H5xx_HAL_Driver/Inc/stm32h5xx_hal_gpio.h"
ARM GAS  C:\Users\Xuleo\AppData\Local\Temp\cc2Ek4cO.s 			page 12


 423              		.file 9 "Drivers/STM32H5xx_HAL_Driver/Inc/stm32h5xx_hal_dma.h"
 424              		.file 10 "Drivers/STM32H5xx_HAL_Driver/Inc/stm32h5xx_hal_dma_ex.h"
 425              		.file 11 "Drivers/STM32H5xx_HAL_Driver/Inc/stm32h5xx_hal_adc.h"
 426              		.file 12 "Core/Inc/adc.h"
 427              		.file 13 "Core/Inc/main.h"
 428              		.file 14 "<built-in>"
ARM GAS  C:\Users\Xuleo\AppData\Local\Temp\cc2Ek4cO.s 			page 13


DEFINED SYMBOLS
                            *ABS*:00000000 adc.c
C:\Users\Xuleo\AppData\Local\Temp\cc2Ek4cO.s:22     .text.MX_ADC1_Init:00000000 $t
C:\Users\Xuleo\AppData\Local\Temp\cc2Ek4cO.s:28     .text.MX_ADC1_Init:00000000 MX_ADC1_Init
C:\Users\Xuleo\AppData\Local\Temp\cc2Ek4cO.s:163    .text.MX_ADC1_Init:00000074 $d
C:\Users\Xuleo\AppData\Local\Temp\cc2Ek4cO.s:412    .bss.hadc1:00000000 hadc1
C:\Users\Xuleo\AppData\Local\Temp\cc2Ek4cO.s:169    .text.HAL_ADC_MspInit:00000000 $t
C:\Users\Xuleo\AppData\Local\Temp\cc2Ek4cO.s:175    .text.HAL_ADC_MspInit:00000000 HAL_ADC_MspInit
C:\Users\Xuleo\AppData\Local\Temp\cc2Ek4cO.s:338    .text.HAL_ADC_MspInit:000000b4 $d
C:\Users\Xuleo\AppData\Local\Temp\cc2Ek4cO.s:346    .text.HAL_ADC_MspDeInit:00000000 $t
C:\Users\Xuleo\AppData\Local\Temp\cc2Ek4cO.s:352    .text.HAL_ADC_MspDeInit:00000000 HAL_ADC_MspDeInit
C:\Users\Xuleo\AppData\Local\Temp\cc2Ek4cO.s:400    .text.HAL_ADC_MspDeInit:0000002c $d
C:\Users\Xuleo\AppData\Local\Temp\cc2Ek4cO.s:409    .bss.hadc1:00000000 $d

UNDEFINED SYMBOLS
memset
HAL_ADC_Init
HAL_ADC_ConfigChannel
Error_Handler
HAL_RCCEx_PeriphCLKConfig
HAL_GPIO_Init
HAL_GPIO_DeInit
