ARM GAS  C:\Users\Xuleo\AppData\Local\Temp\ccIayDyL.s 			page 1


   1              		.cpu cortex-m3
   2              		.arch armv7-m
   3              		.fpu softvfp
   4              		.eabi_attribute 20, 1
   5              		.eabi_attribute 21, 1
   6              		.eabi_attribute 23, 3
   7              		.eabi_attribute 24, 1
   8              		.eabi_attribute 25, 1
   9              		.eabi_attribute 26, 1
  10              		.eabi_attribute 30, 1
  11              		.eabi_attribute 34, 1
  12              		.eabi_attribute 18, 4
  13              		.file	"bt_transfer.c"
  14              		.text
  15              	.Ltext0:
  16              		.cfi_sections	.debug_frame
  17              		.file 1 "./Application/Src/bt_transfer.c"
  18              		.section	.text.sendAck,"ax",%progbits
  19              		.align	1
  20              		.syntax unified
  21              		.thumb
  22              		.thumb_func
  24              	sendAck:
  25              	.LFB71:
   1:./Application/Src/bt_transfer.c **** /*
   2:./Application/Src/bt_transfer.c ****  * bt_transfer.c - Bluetooth file transfer FSM
   3:./Application/Src/bt_transfer.c ****  * Receives MIDI files from PC and writes to SD card
   4:./Application/Src/bt_transfer.c ****  */
   5:./Application/Src/bt_transfer.c **** 
   6:./Application/Src/bt_transfer.c **** #include "bt_transfer.h"
   7:./Application/Src/bt_transfer.c **** #include "hc05bt.h"
   8:./Application/Src/bt_transfer.c **** #include "sdcard.h"
   9:./Application/Src/bt_transfer.c **** #include "usart.h"
  10:./Application/Src/bt_transfer.c **** #include <string.h>
  11:./Application/Src/bt_transfer.c **** 
  12:./Application/Src/bt_transfer.c **** /* Transfer context */
  13:./Application/Src/bt_transfer.c **** static BT_TransferContext ctx;
  14:./Application/Src/bt_transfer.c **** static const char* lastError = NULL;
  15:./Application/Src/bt_transfer.c **** 
  16:./Application/Src/bt_transfer.c **** /* Internal state machine */
  17:./Application/Src/bt_transfer.c **** static void processIdle(uint8_t byte);
  18:./Application/Src/bt_transfer.c **** static void processHeader(uint8_t byte);
  19:./Application/Src/bt_transfer.c **** static void processChunkHeader(uint8_t byte);
  20:./Application/Src/bt_transfer.c **** static void processChunkData(uint8_t byte);
  21:./Application/Src/bt_transfer.c **** static void sendAck(void);
  22:./Application/Src/bt_transfer.c **** static void sendNak(void);
  23:./Application/Src/bt_transfer.c **** static void finishTransfer(void);
  24:./Application/Src/bt_transfer.c **** static void handleError(const char* error);
  25:./Application/Src/bt_transfer.c **** 
  26:./Application/Src/bt_transfer.c **** void BT_Transfer_Init(void) {
  27:./Application/Src/bt_transfer.c ****     memset(&ctx, 0, sizeof(ctx));
  28:./Application/Src/bt_transfer.c ****     ctx.state = BT_STATE_IDLE;
  29:./Application/Src/bt_transfer.c ****     ctx.fileOpen = 0;
  30:./Application/Src/bt_transfer.c ****     ctx.waitingForMagic2 = 0;
  31:./Application/Src/bt_transfer.c ****     lastError = NULL;
  32:./Application/Src/bt_transfer.c **** }
  33:./Application/Src/bt_transfer.c **** 
ARM GAS  C:\Users\Xuleo\AppData\Local\Temp\ccIayDyL.s 			page 2


  34:./Application/Src/bt_transfer.c **** void BT_Transfer_ProcessByte(uint8_t byte) {
  35:./Application/Src/bt_transfer.c ****     switch (ctx.state) {
  36:./Application/Src/bt_transfer.c ****         case BT_STATE_IDLE:
  37:./Application/Src/bt_transfer.c ****             processIdle(byte);
  38:./Application/Src/bt_transfer.c ****             break;
  39:./Application/Src/bt_transfer.c ****         case BT_STATE_HEADER:
  40:./Application/Src/bt_transfer.c ****             processHeader(byte);
  41:./Application/Src/bt_transfer.c ****             break;
  42:./Application/Src/bt_transfer.c ****         case BT_STATE_CHUNK_HEADER:
  43:./Application/Src/bt_transfer.c ****             processChunkHeader(byte);
  44:./Application/Src/bt_transfer.c ****             break;
  45:./Application/Src/bt_transfer.c ****         case BT_STATE_CHUNK_DATA:
  46:./Application/Src/bt_transfer.c ****             processChunkData(byte);
  47:./Application/Src/bt_transfer.c ****             break;
  48:./Application/Src/bt_transfer.c ****         case BT_STATE_COMPLETE:
  49:./Application/Src/bt_transfer.c ****         case BT_STATE_ERROR:
  50:./Application/Src/bt_transfer.c ****             /* Ignore bytes in these states */
  51:./Application/Src/bt_transfer.c ****             break;
  52:./Application/Src/bt_transfer.c ****     }
  53:./Application/Src/bt_transfer.c **** }
  54:./Application/Src/bt_transfer.c **** 
  55:./Application/Src/bt_transfer.c **** static void processIdle(uint8_t byte) {
  56:./Application/Src/bt_transfer.c ****     if (ctx.waitingForMagic2 == 0 && byte == BT_MAGIC_HEADER_0) {
  57:./Application/Src/bt_transfer.c ****         ctx.waitingForMagic2 = 1;
  58:./Application/Src/bt_transfer.c ****     } else if (ctx.waitingForMagic2 == 1) {
  59:./Application/Src/bt_transfer.c ****         ctx.waitingForMagic2 = 0;  /* Clear flag */
  60:./Application/Src/bt_transfer.c ****         if (byte == BT_MAGIC_HEADER_1) {
  61:./Application/Src/bt_transfer.c ****             /* Start of header - reset any previous failed transfer */
  62:./Application/Src/bt_transfer.c ****             if (ctx.fileOpen) {
  63:./Application/Src/bt_transfer.c ****                 f_close(&ctx.file);
  64:./Application/Src/bt_transfer.c ****                 ctx.fileOpen = 0;
  65:./Application/Src/bt_transfer.c ****             }
  66:./Application/Src/bt_transfer.c ****             ctx.state = BT_STATE_HEADER;
  67:./Application/Src/bt_transfer.c ****             ctx.headerIndex = 0;
  68:./Application/Src/bt_transfer.c ****             ctx.bytesReceived = 0;
  69:./Application/Src/bt_transfer.c ****             ctx.expectedChunk = 0;
  70:./Application/Src/bt_transfer.c ****             memset(ctx.headerBuffer, 0, sizeof(ctx.headerBuffer));
  71:./Application/Src/bt_transfer.c ****         } else if (byte == BT_MAGIC_CHUNK_1) {
  72:./Application/Src/bt_transfer.c ****             /* Start of chunk */
  73:./Application/Src/bt_transfer.c ****             ctx.state = BT_STATE_CHUNK_HEADER;
  74:./Application/Src/bt_transfer.c ****             ctx.chunkIndex = 0;
  75:./Application/Src/bt_transfer.c ****         } else if (byte == BT_MAGIC_END_1) {
  76:./Application/Src/bt_transfer.c ****             /* End marker - finish transfer */
  77:./Application/Src/bt_transfer.c ****             finishTransfer();
  78:./Application/Src/bt_transfer.c ****         }
  79:./Application/Src/bt_transfer.c ****         /* Else: not a valid magic sequence, ignore */
  80:./Application/Src/bt_transfer.c ****     } else {
  81:./Application/Src/bt_transfer.c ****         ctx.waitingForMagic2 = 0;
  82:./Application/Src/bt_transfer.c ****     }
  83:./Application/Src/bt_transfer.c **** }
  84:./Application/Src/bt_transfer.c **** 
  85:./Application/Src/bt_transfer.c **** static void processHeader(uint8_t byte) {
  86:./Application/Src/bt_transfer.c ****     ctx.headerBuffer[ctx.headerIndex++] = byte;
  87:./Application/Src/bt_transfer.c **** 
  88:./Application/Src/bt_transfer.c ****     /* Header format: [CMD 1B] [NAME_LEN 1B] [NAME n] [SIZE 4B] */
  89:./Application/Src/bt_transfer.c ****     if (ctx.headerIndex >= 2) {
  90:./Application/Src/bt_transfer.c ****         uint8_t cmd = ctx.headerBuffer[0];
ARM GAS  C:\Users\Xuleo\AppData\Local\Temp\ccIayDyL.s 			page 3


  91:./Application/Src/bt_transfer.c ****         uint8_t nameLen = ctx.headerBuffer[1];
  92:./Application/Src/bt_transfer.c **** 
  93:./Application/Src/bt_transfer.c ****         /* Check if we have the complete header */
  94:./Application/Src/bt_transfer.c ****         uint8_t expectedLen = 2 + nameLen + 4;
  95:./Application/Src/bt_transfer.c ****         if (ctx.headerIndex >= expectedLen) {
  96:./Application/Src/bt_transfer.c ****             if (cmd != BT_CMD_FILE_TRANSFER) {
  97:./Application/Src/bt_transfer.c ****                 handleError("Invalid command");
  98:./Application/Src/bt_transfer.c ****                 return;
  99:./Application/Src/bt_transfer.c ****             }
 100:./Application/Src/bt_transfer.c **** 
 101:./Application/Src/bt_transfer.c ****             /* Extract filename */
 102:./Application/Src/bt_transfer.c ****             if (nameLen >= BT_MAX_FILENAME) {
 103:./Application/Src/bt_transfer.c ****                 nameLen = BT_MAX_FILENAME - 1;
 104:./Application/Src/bt_transfer.c ****             }
 105:./Application/Src/bt_transfer.c ****             memcpy(ctx.filename, &ctx.headerBuffer[2], nameLen);
 106:./Application/Src/bt_transfer.c ****             ctx.filename[nameLen] = '\0';
 107:./Application/Src/bt_transfer.c **** 
 108:./Application/Src/bt_transfer.c ****             /* Extract file size (little-endian) */
 109:./Application/Src/bt_transfer.c ****             uint8_t* sizePtr = &ctx.headerBuffer[2 + nameLen];
 110:./Application/Src/bt_transfer.c ****             ctx.fileSize = sizePtr[0] | (sizePtr[1] << 8) |
 111:./Application/Src/bt_transfer.c ****                           (sizePtr[2] << 16) | (sizePtr[3] << 24);
 112:./Application/Src/bt_transfer.c **** 
 113:./Application/Src/bt_transfer.c ****             ctx.bytesReceived = 0;
 114:./Application/Src/bt_transfer.c ****             ctx.expectedChunk = 0;
 115:./Application/Src/bt_transfer.c ****             ctx.totalChunks = (ctx.fileSize + BT_CHUNK_SIZE - 1) / BT_CHUNK_SIZE;
 116:./Application/Src/bt_transfer.c **** 
 117:./Application/Src/bt_transfer.c ****             /* Open file for writing */
 118:./Application/Src/bt_transfer.c ****             FRESULT res = f_open(&ctx.file, ctx.filename, FA_WRITE | FA_CREATE_ALWAYS);
 119:./Application/Src/bt_transfer.c ****             if (res != FR_OK) {
 120:./Application/Src/bt_transfer.c ****                 handleError("Failed to create file");
 121:./Application/Src/bt_transfer.c ****                 return;
 122:./Application/Src/bt_transfer.c ****             }
 123:./Application/Src/bt_transfer.c ****             ctx.fileOpen = 1;
 124:./Application/Src/bt_transfer.c **** 
 125:./Application/Src/bt_transfer.c ****             /* Ready for chunks */
 126:./Application/Src/bt_transfer.c ****             ctx.state = BT_STATE_IDLE;
 127:./Application/Src/bt_transfer.c ****             sendAck();
 128:./Application/Src/bt_transfer.c ****         }
 129:./Application/Src/bt_transfer.c ****     }
 130:./Application/Src/bt_transfer.c **** 
 131:./Application/Src/bt_transfer.c ****     /* Prevent buffer overflow */
 132:./Application/Src/bt_transfer.c ****     if (ctx.headerIndex >= sizeof(ctx.headerBuffer)) {
 133:./Application/Src/bt_transfer.c ****         handleError("Header too long");
 134:./Application/Src/bt_transfer.c ****     }
 135:./Application/Src/bt_transfer.c **** }
 136:./Application/Src/bt_transfer.c **** 
 137:./Application/Src/bt_transfer.c **** static void processChunkHeader(uint8_t byte) {
 138:./Application/Src/bt_transfer.c ****     /* Chunk header: [CHUNK# 2B] [LEN 1B] */
 139:./Application/Src/bt_transfer.c ****     ctx.headerBuffer[ctx.chunkIndex++] = byte;
 140:./Application/Src/bt_transfer.c **** 
 141:./Application/Src/bt_transfer.c ****     if (ctx.chunkIndex >= 3) {
 142:./Application/Src/bt_transfer.c ****         uint16_t chunkNum = ctx.headerBuffer[0] | (ctx.headerBuffer[1] << 8);
 143:./Application/Src/bt_transfer.c ****         ctx.chunkLen = ctx.headerBuffer[2];
 144:./Application/Src/bt_transfer.c **** 
 145:./Application/Src/bt_transfer.c ****         /* Validate chunk */
 146:./Application/Src/bt_transfer.c ****         if (chunkNum != ctx.expectedChunk) {
 147:./Application/Src/bt_transfer.c ****             sendNak();
ARM GAS  C:\Users\Xuleo\AppData\Local\Temp\ccIayDyL.s 			page 4


 148:./Application/Src/bt_transfer.c ****             ctx.state = BT_STATE_IDLE;
 149:./Application/Src/bt_transfer.c ****             return;
 150:./Application/Src/bt_transfer.c ****         }
 151:./Application/Src/bt_transfer.c **** 
 152:./Application/Src/bt_transfer.c ****         if (ctx.chunkLen > BT_CHUNK_SIZE) {
 153:./Application/Src/bt_transfer.c ****             handleError("Chunk too large");
 154:./Application/Src/bt_transfer.c ****             return;
 155:./Application/Src/bt_transfer.c ****         }
 156:./Application/Src/bt_transfer.c **** 
 157:./Application/Src/bt_transfer.c ****         /* Ready to receive chunk data */
 158:./Application/Src/bt_transfer.c ****         ctx.state = BT_STATE_CHUNK_DATA;
 159:./Application/Src/bt_transfer.c ****         ctx.chunkIndex = 0;
 160:./Application/Src/bt_transfer.c ****     }
 161:./Application/Src/bt_transfer.c **** }
 162:./Application/Src/bt_transfer.c **** 
 163:./Application/Src/bt_transfer.c **** static void processChunkData(uint8_t byte) {
 164:./Application/Src/bt_transfer.c ****     ctx.chunkBuffer[ctx.chunkIndex++] = byte;
 165:./Application/Src/bt_transfer.c **** 
 166:./Application/Src/bt_transfer.c ****     if (ctx.chunkIndex >= ctx.chunkLen) {
 167:./Application/Src/bt_transfer.c ****         /* Write chunk to file */
 168:./Application/Src/bt_transfer.c ****         UINT written;
 169:./Application/Src/bt_transfer.c ****         FRESULT res = f_write(&ctx.file, ctx.chunkBuffer, ctx.chunkLen, &written);
 170:./Application/Src/bt_transfer.c **** 
 171:./Application/Src/bt_transfer.c ****         if (res != FR_OK || written != ctx.chunkLen) {
 172:./Application/Src/bt_transfer.c ****             handleError("Write failed");
 173:./Application/Src/bt_transfer.c ****             return;
 174:./Application/Src/bt_transfer.c ****         }
 175:./Application/Src/bt_transfer.c **** 
 176:./Application/Src/bt_transfer.c ****         ctx.bytesReceived += ctx.chunkLen;
 177:./Application/Src/bt_transfer.c ****         ctx.expectedChunk++;
 178:./Application/Src/bt_transfer.c **** 
 179:./Application/Src/bt_transfer.c ****         /* Ready for next chunk */
 180:./Application/Src/bt_transfer.c ****         ctx.state = BT_STATE_IDLE;
 181:./Application/Src/bt_transfer.c ****         sendAck();
 182:./Application/Src/bt_transfer.c ****     }
 183:./Application/Src/bt_transfer.c **** }
 184:./Application/Src/bt_transfer.c **** 
 185:./Application/Src/bt_transfer.c **** static void sendAck(void) {
  26              		.loc 1 185 27 view -0
  27              		.cfi_startproc
  28              		@ args = 0, pretend = 0, frame = 8
  29              		@ frame_needed = 0, uses_anonymous_args = 0
  30 0000 00B5     		push	{lr}
  31              	.LCFI0:
  32              		.cfi_def_cfa_offset 4
  33              		.cfi_offset 14, -4
  34 0002 83B0     		sub	sp, sp, #12
  35              	.LCFI1:
  36              		.cfi_def_cfa_offset 16
 186:./Application/Src/bt_transfer.c ****     uint8_t ack = BT_ACK;
  37              		.loc 1 186 5 view .LVU1
  38              		.loc 1 186 13 is_stmt 0 view .LVU2
  39 0004 0623     		movs	r3, #6
  40 0006 8DF80730 		strb	r3, [sp, #7]
 187:./Application/Src/bt_transfer.c ****     HAL_UART_Transmit(&huart1, &ack, 1, 100);
  41              		.loc 1 187 5 is_stmt 1 view .LVU3
  42 000a 6423     		movs	r3, #100
ARM GAS  C:\Users\Xuleo\AppData\Local\Temp\ccIayDyL.s 			page 5


  43 000c 0122     		movs	r2, #1
  44 000e 0DF10701 		add	r1, sp, #7
  45 0012 0248     		ldr	r0, .L3
  46 0014 FFF7FEFF 		bl	HAL_UART_Transmit
  47              	.LVL0:
 188:./Application/Src/bt_transfer.c **** }
  48              		.loc 1 188 1 is_stmt 0 view .LVU4
  49 0018 03B0     		add	sp, sp, #12
  50              	.LCFI2:
  51              		.cfi_def_cfa_offset 4
  52              		@ sp needed
  53 001a 00BD     		pop	{pc}
  54              	.L4:
  55              		.align	2
  56              	.L3:
  57 001c 00000000 		.word	huart1
  58              		.cfi_endproc
  59              	.LFE71:
  61              		.section	.text.finishTransfer,"ax",%progbits
  62              		.align	1
  63              		.syntax unified
  64              		.thumb
  65              		.thumb_func
  67              	finishTransfer:
  68              	.LFB74:
 189:./Application/Src/bt_transfer.c **** 
 190:./Application/Src/bt_transfer.c **** static void sendNak(void) {
 191:./Application/Src/bt_transfer.c ****     uint8_t nak = BT_NAK;
 192:./Application/Src/bt_transfer.c ****     HAL_UART_Transmit(&huart1, &nak, 1, 100);
 193:./Application/Src/bt_transfer.c **** }
 194:./Application/Src/bt_transfer.c **** 
 195:./Application/Src/bt_transfer.c **** /* Stub - not used in simple mode */
 196:./Application/Src/bt_transfer.c **** void BT_Transfer_SendPendingAck(void) {
 197:./Application/Src/bt_transfer.c ****     /* Nothing to do - ACK sent immediately */
 198:./Application/Src/bt_transfer.c **** }
 199:./Application/Src/bt_transfer.c **** 
 200:./Application/Src/bt_transfer.c **** static void finishTransfer(void) {
  69              		.loc 1 200 34 is_stmt 1 view -0
  70              		.cfi_startproc
  71              		@ args = 0, pretend = 0, frame = 0
  72              		@ frame_needed = 0, uses_anonymous_args = 0
  73 0000 08B5     		push	{r3, lr}
  74              	.LCFI3:
  75              		.cfi_def_cfa_offset 8
  76              		.cfi_offset 3, -8
  77              		.cfi_offset 14, -4
 201:./Application/Src/bt_transfer.c ****     if (ctx.fileOpen) {
  78              		.loc 1 201 5 view .LVU6
  79              		.loc 1 201 12 is_stmt 0 view .LVU7
  80 0002 094B     		ldr	r3, .L9
  81 0004 93F8E432 		ldrb	r3, [r3, #740]	@ zero_extendqisi2
  82              		.loc 1 201 8 view .LVU8
  83 0008 2BB9     		cbnz	r3, .L8
  84              	.L6:
 202:./Application/Src/bt_transfer.c ****         f_close(&ctx.file);
 203:./Application/Src/bt_transfer.c ****         ctx.fileOpen = 0;
 204:./Application/Src/bt_transfer.c ****     }
ARM GAS  C:\Users\Xuleo\AppData\Local\Temp\ccIayDyL.s 			page 6


 205:./Application/Src/bt_transfer.c ****     ctx.state = BT_STATE_COMPLETE;
  85              		.loc 1 205 5 is_stmt 1 view .LVU9
  86              		.loc 1 205 15 is_stmt 0 view .LVU10
  87 000a 074B     		ldr	r3, .L9
  88 000c 0422     		movs	r2, #4
  89 000e 1A70     		strb	r2, [r3]
 206:./Application/Src/bt_transfer.c ****     sendAck();
  90              		.loc 1 206 5 is_stmt 1 view .LVU11
  91 0010 FFF7FEFF 		bl	sendAck
  92              	.LVL1:
 207:./Application/Src/bt_transfer.c **** }
  93              		.loc 1 207 1 is_stmt 0 view .LVU12
  94 0014 08BD     		pop	{r3, pc}
  95              	.L8:
 202:./Application/Src/bt_transfer.c ****         f_close(&ctx.file);
  96              		.loc 1 202 9 is_stmt 1 view .LVU13
  97 0016 0548     		ldr	r0, .L9+4
  98 0018 FFF7FEFF 		bl	f_close
  99              	.LVL2:
 203:./Application/Src/bt_transfer.c ****     }
 100              		.loc 1 203 9 view .LVU14
 203:./Application/Src/bt_transfer.c ****     }
 101              		.loc 1 203 22 is_stmt 0 view .LVU15
 102 001c 034B     		ldr	r3, .L9+4
 103 001e 0022     		movs	r2, #0
 104 0020 83F82422 		strb	r2, [r3, #548]
 105 0024 F1E7     		b	.L6
 106              	.L10:
 107 0026 00BF     		.align	2
 108              	.L9:
 109 0028 00000000 		.word	ctx
 110 002c C0000000 		.word	ctx+192
 111              		.cfi_endproc
 112              	.LFE74:
 114              		.section	.text.processIdle,"ax",%progbits
 115              		.align	1
 116              		.syntax unified
 117              		.thumb
 118              		.thumb_func
 120              	processIdle:
 121              	.LVL3:
 122              	.LFB67:
  55:./Application/Src/bt_transfer.c ****     if (ctx.waitingForMagic2 == 0 && byte == BT_MAGIC_HEADER_0) {
 123              		.loc 1 55 39 is_stmt 1 view -0
 124              		.cfi_startproc
 125              		@ args = 0, pretend = 0, frame = 0
 126              		@ frame_needed = 0, uses_anonymous_args = 0
  55:./Application/Src/bt_transfer.c ****     if (ctx.waitingForMagic2 == 0 && byte == BT_MAGIC_HEADER_0) {
 127              		.loc 1 55 39 is_stmt 0 view .LVU17
 128 0000 08B5     		push	{r3, lr}
 129              	.LCFI4:
 130              		.cfi_def_cfa_offset 8
 131              		.cfi_offset 3, -8
 132              		.cfi_offset 14, -4
  56:./Application/Src/bt_transfer.c ****         ctx.waitingForMagic2 = 1;
 133              		.loc 1 56 5 is_stmt 1 view .LVU18
  56:./Application/Src/bt_transfer.c ****         ctx.waitingForMagic2 = 1;
ARM GAS  C:\Users\Xuleo\AppData\Local\Temp\ccIayDyL.s 			page 7


 134              		.loc 1 56 12 is_stmt 0 view .LVU19
 135 0002 1F4B     		ldr	r3, .L24
 136 0004 93F8E532 		ldrb	r3, [r3, #741]	@ zero_extendqisi2
  56:./Application/Src/bt_transfer.c ****         ctx.waitingForMagic2 = 1;
 137              		.loc 1 56 8 view .LVU20
 138 0008 0BB9     		cbnz	r3, .L12
  56:./Application/Src/bt_transfer.c ****         ctx.waitingForMagic2 = 1;
 139              		.loc 1 56 35 discriminator 1 view .LVU21
 140 000a AA28     		cmp	r0, #170
 141 000c 06D0     		beq	.L19
 142              	.L12:
  58:./Application/Src/bt_transfer.c ****         ctx.waitingForMagic2 = 0;  /* Clear flag */
 143              		.loc 1 58 12 is_stmt 1 view .LVU22
  58:./Application/Src/bt_transfer.c ****         ctx.waitingForMagic2 = 0;  /* Clear flag */
 144              		.loc 1 58 15 is_stmt 0 view .LVU23
 145 000e 012B     		cmp	r3, #1
 146 0010 09D0     		beq	.L20
  81:./Application/Src/bt_transfer.c ****     }
 147              		.loc 1 81 9 is_stmt 1 view .LVU24
  81:./Application/Src/bt_transfer.c ****     }
 148              		.loc 1 81 30 is_stmt 0 view .LVU25
 149 0012 1B4B     		ldr	r3, .L24
 150 0014 0022     		movs	r2, #0
 151 0016 83F8E522 		strb	r2, [r3, #741]
 152              	.LVL4:
 153              	.L11:
  83:./Application/Src/bt_transfer.c **** 
 154              		.loc 1 83 1 view .LVU26
 155 001a 08BD     		pop	{r3, pc}
 156              	.LVL5:
 157              	.L19:
  57:./Application/Src/bt_transfer.c ****     } else if (ctx.waitingForMagic2 == 1) {
 158              		.loc 1 57 9 is_stmt 1 view .LVU27
  57:./Application/Src/bt_transfer.c ****     } else if (ctx.waitingForMagic2 == 1) {
 159              		.loc 1 57 30 is_stmt 0 view .LVU28
 160 001c 184B     		ldr	r3, .L24
 161 001e 0122     		movs	r2, #1
 162 0020 83F8E522 		strb	r2, [r3, #741]
 163 0024 F9E7     		b	.L11
 164              	.L20:
  59:./Application/Src/bt_transfer.c ****         if (byte == BT_MAGIC_HEADER_1) {
 165              		.loc 1 59 9 is_stmt 1 view .LVU29
  59:./Application/Src/bt_transfer.c ****         if (byte == BT_MAGIC_HEADER_1) {
 166              		.loc 1 59 30 is_stmt 0 view .LVU30
 167 0026 164B     		ldr	r3, .L24
 168 0028 0022     		movs	r2, #0
 169 002a 83F8E522 		strb	r2, [r3, #741]
  60:./Application/Src/bt_transfer.c ****             /* Start of header - reset any previous failed transfer */
 170              		.loc 1 60 9 is_stmt 1 view .LVU31
  60:./Application/Src/bt_transfer.c ****             /* Start of header - reset any previous failed transfer */
 171              		.loc 1 60 12 is_stmt 0 view .LVU32
 172 002e 5528     		cmp	r0, #85
 173 0030 06D0     		beq	.L21
  71:./Application/Src/bt_transfer.c ****             /* Start of chunk */
 174              		.loc 1 71 16 is_stmt 1 view .LVU33
  71:./Application/Src/bt_transfer.c ****             /* Start of chunk */
 175              		.loc 1 71 19 is_stmt 0 view .LVU34
ARM GAS  C:\Users\Xuleo\AppData\Local\Temp\ccIayDyL.s 			page 8


 176 0032 5628     		cmp	r0, #86
 177 0034 1CD0     		beq	.L22
  75:./Application/Src/bt_transfer.c ****             /* End marker - finish transfer */
 178              		.loc 1 75 16 is_stmt 1 view .LVU35
  75:./Application/Src/bt_transfer.c ****             /* End marker - finish transfer */
 179              		.loc 1 75 19 is_stmt 0 view .LVU36
 180 0036 5728     		cmp	r0, #87
 181 0038 EFD1     		bne	.L11
  77:./Application/Src/bt_transfer.c ****         }
 182              		.loc 1 77 13 is_stmt 1 view .LVU37
 183 003a FFF7FEFF 		bl	finishTransfer
 184              	.LVL6:
  77:./Application/Src/bt_transfer.c ****         }
 185              		.loc 1 77 13 is_stmt 0 view .LVU38
 186 003e ECE7     		b	.L11
 187              	.LVL7:
 188              	.L21:
  62:./Application/Src/bt_transfer.c ****                 f_close(&ctx.file);
 189              		.loc 1 62 13 is_stmt 1 view .LVU39
  62:./Application/Src/bt_transfer.c ****                 f_close(&ctx.file);
 190              		.loc 1 62 20 is_stmt 0 view .LVU40
 191 0040 93F8E432 		ldrb	r3, [r3, #740]	@ zero_extendqisi2
  62:./Application/Src/bt_transfer.c ****                 f_close(&ctx.file);
 192              		.loc 1 62 16 view .LVU41
 193 0044 63B9     		cbnz	r3, .L23
 194              	.LVL8:
 195              	.L16:
  66:./Application/Src/bt_transfer.c ****             ctx.headerIndex = 0;
 196              		.loc 1 66 13 is_stmt 1 view .LVU42
  66:./Application/Src/bt_transfer.c ****             ctx.headerIndex = 0;
 197              		.loc 1 66 23 is_stmt 0 view .LVU43
 198 0046 0E48     		ldr	r0, .L24
 199 0048 0123     		movs	r3, #1
 200 004a 0370     		strb	r3, [r0]
  67:./Application/Src/bt_transfer.c ****             ctx.bytesReceived = 0;
 201              		.loc 1 67 13 is_stmt 1 view .LVU44
  67:./Application/Src/bt_transfer.c ****             ctx.bytesReceived = 0;
 202              		.loc 1 67 29 is_stmt 0 view .LVU45
 203 004c 0021     		movs	r1, #0
 204 004e 80F8BD10 		strb	r1, [r0, #189]
  68:./Application/Src/bt_transfer.c ****             ctx.expectedChunk = 0;
 205              		.loc 1 68 13 is_stmt 1 view .LVU46
  68:./Application/Src/bt_transfer.c ****             ctx.expectedChunk = 0;
 206              		.loc 1 68 31 is_stmt 0 view .LVU47
 207 0052 4161     		str	r1, [r0, #20]
  69:./Application/Src/bt_transfer.c ****             memset(ctx.headerBuffer, 0, sizeof(ctx.headerBuffer));
 208              		.loc 1 69 13 is_stmt 1 view .LVU48
  69:./Application/Src/bt_transfer.c ****             memset(ctx.headerBuffer, 0, sizeof(ctx.headerBuffer));
 209              		.loc 1 69 31 is_stmt 0 view .LVU49
 210 0054 0183     		strh	r1, [r0, #24]	@ movhi
  70:./Application/Src/bt_transfer.c ****         } else if (byte == BT_MAGIC_CHUNK_1) {
 211              		.loc 1 70 13 is_stmt 1 view .LVU50
 212 0056 2022     		movs	r2, #32
 213 0058 9D30     		adds	r0, r0, #157
 214 005a FFF7FEFF 		bl	memset
 215              	.LVL9:
 216 005e DCE7     		b	.L11
ARM GAS  C:\Users\Xuleo\AppData\Local\Temp\ccIayDyL.s 			page 9


 217              	.LVL10:
 218              	.L23:
  63:./Application/Src/bt_transfer.c ****                 ctx.fileOpen = 0;
 219              		.loc 1 63 17 view .LVU51
 220 0060 0848     		ldr	r0, .L24+4
 221              	.LVL11:
  63:./Application/Src/bt_transfer.c ****                 ctx.fileOpen = 0;
 222              		.loc 1 63 17 is_stmt 0 view .LVU52
 223 0062 FFF7FEFF 		bl	f_close
 224              	.LVL12:
  64:./Application/Src/bt_transfer.c ****             }
 225              		.loc 1 64 17 is_stmt 1 view .LVU53
  64:./Application/Src/bt_transfer.c ****             }
 226              		.loc 1 64 30 is_stmt 0 view .LVU54
 227 0066 074B     		ldr	r3, .L24+4
 228 0068 0022     		movs	r2, #0
 229 006a 83F82422 		strb	r2, [r3, #548]
 230 006e EAE7     		b	.L16
 231              	.LVL13:
 232              	.L22:
  73:./Application/Src/bt_transfer.c ****             ctx.chunkIndex = 0;
 233              		.loc 1 73 13 is_stmt 1 view .LVU55
  73:./Application/Src/bt_transfer.c ****             ctx.chunkIndex = 0;
 234              		.loc 1 73 23 is_stmt 0 view .LVU56
 235 0070 034B     		ldr	r3, .L24
 236 0072 0222     		movs	r2, #2
 237 0074 1A70     		strb	r2, [r3]
  74:./Application/Src/bt_transfer.c ****         } else if (byte == BT_MAGIC_END_1) {
 238              		.loc 1 74 13 is_stmt 1 view .LVU57
  74:./Application/Src/bt_transfer.c ****         } else if (byte == BT_MAGIC_END_1) {
 239              		.loc 1 74 28 is_stmt 0 view .LVU58
 240 0076 0022     		movs	r2, #0
 241 0078 83F8BE20 		strb	r2, [r3, #190]
 242 007c CDE7     		b	.L11
 243              	.L25:
 244 007e 00BF     		.align	2
 245              	.L24:
 246 0080 00000000 		.word	ctx
 247 0084 C0000000 		.word	ctx+192
 248              		.cfi_endproc
 249              	.LFE67:
 251              		.section	.text.sendNak,"ax",%progbits
 252              		.align	1
 253              		.syntax unified
 254              		.thumb
 255              		.thumb_func
 257              	sendNak:
 258              	.LFB72:
 190:./Application/Src/bt_transfer.c ****     uint8_t nak = BT_NAK;
 259              		.loc 1 190 27 is_stmt 1 view -0
 260              		.cfi_startproc
 261              		@ args = 0, pretend = 0, frame = 8
 262              		@ frame_needed = 0, uses_anonymous_args = 0
 263 0000 00B5     		push	{lr}
 264              	.LCFI5:
 265              		.cfi_def_cfa_offset 4
 266              		.cfi_offset 14, -4
ARM GAS  C:\Users\Xuleo\AppData\Local\Temp\ccIayDyL.s 			page 10


 267 0002 83B0     		sub	sp, sp, #12
 268              	.LCFI6:
 269              		.cfi_def_cfa_offset 16
 191:./Application/Src/bt_transfer.c ****     HAL_UART_Transmit(&huart1, &nak, 1, 100);
 270              		.loc 1 191 5 view .LVU60
 191:./Application/Src/bt_transfer.c ****     HAL_UART_Transmit(&huart1, &nak, 1, 100);
 271              		.loc 1 191 13 is_stmt 0 view .LVU61
 272 0004 1523     		movs	r3, #21
 273 0006 8DF80730 		strb	r3, [sp, #7]
 192:./Application/Src/bt_transfer.c **** }
 274              		.loc 1 192 5 is_stmt 1 view .LVU62
 275 000a 6423     		movs	r3, #100
 276 000c 0122     		movs	r2, #1
 277 000e 0DF10701 		add	r1, sp, #7
 278 0012 0248     		ldr	r0, .L28
 279 0014 FFF7FEFF 		bl	HAL_UART_Transmit
 280              	.LVL14:
 193:./Application/Src/bt_transfer.c **** 
 281              		.loc 1 193 1 is_stmt 0 view .LVU63
 282 0018 03B0     		add	sp, sp, #12
 283              	.LCFI7:
 284              		.cfi_def_cfa_offset 4
 285              		@ sp needed
 286 001a 00BD     		pop	{pc}
 287              	.L29:
 288              		.align	2
 289              	.L28:
 290 001c 00000000 		.word	huart1
 291              		.cfi_endproc
 292              	.LFE72:
 294              		.section	.text.handleError,"ax",%progbits
 295              		.align	1
 296              		.syntax unified
 297              		.thumb
 298              		.thumb_func
 300              	handleError:
 301              	.LVL15:
 302              	.LFB75:
 208:./Application/Src/bt_transfer.c **** 
 209:./Application/Src/bt_transfer.c **** static void handleError(const char* error) {
 303              		.loc 1 209 44 is_stmt 1 view -0
 304              		.cfi_startproc
 305              		@ args = 0, pretend = 0, frame = 0
 306              		@ frame_needed = 0, uses_anonymous_args = 0
 307              		.loc 1 209 44 is_stmt 0 view .LVU65
 308 0000 08B5     		push	{r3, lr}
 309              	.LCFI8:
 310              		.cfi_def_cfa_offset 8
 311              		.cfi_offset 3, -8
 312              		.cfi_offset 14, -4
 210:./Application/Src/bt_transfer.c ****     lastError = error;
 313              		.loc 1 210 5 is_stmt 1 view .LVU66
 314              		.loc 1 210 15 is_stmt 0 view .LVU67
 315 0002 0C4B     		ldr	r3, .L34
 316 0004 1860     		str	r0, [r3]
 211:./Application/Src/bt_transfer.c ****     if (ctx.fileOpen) {
 317              		.loc 1 211 5 is_stmt 1 view .LVU68
ARM GAS  C:\Users\Xuleo\AppData\Local\Temp\ccIayDyL.s 			page 11


 318              		.loc 1 211 12 is_stmt 0 view .LVU69
 319 0006 0C4B     		ldr	r3, .L34+4
 320 0008 93F8E432 		ldrb	r3, [r3, #740]	@ zero_extendqisi2
 321              		.loc 1 211 8 view .LVU70
 322 000c 2BB9     		cbnz	r3, .L33
 323              	.LVL16:
 324              	.L31:
 212:./Application/Src/bt_transfer.c ****         f_close(&ctx.file);
 213:./Application/Src/bt_transfer.c ****         ctx.fileOpen = 0;
 214:./Application/Src/bt_transfer.c ****         f_unlink(ctx.filename);  /* Delete partial file */
 215:./Application/Src/bt_transfer.c ****     }
 216:./Application/Src/bt_transfer.c ****     ctx.state = BT_STATE_ERROR;
 325              		.loc 1 216 5 is_stmt 1 view .LVU71
 326              		.loc 1 216 15 is_stmt 0 view .LVU72
 327 000e 0A4B     		ldr	r3, .L34+4
 328 0010 0522     		movs	r2, #5
 329 0012 1A70     		strb	r2, [r3]
 217:./Application/Src/bt_transfer.c ****     sendNak();
 330              		.loc 1 217 5 is_stmt 1 view .LVU73
 331 0014 FFF7FEFF 		bl	sendNak
 332              	.LVL17:
 218:./Application/Src/bt_transfer.c **** }
 333              		.loc 1 218 1 is_stmt 0 view .LVU74
 334 0018 08BD     		pop	{r3, pc}
 335              	.LVL18:
 336              	.L33:
 212:./Application/Src/bt_transfer.c ****         f_close(&ctx.file);
 337              		.loc 1 212 9 is_stmt 1 view .LVU75
 338 001a 0848     		ldr	r0, .L34+8
 339              	.LVL19:
 212:./Application/Src/bt_transfer.c ****         f_close(&ctx.file);
 340              		.loc 1 212 9 is_stmt 0 view .LVU76
 341 001c FFF7FEFF 		bl	f_close
 342              	.LVL20:
 213:./Application/Src/bt_transfer.c ****         f_unlink(ctx.filename);  /* Delete partial file */
 343              		.loc 1 213 9 is_stmt 1 view .LVU77
 213:./Application/Src/bt_transfer.c ****         f_unlink(ctx.filename);  /* Delete partial file */
 344              		.loc 1 213 22 is_stmt 0 view .LVU78
 345 0020 064B     		ldr	r3, .L34+8
 346 0022 A3F1C000 		sub	r0, r3, #192
 347 0026 0023     		movs	r3, #0
 348 0028 80F8E432 		strb	r3, [r0, #740]
 214:./Application/Src/bt_transfer.c ****     }
 349              		.loc 1 214 9 is_stmt 1 view .LVU79
 350 002c 0130     		adds	r0, r0, #1
 351 002e FFF7FEFF 		bl	f_unlink
 352              	.LVL21:
 353 0032 ECE7     		b	.L31
 354              	.L35:
 355              		.align	2
 356              	.L34:
 357 0034 00000000 		.word	lastError
 358 0038 00000000 		.word	ctx
 359 003c C0000000 		.word	ctx+192
 360              		.cfi_endproc
 361              	.LFE75:
 363              		.section	.rodata.processHeader.str1.4,"aMS",%progbits,1
ARM GAS  C:\Users\Xuleo\AppData\Local\Temp\ccIayDyL.s 			page 12


 364              		.align	2
 365              	.LC0:
 366 0000 496E7661 		.ascii	"Invalid command\000"
 366      6C696420 
 366      636F6D6D 
 366      616E6400 
 367              		.align	2
 368              	.LC1:
 369 0010 4661696C 		.ascii	"Failed to create file\000"
 369      65642074 
 369      6F206372 
 369      65617465 
 369      2066696C 
 370 0026 0000     		.align	2
 371              	.LC2:
 372 0028 48656164 		.ascii	"Header too long\000"
 372      65722074 
 372      6F6F206C 
 372      6F6E6700 
 373              		.section	.text.processHeader,"ax",%progbits
 374              		.align	1
 375              		.syntax unified
 376              		.thumb
 377              		.thumb_func
 379              	processHeader:
 380              	.LVL22:
 381              	.LFB68:
  85:./Application/Src/bt_transfer.c ****     ctx.headerBuffer[ctx.headerIndex++] = byte;
 382              		.loc 1 85 41 view -0
 383              		.cfi_startproc
 384              		@ args = 0, pretend = 0, frame = 0
 385              		@ frame_needed = 0, uses_anonymous_args = 0
  85:./Application/Src/bt_transfer.c ****     ctx.headerBuffer[ctx.headerIndex++] = byte;
 386              		.loc 1 85 41 is_stmt 0 view .LVU81
 387 0000 38B5     		push	{r3, r4, r5, lr}
 388              	.LCFI9:
 389              		.cfi_def_cfa_offset 16
 390              		.cfi_offset 3, -16
 391              		.cfi_offset 4, -12
 392              		.cfi_offset 5, -8
 393              		.cfi_offset 14, -4
  86:./Application/Src/bt_transfer.c **** 
 394              		.loc 1 86 5 is_stmt 1 view .LVU82
  86:./Application/Src/bt_transfer.c **** 
 395              		.loc 1 86 25 is_stmt 0 view .LVU83
 396 0002 2D4B     		ldr	r3, .L47
 397 0004 93F8BD10 		ldrb	r1, [r3, #189]	@ zero_extendqisi2
  86:./Application/Src/bt_transfer.c **** 
 398              		.loc 1 86 37 view .LVU84
 399 0008 4A1C     		adds	r2, r1, #1
 400 000a D2B2     		uxtb	r2, r2
 401 000c 83F8BD20 		strb	r2, [r3, #189]
  86:./Application/Src/bt_transfer.c **** 
 402              		.loc 1 86 41 view .LVU85
 403 0010 0B44     		add	r3, r3, r1
 404 0012 83F89D00 		strb	r0, [r3, #157]
  89:./Application/Src/bt_transfer.c ****         uint8_t cmd = ctx.headerBuffer[0];
ARM GAS  C:\Users\Xuleo\AppData\Local\Temp\ccIayDyL.s 			page 13


 405              		.loc 1 89 5 is_stmt 1 view .LVU86
  89:./Application/Src/bt_transfer.c ****         uint8_t cmd = ctx.headerBuffer[0];
 406              		.loc 1 89 8 is_stmt 0 view .LVU87
 407 0016 012A     		cmp	r2, #1
 408 0018 3BD9     		bls	.L37
 409              	.LBB2:
  90:./Application/Src/bt_transfer.c ****         uint8_t nameLen = ctx.headerBuffer[1];
 410              		.loc 1 90 9 is_stmt 1 view .LVU88
  90:./Application/Src/bt_transfer.c ****         uint8_t nameLen = ctx.headerBuffer[1];
 411              		.loc 1 90 17 is_stmt 0 view .LVU89
 412 001a 274B     		ldr	r3, .L47
 413 001c 93F89D10 		ldrb	r1, [r3, #157]	@ zero_extendqisi2
 414              	.LVL23:
  91:./Application/Src/bt_transfer.c **** 
 415              		.loc 1 91 9 is_stmt 1 view .LVU90
  91:./Application/Src/bt_transfer.c **** 
 416              		.loc 1 91 17 is_stmt 0 view .LVU91
 417 0020 93F89E40 		ldrb	r4, [r3, #158]	@ zero_extendqisi2
 418              	.LVL24:
  94:./Application/Src/bt_transfer.c ****         if (ctx.headerIndex >= expectedLen) {
 419              		.loc 1 94 9 is_stmt 1 view .LVU92
  94:./Application/Src/bt_transfer.c ****         if (ctx.headerIndex >= expectedLen) {
 420              		.loc 1 94 17 is_stmt 0 view .LVU93
 421 0024 A31D     		adds	r3, r4, #6
 422 0026 DBB2     		uxtb	r3, r3
 423              	.LVL25:
  95:./Application/Src/bt_transfer.c ****             if (cmd != BT_CMD_FILE_TRANSFER) {
 424              		.loc 1 95 9 is_stmt 1 view .LVU94
  95:./Application/Src/bt_transfer.c ****             if (cmd != BT_CMD_FILE_TRANSFER) {
 425              		.loc 1 95 12 is_stmt 0 view .LVU95
 426 0028 9A42     		cmp	r2, r3
 427 002a 32D3     		bcc	.L37
 428              	.LBB3:
  96:./Application/Src/bt_transfer.c ****                 handleError("Invalid command");
 429              		.loc 1 96 13 is_stmt 1 view .LVU96
  96:./Application/Src/bt_transfer.c ****                 handleError("Invalid command");
 430              		.loc 1 96 16 is_stmt 0 view .LVU97
 431 002c 0129     		cmp	r1, #1
 432 002e 36D1     		bne	.L44
 102:./Application/Src/bt_transfer.c ****                 nameLen = BT_MAX_FILENAME - 1;
 433              		.loc 1 102 13 is_stmt 1 view .LVU98
 102:./Application/Src/bt_transfer.c ****                 nameLen = BT_MAX_FILENAME - 1;
 434              		.loc 1 102 16 is_stmt 0 view .LVU99
 435 0030 0C2C     		cmp	r4, #12
 436 0032 00D9     		bls	.L40
 103:./Application/Src/bt_transfer.c ****             }
 437              		.loc 1 103 25 view .LVU100
 438 0034 0C24     		movs	r4, #12
 439              	.LVL26:
 440              	.L40:
 105:./Application/Src/bt_transfer.c ****             ctx.filename[nameLen] = '\0';
 441              		.loc 1 105 13 is_stmt 1 view .LVU101
 442 0036 2246     		mov	r2, r4
 443 0038 204B     		ldr	r3, .L47+4
 444              	.LVL27:
 105:./Application/Src/bt_transfer.c ****             ctx.filename[nameLen] = '\0';
 445              		.loc 1 105 13 is_stmt 0 view .LVU102
ARM GAS  C:\Users\Xuleo\AppData\Local\Temp\ccIayDyL.s 			page 14


 446 003a 1D46     		mov	r5, r3
 447 003c 03F19E01 		add	r1, r3, #158
 448 0040 1846     		mov	r0, r3
 449              	.LVL28:
 105:./Application/Src/bt_transfer.c ****             ctx.filename[nameLen] = '\0';
 450              		.loc 1 105 13 view .LVU103
 451 0042 FFF7FEFF 		bl	memcpy
 452              	.LVL29:
 106:./Application/Src/bt_transfer.c **** 
 453              		.loc 1 106 13 is_stmt 1 view .LVU104
 106:./Application/Src/bt_transfer.c **** 
 454              		.loc 1 106 35 is_stmt 0 view .LVU105
 455 0046 681E     		subs	r0, r5, #1
 456 0048 0319     		adds	r3, r0, r4
 457 004a 0022     		movs	r2, #0
 458 004c 5A70     		strb	r2, [r3, #1]
 109:./Application/Src/bt_transfer.c ****             ctx.fileSize = sizePtr[0] | (sizePtr[1] << 8) |
 459              		.loc 1 109 13 is_stmt 1 view .LVU106
 109:./Application/Src/bt_transfer.c ****             ctx.fileSize = sizePtr[0] | (sizePtr[1] << 8) |
 460              		.loc 1 109 52 is_stmt 0 view .LVU107
 461 004e A31C     		adds	r3, r4, #2
 109:./Application/Src/bt_transfer.c ****             ctx.fileSize = sizePtr[0] | (sizePtr[1] << 8) |
 462              		.loc 1 109 22 view .LVU108
 463 0050 9A34     		adds	r4, r4, #154
 464              	.LVL30:
 109:./Application/Src/bt_transfer.c ****             ctx.fileSize = sizePtr[0] | (sizePtr[1] << 8) |
 465              		.loc 1 109 22 view .LVU109
 466 0052 0444     		add	r4, r4, r0
 467              	.LVL31:
 110:./Application/Src/bt_transfer.c ****                           (sizePtr[2] << 16) | (sizePtr[3] << 24);
 468              		.loc 1 110 13 is_stmt 1 view .LVU110
 110:./Application/Src/bt_transfer.c ****                           (sizePtr[2] << 16) | (sizePtr[3] << 24);
 469              		.loc 1 110 35 is_stmt 0 view .LVU111
 470 0054 0344     		add	r3, r3, r0
 471 0056 93F89D30 		ldrb	r3, [r3, #157]	@ zero_extendqisi2
 110:./Application/Src/bt_transfer.c ****                           (sizePtr[2] << 16) | (sizePtr[3] << 24);
 472              		.loc 1 110 49 view .LVU112
 473 005a A179     		ldrb	r1, [r4, #6]	@ zero_extendqisi2
 110:./Application/Src/bt_transfer.c ****                           (sizePtr[2] << 16) | (sizePtr[3] << 24);
 474              		.loc 1 110 39 view .LVU113
 475 005c 43EA0123 		orr	r3, r3, r1, lsl #8
 111:./Application/Src/bt_transfer.c **** 
 476              		.loc 1 111 35 view .LVU114
 477 0060 E179     		ldrb	r1, [r4, #7]	@ zero_extendqisi2
 110:./Application/Src/bt_transfer.c ****                           (sizePtr[2] << 16) | (sizePtr[3] << 24);
 478              		.loc 1 110 59 view .LVU115
 479 0062 43EA0143 		orr	r3, r3, r1, lsl #16
 111:./Application/Src/bt_transfer.c **** 
 480              		.loc 1 111 56 view .LVU116
 481 0066 217A     		ldrb	r1, [r4, #8]	@ zero_extendqisi2
 111:./Application/Src/bt_transfer.c **** 
 482              		.loc 1 111 46 view .LVU117
 483 0068 43EA0163 		orr	r3, r3, r1, lsl #24
 110:./Application/Src/bt_transfer.c ****                           (sizePtr[2] << 16) | (sizePtr[3] << 24);
 484              		.loc 1 110 26 view .LVU118
 485 006c 0361     		str	r3, [r0, #16]
 113:./Application/Src/bt_transfer.c ****             ctx.expectedChunk = 0;
ARM GAS  C:\Users\Xuleo\AppData\Local\Temp\ccIayDyL.s 			page 15


 486              		.loc 1 113 13 is_stmt 1 view .LVU119
 113:./Application/Src/bt_transfer.c ****             ctx.expectedChunk = 0;
 487              		.loc 1 113 31 is_stmt 0 view .LVU120
 488 006e 4261     		str	r2, [r0, #20]
 114:./Application/Src/bt_transfer.c ****             ctx.totalChunks = (ctx.fileSize + BT_CHUNK_SIZE - 1) / BT_CHUNK_SIZE;
 489              		.loc 1 114 13 is_stmt 1 view .LVU121
 114:./Application/Src/bt_transfer.c ****             ctx.totalChunks = (ctx.fileSize + BT_CHUNK_SIZE - 1) / BT_CHUNK_SIZE;
 490              		.loc 1 114 31 is_stmt 0 view .LVU122
 491 0070 0283     		strh	r2, [r0, #24]	@ movhi
 115:./Application/Src/bt_transfer.c **** 
 492              		.loc 1 115 13 is_stmt 1 view .LVU123
 115:./Application/Src/bt_transfer.c **** 
 493              		.loc 1 115 61 is_stmt 0 view .LVU124
 494 0072 7F33     		adds	r3, r3, #127
 115:./Application/Src/bt_transfer.c **** 
 495              		.loc 1 115 66 view .LVU125
 496 0074 DB09     		lsrs	r3, r3, #7
 115:./Application/Src/bt_transfer.c **** 
 497              		.loc 1 115 29 view .LVU126
 498 0076 4383     		strh	r3, [r0, #26]	@ movhi
 118:./Application/Src/bt_transfer.c ****             if (res != FR_OK) {
 499              		.loc 1 118 13 is_stmt 1 view .LVU127
 118:./Application/Src/bt_transfer.c ****             if (res != FR_OK) {
 500              		.loc 1 118 27 is_stmt 0 view .LVU128
 501 0078 0A22     		movs	r2, #10
 502 007a 2946     		mov	r1, r5
 503 007c C030     		adds	r0, r0, #192
 504 007e FFF7FEFF 		bl	f_open
 505              	.LVL32:
 119:./Application/Src/bt_transfer.c ****                 handleError("Failed to create file");
 506              		.loc 1 119 13 is_stmt 1 view .LVU129
 119:./Application/Src/bt_transfer.c ****                 handleError("Failed to create file");
 507              		.loc 1 119 16 is_stmt 0 view .LVU130
 508 0082 80B9     		cbnz	r0, .L45
 123:./Application/Src/bt_transfer.c **** 
 509              		.loc 1 123 13 is_stmt 1 view .LVU131
 123:./Application/Src/bt_transfer.c **** 
 510              		.loc 1 123 26 is_stmt 0 view .LVU132
 511 0084 0C4B     		ldr	r3, .L47
 512 0086 0122     		movs	r2, #1
 513 0088 83F8E422 		strb	r2, [r3, #740]
 126:./Application/Src/bt_transfer.c ****             sendAck();
 514              		.loc 1 126 13 is_stmt 1 view .LVU133
 126:./Application/Src/bt_transfer.c ****             sendAck();
 515              		.loc 1 126 23 is_stmt 0 view .LVU134
 516 008c 1870     		strb	r0, [r3]
 127:./Application/Src/bt_transfer.c ****         }
 517              		.loc 1 127 13 is_stmt 1 view .LVU135
 518 008e FFF7FEFF 		bl	sendAck
 519              	.LVL33:
 520              	.L37:
 127:./Application/Src/bt_transfer.c ****         }
 521              		.loc 1 127 13 is_stmt 0 view .LVU136
 522              	.LBE3:
 523              	.LBE2:
 132:./Application/Src/bt_transfer.c ****         handleError("Header too long");
 524              		.loc 1 132 5 is_stmt 1 view .LVU137
ARM GAS  C:\Users\Xuleo\AppData\Local\Temp\ccIayDyL.s 			page 16


 132:./Application/Src/bt_transfer.c ****         handleError("Header too long");
 525              		.loc 1 132 12 is_stmt 0 view .LVU138
 526 0092 094B     		ldr	r3, .L47
 527 0094 93F8BD30 		ldrb	r3, [r3, #189]	@ zero_extendqisi2
 132:./Application/Src/bt_transfer.c ****         handleError("Header too long");
 528              		.loc 1 132 8 view .LVU139
 529 0098 1F2B     		cmp	r3, #31
 530 009a 08D8     		bhi	.L46
 531              	.L36:
 135:./Application/Src/bt_transfer.c **** 
 532              		.loc 1 135 1 view .LVU140
 533 009c 38BD     		pop	{r3, r4, r5, pc}
 534              	.LVL34:
 535              	.L44:
 536              	.LBB5:
 537              	.LBB4:
  97:./Application/Src/bt_transfer.c ****                 return;
 538              		.loc 1 97 17 is_stmt 1 view .LVU141
 539 009e 0848     		ldr	r0, .L47+8
 540              	.LVL35:
  97:./Application/Src/bt_transfer.c ****                 return;
 541              		.loc 1 97 17 is_stmt 0 view .LVU142
 542 00a0 FFF7FEFF 		bl	handleError
 543              	.LVL36:
  98:./Application/Src/bt_transfer.c ****             }
 544              		.loc 1 98 17 is_stmt 1 view .LVU143
 545 00a4 FAE7     		b	.L36
 546              	.LVL37:
 547              	.L45:
 120:./Application/Src/bt_transfer.c ****                 return;
 548              		.loc 1 120 17 view .LVU144
 549 00a6 0748     		ldr	r0, .L47+12
 550              	.LVL38:
 120:./Application/Src/bt_transfer.c ****                 return;
 551              		.loc 1 120 17 is_stmt 0 view .LVU145
 552 00a8 FFF7FEFF 		bl	handleError
 553              	.LVL39:
 121:./Application/Src/bt_transfer.c ****             }
 554              		.loc 1 121 17 is_stmt 1 view .LVU146
 555 00ac F6E7     		b	.L36
 556              	.LVL40:
 557              	.L46:
 121:./Application/Src/bt_transfer.c ****             }
 558              		.loc 1 121 17 is_stmt 0 view .LVU147
 559              	.LBE4:
 560              	.LBE5:
 133:./Application/Src/bt_transfer.c ****     }
 561              		.loc 1 133 9 is_stmt 1 view .LVU148
 562 00ae 0648     		ldr	r0, .L47+16
 563 00b0 FFF7FEFF 		bl	handleError
 564              	.LVL41:
 565 00b4 F2E7     		b	.L36
 566              	.L48:
 567 00b6 00BF     		.align	2
 568              	.L47:
 569 00b8 00000000 		.word	ctx
 570 00bc 01000000 		.word	ctx+1
ARM GAS  C:\Users\Xuleo\AppData\Local\Temp\ccIayDyL.s 			page 17


 571 00c0 00000000 		.word	.LC0
 572 00c4 10000000 		.word	.LC1
 573 00c8 28000000 		.word	.LC2
 574              		.cfi_endproc
 575              	.LFE68:
 577              		.section	.rodata.processChunkHeader.str1.4,"aMS",%progbits,1
 578              		.align	2
 579              	.LC3:
 580 0000 4368756E 		.ascii	"Chunk too large\000"
 580      6B20746F 
 580      6F206C61 
 580      72676500 
 581              		.section	.text.processChunkHeader,"ax",%progbits
 582              		.align	1
 583              		.syntax unified
 584              		.thumb
 585              		.thumb_func
 587              	processChunkHeader:
 588              	.LVL42:
 589              	.LFB69:
 137:./Application/Src/bt_transfer.c ****     /* Chunk header: [CHUNK# 2B] [LEN 1B] */
 590              		.loc 1 137 46 view -0
 591              		.cfi_startproc
 592              		@ args = 0, pretend = 0, frame = 0
 593              		@ frame_needed = 0, uses_anonymous_args = 0
 137:./Application/Src/bt_transfer.c ****     /* Chunk header: [CHUNK# 2B] [LEN 1B] */
 594              		.loc 1 137 46 is_stmt 0 view .LVU150
 595 0000 08B5     		push	{r3, lr}
 596              	.LCFI10:
 597              		.cfi_def_cfa_offset 8
 598              		.cfi_offset 3, -8
 599              		.cfi_offset 14, -4
 139:./Application/Src/bt_transfer.c **** 
 600              		.loc 1 139 5 is_stmt 1 view .LVU151
 139:./Application/Src/bt_transfer.c **** 
 601              		.loc 1 139 25 is_stmt 0 view .LVU152
 602 0002 164B     		ldr	r3, .L56
 603 0004 93F8BE10 		ldrb	r1, [r3, #190]	@ zero_extendqisi2
 139:./Application/Src/bt_transfer.c **** 
 604              		.loc 1 139 36 view .LVU153
 605 0008 4A1C     		adds	r2, r1, #1
 606 000a D2B2     		uxtb	r2, r2
 607 000c 83F8BE20 		strb	r2, [r3, #190]
 139:./Application/Src/bt_transfer.c **** 
 608              		.loc 1 139 40 view .LVU154
 609 0010 0B44     		add	r3, r3, r1
 610 0012 83F89D00 		strb	r0, [r3, #157]
 141:./Application/Src/bt_transfer.c ****         uint16_t chunkNum = ctx.headerBuffer[0] | (ctx.headerBuffer[1] << 8);
 611              		.loc 1 141 5 is_stmt 1 view .LVU155
 141:./Application/Src/bt_transfer.c ****         uint16_t chunkNum = ctx.headerBuffer[0] | (ctx.headerBuffer[1] << 8);
 612              		.loc 1 141 8 is_stmt 0 view .LVU156
 613 0016 022A     		cmp	r2, #2
 614 0018 14D9     		bls	.L49
 615              	.LBB6:
 142:./Application/Src/bt_transfer.c ****         ctx.chunkLen = ctx.headerBuffer[2];
 616              		.loc 1 142 9 is_stmt 1 view .LVU157
 142:./Application/Src/bt_transfer.c ****         ctx.chunkLen = ctx.headerBuffer[2];
ARM GAS  C:\Users\Xuleo\AppData\Local\Temp\ccIayDyL.s 			page 18


 617              		.loc 1 142 45 is_stmt 0 view .LVU158
 618 001a 104B     		ldr	r3, .L56
 619 001c 93F89D20 		ldrb	r2, [r3, #157]	@ zero_extendqisi2
 142:./Application/Src/bt_transfer.c ****         ctx.chunkLen = ctx.headerBuffer[2];
 620              		.loc 1 142 68 view .LVU159
 621 0020 93F89E10 		ldrb	r1, [r3, #158]	@ zero_extendqisi2
 142:./Application/Src/bt_transfer.c ****         ctx.chunkLen = ctx.headerBuffer[2];
 622              		.loc 1 142 18 view .LVU160
 623 0024 42EA0122 		orr	r2, r2, r1, lsl #8
 624              	.LVL43:
 143:./Application/Src/bt_transfer.c **** 
 625              		.loc 1 143 9 is_stmt 1 view .LVU161
 143:./Application/Src/bt_transfer.c **** 
 626              		.loc 1 143 40 is_stmt 0 view .LVU162
 627 0028 93F89F10 		ldrb	r1, [r3, #159]	@ zero_extendqisi2
 143:./Application/Src/bt_transfer.c **** 
 628              		.loc 1 143 22 view .LVU163
 629 002c 1977     		strb	r1, [r3, #28]
 146:./Application/Src/bt_transfer.c ****             sendNak();
 630              		.loc 1 146 9 is_stmt 1 view .LVU164
 146:./Application/Src/bt_transfer.c ****             sendNak();
 631              		.loc 1 146 28 is_stmt 0 view .LVU165
 632 002e 1B8B     		ldrh	r3, [r3, #24]
 146:./Application/Src/bt_transfer.c ****             sendNak();
 633              		.loc 1 146 12 view .LVU166
 634 0030 9342     		cmp	r3, r2
 635 0032 08D1     		bne	.L54
 152:./Application/Src/bt_transfer.c ****             handleError("Chunk too large");
 636              		.loc 1 152 9 is_stmt 1 view .LVU167
 152:./Application/Src/bt_transfer.c ****             handleError("Chunk too large");
 637              		.loc 1 152 12 is_stmt 0 view .LVU168
 638 0034 8029     		cmp	r1, #128
 639 0036 0CD8     		bhi	.L55
 158:./Application/Src/bt_transfer.c ****         ctx.chunkIndex = 0;
 640              		.loc 1 158 9 is_stmt 1 view .LVU169
 158:./Application/Src/bt_transfer.c ****         ctx.chunkIndex = 0;
 641              		.loc 1 158 19 is_stmt 0 view .LVU170
 642 0038 084B     		ldr	r3, .L56
 643 003a 0322     		movs	r2, #3
 644              	.LVL44:
 158:./Application/Src/bt_transfer.c ****         ctx.chunkIndex = 0;
 645              		.loc 1 158 19 view .LVU171
 646 003c 1A70     		strb	r2, [r3]
 159:./Application/Src/bt_transfer.c ****     }
 647              		.loc 1 159 9 is_stmt 1 view .LVU172
 159:./Application/Src/bt_transfer.c ****     }
 648              		.loc 1 159 24 is_stmt 0 view .LVU173
 649 003e 0022     		movs	r2, #0
 650 0040 83F8BE20 		strb	r2, [r3, #190]
 651              	.LVL45:
 652              	.L49:
 159:./Application/Src/bt_transfer.c ****     }
 653              		.loc 1 159 24 view .LVU174
 654              	.LBE6:
 161:./Application/Src/bt_transfer.c **** 
 655              		.loc 1 161 1 view .LVU175
 656 0044 08BD     		pop	{r3, pc}
ARM GAS  C:\Users\Xuleo\AppData\Local\Temp\ccIayDyL.s 			page 19


 657              	.LVL46:
 658              	.L54:
 659              	.LBB7:
 147:./Application/Src/bt_transfer.c ****             ctx.state = BT_STATE_IDLE;
 660              		.loc 1 147 13 is_stmt 1 view .LVU176
 661 0046 FFF7FEFF 		bl	sendNak
 662              	.LVL47:
 148:./Application/Src/bt_transfer.c ****             return;
 663              		.loc 1 148 13 view .LVU177
 148:./Application/Src/bt_transfer.c ****             return;
 664              		.loc 1 148 23 is_stmt 0 view .LVU178
 665 004a 044B     		ldr	r3, .L56
 666 004c 0022     		movs	r2, #0
 667 004e 1A70     		strb	r2, [r3]
 149:./Application/Src/bt_transfer.c ****         }
 668              		.loc 1 149 13 is_stmt 1 view .LVU179
 669 0050 F8E7     		b	.L49
 670              	.LVL48:
 671              	.L55:
 153:./Application/Src/bt_transfer.c ****             return;
 672              		.loc 1 153 13 view .LVU180
 673 0052 0348     		ldr	r0, .L56+4
 674              	.LVL49:
 153:./Application/Src/bt_transfer.c ****             return;
 675              		.loc 1 153 13 is_stmt 0 view .LVU181
 676 0054 FFF7FEFF 		bl	handleError
 677              	.LVL50:
 154:./Application/Src/bt_transfer.c ****         }
 678              		.loc 1 154 13 is_stmt 1 view .LVU182
 679 0058 F4E7     		b	.L49
 680              	.L57:
 681 005a 00BF     		.align	2
 682              	.L56:
 683 005c 00000000 		.word	ctx
 684 0060 00000000 		.word	.LC3
 685              	.LBE7:
 686              		.cfi_endproc
 687              	.LFE69:
 689              		.section	.rodata.processChunkData.str1.4,"aMS",%progbits,1
 690              		.align	2
 691              	.LC4:
 692 0000 57726974 		.ascii	"Write failed\000"
 692      65206661 
 692      696C6564 
 692      00
 693              		.section	.text.processChunkData,"ax",%progbits
 694              		.align	1
 695              		.syntax unified
 696              		.thumb
 697              		.thumb_func
 699              	processChunkData:
 700              	.LVL51:
 701              	.LFB70:
 163:./Application/Src/bt_transfer.c ****     ctx.chunkBuffer[ctx.chunkIndex++] = byte;
 702              		.loc 1 163 44 view -0
 703              		.cfi_startproc
 704              		@ args = 0, pretend = 0, frame = 8
ARM GAS  C:\Users\Xuleo\AppData\Local\Temp\ccIayDyL.s 			page 20


 705              		@ frame_needed = 0, uses_anonymous_args = 0
 164:./Application/Src/bt_transfer.c **** 
 706              		.loc 1 164 5 view .LVU184
 164:./Application/Src/bt_transfer.c **** 
 707              		.loc 1 164 24 is_stmt 0 view .LVU185
 708 0000 154A     		ldr	r2, .L67
 709 0002 92F8BE10 		ldrb	r1, [r2, #190]	@ zero_extendqisi2
 164:./Application/Src/bt_transfer.c **** 
 710              		.loc 1 164 35 view .LVU186
 711 0006 4B1C     		adds	r3, r1, #1
 712 0008 DBB2     		uxtb	r3, r3
 713 000a 82F8BE30 		strb	r3, [r2, #190]
 164:./Application/Src/bt_transfer.c **** 
 714              		.loc 1 164 39 view .LVU187
 715 000e 1144     		add	r1, r1, r2
 716 0010 4877     		strb	r0, [r1, #29]
 166:./Application/Src/bt_transfer.c ****         /* Write chunk to file */
 717              		.loc 1 166 5 is_stmt 1 view .LVU188
 166:./Application/Src/bt_transfer.c ****         /* Write chunk to file */
 718              		.loc 1 166 30 is_stmt 0 view .LVU189
 719 0012 127F     		ldrb	r2, [r2, #28]	@ zero_extendqisi2
 166:./Application/Src/bt_transfer.c ****         /* Write chunk to file */
 720              		.loc 1 166 8 view .LVU190
 721 0014 9342     		cmp	r3, r2
 722 0016 00D2     		bcs	.L66
 723 0018 7047     		bx	lr
 724              	.L66:
 163:./Application/Src/bt_transfer.c ****     ctx.chunkBuffer[ctx.chunkIndex++] = byte;
 725              		.loc 1 163 44 view .LVU191
 726 001a 00B5     		push	{lr}
 727              	.LCFI11:
 728              		.cfi_def_cfa_offset 4
 729              		.cfi_offset 14, -4
 730 001c 83B0     		sub	sp, sp, #12
 731              	.LCFI12:
 732              		.cfi_def_cfa_offset 16
 733              	.LBB8:
 168:./Application/Src/bt_transfer.c ****         FRESULT res = f_write(&ctx.file, ctx.chunkBuffer, ctx.chunkLen, &written);
 734              		.loc 1 168 9 is_stmt 1 view .LVU192
 169:./Application/Src/bt_transfer.c **** 
 735              		.loc 1 169 9 view .LVU193
 169:./Application/Src/bt_transfer.c **** 
 736              		.loc 1 169 23 is_stmt 0 view .LVU194
 737 001e 0F49     		ldr	r1, .L67+4
 738 0020 01AB     		add	r3, sp, #4
 739 0022 01F1A300 		add	r0, r1, #163
 740              	.LVL52:
 169:./Application/Src/bt_transfer.c **** 
 741              		.loc 1 169 23 view .LVU195
 742 0026 FFF7FEFF 		bl	f_write
 743              	.LVL53:
 171:./Application/Src/bt_transfer.c ****             handleError("Write failed");
 744              		.loc 1 171 9 is_stmt 1 view .LVU196
 171:./Application/Src/bt_transfer.c ****             handleError("Write failed");
 745              		.loc 1 171 12 is_stmt 0 view .LVU197
 746 002a 20B9     		cbnz	r0, .L60
 171:./Application/Src/bt_transfer.c ****             handleError("Write failed");
ARM GAS  C:\Users\Xuleo\AppData\Local\Temp\ccIayDyL.s 			page 21


 747              		.loc 1 171 43 discriminator 1 view .LVU198
 748 002c 0A4B     		ldr	r3, .L67
 749 002e 1B7F     		ldrb	r3, [r3, #28]	@ zero_extendqisi2
 171:./Application/Src/bt_transfer.c ****             handleError("Write failed");
 750              		.loc 1 171 37 discriminator 1 view .LVU199
 751 0030 019A     		ldr	r2, [sp, #4]
 171:./Application/Src/bt_transfer.c ****             handleError("Write failed");
 752              		.loc 1 171 26 discriminator 1 view .LVU200
 753 0032 9342     		cmp	r3, r2
 754 0034 04D0     		beq	.L61
 755              	.L60:
 172:./Application/Src/bt_transfer.c ****             return;
 756              		.loc 1 172 13 is_stmt 1 view .LVU201
 757 0036 0A48     		ldr	r0, .L67+8
 758              	.LVL54:
 172:./Application/Src/bt_transfer.c ****             return;
 759              		.loc 1 172 13 is_stmt 0 view .LVU202
 760 0038 FFF7FEFF 		bl	handleError
 761              	.LVL55:
 173:./Application/Src/bt_transfer.c ****         }
 762              		.loc 1 173 13 is_stmt 1 view .LVU203
 763              	.L58:
 764              	.LBE8:
 183:./Application/Src/bt_transfer.c **** 
 765              		.loc 1 183 1 is_stmt 0 view .LVU204
 766 003c 03B0     		add	sp, sp, #12
 767              	.LCFI13:
 768              		.cfi_remember_state
 769              		.cfi_def_cfa_offset 4
 770              		@ sp needed
 771 003e 00BD     		pop	{pc}
 772              	.LVL56:
 773              	.L61:
 774              	.LCFI14:
 775              		.cfi_restore_state
 776              	.LBB9:
 176:./Application/Src/bt_transfer.c ****         ctx.expectedChunk++;
 777              		.loc 1 176 9 is_stmt 1 view .LVU205
 176:./Application/Src/bt_transfer.c ****         ctx.expectedChunk++;
 778              		.loc 1 176 12 is_stmt 0 view .LVU206
 779 0040 054A     		ldr	r2, .L67
 780 0042 5169     		ldr	r1, [r2, #20]
 176:./Application/Src/bt_transfer.c ****         ctx.expectedChunk++;
 781              		.loc 1 176 27 view .LVU207
 782 0044 0B44     		add	r3, r3, r1
 783 0046 5361     		str	r3, [r2, #20]
 177:./Application/Src/bt_transfer.c **** 
 784              		.loc 1 177 9 is_stmt 1 view .LVU208
 177:./Application/Src/bt_transfer.c **** 
 785              		.loc 1 177 12 is_stmt 0 view .LVU209
 786 0048 138B     		ldrh	r3, [r2, #24]
 177:./Application/Src/bt_transfer.c **** 
 787              		.loc 1 177 26 view .LVU210
 788 004a 0133     		adds	r3, r3, #1
 789 004c 1383     		strh	r3, [r2, #24]	@ movhi
 180:./Application/Src/bt_transfer.c ****         sendAck();
 790              		.loc 1 180 9 is_stmt 1 view .LVU211
ARM GAS  C:\Users\Xuleo\AppData\Local\Temp\ccIayDyL.s 			page 22


 180:./Application/Src/bt_transfer.c ****         sendAck();
 791              		.loc 1 180 19 is_stmt 0 view .LVU212
 792 004e 0023     		movs	r3, #0
 793 0050 1370     		strb	r3, [r2]
 181:./Application/Src/bt_transfer.c ****     }
 794              		.loc 1 181 9 is_stmt 1 view .LVU213
 795 0052 FFF7FEFF 		bl	sendAck
 796              	.LVL57:
 181:./Application/Src/bt_transfer.c ****     }
 797              		.loc 1 181 9 is_stmt 0 view .LVU214
 798 0056 F1E7     		b	.L58
 799              	.L68:
 800              		.align	2
 801              	.L67:
 802 0058 00000000 		.word	ctx
 803 005c 1D000000 		.word	ctx+29
 804 0060 00000000 		.word	.LC4
 805              	.LBE9:
 806              		.cfi_endproc
 807              	.LFE70:
 809              		.section	.text.BT_Transfer_Init,"ax",%progbits
 810              		.align	1
 811              		.global	BT_Transfer_Init
 812              		.syntax unified
 813              		.thumb
 814              		.thumb_func
 816              	BT_Transfer_Init:
 817              	.LFB65:
  26:./Application/Src/bt_transfer.c ****     memset(&ctx, 0, sizeof(ctx));
 818              		.loc 1 26 29 is_stmt 1 view -0
 819              		.cfi_startproc
 820              		@ args = 0, pretend = 0, frame = 0
 821              		@ frame_needed = 0, uses_anonymous_args = 0
 822 0000 08B5     		push	{r3, lr}
 823              	.LCFI15:
 824              		.cfi_def_cfa_offset 8
 825              		.cfi_offset 3, -8
 826              		.cfi_offset 14, -4
  27:./Application/Src/bt_transfer.c ****     ctx.state = BT_STATE_IDLE;
 827              		.loc 1 27 5 view .LVU216
 828 0002 4FF43A72 		mov	r2, #744
 829 0006 0021     		movs	r1, #0
 830 0008 0348     		ldr	r0, .L71
 831 000a FFF7FEFF 		bl	memset
 832              	.LVL58:
  28:./Application/Src/bt_transfer.c ****     ctx.fileOpen = 0;
 833              		.loc 1 28 5 view .LVU217
  29:./Application/Src/bt_transfer.c ****     ctx.waitingForMagic2 = 0;
 834              		.loc 1 29 5 view .LVU218
  30:./Application/Src/bt_transfer.c ****     lastError = NULL;
 835              		.loc 1 30 5 view .LVU219
  31:./Application/Src/bt_transfer.c **** }
 836              		.loc 1 31 5 view .LVU220
  31:./Application/Src/bt_transfer.c **** }
 837              		.loc 1 31 15 is_stmt 0 view .LVU221
 838 000e 034B     		ldr	r3, .L71+4
 839 0010 0022     		movs	r2, #0
ARM GAS  C:\Users\Xuleo\AppData\Local\Temp\ccIayDyL.s 			page 23


 840 0012 1A60     		str	r2, [r3]
  32:./Application/Src/bt_transfer.c **** 
 841              		.loc 1 32 1 view .LVU222
 842 0014 08BD     		pop	{r3, pc}
 843              	.L72:
 844 0016 00BF     		.align	2
 845              	.L71:
 846 0018 00000000 		.word	ctx
 847 001c 00000000 		.word	lastError
 848              		.cfi_endproc
 849              	.LFE65:
 851              		.section	.text.BT_Transfer_ProcessByte,"ax",%progbits
 852              		.align	1
 853              		.global	BT_Transfer_ProcessByte
 854              		.syntax unified
 855              		.thumb
 856              		.thumb_func
 858              	BT_Transfer_ProcessByte:
 859              	.LVL59:
 860              	.LFB66:
  34:./Application/Src/bt_transfer.c ****     switch (ctx.state) {
 861              		.loc 1 34 44 is_stmt 1 view -0
 862              		.cfi_startproc
 863              		@ args = 0, pretend = 0, frame = 0
 864              		@ frame_needed = 0, uses_anonymous_args = 0
  34:./Application/Src/bt_transfer.c ****     switch (ctx.state) {
 865              		.loc 1 34 44 is_stmt 0 view .LVU224
 866 0000 08B5     		push	{r3, lr}
 867              	.LCFI16:
 868              		.cfi_def_cfa_offset 8
 869              		.cfi_offset 3, -8
 870              		.cfi_offset 14, -4
  35:./Application/Src/bt_transfer.c ****         case BT_STATE_IDLE:
 871              		.loc 1 35 5 is_stmt 1 view .LVU225
  35:./Application/Src/bt_transfer.c ****         case BT_STATE_IDLE:
 872              		.loc 1 35 16 is_stmt 0 view .LVU226
 873 0002 0B4B     		ldr	r3, .L81
 874 0004 1B78     		ldrb	r3, [r3]	@ zero_extendqisi2
  35:./Application/Src/bt_transfer.c ****         case BT_STATE_IDLE:
 875              		.loc 1 35 5 view .LVU227
 876 0006 022B     		cmp	r3, #2
 877 0008 0ED0     		beq	.L74
 878 000a 05D8     		bhi	.L75
 879 000c 4BB1     		cbz	r3, .L76
 880 000e 012B     		cmp	r3, #1
 881 0010 09D1     		bne	.L73
  40:./Application/Src/bt_transfer.c ****             break;
 882              		.loc 1 40 13 is_stmt 1 view .LVU228
 883 0012 FFF7FEFF 		bl	processHeader
 884              	.LVL60:
  41:./Application/Src/bt_transfer.c ****         case BT_STATE_CHUNK_HEADER:
 885              		.loc 1 41 13 view .LVU229
 886 0016 06E0     		b	.L73
 887              	.LVL61:
 888              	.L75:
  35:./Application/Src/bt_transfer.c ****         case BT_STATE_IDLE:
 889              		.loc 1 35 5 is_stmt 0 view .LVU230
ARM GAS  C:\Users\Xuleo\AppData\Local\Temp\ccIayDyL.s 			page 24


 890 0018 032B     		cmp	r3, #3
 891 001a 04D1     		bne	.L73
  46:./Application/Src/bt_transfer.c ****             break;
 892              		.loc 1 46 13 is_stmt 1 view .LVU231
 893 001c FFF7FEFF 		bl	processChunkData
 894              	.LVL62:
  47:./Application/Src/bt_transfer.c ****         case BT_STATE_COMPLETE:
 895              		.loc 1 47 13 view .LVU232
  53:./Application/Src/bt_transfer.c **** 
 896              		.loc 1 53 1 is_stmt 0 view .LVU233
 897 0020 01E0     		b	.L73
 898              	.LVL63:
 899              	.L76:
  37:./Application/Src/bt_transfer.c ****             break;
 900              		.loc 1 37 13 is_stmt 1 view .LVU234
 901 0022 FFF7FEFF 		bl	processIdle
 902              	.LVL64:
  38:./Application/Src/bt_transfer.c ****         case BT_STATE_HEADER:
 903              		.loc 1 38 13 view .LVU235
 904              	.L73:
  53:./Application/Src/bt_transfer.c **** 
 905              		.loc 1 53 1 is_stmt 0 view .LVU236
 906 0026 08BD     		pop	{r3, pc}
 907              	.LVL65:
 908              	.L74:
  43:./Application/Src/bt_transfer.c ****             break;
 909              		.loc 1 43 13 is_stmt 1 view .LVU237
 910 0028 FFF7FEFF 		bl	processChunkHeader
 911              	.LVL66:
  44:./Application/Src/bt_transfer.c ****         case BT_STATE_CHUNK_DATA:
 912              		.loc 1 44 13 view .LVU238
 913 002c FBE7     		b	.L73
 914              	.L82:
 915 002e 00BF     		.align	2
 916              	.L81:
 917 0030 00000000 		.word	ctx
 918              		.cfi_endproc
 919              	.LFE66:
 921              		.section	.text.BT_Transfer_SendPendingAck,"ax",%progbits
 922              		.align	1
 923              		.global	BT_Transfer_SendPendingAck
 924              		.syntax unified
 925              		.thumb
 926              		.thumb_func
 928              	BT_Transfer_SendPendingAck:
 929              	.LFB73:
 196:./Application/Src/bt_transfer.c ****     /* Nothing to do - ACK sent immediately */
 930              		.loc 1 196 39 view -0
 931              		.cfi_startproc
 932              		@ args = 0, pretend = 0, frame = 0
 933              		@ frame_needed = 0, uses_anonymous_args = 0
 934              		@ link register save eliminated.
 198:./Application/Src/bt_transfer.c **** 
 935              		.loc 1 198 1 view .LVU240
 936 0000 7047     		bx	lr
 937              		.cfi_endproc
 938              	.LFE73:
ARM GAS  C:\Users\Xuleo\AppData\Local\Temp\ccIayDyL.s 			page 25


 940              		.section	.text.BT_Transfer_GetState,"ax",%progbits
 941              		.align	1
 942              		.global	BT_Transfer_GetState
 943              		.syntax unified
 944              		.thumb
 945              		.thumb_func
 947              	BT_Transfer_GetState:
 948              	.LFB76:
 219:./Application/Src/bt_transfer.c **** 
 220:./Application/Src/bt_transfer.c **** BT_TransferState BT_Transfer_GetState(void) {
 949              		.loc 1 220 45 view -0
 950              		.cfi_startproc
 951              		@ args = 0, pretend = 0, frame = 0
 952              		@ frame_needed = 0, uses_anonymous_args = 0
 953              		@ link register save eliminated.
 221:./Application/Src/bt_transfer.c ****     return ctx.state;
 954              		.loc 1 221 5 view .LVU242
 222:./Application/Src/bt_transfer.c **** }
 955              		.loc 1 222 1 is_stmt 0 view .LVU243
 956 0000 014B     		ldr	r3, .L85
 957 0002 1878     		ldrb	r0, [r3]	@ zero_extendqisi2
 958 0004 7047     		bx	lr
 959              	.L86:
 960 0006 00BF     		.align	2
 961              	.L85:
 962 0008 00000000 		.word	ctx
 963              		.cfi_endproc
 964              	.LFE76:
 966              		.section	.text.BT_Transfer_Reset,"ax",%progbits
 967              		.align	1
 968              		.global	BT_Transfer_Reset
 969              		.syntax unified
 970              		.thumb
 971              		.thumb_func
 973              	BT_Transfer_Reset:
 974              	.LFB77:
 223:./Application/Src/bt_transfer.c **** 
 224:./Application/Src/bt_transfer.c **** void BT_Transfer_Reset(void) {
 975              		.loc 1 224 30 is_stmt 1 view -0
 976              		.cfi_startproc
 977              		@ args = 0, pretend = 0, frame = 0
 978              		@ frame_needed = 0, uses_anonymous_args = 0
 979 0000 08B5     		push	{r3, lr}
 980              	.LCFI17:
 981              		.cfi_def_cfa_offset 8
 982              		.cfi_offset 3, -8
 983              		.cfi_offset 14, -4
 225:./Application/Src/bt_transfer.c ****     if (ctx.fileOpen) {
 984              		.loc 1 225 5 view .LVU245
 985              		.loc 1 225 12 is_stmt 0 view .LVU246
 986 0002 0A4B     		ldr	r3, .L91
 987 0004 93F8E432 		ldrb	r3, [r3, #740]	@ zero_extendqisi2
 988              		.loc 1 225 8 view .LVU247
 989 0008 3BB9     		cbnz	r3, .L90
 990              	.L88:
 226:./Application/Src/bt_transfer.c ****         f_close(&ctx.file);
 227:./Application/Src/bt_transfer.c ****         ctx.fileOpen = 0;
ARM GAS  C:\Users\Xuleo\AppData\Local\Temp\ccIayDyL.s 			page 26


 228:./Application/Src/bt_transfer.c ****     }
 229:./Application/Src/bt_transfer.c ****     ctx.state = BT_STATE_IDLE;
 991              		.loc 1 229 5 is_stmt 1 view .LVU248
 992              		.loc 1 229 15 is_stmt 0 view .LVU249
 993 000a 084A     		ldr	r2, .L91
 994 000c 0023     		movs	r3, #0
 995 000e 1370     		strb	r3, [r2]
 230:./Application/Src/bt_transfer.c ****     ctx.bytesReceived = 0;
 996              		.loc 1 230 5 is_stmt 1 view .LVU250
 997              		.loc 1 230 23 is_stmt 0 view .LVU251
 998 0010 5361     		str	r3, [r2, #20]
 231:./Application/Src/bt_transfer.c ****     ctx.expectedChunk = 0;
 999              		.loc 1 231 5 is_stmt 1 view .LVU252
 1000              		.loc 1 231 23 is_stmt 0 view .LVU253
 1001 0012 1383     		strh	r3, [r2, #24]	@ movhi
 232:./Application/Src/bt_transfer.c ****     lastError = NULL;
 1002              		.loc 1 232 5 is_stmt 1 view .LVU254
 1003              		.loc 1 232 15 is_stmt 0 view .LVU255
 1004 0014 064A     		ldr	r2, .L91+4
 1005 0016 1360     		str	r3, [r2]
 233:./Application/Src/bt_transfer.c **** }
 1006              		.loc 1 233 1 view .LVU256
 1007 0018 08BD     		pop	{r3, pc}
 1008              	.L90:
 226:./Application/Src/bt_transfer.c ****         ctx.fileOpen = 0;
 1009              		.loc 1 226 9 is_stmt 1 view .LVU257
 1010 001a 0648     		ldr	r0, .L91+8
 1011 001c FFF7FEFF 		bl	f_close
 1012              	.LVL67:
 227:./Application/Src/bt_transfer.c ****     }
 1013              		.loc 1 227 9 view .LVU258
 227:./Application/Src/bt_transfer.c ****     }
 1014              		.loc 1 227 22 is_stmt 0 view .LVU259
 1015 0020 044B     		ldr	r3, .L91+8
 1016 0022 0022     		movs	r2, #0
 1017 0024 83F82422 		strb	r2, [r3, #548]
 1018 0028 EFE7     		b	.L88
 1019              	.L92:
 1020 002a 00BF     		.align	2
 1021              	.L91:
 1022 002c 00000000 		.word	ctx
 1023 0030 00000000 		.word	lastError
 1024 0034 C0000000 		.word	ctx+192
 1025              		.cfi_endproc
 1026              	.LFE77:
 1028              		.section	.text.BT_Transfer_InProgress,"ax",%progbits
 1029              		.align	1
 1030              		.global	BT_Transfer_InProgress
 1031              		.syntax unified
 1032              		.thumb
 1033              		.thumb_func
 1035              	BT_Transfer_InProgress:
 1036              	.LFB78:
 234:./Application/Src/bt_transfer.c **** 
 235:./Application/Src/bt_transfer.c **** uint8_t BT_Transfer_InProgress(void) {
 1037              		.loc 1 235 38 is_stmt 1 view -0
 1038              		.cfi_startproc
ARM GAS  C:\Users\Xuleo\AppData\Local\Temp\ccIayDyL.s 			page 27


 1039              		@ args = 0, pretend = 0, frame = 0
 1040              		@ frame_needed = 0, uses_anonymous_args = 0
 1041              		@ link register save eliminated.
 236:./Application/Src/bt_transfer.c ****     /* In progress if: not idle/complete/error, OR file is open (receiving chunks) */
 237:./Application/Src/bt_transfer.c ****     return ((ctx.state != BT_STATE_IDLE &&
 1042              		.loc 1 237 5 view .LVU261
 1043              		.loc 1 237 17 is_stmt 0 view .LVU262
 1044 0000 084B     		ldr	r3, .L98
 1045 0002 1B78     		ldrb	r3, [r3]	@ zero_extendqisi2
 238:./Application/Src/bt_transfer.c ****              ctx.state != BT_STATE_COMPLETE &&
 239:./Application/Src/bt_transfer.c ****              ctx.state != BT_STATE_ERROR) ||
 1046              		.loc 1 239 43 view .LVU263
 1047 0004 2BB1     		cbz	r3, .L94
 237:./Application/Src/bt_transfer.c ****              ctx.state != BT_STATE_COMPLETE &&
 1048              		.loc 1 237 41 view .LVU264
 1049 0006 042B     		cmp	r3, #4
 1050 0008 03D0     		beq	.L94
 238:./Application/Src/bt_transfer.c ****              ctx.state != BT_STATE_COMPLETE &&
 1051              		.loc 1 238 45 view .LVU265
 1052 000a 052B     		cmp	r3, #5
 1053 000c 01D0     		beq	.L94
 1054              		.loc 1 239 43 discriminator 2 view .LVU266
 1055 000e 0120     		movs	r0, #1
 1056 0010 7047     		bx	lr
 1057              	.L94:
 240:./Application/Src/bt_transfer.c ****             ctx.fileOpen);
 1058              		.loc 1 240 16 view .LVU267
 1059 0012 044B     		ldr	r3, .L98
 1060 0014 93F8E432 		ldrb	r3, [r3, #740]	@ zero_extendqisi2
 239:./Application/Src/bt_transfer.c ****             ctx.fileOpen);
 1061              		.loc 1 239 43 discriminator 1 view .LVU268
 1062 0018 0BB1     		cbz	r3, .L97
 239:./Application/Src/bt_transfer.c ****             ctx.fileOpen);
 1063              		.loc 1 239 43 discriminator 2 view .LVU269
 1064 001a 0120     		movs	r0, #1
 1065 001c 7047     		bx	lr
 1066              	.L97:
 239:./Application/Src/bt_transfer.c ****             ctx.fileOpen);
 1067              		.loc 1 239 43 discriminator 3 view .LVU270
 1068 001e 1846     		mov	r0, r3
 241:./Application/Src/bt_transfer.c **** }
 1069              		.loc 1 241 1 view .LVU271
 1070 0020 7047     		bx	lr
 1071              	.L99:
 1072 0022 00BF     		.align	2
 1073              	.L98:
 1074 0024 00000000 		.word	ctx
 1075              		.cfi_endproc
 1076              	.LFE78:
 1078              		.section	.text.BT_Transfer_WaitingForMagic,"ax",%progbits
 1079              		.align	1
 1080              		.global	BT_Transfer_WaitingForMagic
 1081              		.syntax unified
 1082              		.thumb
 1083              		.thumb_func
 1085              	BT_Transfer_WaitingForMagic:
 1086              	.LFB79:
ARM GAS  C:\Users\Xuleo\AppData\Local\Temp\ccIayDyL.s 			page 28


 242:./Application/Src/bt_transfer.c **** 
 243:./Application/Src/bt_transfer.c **** uint8_t BT_Transfer_WaitingForMagic(void) {
 1087              		.loc 1 243 43 is_stmt 1 view -0
 1088              		.cfi_startproc
 1089              		@ args = 0, pretend = 0, frame = 0
 1090              		@ frame_needed = 0, uses_anonymous_args = 0
 1091              		@ link register save eliminated.
 244:./Application/Src/bt_transfer.c ****     return ctx.waitingForMagic2;
 1092              		.loc 1 244 5 view .LVU273
 245:./Application/Src/bt_transfer.c **** }
 1093              		.loc 1 245 1 is_stmt 0 view .LVU274
 1094 0000 014B     		ldr	r3, .L101
 1095 0002 93F8E502 		ldrb	r0, [r3, #741]	@ zero_extendqisi2
 1096 0006 7047     		bx	lr
 1097              	.L102:
 1098              		.align	2
 1099              	.L101:
 1100 0008 00000000 		.word	ctx
 1101              		.cfi_endproc
 1102              	.LFE79:
 1104              		.section	.text.BT_Transfer_GetProgress,"ax",%progbits
 1105              		.align	1
 1106              		.global	BT_Transfer_GetProgress
 1107              		.syntax unified
 1108              		.thumb
 1109              		.thumb_func
 1111              	BT_Transfer_GetProgress:
 1112              	.LFB80:
 246:./Application/Src/bt_transfer.c **** 
 247:./Application/Src/bt_transfer.c **** uint8_t BT_Transfer_GetProgress(void) {
 1113              		.loc 1 247 39 is_stmt 1 view -0
 1114              		.cfi_startproc
 1115              		@ args = 0, pretend = 0, frame = 0
 1116              		@ frame_needed = 0, uses_anonymous_args = 0
 1117              		@ link register save eliminated.
 248:./Application/Src/bt_transfer.c ****     if (ctx.fileSize == 0) return 0;
 1118              		.loc 1 248 5 view .LVU276
 1119              		.loc 1 248 12 is_stmt 0 view .LVU277
 1120 0000 064B     		ldr	r3, .L106
 1121 0002 1B69     		ldr	r3, [r3, #16]
 1122              		.loc 1 248 8 view .LVU278
 1123 0004 43B1     		cbz	r3, .L105
 249:./Application/Src/bt_transfer.c ****     return (uint8_t)((ctx.bytesReceived * 100) / ctx.fileSize);
 1124              		.loc 1 249 5 is_stmt 1 view .LVU279
 1125              		.loc 1 249 26 is_stmt 0 view .LVU280
 1126 0006 054A     		ldr	r2, .L106
 1127 0008 5069     		ldr	r0, [r2, #20]
 1128              		.loc 1 249 41 view .LVU281
 1129 000a 6422     		movs	r2, #100
 1130 000c 02FB00F0 		mul	r0, r2, r0
 1131              		.loc 1 249 48 view .LVU282
 1132 0010 B0FBF3F0 		udiv	r0, r0, r3
 1133              		.loc 1 249 12 view .LVU283
 1134 0014 C0B2     		uxtb	r0, r0
 1135 0016 7047     		bx	lr
 1136              	.L105:
 248:./Application/Src/bt_transfer.c ****     if (ctx.fileSize == 0) return 0;
ARM GAS  C:\Users\Xuleo\AppData\Local\Temp\ccIayDyL.s 			page 29


 1137              		.loc 1 248 35 discriminator 1 view .LVU284
 1138 0018 1846     		mov	r0, r3
 250:./Application/Src/bt_transfer.c **** }
 1139              		.loc 1 250 1 view .LVU285
 1140 001a 7047     		bx	lr
 1141              	.L107:
 1142              		.align	2
 1143              	.L106:
 1144 001c 00000000 		.word	ctx
 1145              		.cfi_endproc
 1146              	.LFE80:
 1148              		.section	.text.BT_Transfer_GetError,"ax",%progbits
 1149              		.align	1
 1150              		.global	BT_Transfer_GetError
 1151              		.syntax unified
 1152              		.thumb
 1153              		.thumb_func
 1155              	BT_Transfer_GetError:
 1156              	.LFB81:
 251:./Application/Src/bt_transfer.c **** 
 252:./Application/Src/bt_transfer.c **** const char* BT_Transfer_GetError(void) {
 1157              		.loc 1 252 40 is_stmt 1 view -0
 1158              		.cfi_startproc
 1159              		@ args = 0, pretend = 0, frame = 0
 1160              		@ frame_needed = 0, uses_anonymous_args = 0
 1161              		@ link register save eliminated.
 253:./Application/Src/bt_transfer.c ****     return lastError;
 1162              		.loc 1 253 5 view .LVU287
 254:./Application/Src/bt_transfer.c **** }
 1163              		.loc 1 254 1 is_stmt 0 view .LVU288
 1164 0000 014B     		ldr	r3, .L109
 1165 0002 1868     		ldr	r0, [r3]
 1166 0004 7047     		bx	lr
 1167              	.L110:
 1168 0006 00BF     		.align	2
 1169              	.L109:
 1170 0008 00000000 		.word	lastError
 1171              		.cfi_endproc
 1172              	.LFE81:
 1174              		.section	.bss.lastError,"aw",%nobits
 1175              		.align	2
 1178              	lastError:
 1179 0000 00000000 		.space	4
 1180              		.section	.bss.ctx,"aw",%nobits
 1181              		.align	2
 1184              	ctx:
 1185 0000 00000000 		.space	744
 1185      00000000 
 1185      00000000 
 1185      00000000 
 1185      00000000 
 1186              		.text
 1187              	.Letext0:
 1188              		.file 2 "C:/thirdpartyLibs/arm-gnu-toolchain-15.2/arm-none-eabi/include/machine/_default_types.h"
 1189              		.file 3 "C:/thirdpartyLibs/arm-gnu-toolchain-15.2/arm-none-eabi/include/sys/_stdint.h"
 1190              		.file 4 "Application/FatFs/integer.h"
 1191              		.file 5 "Application/FatFs/ff.h"
ARM GAS  C:\Users\Xuleo\AppData\Local\Temp\ccIayDyL.s 			page 30


 1192              		.file 6 "Application/Inc/bt_transfer.h"
 1193              		.file 7 "Drivers/CMSIS/Device/ST/STM32F1xx/Include/stm32f103xb.h"
 1194              		.file 8 "Drivers/STM32F1xx_HAL_Driver/Inc/stm32f1xx_hal_def.h"
 1195              		.file 9 "Drivers/STM32F1xx_HAL_Driver/Inc/stm32f1xx_hal_dma.h"
 1196              		.file 10 "Drivers/STM32F1xx_HAL_Driver/Inc/stm32f1xx_hal_uart.h"
 1197              		.file 11 "C:/thirdpartyLibs/arm-gnu-toolchain-15.2/arm-none-eabi/include/string.h"
 1198              		.file 12 "Core/Inc/usart.h"
 1199              		.file 13 "<built-in>"
ARM GAS  C:\Users\Xuleo\AppData\Local\Temp\ccIayDyL.s 			page 31


DEFINED SYMBOLS
                            *ABS*:00000000 bt_transfer.c
C:\Users\Xuleo\AppData\Local\Temp\ccIayDyL.s:19     .text.sendAck:00000000 $t
C:\Users\Xuleo\AppData\Local\Temp\ccIayDyL.s:24     .text.sendAck:00000000 sendAck
C:\Users\Xuleo\AppData\Local\Temp\ccIayDyL.s:57     .text.sendAck:0000001c $d
C:\Users\Xuleo\AppData\Local\Temp\ccIayDyL.s:62     .text.finishTransfer:00000000 $t
C:\Users\Xuleo\AppData\Local\Temp\ccIayDyL.s:67     .text.finishTransfer:00000000 finishTransfer
C:\Users\Xuleo\AppData\Local\Temp\ccIayDyL.s:109    .text.finishTransfer:00000028 $d
C:\Users\Xuleo\AppData\Local\Temp\ccIayDyL.s:1184   .bss.ctx:00000000 ctx
C:\Users\Xuleo\AppData\Local\Temp\ccIayDyL.s:115    .text.processIdle:00000000 $t
C:\Users\Xuleo\AppData\Local\Temp\ccIayDyL.s:120    .text.processIdle:00000000 processIdle
C:\Users\Xuleo\AppData\Local\Temp\ccIayDyL.s:246    .text.processIdle:00000080 $d
C:\Users\Xuleo\AppData\Local\Temp\ccIayDyL.s:252    .text.sendNak:00000000 $t
C:\Users\Xuleo\AppData\Local\Temp\ccIayDyL.s:257    .text.sendNak:00000000 sendNak
C:\Users\Xuleo\AppData\Local\Temp\ccIayDyL.s:290    .text.sendNak:0000001c $d
C:\Users\Xuleo\AppData\Local\Temp\ccIayDyL.s:295    .text.handleError:00000000 $t
C:\Users\Xuleo\AppData\Local\Temp\ccIayDyL.s:300    .text.handleError:00000000 handleError
C:\Users\Xuleo\AppData\Local\Temp\ccIayDyL.s:357    .text.handleError:00000034 $d
C:\Users\Xuleo\AppData\Local\Temp\ccIayDyL.s:1178   .bss.lastError:00000000 lastError
C:\Users\Xuleo\AppData\Local\Temp\ccIayDyL.s:364    .rodata.processHeader.str1.4:00000000 $d
C:\Users\Xuleo\AppData\Local\Temp\ccIayDyL.s:374    .text.processHeader:00000000 $t
C:\Users\Xuleo\AppData\Local\Temp\ccIayDyL.s:379    .text.processHeader:00000000 processHeader
C:\Users\Xuleo\AppData\Local\Temp\ccIayDyL.s:569    .text.processHeader:000000b8 $d
C:\Users\Xuleo\AppData\Local\Temp\ccIayDyL.s:578    .rodata.processChunkHeader.str1.4:00000000 $d
C:\Users\Xuleo\AppData\Local\Temp\ccIayDyL.s:582    .text.processChunkHeader:00000000 $t
C:\Users\Xuleo\AppData\Local\Temp\ccIayDyL.s:587    .text.processChunkHeader:00000000 processChunkHeader
C:\Users\Xuleo\AppData\Local\Temp\ccIayDyL.s:683    .text.processChunkHeader:0000005c $d
C:\Users\Xuleo\AppData\Local\Temp\ccIayDyL.s:690    .rodata.processChunkData.str1.4:00000000 $d
C:\Users\Xuleo\AppData\Local\Temp\ccIayDyL.s:694    .text.processChunkData:00000000 $t
C:\Users\Xuleo\AppData\Local\Temp\ccIayDyL.s:699    .text.processChunkData:00000000 processChunkData
C:\Users\Xuleo\AppData\Local\Temp\ccIayDyL.s:802    .text.processChunkData:00000058 $d
C:\Users\Xuleo\AppData\Local\Temp\ccIayDyL.s:810    .text.BT_Transfer_Init:00000000 $t
C:\Users\Xuleo\AppData\Local\Temp\ccIayDyL.s:816    .text.BT_Transfer_Init:00000000 BT_Transfer_Init
C:\Users\Xuleo\AppData\Local\Temp\ccIayDyL.s:846    .text.BT_Transfer_Init:00000018 $d
C:\Users\Xuleo\AppData\Local\Temp\ccIayDyL.s:852    .text.BT_Transfer_ProcessByte:00000000 $t
C:\Users\Xuleo\AppData\Local\Temp\ccIayDyL.s:858    .text.BT_Transfer_ProcessByte:00000000 BT_Transfer_ProcessByte
C:\Users\Xuleo\AppData\Local\Temp\ccIayDyL.s:917    .text.BT_Transfer_ProcessByte:00000030 $d
C:\Users\Xuleo\AppData\Local\Temp\ccIayDyL.s:922    .text.BT_Transfer_SendPendingAck:00000000 $t
C:\Users\Xuleo\AppData\Local\Temp\ccIayDyL.s:928    .text.BT_Transfer_SendPendingAck:00000000 BT_Transfer_SendPendingAck
C:\Users\Xuleo\AppData\Local\Temp\ccIayDyL.s:941    .text.BT_Transfer_GetState:00000000 $t
C:\Users\Xuleo\AppData\Local\Temp\ccIayDyL.s:947    .text.BT_Transfer_GetState:00000000 BT_Transfer_GetState
C:\Users\Xuleo\AppData\Local\Temp\ccIayDyL.s:962    .text.BT_Transfer_GetState:00000008 $d
C:\Users\Xuleo\AppData\Local\Temp\ccIayDyL.s:967    .text.BT_Transfer_Reset:00000000 $t
C:\Users\Xuleo\AppData\Local\Temp\ccIayDyL.s:973    .text.BT_Transfer_Reset:00000000 BT_Transfer_Reset
C:\Users\Xuleo\AppData\Local\Temp\ccIayDyL.s:1022   .text.BT_Transfer_Reset:0000002c $d
C:\Users\Xuleo\AppData\Local\Temp\ccIayDyL.s:1029   .text.BT_Transfer_InProgress:00000000 $t
C:\Users\Xuleo\AppData\Local\Temp\ccIayDyL.s:1035   .text.BT_Transfer_InProgress:00000000 BT_Transfer_InProgress
C:\Users\Xuleo\AppData\Local\Temp\ccIayDyL.s:1074   .text.BT_Transfer_InProgress:00000024 $d
C:\Users\Xuleo\AppData\Local\Temp\ccIayDyL.s:1079   .text.BT_Transfer_WaitingForMagic:00000000 $t
C:\Users\Xuleo\AppData\Local\Temp\ccIayDyL.s:1085   .text.BT_Transfer_WaitingForMagic:00000000 BT_Transfer_WaitingForMagic
C:\Users\Xuleo\AppData\Local\Temp\ccIayDyL.s:1100   .text.BT_Transfer_WaitingForMagic:00000008 $d
C:\Users\Xuleo\AppData\Local\Temp\ccIayDyL.s:1105   .text.BT_Transfer_GetProgress:00000000 $t
C:\Users\Xuleo\AppData\Local\Temp\ccIayDyL.s:1111   .text.BT_Transfer_GetProgress:00000000 BT_Transfer_GetProgress
C:\Users\Xuleo\AppData\Local\Temp\ccIayDyL.s:1144   .text.BT_Transfer_GetProgress:0000001c $d
C:\Users\Xuleo\AppData\Local\Temp\ccIayDyL.s:1149   .text.BT_Transfer_GetError:00000000 $t
C:\Users\Xuleo\AppData\Local\Temp\ccIayDyL.s:1155   .text.BT_Transfer_GetError:00000000 BT_Transfer_GetError
C:\Users\Xuleo\AppData\Local\Temp\ccIayDyL.s:1170   .text.BT_Transfer_GetError:00000008 $d
ARM GAS  C:\Users\Xuleo\AppData\Local\Temp\ccIayDyL.s 			page 32


C:\Users\Xuleo\AppData\Local\Temp\ccIayDyL.s:1175   .bss.lastError:00000000 $d
C:\Users\Xuleo\AppData\Local\Temp\ccIayDyL.s:1181   .bss.ctx:00000000 $d

UNDEFINED SYMBOLS
HAL_UART_Transmit
huart1
f_close
memset
f_unlink
memcpy
f_open
f_write
