ARM GAS  C:\Users\Xuleo\AppData\Local\Temp\cc4OVFma.s 			page 1


   1              		.cpu cortex-m33
   2              		.arch armv8-m.main
   3              		.fpu fpv5-sp-d16
   4              		.arch_extension dsp
   5              		.eabi_attribute 27, 1
   6              		.eabi_attribute 28, 1
   7              		.eabi_attribute 20, 1
   8              		.eabi_attribute 21, 1
   9              		.eabi_attribute 23, 3
  10              		.eabi_attribute 24, 1
  11              		.eabi_attribute 25, 1
  12              		.eabi_attribute 26, 1
  13              		.eabi_attribute 30, 1
  14              		.eabi_attribute 34, 1
  15              		.eabi_attribute 18, 4
  16              		.file	"debug_song.c"
  17              		.text
  18              	.Ltext0:
  19              		.cfi_sections	.debug_frame
  20              		.file 1 "./Application/Src/debug_song.c"
  21              		.section	.text.load_debug_song,"ax",%progbits
  22              		.align	1
  23              		.global	load_debug_song
  24              		.syntax unified
  25              		.thumb
  26              		.thumb_func
  28              	load_debug_song:
  29              	.LFB359:
   1:./Application/Src/debug_song.c **** #include <debug_song.h>
   2:./Application/Src/debug_song.c **** 
   3:./Application/Src/debug_song.c **** 
   4:./Application/Src/debug_song.c **** void load_debug_song(void){
  30              		.loc 1 4 27 view -0
  31              		.cfi_startproc
  32              		@ args = 0, pretend = 0, frame = 0
  33              		@ frame_needed = 0, uses_anonymous_args = 0
  34              		@ link register save eliminated.
   5:./Application/Src/debug_song.c ****     // DO
   6:./Application/Src/debug_song.c ****     chord_events[0] = (ChordEvent_t){
  35              		.loc 1 6 5 view .LVU1
  36              		.loc 1 6 21 is_stmt 0 view .LVU2
  37 0000 294B     		ldr	r3, .L2
  38 0002 0022     		movs	r2, #0
  39 0004 1A60     		str	r2, [r3]
  40 0006 5A60     		str	r2, [r3, #4]
  41 0008 9A60     		str	r2, [r3, #8]
  42 000a DA60     		str	r2, [r3, #12]
  43 000c 1A61     		str	r2, [r3, #16]
  44 000e 5A61     		str	r2, [r3, #20]
  45 0010 2649     		ldr	r1, .L2+4
  46 0012 5960     		str	r1, [r3, #4]	@ float
  47 0014 0120     		movs	r0, #1
  48 0016 1872     		strb	r0, [r3, #8]
  49 0018 4FF4FA71 		mov	r1, #500
  50 001c 9982     		strh	r1, [r3, #20]	@ movhi
   7:./Application/Src/debug_song.c ****         .positions   = {DO_1, DO_2},
   8:./Application/Src/debug_song.c ****         .pressed     = {true, false, false, false, false, false, false, false, false, false},
ARM GAS  C:\Users\Xuleo\AppData\Local\Temp\cc4OVFma.s 			page 2


   9:./Application/Src/debug_song.c ****         .duration_ms = 500
  10:./Application/Src/debug_song.c ****     };
  11:./Application/Src/debug_song.c ****     // RE
  12:./Application/Src/debug_song.c ****     chord_events[1] = (ChordEvent_t){
  51              		.loc 1 12 5 is_stmt 1 view .LVU3
  52              		.loc 1 12 21 is_stmt 0 view .LVU4
  53 001e 9A61     		str	r2, [r3, #24]
  54 0020 DA61     		str	r2, [r3, #28]
  55 0022 1A62     		str	r2, [r3, #32]
  56 0024 5A62     		str	r2, [r3, #36]
  57 0026 9A62     		str	r2, [r3, #40]
  58 0028 DA62     		str	r2, [r3, #44]
  59 002a DFF88CC0 		ldr	ip, .L2+16
  60 002e C3F818C0 		str	ip, [r3, #24]	@ float
  61 0032 DFF888C0 		ldr	ip, .L2+20
  62 0036 C3F81CC0 		str	ip, [r3, #28]	@ float
  63 003a 83F82100 		strb	r0, [r3, #33]
  64 003e 9985     		strh	r1, [r3, #44]	@ movhi
  13:./Application/Src/debug_song.c ****         .positions   = {RE_1, RE_2},
  14:./Application/Src/debug_song.c ****         .pressed     = {false, true, false, false, false, false, false, false, false, false},
  15:./Application/Src/debug_song.c ****         .duration_ms = 500
  16:./Application/Src/debug_song.c ****     };
  17:./Application/Src/debug_song.c ****     // MI
  18:./Application/Src/debug_song.c ****     chord_events[2] = (ChordEvent_t){
  65              		.loc 1 18 5 is_stmt 1 view .LVU5
  66              		.loc 1 18 21 is_stmt 0 view .LVU6
  67 0040 1A63     		str	r2, [r3, #48]
  68 0042 5A63     		str	r2, [r3, #52]
  69 0044 9A63     		str	r2, [r3, #56]
  70 0046 DA63     		str	r2, [r3, #60]
  71 0048 1A64     		str	r2, [r3, #64]
  72 004a 5A64     		str	r2, [r3, #68]
  73 004c DFF870C0 		ldr	ip, .L2+24
  74 0050 C3F830C0 		str	ip, [r3, #48]	@ float
  75 0054 DFF86CC0 		ldr	ip, .L2+28
  76 0058 C3F834C0 		str	ip, [r3, #52]	@ float
  77 005c 83F83A00 		strb	r0, [r3, #58]
  78 0060 A3F84410 		strh	r1, [r3, #68]	@ movhi
  19:./Application/Src/debug_song.c ****         .positions   = {MI_1, MI_2},
  20:./Application/Src/debug_song.c ****         .pressed     = {false, false, true, false, false, false, false, false, false, false},
  21:./Application/Src/debug_song.c ****         .duration_ms = 500
  22:./Application/Src/debug_song.c ****     };
  23:./Application/Src/debug_song.c ****     // FA
  24:./Application/Src/debug_song.c ****     chord_events[3] = (ChordEvent_t){
  79              		.loc 1 24 5 is_stmt 1 view .LVU7
  80              		.loc 1 24 21 is_stmt 0 view .LVU8
  81 0064 9A64     		str	r2, [r3, #72]
  82 0066 DA64     		str	r2, [r3, #76]
  83 0068 1A65     		str	r2, [r3, #80]
  84 006a 5A65     		str	r2, [r3, #84]
  85 006c 9A65     		str	r2, [r3, #88]
  86 006e DA65     		str	r2, [r3, #92]
  87 0070 DFF854C0 		ldr	ip, .L2+32
  88 0074 C3F848C0 		str	ip, [r3, #72]	@ float
  89 0078 DFF850C0 		ldr	ip, .L2+36
  90 007c C3F84CC0 		str	ip, [r3, #76]	@ float
  91 0080 83F85300 		strb	r0, [r3, #83]
ARM GAS  C:\Users\Xuleo\AppData\Local\Temp\cc4OVFma.s 			page 3


  92 0084 A3F85C10 		strh	r1, [r3, #92]	@ movhi
  25:./Application/Src/debug_song.c ****         .positions   = {FA_1, FA_2},
  26:./Application/Src/debug_song.c ****         .pressed     = {false, false, false, true, false, false, false, false, false, false},
  27:./Application/Src/debug_song.c ****         .duration_ms = 500
  28:./Application/Src/debug_song.c ****     };
  29:./Application/Src/debug_song.c ****     // SO
  30:./Application/Src/debug_song.c ****     chord_events[4] = (ChordEvent_t){
  93              		.loc 1 30 5 is_stmt 1 view .LVU9
  94              		.loc 1 30 21 is_stmt 0 view .LVU10
  95 0088 1A66     		str	r2, [r3, #96]
  96 008a 5A66     		str	r2, [r3, #100]
  97 008c 9A66     		str	r2, [r3, #104]
  98 008e DA66     		str	r2, [r3, #108]
  99 0090 1A67     		str	r2, [r3, #112]
 100 0092 5A67     		str	r2, [r3, #116]
 101 0094 064A     		ldr	r2, .L2+8
 102 0096 1A66     		str	r2, [r3, #96]	@ float
 103 0098 064A     		ldr	r2, .L2+12
 104 009a 5A66     		str	r2, [r3, #100]	@ float
 105 009c 83F86C00 		strb	r0, [r3, #108]
 106 00a0 A3F87410 		strh	r1, [r3, #116]	@ movhi
  31:./Application/Src/debug_song.c ****         .positions   = {SO_1, SO_2},
  32:./Application/Src/debug_song.c ****         .pressed     = {false, false, false, false, true, false, false, false, false, false},
  33:./Application/Src/debug_song.c ****         .duration_ms = 500
  34:./Application/Src/debug_song.c ****     };
  35:./Application/Src/debug_song.c **** }...
 107              		.loc 1 35 1 view .LVU11
 108 00a4 7047     		bx	lr
 109              	.L3:
 110 00a6 00BF     		.align	2
 111              	.L2:
 112 00a8 00000000 		.word	chord_events
 113 00ac 000013C3 		.word	-1022164992
 114 00b0 0000A8C2 		.word	-1029177344
 115 00b4 000067C3 		.word	-1016659968
 116 00b8 0000A8C1 		.word	-1045954560
 117 00bc 000028C3 		.word	-1020788736
 118 00c0 000028C2 		.word	-1037565952
 119 00c4 00003DC3 		.word	-1019412480
 120 00c8 00007CC2 		.word	-1032060928
 121 00cc 000052C3 		.word	-1018036224
 122              		.cfi_endproc
 123              	.LFE359:
 125              		.text
 126              	.Letext0:
 127              		.file 2 "C:/thirdpartyLibs/arm-gnu-toolchain-15.2/arm-none-eabi/include/machine/_default_types.h"
 128              		.file 3 "C:/thirdpartyLibs/arm-gnu-toolchain-15.2/arm-none-eabi/include/sys/_stdint.h"
 129              		.file 4 "Drivers/CMSIS/Device/ST/STM32H5xx/Include/stm32h523xx.h"
 130              		.file 5 "Application/Inc/application.h"
ARM GAS  C:\Users\Xuleo\AppData\Local\Temp\cc4OVFma.s 			page 4


DEFINED SYMBOLS
                            *ABS*:00000000 debug_song.c
C:\Users\Xuleo\AppData\Local\Temp\cc4OVFma.s:22     .text.load_debug_song:00000000 $t
C:\Users\Xuleo\AppData\Local\Temp\cc4OVFma.s:28     .text.load_debug_song:00000000 load_debug_song
C:\Users\Xuleo\AppData\Local\Temp\cc4OVFma.s:112    .text.load_debug_song:000000a8 $d

UNDEFINED SYMBOLS
chord_events
