ARM GAS  C:\Users\Xuleo\AppData\Local\Temp\ccOnEMpn.s 			page 1


   1              		.cpu cortex-m33
   2              		.arch armv8-m.main
   3              		.fpu fpv4-sp-d16
   4              		.arch_extension dsp
   5              		.eabi_attribute 27, 1
   6              		.eabi_attribute 28, 1
   7              		.eabi_attribute 20, 1
   8              		.eabi_attribute 21, 1
   9              		.eabi_attribute 23, 3
  10              		.eabi_attribute 24, 1
  11              		.eabi_attribute 25, 1
  12              		.eabi_attribute 26, 1
  13              		.eabi_attribute 30, 1
  14              		.eabi_attribute 34, 1
  15              		.eabi_attribute 18, 4
  16              		.file	"encoder.c"
  17              		.text
  18              	.Ltext0:
  19              		.cfi_sections	.debug_frame
  20              		.file 1 "./Application/Src/encoder.c"
  21              		.section	.text.encoder_start,"ax",%progbits
  22              		.align	1
  23              		.global	encoder_start
  24              		.syntax unified
  25              		.thumb
  26              		.thumb_func
  28              	encoder_start:
  29              	.LVL0:
  30              	.LFB160:
   1:./Application/Src/encoder.c **** #include <encoder.h>
   2:./Application/Src/encoder.c **** #include <application.h>
   3:./Application/Src/encoder.c **** 
   4:./Application/Src/encoder.c **** void encoder_start(TIM_HandleTypeDef* htim){
  31              		.loc 1 4 44 view -0
  32              		.cfi_startproc
  33              		@ args = 0, pretend = 0, frame = 0
  34              		@ frame_needed = 0, uses_anonymous_args = 0
  35              		.loc 1 4 44 is_stmt 0 view .LVU1
  36 0000 08B5     		push	{r3, lr}
  37              	.LCFI0:
  38              		.cfi_def_cfa_offset 8
  39              		.cfi_offset 3, -8
  40              		.cfi_offset 14, -4
   5:./Application/Src/encoder.c ****     HAL_TIM_Encoder_Start(htim, TIM_CHANNEL_ALL);
  41              		.loc 1 5 5 is_stmt 1 view .LVU2
  42 0002 3C21     		movs	r1, #60
  43 0004 FFF7FEFF 		bl	HAL_TIM_Encoder_Start
  44              	.LVL1:
   6:./Application/Src/encoder.c **** }
  45              		.loc 1 6 1 is_stmt 0 view .LVU3
  46 0008 08BD     		pop	{r3, pc}
  47              		.cfi_endproc
  48              	.LFE160:
  50              		.section	.text.encoder_read_value,"ax",%progbits
  51              		.align	1
  52              		.global	encoder_read_value
  53              		.syntax unified
ARM GAS  C:\Users\Xuleo\AppData\Local\Temp\ccOnEMpn.s 			page 2


  54              		.thumb
  55              		.thumb_func
  57              	encoder_read_value:
  58              	.LVL2:
  59              	.LFB161:
   7:./Application/Src/encoder.c **** 
   8:./Application/Src/encoder.c **** void encoder_read_value(TIM_HandleTypeDef* htim, int32_t* read_result, uint32_t* direction){
  60              		.loc 1 8 92 is_stmt 1 view -0
  61              		.cfi_startproc
  62              		@ args = 0, pretend = 0, frame = 0
  63              		@ frame_needed = 0, uses_anonymous_args = 0
  64              		@ link register save eliminated.
   9:./Application/Src/encoder.c ****     *read_result = __HAL_TIM_GET_COUNTER(htim);
  65              		.loc 1 9 5 view .LVU5
  66              		.loc 1 9 20 is_stmt 0 view .LVU6
  67 0000 0368     		ldr	r3, [r0]
  68 0002 5B6A     		ldr	r3, [r3, #36]
  69              		.loc 1 9 18 view .LVU7
  70 0004 0B60     		str	r3, [r1]
  10:./Application/Src/encoder.c ****     // TIM_CR1_DIR is not defined in tim.h file, read from register directly
  11:./Application/Src/encoder.c ****     *direction = (htim->Instance->CR1 >> 4) & 0x1;  // DIR bit is bit 4 in CR1
  71              		.loc 1 11 5 is_stmt 1 view .LVU8
  72              		.loc 1 11 23 is_stmt 0 view .LVU9
  73 0006 0368     		ldr	r3, [r0]
  74              		.loc 1 11 33 view .LVU10
  75 0008 1B68     		ldr	r3, [r3]
  76              		.loc 1 11 45 view .LVU11
  77 000a C3F30013 		ubfx	r3, r3, #4, #1
  78              		.loc 1 11 16 view .LVU12
  79 000e 1360     		str	r3, [r2]
  12:./Application/Src/encoder.c **** }
  80              		.loc 1 12 1 view .LVU13
  81 0010 7047     		bx	lr
  82              		.cfi_endproc
  83              	.LFE161:
  85              		.section	.text.encoder_parse_distance_mm,"ax",%progbits
  86              		.align	1
  87              		.global	encoder_parse_distance_mm
  88              		.syntax unified
  89              		.thumb
  90              		.thumb_func
  92              	encoder_parse_distance_mm:
  93              	.LVL3:
  94              	.LFB162:
  13:./Application/Src/encoder.c **** 
  14:./Application/Src/encoder.c **** float encoder_parse_distance_mm(int32_t encoder_count){
  95              		.loc 1 14 55 is_stmt 1 view -0
  96              		.cfi_startproc
  97              		@ args = 0, pretend = 0, frame = 0
  98              		@ frame_needed = 0, uses_anonymous_args = 0
  99              		.loc 1 14 55 is_stmt 0 view .LVU15
 100 0000 08B5     		push	{r3, lr}
 101              	.LCFI1:
 102              		.cfi_def_cfa_offset 8
 103              		.cfi_offset 3, -8
 104              		.cfi_offset 14, -4
 105 0002 07EE900A 		vmov	s15, r0	@ int
ARM GAS  C:\Users\Xuleo\AppData\Local\Temp\ccOnEMpn.s 			page 3


  15:./Application/Src/encoder.c ****     float resolution = (float)encoder_count / (ENCODER_CPR * ENCODER_MULTIPLIER);
 106              		.loc 1 15 5 is_stmt 1 view .LVU16
 107              		.loc 1 15 24 is_stmt 0 view .LVU17
 108 0006 F8EEE77A 		vcvt.f32.s32	s15, s15
 109              	.LVL4:
  16:./Application/Src/encoder.c ****     float distance = resolution * (PI * WHEEL_DIAMETER_MM);
 110              		.loc 1 16 5 is_stmt 1 view .LVU18
 111              		.loc 1 16 33 is_stmt 0 view .LVU19
 112 000a 9FED0B7A 		vldr.32	s14, .L6+8
 113 000e C7EE877A 		vdiv.f32	s15, s15, s14
 114              	.LVL5:
 115              		.loc 1 16 33 view .LVU20
 116 0012 17EE900A 		vmov	r0, s15
 117              	.LVL6:
 118              		.loc 1 16 33 view .LVU21
 119 0016 FFF7FEFF 		bl	__aeabi_f2d
 120              	.LVL7:
 121              		.loc 1 16 33 view .LVU22
 122 001a 05A3     		adr	r3, .L6
 123 001c D3E90023 		ldrd	r2, [r3]
 124 0020 FFF7FEFF 		bl	__aeabi_dmul
 125              	.LVL8:
 126              		.loc 1 16 11 view .LVU23
 127 0024 FFF7FEFF 		bl	__aeabi_d2f
 128              	.LVL9:
  17:./Application/Src/encoder.c ****     return distance;
 129              		.loc 1 17 5 is_stmt 1 view .LVU24
  18:./Application/Src/encoder.c **** }
 130              		.loc 1 18 1 is_stmt 0 view .LVU25
 131 0028 00EE100A 		vmov	s0, r0
 132 002c 08BD     		pop	{r3, pc}
 133              	.L7:
 134 002e 00BF     		.align	3
 135              	.L6:
 136 0030 07CE1951 		.word	1360645639
 137 0034 DA8F5740 		.word	1079480282
 138 0038 00002F44 		.word	1143930880
 139              		.cfi_endproc
 140              	.LFE162:
 142              		.section	.text.encoder_calc_speed_mm_s,"ax",%progbits
 143              		.align	1
 144              		.global	encoder_calc_speed_mm_s
 145              		.syntax unified
 146              		.thumb
 147              		.thumb_func
 149              	encoder_calc_speed_mm_s:
 150              	.LVL10:
 151              	.LFB163:
  19:./Application/Src/encoder.c **** 
  20:./Application/Src/encoder.c **** extern float encoder_old_position_mm;  // defined in application.c
  21:./Application/Src/encoder.c **** 
  22:./Application/Src/encoder.c **** float encoder_calc_speed_mm_s(float encoder_new_parsed_distance_mm, float dt){
 152              		.loc 1 22 78 is_stmt 1 view -0
 153              		.cfi_startproc
 154              		@ args = 0, pretend = 0, frame = 0
 155              		@ frame_needed = 0, uses_anonymous_args = 0
 156              		@ link register save eliminated.
ARM GAS  C:\Users\Xuleo\AppData\Local\Temp\ccOnEMpn.s 			page 4


  23:./Application/Src/encoder.c ****     float change_in_distance = encoder_new_parsed_distance_mm - encoder_old_position_mm;
 157              		.loc 1 23 5 view .LVU27
 158              		.loc 1 23 63 is_stmt 0 view .LVU28
 159 0000 044B     		ldr	r3, .L9
 160 0002 D3ED007A 		vldr.32	s15, [r3]
 161              		.loc 1 23 11 view .LVU29
 162 0006 70EE677A 		vsub.f32	s15, s0, s15
 163              	.LVL11:
  24:./Application/Src/encoder.c ****     float velocity = change_in_distance / dt;
 164              		.loc 1 24 5 is_stmt 1 view .LVU30
  25:./Application/Src/encoder.c ****     encoder_old_position_mm = encoder_new_parsed_distance_mm;  // update for next call
 165              		.loc 1 25 5 view .LVU31
 166              		.loc 1 25 29 is_stmt 0 view .LVU32
 167 000a 83ED000A 		vstr.32	s0, [r3]
  26:./Application/Src/encoder.c ****     return velocity;
 168              		.loc 1 26 5 is_stmt 1 view .LVU33
  27:./Application/Src/encoder.c **** }...
 169              		.loc 1 27 1 is_stmt 0 view .LVU34
 170 000e 87EEA00A 		vdiv.f32	s0, s15, s1
 171              	.LVL12:
 172              		.loc 1 27 1 view .LVU35
 173 0012 7047     		bx	lr
 174              	.L10:
 175              		.align	2
 176              	.L9:
 177 0014 00000000 		.word	encoder_old_position_mm
 178              		.cfi_endproc
 179              	.LFE163:
 181              		.text
 182              	.Letext0:
 183              		.file 2 "C:/thirdpartyLibs/arm-gnu-toolchain-15.2/arm-none-eabi/include/machine/_default_types.h"
 184              		.file 3 "C:/thirdpartyLibs/arm-gnu-toolchain-15.2/arm-none-eabi/include/sys/_stdint.h"
 185              		.file 4 "Drivers/CMSIS/Device/ST/STM32H5xx/Include/stm32h533xx.h"
 186              		.file 5 "Drivers/STM32H5xx_HAL_Driver/Inc/stm32h5xx_hal_def.h"
 187              		.file 6 "Drivers/STM32H5xx_HAL_Driver/Inc/stm32h5xx_hal_dma.h"
 188              		.file 7 "Drivers/STM32H5xx_HAL_Driver/Inc/stm32h5xx_hal_dma_ex.h"
 189              		.file 8 "Drivers/STM32H5xx_HAL_Driver/Inc/stm32h5xx_hal_tim.h"
 190              		.file 9 "Application/Inc/application.h"
ARM GAS  C:\Users\Xuleo\AppData\Local\Temp\ccOnEMpn.s 			page 5


DEFINED SYMBOLS
                            *ABS*:00000000 encoder.c
C:\Users\Xuleo\AppData\Local\Temp\ccOnEMpn.s:22     .text.encoder_start:00000000 $t
C:\Users\Xuleo\AppData\Local\Temp\ccOnEMpn.s:28     .text.encoder_start:00000000 encoder_start
C:\Users\Xuleo\AppData\Local\Temp\ccOnEMpn.s:51     .text.encoder_read_value:00000000 $t
C:\Users\Xuleo\AppData\Local\Temp\ccOnEMpn.s:57     .text.encoder_read_value:00000000 encoder_read_value
C:\Users\Xuleo\AppData\Local\Temp\ccOnEMpn.s:86     .text.encoder_parse_distance_mm:00000000 $t
C:\Users\Xuleo\AppData\Local\Temp\ccOnEMpn.s:92     .text.encoder_parse_distance_mm:00000000 encoder_parse_distance_mm
C:\Users\Xuleo\AppData\Local\Temp\ccOnEMpn.s:136    .text.encoder_parse_distance_mm:00000030 $d
C:\Users\Xuleo\AppData\Local\Temp\ccOnEMpn.s:143    .text.encoder_calc_speed_mm_s:00000000 $t
C:\Users\Xuleo\AppData\Local\Temp\ccOnEMpn.s:149    .text.encoder_calc_speed_mm_s:00000000 encoder_calc_speed_mm_s
C:\Users\Xuleo\AppData\Local\Temp\ccOnEMpn.s:177    .text.encoder_calc_speed_mm_s:00000014 $d

UNDEFINED SYMBOLS
HAL_TIM_Encoder_Start
__aeabi_f2d
__aeabi_dmul
__aeabi_d2f
encoder_old_position_mm
