ARM GAS  C:\Users\Xuleo\AppData\Local\Temp\ccL8lDJs.s 			page 1


   1              		.cpu cortex-m3
   2              		.arch armv7-m
   3              		.fpu softvfp
   4              		.eabi_attribute 20, 1
   5              		.eabi_attribute 21, 1
   6              		.eabi_attribute 23, 3
   7              		.eabi_attribute 24, 1
   8              		.eabi_attribute 25, 1
   9              		.eabi_attribute 26, 1
  10              		.eabi_attribute 30, 1
  11              		.eabi_attribute 34, 1
  12              		.eabi_attribute 18, 4
  13              		.file	"gpio.c"
  14              		.text
  15              	.Ltext0:
  16              		.cfi_sections	.debug_frame
  17              		.file 1 "Core/Src/gpio.c"
  18              		.section	.text.MX_GPIO_Init,"ax",%progbits
  19              		.align	1
  20              		.global	MX_GPIO_Init
  21              		.syntax unified
  22              		.thumb
  23              		.thumb_func
  25              	MX_GPIO_Init:
  26              	.LFB65:
   1:Core/Src/gpio.c **** /* USER CODE BEGIN Header */
   2:Core/Src/gpio.c **** /**
   3:Core/Src/gpio.c ****   ******************************************************************************
   4:Core/Src/gpio.c ****   * @file    gpio.c
   5:Core/Src/gpio.c ****   * @brief   This file provides code for the configuration
   6:Core/Src/gpio.c ****   *          of all used GPIO pins.
   7:Core/Src/gpio.c ****   ******************************************************************************
   8:Core/Src/gpio.c ****   * @attention
   9:Core/Src/gpio.c ****   *
  10:Core/Src/gpio.c ****   * Copyright (c) 2026 STMicroelectronics.
  11:Core/Src/gpio.c ****   * All rights reserved.
  12:Core/Src/gpio.c ****   *
  13:Core/Src/gpio.c ****   * This software is licensed under terms that can be found in the LICENSE file
  14:Core/Src/gpio.c ****   * in the root directory of this software component.
  15:Core/Src/gpio.c ****   * If no LICENSE file comes with this software, it is provided AS-IS.
  16:Core/Src/gpio.c ****   *
  17:Core/Src/gpio.c ****   ******************************************************************************
  18:Core/Src/gpio.c ****   */
  19:Core/Src/gpio.c **** /* USER CODE END Header */
  20:Core/Src/gpio.c **** 
  21:Core/Src/gpio.c **** /* Includes ------------------------------------------------------------------*/
  22:Core/Src/gpio.c **** #include "gpio.h"
  23:Core/Src/gpio.c **** 
  24:Core/Src/gpio.c **** /* USER CODE BEGIN 0 */
  25:Core/Src/gpio.c **** 
  26:Core/Src/gpio.c **** /* USER CODE END 0 */
  27:Core/Src/gpio.c **** 
  28:Core/Src/gpio.c **** /*----------------------------------------------------------------------------*/
  29:Core/Src/gpio.c **** /* Configure GPIO                                                             */
  30:Core/Src/gpio.c **** /*----------------------------------------------------------------------------*/
  31:Core/Src/gpio.c **** /* USER CODE BEGIN 1 */
  32:Core/Src/gpio.c **** 
ARM GAS  C:\Users\Xuleo\AppData\Local\Temp\ccL8lDJs.s 			page 2


  33:Core/Src/gpio.c **** /* USER CODE END 1 */
  34:Core/Src/gpio.c **** 
  35:Core/Src/gpio.c **** /** Configure pins as
  36:Core/Src/gpio.c ****         * Analog
  37:Core/Src/gpio.c ****         * Input
  38:Core/Src/gpio.c ****         * Output
  39:Core/Src/gpio.c ****         * EVENT_OUT
  40:Core/Src/gpio.c ****         * EXTI
  41:Core/Src/gpio.c **** */
  42:Core/Src/gpio.c **** void MX_GPIO_Init(void)
  43:Core/Src/gpio.c **** {
  27              		.loc 1 43 1 view -0
  28              		.cfi_startproc
  29              		@ args = 0, pretend = 0, frame = 32
  30              		@ frame_needed = 0, uses_anonymous_args = 0
  31 0000 2DE9F043 		push	{r4, r5, r6, r7, r8, r9, lr}
  32              	.LCFI0:
  33              		.cfi_def_cfa_offset 28
  34              		.cfi_offset 4, -28
  35              		.cfi_offset 5, -24
  36              		.cfi_offset 6, -20
  37              		.cfi_offset 7, -16
  38              		.cfi_offset 8, -12
  39              		.cfi_offset 9, -8
  40              		.cfi_offset 14, -4
  41 0004 89B0     		sub	sp, sp, #36
  42              	.LCFI1:
  43              		.cfi_def_cfa_offset 64
  44:Core/Src/gpio.c **** 
  45:Core/Src/gpio.c ****   GPIO_InitTypeDef GPIO_InitStruct = {0};
  44              		.loc 1 45 3 view .LVU1
  45              		.loc 1 45 20 is_stmt 0 view .LVU2
  46 0006 04AD     		add	r5, sp, #16
  47 0008 0024     		movs	r4, #0
  48 000a 0494     		str	r4, [sp, #16]
  49 000c 0594     		str	r4, [sp, #20]
  50 000e 0694     		str	r4, [sp, #24]
  51 0010 0794     		str	r4, [sp, #28]
  46:Core/Src/gpio.c **** 
  47:Core/Src/gpio.c ****   /* GPIO Ports Clock Enable */
  48:Core/Src/gpio.c ****   __HAL_RCC_GPIOC_CLK_ENABLE();
  52              		.loc 1 48 3 is_stmt 1 view .LVU3
  53              	.LBB2:
  54              		.loc 1 48 3 view .LVU4
  55              		.loc 1 48 3 view .LVU5
  56 0012 304B     		ldr	r3, .L3
  57 0014 9A69     		ldr	r2, [r3, #24]
  58 0016 42F01002 		orr	r2, r2, #16
  59 001a 9A61     		str	r2, [r3, #24]
  60              		.loc 1 48 3 view .LVU6
  61 001c 9A69     		ldr	r2, [r3, #24]
  62 001e 02F01002 		and	r2, r2, #16
  63 0022 0092     		str	r2, [sp]
  64              		.loc 1 48 3 view .LVU7
  65 0024 009A     		ldr	r2, [sp]
  66              	.LBE2:
  67              		.loc 1 48 3 view .LVU8
ARM GAS  C:\Users\Xuleo\AppData\Local\Temp\ccL8lDJs.s 			page 3


  49:Core/Src/gpio.c ****   __HAL_RCC_GPIOD_CLK_ENABLE();
  68              		.loc 1 49 3 view .LVU9
  69              	.LBB3:
  70              		.loc 1 49 3 view .LVU10
  71              		.loc 1 49 3 view .LVU11
  72 0026 9A69     		ldr	r2, [r3, #24]
  73 0028 42F02002 		orr	r2, r2, #32
  74 002c 9A61     		str	r2, [r3, #24]
  75              		.loc 1 49 3 view .LVU12
  76 002e 9A69     		ldr	r2, [r3, #24]
  77 0030 02F02002 		and	r2, r2, #32
  78 0034 0192     		str	r2, [sp, #4]
  79              		.loc 1 49 3 view .LVU13
  80 0036 019A     		ldr	r2, [sp, #4]
  81              	.LBE3:
  82              		.loc 1 49 3 view .LVU14
  50:Core/Src/gpio.c ****   __HAL_RCC_GPIOA_CLK_ENABLE();
  83              		.loc 1 50 3 view .LVU15
  84              	.LBB4:
  85              		.loc 1 50 3 view .LVU16
  86              		.loc 1 50 3 view .LVU17
  87 0038 9A69     		ldr	r2, [r3, #24]
  88 003a 42F00402 		orr	r2, r2, #4
  89 003e 9A61     		str	r2, [r3, #24]
  90              		.loc 1 50 3 view .LVU18
  91 0040 9A69     		ldr	r2, [r3, #24]
  92 0042 02F00402 		and	r2, r2, #4
  93 0046 0292     		str	r2, [sp, #8]
  94              		.loc 1 50 3 view .LVU19
  95 0048 029A     		ldr	r2, [sp, #8]
  96              	.LBE4:
  97              		.loc 1 50 3 view .LVU20
  51:Core/Src/gpio.c ****   __HAL_RCC_GPIOB_CLK_ENABLE();
  98              		.loc 1 51 3 view .LVU21
  99              	.LBB5:
 100              		.loc 1 51 3 view .LVU22
 101              		.loc 1 51 3 view .LVU23
 102 004a 9A69     		ldr	r2, [r3, #24]
 103 004c 42F00802 		orr	r2, r2, #8
 104 0050 9A61     		str	r2, [r3, #24]
 105              		.loc 1 51 3 view .LVU24
 106 0052 9B69     		ldr	r3, [r3, #24]
 107 0054 03F00803 		and	r3, r3, #8
 108 0058 0393     		str	r3, [sp, #12]
 109              		.loc 1 51 3 view .LVU25
 110 005a 039B     		ldr	r3, [sp, #12]
 111              	.LBE5:
 112              		.loc 1 51 3 view .LVU26
  52:Core/Src/gpio.c **** 
  53:Core/Src/gpio.c ****   /*Configure GPIO pin Output Level */
  54:Core/Src/gpio.c ****   HAL_GPIO_WritePin(GPIOC, GPIO_PIN_14, GPIO_PIN_RESET);
 113              		.loc 1 54 3 view .LVU27
 114 005c 1E4F     		ldr	r7, .L3+4
 115 005e 2246     		mov	r2, r4
 116 0060 4FF48041 		mov	r1, #16384
 117 0064 3846     		mov	r0, r7
 118 0066 FFF7FEFF 		bl	HAL_GPIO_WritePin
ARM GAS  C:\Users\Xuleo\AppData\Local\Temp\ccL8lDJs.s 			page 4


 119              	.LVL0:
  55:Core/Src/gpio.c **** 
  56:Core/Src/gpio.c ****   /*Configure GPIO pin Output Level */
  57:Core/Src/gpio.c ****   HAL_GPIO_WritePin(GPIOA, GPIO_PIN_11|GPIO_PIN_12|GPIO_PIN_15, GPIO_PIN_RESET);
 120              		.loc 1 57 3 view .LVU28
 121 006a DFF87080 		ldr	r8, .L3+8
 122 006e 2246     		mov	r2, r4
 123 0070 4FF41841 		mov	r1, #38912
 124 0074 4046     		mov	r0, r8
 125 0076 FFF7FEFF 		bl	HAL_GPIO_WritePin
 126              	.LVL1:
  58:Core/Src/gpio.c **** 
  59:Core/Src/gpio.c ****   /*Configure GPIO pin : PC13 */
  60:Core/Src/gpio.c ****   GPIO_InitStruct.Pin = GPIO_PIN_13;
 127              		.loc 1 60 3 view .LVU29
 128              		.loc 1 60 23 is_stmt 0 view .LVU30
 129 007a 4FF40053 		mov	r3, #8192
 130 007e 0493     		str	r3, [sp, #16]
  61:Core/Src/gpio.c ****   GPIO_InitStruct.Mode = GPIO_MODE_INPUT;
 131              		.loc 1 61 3 is_stmt 1 view .LVU31
 132              		.loc 1 61 24 is_stmt 0 view .LVU32
 133 0080 0594     		str	r4, [sp, #20]
  62:Core/Src/gpio.c ****   GPIO_InitStruct.Pull = GPIO_NOPULL;
 134              		.loc 1 62 3 is_stmt 1 view .LVU33
 135              		.loc 1 62 24 is_stmt 0 view .LVU34
 136 0082 0694     		str	r4, [sp, #24]
  63:Core/Src/gpio.c ****   HAL_GPIO_Init(GPIOC, &GPIO_InitStruct);
 137              		.loc 1 63 3 is_stmt 1 view .LVU35
 138 0084 2946     		mov	r1, r5
 139 0086 3846     		mov	r0, r7
 140 0088 FFF7FEFF 		bl	HAL_GPIO_Init
 141              	.LVL2:
  64:Core/Src/gpio.c **** 
  65:Core/Src/gpio.c ****   /*Configure GPIO pin : PC14 */
  66:Core/Src/gpio.c ****   GPIO_InitStruct.Pin = GPIO_PIN_14;
 142              		.loc 1 66 3 view .LVU36
 143              		.loc 1 66 23 is_stmt 0 view .LVU37
 144 008c 4FF48043 		mov	r3, #16384
 145 0090 0493     		str	r3, [sp, #16]
  67:Core/Src/gpio.c ****   GPIO_InitStruct.Mode = GPIO_MODE_OUTPUT_PP;
 146              		.loc 1 67 3 is_stmt 1 view .LVU38
 147              		.loc 1 67 24 is_stmt 0 view .LVU39
 148 0092 4FF00109 		mov	r9, #1
 149 0096 CDF81490 		str	r9, [sp, #20]
  68:Core/Src/gpio.c ****   GPIO_InitStruct.Pull = GPIO_NOPULL;
 150              		.loc 1 68 3 is_stmt 1 view .LVU40
 151              		.loc 1 68 24 is_stmt 0 view .LVU41
 152 009a 0694     		str	r4, [sp, #24]
  69:Core/Src/gpio.c ****   GPIO_InitStruct.Speed = GPIO_SPEED_FREQ_LOW;
 153              		.loc 1 69 3 is_stmt 1 view .LVU42
 154              		.loc 1 69 25 is_stmt 0 view .LVU43
 155 009c 0226     		movs	r6, #2
 156 009e 0796     		str	r6, [sp, #28]
  70:Core/Src/gpio.c ****   HAL_GPIO_Init(GPIOC, &GPIO_InitStruct);
 157              		.loc 1 70 3 is_stmt 1 view .LVU44
 158 00a0 2946     		mov	r1, r5
 159 00a2 3846     		mov	r0, r7
ARM GAS  C:\Users\Xuleo\AppData\Local\Temp\ccL8lDJs.s 			page 5


 160 00a4 FFF7FEFF 		bl	HAL_GPIO_Init
 161              	.LVL3:
  71:Core/Src/gpio.c **** 
  72:Core/Src/gpio.c ****   /*Configure GPIO pins : PA11 PA12 PA15 */
  73:Core/Src/gpio.c ****   GPIO_InitStruct.Pin = GPIO_PIN_11|GPIO_PIN_12|GPIO_PIN_15;
 162              		.loc 1 73 3 view .LVU45
 163              		.loc 1 73 23 is_stmt 0 view .LVU46
 164 00a8 4FF41843 		mov	r3, #38912
 165 00ac 0493     		str	r3, [sp, #16]
  74:Core/Src/gpio.c ****   GPIO_InitStruct.Mode = GPIO_MODE_OUTPUT_PP;
 166              		.loc 1 74 3 is_stmt 1 view .LVU47
 167              		.loc 1 74 24 is_stmt 0 view .LVU48
 168 00ae CDF81490 		str	r9, [sp, #20]
  75:Core/Src/gpio.c ****   GPIO_InitStruct.Pull = GPIO_NOPULL;
 169              		.loc 1 75 3 is_stmt 1 view .LVU49
 170              		.loc 1 75 24 is_stmt 0 view .LVU50
 171 00b2 0694     		str	r4, [sp, #24]
  76:Core/Src/gpio.c ****   GPIO_InitStruct.Speed = GPIO_SPEED_FREQ_LOW;
 172              		.loc 1 76 3 is_stmt 1 view .LVU51
 173              		.loc 1 76 25 is_stmt 0 view .LVU52
 174 00b4 0796     		str	r6, [sp, #28]
  77:Core/Src/gpio.c ****   HAL_GPIO_Init(GPIOA, &GPIO_InitStruct);
 175              		.loc 1 77 3 is_stmt 1 view .LVU53
 176 00b6 2946     		mov	r1, r5
 177 00b8 4046     		mov	r0, r8
 178 00ba FFF7FEFF 		bl	HAL_GPIO_Init
 179              	.LVL4:
  78:Core/Src/gpio.c **** 
  79:Core/Src/gpio.c ****   /*Configure GPIO pin : PB3 */
  80:Core/Src/gpio.c ****   GPIO_InitStruct.Pin = GPIO_PIN_3;
 180              		.loc 1 80 3 view .LVU54
 181              		.loc 1 80 23 is_stmt 0 view .LVU55
 182 00be 0823     		movs	r3, #8
 183 00c0 0493     		str	r3, [sp, #16]
  81:Core/Src/gpio.c ****   GPIO_InitStruct.Mode = GPIO_MODE_INPUT;
 184              		.loc 1 81 3 is_stmt 1 view .LVU56
 185              		.loc 1 81 24 is_stmt 0 view .LVU57
 186 00c2 0594     		str	r4, [sp, #20]
  82:Core/Src/gpio.c ****   GPIO_InitStruct.Pull = GPIO_PULLDOWN;
 187              		.loc 1 82 3 is_stmt 1 view .LVU58
 188              		.loc 1 82 24 is_stmt 0 view .LVU59
 189 00c4 0696     		str	r6, [sp, #24]
  83:Core/Src/gpio.c ****   HAL_GPIO_Init(GPIOB, &GPIO_InitStruct);
 190              		.loc 1 83 3 is_stmt 1 view .LVU60
 191 00c6 2946     		mov	r1, r5
 192 00c8 0548     		ldr	r0, .L3+12
 193 00ca FFF7FEFF 		bl	HAL_GPIO_Init
 194              	.LVL5:
  84:Core/Src/gpio.c **** 
  85:Core/Src/gpio.c **** }
 195              		.loc 1 85 1 is_stmt 0 view .LVU61
 196 00ce 09B0     		add	sp, sp, #36
 197              	.LCFI2:
 198              		.cfi_def_cfa_offset 28
 199              		@ sp needed
 200 00d0 BDE8F083 		pop	{r4, r5, r6, r7, r8, r9, pc}
 201              	.L4:
ARM GAS  C:\Users\Xuleo\AppData\Local\Temp\ccL8lDJs.s 			page 6


 202              		.align	2
 203              	.L3:
 204 00d4 00100240 		.word	1073876992
 205 00d8 00100140 		.word	1073811456
 206 00dc 00080140 		.word	1073809408
 207 00e0 000C0140 		.word	1073810432
 208              		.cfi_endproc
 209              	.LFE65:
 211              		.text
 212              	.Letext0:
 213              		.file 2 "C:/thirdpartyLibs/arm-gnu-toolchain-15.2/arm-none-eabi/include/machine/_default_types.h"
 214              		.file 3 "C:/thirdpartyLibs/arm-gnu-toolchain-15.2/arm-none-eabi/include/sys/_stdint.h"
 215              		.file 4 "Drivers/CMSIS/Device/ST/STM32F1xx/Include/stm32f103xb.h"
 216              		.file 5 "Drivers/STM32F1xx_HAL_Driver/Inc/stm32f1xx_hal_gpio.h"
ARM GAS  C:\Users\Xuleo\AppData\Local\Temp\ccL8lDJs.s 			page 7


DEFINED SYMBOLS
                            *ABS*:00000000 gpio.c
C:\Users\Xuleo\AppData\Local\Temp\ccL8lDJs.s:19     .text.MX_GPIO_Init:00000000 $t
C:\Users\Xuleo\AppData\Local\Temp\ccL8lDJs.s:25     .text.MX_GPIO_Init:00000000 MX_GPIO_Init
C:\Users\Xuleo\AppData\Local\Temp\ccL8lDJs.s:204    .text.MX_GPIO_Init:000000d4 $d

UNDEFINED SYMBOLS
HAL_GPIO_WritePin
HAL_GPIO_Init
