ARM GAS  C:\Users\Xuleo\AppData\Local\Temp\ccoj58CU.s 			page 1


   1              		.cpu cortex-m33
   2              		.arch armv8-m.main
   3              		.fpu fpv5-sp-d16
   4              		.arch_extension dsp
   5              		.eabi_attribute 27, 1
   6              		.eabi_attribute 28, 1
   7              		.eabi_attribute 20, 1
   8              		.eabi_attribute 21, 1
   9              		.eabi_attribute 23, 3
  10              		.eabi_attribute 24, 1
  11              		.eabi_attribute 25, 1
  12              		.eabi_attribute 26, 1
  13              		.eabi_attribute 30, 1
  14              		.eabi_attribute 34, 1
  15              		.eabi_attribute 18, 4
  16              		.file	"icache.c"
  17              		.text
  18              	.Ltext0:
  19              		.cfi_sections	.debug_frame
  20              		.file 1 "Core/Src/icache.c"
  21              		.section	.text.MX_ICACHE_Init,"ax",%progbits
  22              		.align	1
  23              		.global	MX_ICACHE_Init
  24              		.syntax unified
  25              		.thumb
  26              		.thumb_func
  28              	MX_ICACHE_Init:
  29              	.LFB356:
   1:Core/Src/icache.c **** /* USER CODE BEGIN Header */
   2:Core/Src/icache.c **** /**
   3:Core/Src/icache.c ****   ******************************************************************************
   4:Core/Src/icache.c ****   * @file    icache.c
   5:Core/Src/icache.c ****   * @brief   This file provides code for the configuration
   6:Core/Src/icache.c ****   *          of the ICACHE instances.
   7:Core/Src/icache.c ****   ******************************************************************************
   8:Core/Src/icache.c ****   * @attention
   9:Core/Src/icache.c ****   *
  10:Core/Src/icache.c ****   * Copyright (c) 2026 STMicroelectronics.
  11:Core/Src/icache.c ****   * All rights reserved.
  12:Core/Src/icache.c ****   *
  13:Core/Src/icache.c ****   * This software is licensed under terms that can be found in the LICENSE file
  14:Core/Src/icache.c ****   * in the root directory of this software component.
  15:Core/Src/icache.c ****   * If no LICENSE file comes with this software, it is provided AS-IS.
  16:Core/Src/icache.c ****   *
  17:Core/Src/icache.c ****   ******************************************************************************
  18:Core/Src/icache.c ****   */
  19:Core/Src/icache.c **** /* USER CODE END Header */
  20:Core/Src/icache.c **** /* Includes ------------------------------------------------------------------*/
  21:Core/Src/icache.c **** #include "icache.h"
  22:Core/Src/icache.c **** 
  23:Core/Src/icache.c **** /* USER CODE BEGIN 0 */
  24:Core/Src/icache.c **** 
  25:Core/Src/icache.c **** /* USER CODE END 0 */
  26:Core/Src/icache.c **** 
  27:Core/Src/icache.c **** /* ICACHE init function */
  28:Core/Src/icache.c **** void MX_ICACHE_Init(void)
  29:Core/Src/icache.c **** {
ARM GAS  C:\Users\Xuleo\AppData\Local\Temp\ccoj58CU.s 			page 2


  30              		.loc 1 29 1 view -0
  31              		.cfi_startproc
  32              		@ args = 0, pretend = 0, frame = 0
  33              		@ frame_needed = 0, uses_anonymous_args = 0
  34 0000 08B5     		push	{r3, lr}
  35              	.LCFI0:
  36              		.cfi_def_cfa_offset 8
  37              		.cfi_offset 3, -8
  38              		.cfi_offset 14, -4
  30:Core/Src/icache.c **** 
  31:Core/Src/icache.c ****   /* USER CODE BEGIN ICACHE_Init 0 */
  32:Core/Src/icache.c **** 
  33:Core/Src/icache.c ****   /* USER CODE END ICACHE_Init 0 */
  34:Core/Src/icache.c **** 
  35:Core/Src/icache.c ****   /* USER CODE BEGIN ICACHE_Init 1 */
  36:Core/Src/icache.c **** 
  37:Core/Src/icache.c ****   /* USER CODE END ICACHE_Init 1 */
  38:Core/Src/icache.c **** 
  39:Core/Src/icache.c ****   /** Enable instruction cache (default 2-ways set associative cache)
  40:Core/Src/icache.c ****   */
  41:Core/Src/icache.c ****   if (HAL_ICACHE_Enable() != HAL_OK)
  39              		.loc 1 41 3 view .LVU1
  40              		.loc 1 41 7 is_stmt 0 view .LVU2
  41 0002 FFF7FEFF 		bl	HAL_ICACHE_Enable
  42              	.LVL0:
  43              		.loc 1 41 6 discriminator 1 view .LVU3
  44 0006 00B9     		cbnz	r0, .L4
  45              	.L1:
  42:Core/Src/icache.c ****   {
  43:Core/Src/icache.c ****     Error_Handler();
  44:Core/Src/icache.c ****   }
  45:Core/Src/icache.c ****   /* USER CODE BEGIN ICACHE_Init 2 */
  46:Core/Src/icache.c **** 
  47:Core/Src/icache.c ****   /* USER CODE END ICACHE_Init 2 */
  48:Core/Src/icache.c **** 
  49:Core/Src/icache.c **** }
  46              		.loc 1 49 1 view .LVU4
  47 0008 08BD     		pop	{r3, pc}
  48              	.L4:
  43:Core/Src/icache.c ****   }
  49              		.loc 1 43 5 is_stmt 1 view .LVU5
  50 000a FFF7FEFF 		bl	Error_Handler
  51              	.LVL1:
  52              		.loc 1 49 1 is_stmt 0 view .LVU6
  53 000e FBE7     		b	.L1
  54              		.cfi_endproc
  55              	.LFE356:
  57              		.text
  58              	.Letext0:
  59              		.file 2 "Drivers/STM32H5xx_HAL_Driver/Inc/stm32h5xx_hal_def.h"
  60              		.file 3 "Core/Inc/main.h"
  61              		.file 4 "Drivers/STM32H5xx_HAL_Driver/Inc/stm32h5xx_hal_icache.h"
ARM GAS  C:\Users\Xuleo\AppData\Local\Temp\ccoj58CU.s 			page 3


DEFINED SYMBOLS
                            *ABS*:00000000 icache.c
C:\Users\Xuleo\AppData\Local\Temp\ccoj58CU.s:22     .text.MX_ICACHE_Init:00000000 $t
C:\Users\Xuleo\AppData\Local\Temp\ccoj58CU.s:28     .text.MX_ICACHE_Init:00000000 MX_ICACHE_Init

UNDEFINED SYMBOLS
HAL_ICACHE_Enable
Error_Handler
