ARM GAS  C:\Users\Xuleo\AppData\Local\Temp\ccG0O6Fh.s 			page 1


   1              		.cpu cortex-m3
   2              		.arch armv7-m
   3              		.fpu softvfp
   4              		.eabi_attribute 20, 1
   5              		.eabi_attribute 21, 1
   6              		.eabi_attribute 23, 3
   7              		.eabi_attribute 24, 1
   8              		.eabi_attribute 25, 1
   9              		.eabi_attribute 26, 1
  10              		.eabi_attribute 30, 1
  11              		.eabi_attribute 34, 1
  12              		.eabi_attribute 18, 4
  13              		.file	"mpu6050sensor.c"
  14              		.text
  15              	.Ltext0:
  16              		.cfi_sections	.debug_frame
  17              		.file 1 "./Application/Src/mpu6050sensor.c"
  18              		.section	.text.checkExist,"ax",%progbits
  19              		.align	1
  20              		.global	checkExist
  21              		.syntax unified
  22              		.thumb
  23              		.thumb_func
  25              	checkExist:
  26              	.LFB65:
   1:./Application/Src/mpu6050sensor.c **** #include <mpu6050sensor.h>
   2:./Application/Src/mpu6050sensor.c **** #include <stdint.h>
   3:./Application/Src/mpu6050sensor.c **** #include "i2c.h"
   4:./Application/Src/mpu6050sensor.c **** 
   5:./Application/Src/mpu6050sensor.c **** float accData[3];  // Define the variable declared as extern in the header
   6:./Application/Src/mpu6050sensor.c **** 
   7:./Application/Src/mpu6050sensor.c **** int checkExist(){
  27              		.loc 1 7 17 view -0
  28              		.cfi_startproc
  29              		@ args = 0, pretend = 0, frame = 8
  30              		@ frame_needed = 0, uses_anonymous_args = 0
  31 0000 00B5     		push	{lr}
  32              	.LCFI0:
  33              		.cfi_def_cfa_offset 4
  34              		.cfi_offset 14, -4
  35 0002 87B0     		sub	sp, sp, #28
  36              	.LCFI1:
  37              		.cfi_def_cfa_offset 32
   8:./Application/Src/mpu6050sensor.c ****     uint8_t readResult = 0;
  38              		.loc 1 8 5 view .LVU1
  39              		.loc 1 8 13 is_stmt 0 view .LVU2
  40 0004 0023     		movs	r3, #0
  41 0006 8DF81730 		strb	r3, [sp, #23]
   9:./Application/Src/mpu6050sensor.c ****     // read device's who am i register
  10:./Application/Src/mpu6050sensor.c ****     HAL_I2C_Mem_Read(&hi2c2, MPU6050_SLAVE_ADDRESS, MPU6050_WHO_AM_I, I2C_MEMADD_SIZE_8BIT, &readRe
  42              		.loc 1 10 5 is_stmt 1 view .LVU3
  43 000a 6423     		movs	r3, #100
  44 000c 0293     		str	r3, [sp, #8]
  45 000e 0123     		movs	r3, #1
  46 0010 0193     		str	r3, [sp, #4]
  47 0012 0DF11702 		add	r2, sp, #23
  48 0016 0092     		str	r2, [sp]
ARM GAS  C:\Users\Xuleo\AppData\Local\Temp\ccG0O6Fh.s 			page 2


  49 0018 7522     		movs	r2, #117
  50 001a D021     		movs	r1, #208
  51 001c 0648     		ldr	r0, .L5
  52 001e FFF7FEFF 		bl	HAL_I2C_Mem_Read
  53              	.LVL0:
  11:./Application/Src/mpu6050sensor.c ****     if (readResult != 0x68){
  54              		.loc 1 11 5 view .LVU4
  55              		.loc 1 11 20 is_stmt 0 view .LVU5
  56 0022 9DF81730 		ldrb	r3, [sp, #23]	@ zero_extendqisi2
  57              		.loc 1 11 8 view .LVU6
  58 0026 682B     		cmp	r3, #104
  59 0028 03D0     		beq	.L3
  12:./Application/Src/mpu6050sensor.c ****         return 1;
  60              		.loc 1 12 16 view .LVU7
  61 002a 0120     		movs	r0, #1
  62              	.L1:
  13:./Application/Src/mpu6050sensor.c ****     } else {
  14:./Application/Src/mpu6050sensor.c ****         return 0;
  15:./Application/Src/mpu6050sensor.c ****     }
  16:./Application/Src/mpu6050sensor.c **** }
  63              		.loc 1 16 1 view .LVU8
  64 002c 07B0     		add	sp, sp, #28
  65              	.LCFI2:
  66              		.cfi_remember_state
  67              		.cfi_def_cfa_offset 4
  68              		@ sp needed
  69 002e 5DF804FB 		ldr	pc, [sp], #4
  70              	.L3:
  71              	.LCFI3:
  72              		.cfi_restore_state
  14:./Application/Src/mpu6050sensor.c ****     }
  73              		.loc 1 14 16 view .LVU9
  74 0032 0020     		movs	r0, #0
  75 0034 FAE7     		b	.L1
  76              	.L6:
  77 0036 00BF     		.align	2
  78              	.L5:
  79 0038 00000000 		.word	hi2c2
  80              		.cfi_endproc
  81              	.LFE65:
  83              		.section	.text.mpu6050Init,"ax",%progbits
  84              		.align	1
  85              		.global	mpu6050Init
  86              		.syntax unified
  87              		.thumb
  88              		.thumb_func
  90              	mpu6050Init:
  91              	.LFB66:
  17:./Application/Src/mpu6050sensor.c **** 
  18:./Application/Src/mpu6050sensor.c **** void mpu6050Init(){
  92              		.loc 1 18 19 is_stmt 1 view -0
  93              		.cfi_startproc
  94              		@ args = 0, pretend = 0, frame = 8
  95              		@ frame_needed = 0, uses_anonymous_args = 0
  96 0000 F0B5     		push	{r4, r5, r6, r7, lr}
  97              	.LCFI4:
  98              		.cfi_def_cfa_offset 20
ARM GAS  C:\Users\Xuleo\AppData\Local\Temp\ccG0O6Fh.s 			page 3


  99              		.cfi_offset 4, -20
 100              		.cfi_offset 5, -16
 101              		.cfi_offset 6, -12
 102              		.cfi_offset 7, -8
 103              		.cfi_offset 14, -4
 104 0002 87B0     		sub	sp, sp, #28
 105              	.LCFI5:
 106              		.cfi_def_cfa_offset 48
  19:./Application/Src/mpu6050sensor.c ****     HAL_Delay(100); // wait for power
 107              		.loc 1 19 5 view .LVU11
 108 0004 6420     		movs	r0, #100
 109 0006 FFF7FEFF 		bl	HAL_Delay
 110              	.LVL1:
  20:./Application/Src/mpu6050sensor.c ****     uint8_t data;
 111              		.loc 1 20 5 view .LVU12
  21:./Application/Src/mpu6050sensor.c ****     // wake up 
  22:./Application/Src/mpu6050sensor.c ****     data = 0x00;
 112              		.loc 1 22 5 view .LVU13
 113              		.loc 1 22 10 is_stmt 0 view .LVU14
 114 000a 0023     		movs	r3, #0
 115 000c 8DF81730 		strb	r3, [sp, #23]
  23:./Application/Src/mpu6050sensor.c ****     HAL_I2C_Mem_Write(&hi2c2, MPU6050_SLAVE_ADDRESS, 0x6B, I2C_MEMADD_SIZE_8BIT, &data, 1, 100);
 116              		.loc 1 23 5 is_stmt 1 view .LVU15
 117 0010 1F4D     		ldr	r5, .L9
 118 0012 6427     		movs	r7, #100
 119 0014 0297     		str	r7, [sp, #8]
 120 0016 0124     		movs	r4, #1
 121 0018 0194     		str	r4, [sp, #4]
 122 001a 0DF11706 		add	r6, sp, #23
 123 001e 0096     		str	r6, [sp]
 124 0020 2346     		mov	r3, r4
 125 0022 6B22     		movs	r2, #107
 126 0024 D021     		movs	r1, #208
 127 0026 2846     		mov	r0, r5
 128 0028 FFF7FEFF 		bl	HAL_I2C_Mem_Write
 129              	.LVL2:
  24:./Application/Src/mpu6050sensor.c ****     // sample rate divider
  25:./Application/Src/mpu6050sensor.c ****     data = 0x07;
 130              		.loc 1 25 5 view .LVU16
 131              		.loc 1 25 10 is_stmt 0 view .LVU17
 132 002c 0723     		movs	r3, #7
 133 002e 8DF81730 		strb	r3, [sp, #23]
  26:./Application/Src/mpu6050sensor.c ****     HAL_I2C_Mem_Write(&hi2c2, MPU6050_SLAVE_ADDRESS, 0x19, I2C_MEMADD_SIZE_8BIT, &data, 1, 100);
 134              		.loc 1 26 5 is_stmt 1 view .LVU18
 135 0032 0297     		str	r7, [sp, #8]
 136 0034 0194     		str	r4, [sp, #4]
 137 0036 0096     		str	r6, [sp]
 138 0038 2346     		mov	r3, r4
 139 003a 1922     		movs	r2, #25
 140 003c D021     		movs	r1, #208
 141 003e 2846     		mov	r0, r5
 142 0040 FFF7FEFF 		bl	HAL_I2C_Mem_Write
 143              	.LVL3:
  27:./Application/Src/mpu6050sensor.c ****     // DLPF config
  28:./Application/Src/mpu6050sensor.c ****     data = 0x06;
 144              		.loc 1 28 5 view .LVU19
 145              		.loc 1 28 10 is_stmt 0 view .LVU20
ARM GAS  C:\Users\Xuleo\AppData\Local\Temp\ccG0O6Fh.s 			page 4


 146 0044 0623     		movs	r3, #6
 147 0046 8DF81730 		strb	r3, [sp, #23]
  29:./Application/Src/mpu6050sensor.c ****     HAL_I2C_Mem_Write(&hi2c2, MPU6050_SLAVE_ADDRESS, 0x1A, I2C_MEMADD_SIZE_8BIT, &data, 1, 100);
 148              		.loc 1 29 5 is_stmt 1 view .LVU21
 149 004a 0297     		str	r7, [sp, #8]
 150 004c 0194     		str	r4, [sp, #4]
 151 004e 0096     		str	r6, [sp]
 152 0050 2346     		mov	r3, r4
 153 0052 1A22     		movs	r2, #26
 154 0054 D021     		movs	r1, #208
 155 0056 2846     		mov	r0, r5
 156 0058 FFF7FEFF 		bl	HAL_I2C_Mem_Write
 157              	.LVL4:
  30:./Application/Src/mpu6050sensor.c ****     // gyro config
  31:./Application/Src/mpu6050sensor.c ****     data = 0x08;
 158              		.loc 1 31 5 view .LVU22
 159              		.loc 1 31 10 is_stmt 0 view .LVU23
 160 005c 0823     		movs	r3, #8
 161 005e 8DF81730 		strb	r3, [sp, #23]
  32:./Application/Src/mpu6050sensor.c ****     HAL_I2C_Mem_Write(&hi2c2, MPU6050_SLAVE_ADDRESS, 0x1B, I2C_MEMADD_SIZE_8BIT, &data, 1, 100);
 162              		.loc 1 32 5 is_stmt 1 view .LVU24
 163 0062 0297     		str	r7, [sp, #8]
 164 0064 0194     		str	r4, [sp, #4]
 165 0066 0096     		str	r6, [sp]
 166 0068 2346     		mov	r3, r4
 167 006a 1B22     		movs	r2, #27
 168 006c D021     		movs	r1, #208
 169 006e 2846     		mov	r0, r5
 170 0070 FFF7FEFF 		bl	HAL_I2C_Mem_Write
 171              	.LVL5:
  33:./Application/Src/mpu6050sensor.c ****     // cccel config
  34:./Application/Src/mpu6050sensor.c ****     data = 0x18;
 172              		.loc 1 34 5 view .LVU25
 173              		.loc 1 34 10 is_stmt 0 view .LVU26
 174 0074 1823     		movs	r3, #24
 175 0076 8DF81730 		strb	r3, [sp, #23]
  35:./Application/Src/mpu6050sensor.c ****     HAL_I2C_Mem_Write(&hi2c2, MPU6050_SLAVE_ADDRESS, 0x1C, I2C_MEMADD_SIZE_8BIT, &data, 1, 100);
 176              		.loc 1 35 5 is_stmt 1 view .LVU27
 177 007a 0297     		str	r7, [sp, #8]
 178 007c 0194     		str	r4, [sp, #4]
 179 007e 0096     		str	r6, [sp]
 180 0080 2346     		mov	r3, r4
 181 0082 1C22     		movs	r2, #28
 182 0084 D021     		movs	r1, #208
 183 0086 2846     		mov	r0, r5
 184 0088 FFF7FEFF 		bl	HAL_I2C_Mem_Write
 185              	.LVL6:
  36:./Application/Src/mpu6050sensor.c **** }
 186              		.loc 1 36 1 is_stmt 0 view .LVU28
 187 008c 07B0     		add	sp, sp, #28
 188              	.LCFI6:
 189              		.cfi_def_cfa_offset 20
 190              		@ sp needed
 191 008e F0BD     		pop	{r4, r5, r6, r7, pc}
 192              	.L10:
 193              		.align	2
 194              	.L9:
ARM GAS  C:\Users\Xuleo\AppData\Local\Temp\ccG0O6Fh.s 			page 5


 195 0090 00000000 		.word	hi2c2
 196              		.cfi_endproc
 197              	.LFE66:
 199              		.global	__aeabi_i2f
 200              		.section	.text.readAcc,"ax",%progbits
 201              		.align	1
 202              		.global	readAcc
 203              		.syntax unified
 204              		.thumb
 205              		.thumb_func
 207              	readAcc:
 208              	.LVL7:
 209              	.LFB67:
  37:./Application/Src/mpu6050sensor.c **** 
  38:./Application/Src/mpu6050sensor.c **** void readAcc(int16_t* inputBuffer){
 210              		.loc 1 38 35 is_stmt 1 view -0
 211              		.cfi_startproc
 212              		@ args = 0, pretend = 0, frame = 8
 213              		@ frame_needed = 0, uses_anonymous_args = 0
 214              		.loc 1 38 35 is_stmt 0 view .LVU30
 215 0000 70B5     		push	{r4, r5, r6, lr}
 216              	.LCFI7:
 217              		.cfi_def_cfa_offset 16
 218              		.cfi_offset 4, -16
 219              		.cfi_offset 5, -12
 220              		.cfi_offset 6, -8
 221              		.cfi_offset 14, -4
 222 0002 86B0     		sub	sp, sp, #24
 223              	.LCFI8:
 224              		.cfi_def_cfa_offset 40
 225 0004 0646     		mov	r6, r0
  39:./Application/Src/mpu6050sensor.c ****     uint8_t buffer[6]; // buffer to store the acceleration data
 226              		.loc 1 39 5 is_stmt 1 view .LVU31
  40:./Application/Src/mpu6050sensor.c ****     HAL_I2C_Mem_Read(&hi2c2, MPU6050_SLAVE_ADDRESS, MPU6050_ACC_OUT, I2C_MEMADD_SIZE_8BIT, buffer, 
 227              		.loc 1 40 5 view .LVU32
 228 0006 6423     		movs	r3, #100
 229 0008 0293     		str	r3, [sp, #8]
 230 000a 0623     		movs	r3, #6
 231 000c 0193     		str	r3, [sp, #4]
 232 000e 04AB     		add	r3, sp, #16
 233 0010 0093     		str	r3, [sp]
 234 0012 0123     		movs	r3, #1
 235 0014 3B22     		movs	r2, #59
 236 0016 D021     		movs	r1, #208
 237 0018 1448     		ldr	r0, .L13
 238              	.LVL8:
 239              		.loc 1 40 5 is_stmt 0 view .LVU33
 240 001a FFF7FEFF 		bl	HAL_I2C_Mem_Read
 241              	.LVL9:
  41:./Application/Src/mpu6050sensor.c ****     
  42:./Application/Src/mpu6050sensor.c ****     int16_t accelX = (buffer[0] << 8) | buffer[1];
 242              		.loc 1 42 5 is_stmt 1 view .LVU34
 243              		.loc 1 42 29 is_stmt 0 view .LVU35
 244 001e 9DF81000 		ldrb	r0, [sp, #16]	@ zero_extendqisi2
 245              		.loc 1 42 39 view .LVU36
 246 0022 0002     		lsls	r0, r0, #8
 247 0024 03B2     		sxth	r3, r0
ARM GAS  C:\Users\Xuleo\AppData\Local\Temp\ccG0O6Fh.s 			page 6


 248              		.loc 1 42 47 view .LVU37
 249 0026 9DF81120 		ldrb	r2, [sp, #17]	@ zero_extendqisi2
 250              		.loc 1 42 13 view .LVU38
 251 002a 43EA0200 		orr	r0, r3, r2
 252              	.LVL10:
  43:./Application/Src/mpu6050sensor.c ****     int16_t accelY = (buffer[2] << 8) | buffer[3];
 253              		.loc 1 43 5 is_stmt 1 view .LVU39
 254              		.loc 1 43 29 is_stmt 0 view .LVU40
 255 002e 9DF81250 		ldrb	r5, [sp, #18]	@ zero_extendqisi2
 256              		.loc 1 43 39 view .LVU41
 257 0032 2D02     		lsls	r5, r5, #8
 258 0034 2DB2     		sxth	r5, r5
 259              		.loc 1 43 47 view .LVU42
 260 0036 9DF81330 		ldrb	r3, [sp, #19]	@ zero_extendqisi2
 261              		.loc 1 43 13 view .LVU43
 262 003a 1D43     		orrs	r5, r5, r3
 263              	.LVL11:
  44:./Application/Src/mpu6050sensor.c ****     int16_t accelZ = (buffer[4] << 8) | buffer[5];
 264              		.loc 1 44 5 is_stmt 1 view .LVU44
 265              		.loc 1 44 29 is_stmt 0 view .LVU45
 266 003c 9DF81440 		ldrb	r4, [sp, #20]	@ zero_extendqisi2
 267              		.loc 1 44 39 view .LVU46
 268 0040 2402     		lsls	r4, r4, #8
 269 0042 24B2     		sxth	r4, r4
 270              		.loc 1 44 47 view .LVU47
 271 0044 9DF81530 		ldrb	r3, [sp, #21]	@ zero_extendqisi2
 272              		.loc 1 44 13 view .LVU48
 273 0048 1C43     		orrs	r4, r4, r3
 274              	.LVL12:
  45:./Application/Src/mpu6050sensor.c ****     inputBuffer[0] = accelX;
 275              		.loc 1 45 5 is_stmt 1 view .LVU49
 276              		.loc 1 45 20 is_stmt 0 view .LVU50
 277 004a 3080     		strh	r0, [r6]	@ movhi
  46:./Application/Src/mpu6050sensor.c ****     inputBuffer[1] = accelY;
 278              		.loc 1 46 5 is_stmt 1 view .LVU51
 279              		.loc 1 46 20 is_stmt 0 view .LVU52
 280 004c 7580     		strh	r5, [r6, #2]	@ movhi
  47:./Application/Src/mpu6050sensor.c ****     inputBuffer[2] = accelZ;
 281              		.loc 1 47 5 is_stmt 1 view .LVU53
 282              		.loc 1 47 20 is_stmt 0 view .LVU54
 283 004e B480     		strh	r4, [r6, #4]	@ movhi
  48:./Application/Src/mpu6050sensor.c ****     accData[0] = accelX;
 284              		.loc 1 48 5 is_stmt 1 view .LVU55
 285              		.loc 1 48 16 is_stmt 0 view .LVU56
 286 0050 074E     		ldr	r6, .L13+4
 287              	.LVL13:
 288              		.loc 1 48 16 view .LVU57
 289 0052 FFF7FEFF 		bl	__aeabi_i2f
 290              	.LVL14:
 291              		.loc 1 48 16 view .LVU58
 292 0056 3060     		str	r0, [r6]	@ float
  49:./Application/Src/mpu6050sensor.c ****     accData[1] = accelY;
 293              		.loc 1 49 5 is_stmt 1 view .LVU59
 294              		.loc 1 49 16 is_stmt 0 view .LVU60
 295 0058 2846     		mov	r0, r5
 296 005a FFF7FEFF 		bl	__aeabi_i2f
 297              	.LVL15:
ARM GAS  C:\Users\Xuleo\AppData\Local\Temp\ccG0O6Fh.s 			page 7


 298 005e 7060     		str	r0, [r6, #4]	@ float
  50:./Application/Src/mpu6050sensor.c ****     accData[2] = accelZ; 
 299              		.loc 1 50 5 is_stmt 1 view .LVU61
 300              		.loc 1 50 16 is_stmt 0 view .LVU62
 301 0060 2046     		mov	r0, r4
 302 0062 FFF7FEFF 		bl	__aeabi_i2f
 303              	.LVL16:
 304 0066 B060     		str	r0, [r6, #8]	@ float
  51:./Application/Src/mpu6050sensor.c **** }...
 305              		.loc 1 51 1 view .LVU63
 306 0068 06B0     		add	sp, sp, #24
 307              	.LCFI9:
 308              		.cfi_def_cfa_offset 16
 309              		@ sp needed
 310 006a 70BD     		pop	{r4, r5, r6, pc}
 311              	.LVL17:
 312              	.L14:
 313              		.loc 1 51 1 view .LVU64
 314              		.align	2
 315              	.L13:
 316 006c 00000000 		.word	hi2c2
 317 0070 00000000 		.word	accData
 318              		.cfi_endproc
 319              	.LFE67:
 321              		.global	accData
 322              		.section	.bss.accData,"aw",%nobits
 323              		.align	2
 326              	accData:
 327 0000 00000000 		.space	12
 327      00000000 
 327      00000000 
 328              		.text
 329              	.Letext0:
 330              		.file 2 "C:\\ST\\STM32CubeCLT_1.19.0\\GNU-tools-for-STM32\\bin/../lib/gcc/arm-none-eabi/13.3.1/../
 331              		.file 3 "C:\\ST\\STM32CubeCLT_1.19.0\\GNU-tools-for-STM32\\bin/../lib/gcc/arm-none-eabi/13.3.1/../
 332              		.file 4 "Drivers/CMSIS/Device/ST/STM32F1xx/Include/stm32f103xb.h"
 333              		.file 5 "Drivers/STM32F1xx_HAL_Driver/Inc/stm32f1xx_hal_def.h"
 334              		.file 6 "Drivers/STM32F1xx_HAL_Driver/Inc/stm32f1xx_hal_dma.h"
 335              		.file 7 "Drivers/STM32F1xx_HAL_Driver/Inc/stm32f1xx_hal_i2c.h"
 336              		.file 8 "Application/Inc/mpu6050sensor.h"
 337              		.file 9 "Core/Inc/i2c.h"
 338              		.file 10 "Drivers/STM32F1xx_HAL_Driver/Inc/stm32f1xx_hal.h"
ARM GAS  C:\Users\Xuleo\AppData\Local\Temp\ccG0O6Fh.s 			page 8


DEFINED SYMBOLS
                            *ABS*:00000000 mpu6050sensor.c
C:\Users\Xuleo\AppData\Local\Temp\ccG0O6Fh.s:19     .text.checkExist:00000000 $t
C:\Users\Xuleo\AppData\Local\Temp\ccG0O6Fh.s:25     .text.checkExist:00000000 checkExist
C:\Users\Xuleo\AppData\Local\Temp\ccG0O6Fh.s:79     .text.checkExist:00000038 $d
C:\Users\Xuleo\AppData\Local\Temp\ccG0O6Fh.s:84     .text.mpu6050Init:00000000 $t
C:\Users\Xuleo\AppData\Local\Temp\ccG0O6Fh.s:90     .text.mpu6050Init:00000000 mpu6050Init
C:\Users\Xuleo\AppData\Local\Temp\ccG0O6Fh.s:195    .text.mpu6050Init:00000090 $d
C:\Users\Xuleo\AppData\Local\Temp\ccG0O6Fh.s:201    .text.readAcc:00000000 $t
C:\Users\Xuleo\AppData\Local\Temp\ccG0O6Fh.s:207    .text.readAcc:00000000 readAcc
C:\Users\Xuleo\AppData\Local\Temp\ccG0O6Fh.s:316    .text.readAcc:0000006c $d
C:\Users\Xuleo\AppData\Local\Temp\ccG0O6Fh.s:326    .bss.accData:00000000 accData
C:\Users\Xuleo\AppData\Local\Temp\ccG0O6Fh.s:323    .bss.accData:00000000 $d

UNDEFINED SYMBOLS
HAL_I2C_Mem_Read
hi2c2
HAL_Delay
HAL_I2C_Mem_Write
__aeabi_i2f
