ARM GAS  C:\Users\admin\AppData\Local\Temp\ccdvLbey.s 			page 1


   1              		.cpu cortex-m33
   2              		.arch armv8-m.main
   3              		.fpu fpv5-sp-d16
   4              		.arch_extension dsp
   5              		.eabi_attribute 27, 1
   6              		.eabi_attribute 28, 1
   7              		.eabi_attribute 20, 1
   8              		.eabi_attribute 21, 1
   9              		.eabi_attribute 23, 3
  10              		.eabi_attribute 24, 1
  11              		.eabi_attribute 25, 1
  12              		.eabi_attribute 26, 1
  13              		.eabi_attribute 30, 1
  14              		.eabi_attribute 34, 1
  15              		.eabi_attribute 18, 4
  16              		.file	"sd.c"
  17              		.text
  18              	.Ltext0:
  19              		.cfi_sections	.debug_frame
  20              		.file 1 "./Application/Src/sd.c"
  21              		.section	.rodata.sd_list_txt_files.str1.4,"aMS",%progbits,1
  22              		.align	2
  23              	.LC0:
  24 0000 2F00     		.ascii	"/\000"
  25 0002 0000     		.align	2
  26              	.LC1:
  27 0004 2E747874 		.ascii	".txt\000"
  27      00
  28 0009 000000   		.align	2
  29              	.LC2:
  30 000c 2E545854 		.ascii	".TXT\000"
  30      00
  31              		.section	.text.sd_list_txt_files,"ax",%progbits
  32              		.align	1
  33              		.global	sd_list_txt_files
  34              		.syntax unified
  35              		.thumb
  36              		.thumb_func
  38              	sd_list_txt_files:
  39              	.LFB359:
   1:./Application/Src/sd.c **** #include <sd.h>
   2:./Application/Src/sd.c **** 
   3:./Application/Src/sd.c **** static char sd_buf[128];
   4:./Application/Src/sd.c **** static char sd_msg[280];
   5:./Application/Src/sd.c **** 
   6:./Application/Src/sd.c **** sd_file_info_t fileList[SD_MAX_FILES];
   7:./Application/Src/sd.c **** int fileCount = 0;
   8:./Application/Src/sd.c **** 
   9:./Application/Src/sd.c **** void sd_list_txt_files(void) {
  40              		.loc 1 9 30 view -0
  41              		.cfi_startproc
  42              		@ args = 0, pretend = 0, frame = 72
  43              		@ frame_needed = 0, uses_anonymous_args = 0
  44 0000 70B5     		push	{r4, r5, r6, lr}
  45              	.LCFI0:
  46              		.cfi_def_cfa_offset 16
  47              		.cfi_offset 4, -16
ARM GAS  C:\Users\admin\AppData\Local\Temp\ccdvLbey.s 			page 2


  48              		.cfi_offset 5, -12
  49              		.cfi_offset 6, -8
  50              		.cfi_offset 14, -4
  51 0002 92B0     		sub	sp, sp, #72
  52              	.LCFI1:
  53              		.cfi_def_cfa_offset 88
  10:./Application/Src/sd.c ****     DIR dir;
  54              		.loc 1 10 5 view .LVU1
  11:./Application/Src/sd.c ****     FILINFO fno;
  55              		.loc 1 11 5 view .LVU2
  12:./Application/Src/sd.c ****     FRESULT res;
  56              		.loc 1 12 5 view .LVU3
  13:./Application/Src/sd.c **** 
  14:./Application/Src/sd.c ****     fileCount = 0;
  57              		.loc 1 14 5 view .LVU4
  58              		.loc 1 14 15 is_stmt 0 view .LVU5
  59 0004 224B     		ldr	r3, .L9
  60 0006 0022     		movs	r2, #0
  61 0008 1A60     		str	r2, [r3]
  15:./Application/Src/sd.c ****     res = f_opendir(&dir, "/");
  62              		.loc 1 15 5 is_stmt 1 view .LVU6
  63              		.loc 1 15 11 is_stmt 0 view .LVU7
  64 000a 2249     		ldr	r1, .L9+4
  65 000c 07A8     		add	r0, sp, #28
  66 000e FFF7FEFF 		bl	f_opendir
  67              	.LVL0:
  16:./Application/Src/sd.c ****     if (res != FR_OK) return;
  68              		.loc 1 16 5 is_stmt 1 view .LVU8
  69              		.loc 1 16 8 is_stmt 0 view .LVU9
  70 0012 98B1     		cbz	r0, .L2
  71 0014 3AE0     		b	.L1
  72              	.LVL1:
  73              	.L6:
  74              	.LBB2:
  17:./Application/Src/sd.c **** 
  18:./Application/Src/sd.c ****     while (fileCount < SD_MAX_FILES) {
  19:./Application/Src/sd.c ****         res = f_readdir(&dir, &fno);
  20:./Application/Src/sd.c ****         if (res != FR_OK || fno.fname[0] == 0) break;
  21:./Application/Src/sd.c ****         if (fno.fattrib & AM_DIR) continue;
  22:./Application/Src/sd.c **** 
  23:./Application/Src/sd.c ****         /* Check for .txt extension */
  24:./Application/Src/sd.c ****         const char *dot = strrchr(fno.fname, '.');
  25:./Application/Src/sd.c ****         if (dot && (strcmp(dot, ".txt") == 0 || strcmp(dot, ".TXT") == 0)) {
  26:./Application/Src/sd.c ****             strncpy(fileList[fileCount].name, fno.fname, 12);
  75              		.loc 1 26 13 is_stmt 1 view .LVU10
  76              		.loc 1 26 40 is_stmt 0 view .LVU11
  77 0016 1E4E     		ldr	r6, .L9
  78 0018 3468     		ldr	r4, [r6]
  79              	.LVL2:
  80              		.loc 1 26 40 view .LVU12
  81 001a 04EB8403 		add	r3, r4, r4, lsl #2
  82 001e 1E4D     		ldr	r5, .L9+8
  83 0020 05EB8305 		add	r5, r5, r3, lsl #2
  84              		.loc 1 26 13 view .LVU13
  85 0024 0C22     		movs	r2, #12
  86 0026 0DF10D01 		add	r1, sp, #13
  87 002a 2846     		mov	r0, r5
ARM GAS  C:\Users\admin\AppData\Local\Temp\ccdvLbey.s 			page 3


  88 002c FFF7FEFF 		bl	strncpy
  89              	.LVL3:
  27:./Application/Src/sd.c ****             fileList[fileCount].name[12] = '\0';
  90              		.loc 1 27 13 is_stmt 1 view .LVU14
  91              		.loc 1 27 42 is_stmt 0 view .LVU15
  92 0030 0023     		movs	r3, #0
  93 0032 2B73     		strb	r3, [r5, #12]
  28:./Application/Src/sd.c ****             fileList[fileCount].size = fno.fsize;
  94              		.loc 1 28 13 is_stmt 1 view .LVU16
  95              		.loc 1 28 43 is_stmt 0 view .LVU17
  96 0034 019B     		ldr	r3, [sp, #4]
  97              		.loc 1 28 38 view .LVU18
  98 0036 2B61     		str	r3, [r5, #16]
  29:./Application/Src/sd.c ****             fileCount++;
  99              		.loc 1 29 13 is_stmt 1 view .LVU19
 100              		.loc 1 29 22 is_stmt 0 view .LVU20
 101 0038 0134     		adds	r4, r4, #1
 102 003a 3460     		str	r4, [r6]
 103              	.LVL4:
 104              	.L2:
 105              		.loc 1 29 22 view .LVU21
 106              	.LBE2:
  18:./Application/Src/sd.c ****         res = f_readdir(&dir, &fno);
 107              		.loc 1 18 22 is_stmt 1 view .LVU22
 108 003c 144B     		ldr	r3, .L9
 109 003e 1B68     		ldr	r3, [r3]
 110 0040 1F2B     		cmp	r3, #31
 111 0042 20DC     		bgt	.L4
 112              	.LBB3:
  19:./Application/Src/sd.c ****         if (res != FR_OK || fno.fname[0] == 0) break;
 113              		.loc 1 19 9 view .LVU23
  19:./Application/Src/sd.c ****         if (res != FR_OK || fno.fname[0] == 0) break;
 114              		.loc 1 19 15 is_stmt 0 view .LVU24
 115 0044 01A9     		add	r1, sp, #4
 116 0046 07A8     		add	r0, sp, #28
 117 0048 FFF7FEFF 		bl	f_readdir
 118              	.LVL5:
  20:./Application/Src/sd.c ****         if (fno.fattrib & AM_DIR) continue;
 119              		.loc 1 20 9 is_stmt 1 view .LVU25
  20:./Application/Src/sd.c ****         if (fno.fattrib & AM_DIR) continue;
 120              		.loc 1 20 12 is_stmt 0 view .LVU26
 121 004c D8B9     		cbnz	r0, .L4
  20:./Application/Src/sd.c ****         if (fno.fattrib & AM_DIR) continue;
 122              		.loc 1 20 38 discriminator 1 view .LVU27
 123 004e 9DF80D30 		ldrb	r3, [sp, #13]	@ zero_extendqisi2
  20:./Application/Src/sd.c ****         if (fno.fattrib & AM_DIR) continue;
 124              		.loc 1 20 26 discriminator 1 view .LVU28
 125 0052 C3B1     		cbz	r3, .L4
  21:./Application/Src/sd.c **** 
 126              		.loc 1 21 9 is_stmt 1 view .LVU29
  21:./Application/Src/sd.c **** 
 127              		.loc 1 21 16 is_stmt 0 view .LVU30
 128 0054 9DF80C30 		ldrb	r3, [sp, #12]	@ zero_extendqisi2
  21:./Application/Src/sd.c **** 
 129              		.loc 1 21 12 view .LVU31
 130 0058 13F0100F 		tst	r3, #16
 131 005c EED1     		bne	.L2
ARM GAS  C:\Users\admin\AppData\Local\Temp\ccdvLbey.s 			page 4


  24:./Application/Src/sd.c ****         if (dot && (strcmp(dot, ".txt") == 0 || strcmp(dot, ".TXT") == 0)) {
 132              		.loc 1 24 9 is_stmt 1 view .LVU32
  24:./Application/Src/sd.c ****         if (dot && (strcmp(dot, ".txt") == 0 || strcmp(dot, ".TXT") == 0)) {
 133              		.loc 1 24 27 is_stmt 0 view .LVU33
 134 005e 2E21     		movs	r1, #46
 135 0060 0DF10D00 		add	r0, sp, #13
 136              	.LVL6:
  24:./Application/Src/sd.c ****         if (dot && (strcmp(dot, ".txt") == 0 || strcmp(dot, ".TXT") == 0)) {
 137              		.loc 1 24 27 view .LVU34
 138 0064 FFF7FEFF 		bl	strrchr
 139              	.LVL7:
  25:./Application/Src/sd.c ****             strncpy(fileList[fileCount].name, fno.fname, 12);
 140              		.loc 1 25 9 is_stmt 1 view .LVU35
  25:./Application/Src/sd.c ****             strncpy(fileList[fileCount].name, fno.fname, 12);
 141              		.loc 1 25 12 is_stmt 0 view .LVU36
 142 0068 0446     		mov	r4, r0
 143 006a 0028     		cmp	r0, #0
 144 006c E6D0     		beq	.L2
  25:./Application/Src/sd.c ****             strncpy(fileList[fileCount].name, fno.fname, 12);
 145              		.loc 1 25 21 discriminator 1 view .LVU37
 146 006e 0B49     		ldr	r1, .L9+12
 147 0070 FFF7FEFF 		bl	strcmp
 148              	.LVL8:
  25:./Application/Src/sd.c ****             strncpy(fileList[fileCount].name, fno.fname, 12);
 149              		.loc 1 25 17 discriminator 2 view .LVU38
 150 0074 0028     		cmp	r0, #0
 151 0076 CED0     		beq	.L6
  25:./Application/Src/sd.c ****             strncpy(fileList[fileCount].name, fno.fname, 12);
 152              		.loc 1 25 49 discriminator 3 view .LVU39
 153 0078 0949     		ldr	r1, .L9+16
 154 007a 2046     		mov	r0, r4
 155 007c FFF7FEFF 		bl	strcmp
 156              	.LVL9:
  25:./Application/Src/sd.c ****             strncpy(fileList[fileCount].name, fno.fname, 12);
 157              		.loc 1 25 46 discriminator 4 view .LVU40
 158 0080 0028     		cmp	r0, #0
 159 0082 DBD1     		bne	.L2
 160 0084 C7E7     		b	.L6
 161              	.LVL10:
 162              	.L4:
  25:./Application/Src/sd.c ****             strncpy(fileList[fileCount].name, fno.fname, 12);
 163              		.loc 1 25 46 discriminator 4 view .LVU41
 164              	.LBE3:
  30:./Application/Src/sd.c ****         }
  31:./Application/Src/sd.c ****     }
  32:./Application/Src/sd.c ****     f_closedir(&dir);
 165              		.loc 1 32 5 is_stmt 1 view .LVU42
 166 0086 07A8     		add	r0, sp, #28
 167 0088 FFF7FEFF 		bl	f_closedir
 168              	.LVL11:
 169              	.L1:
  33:./Application/Src/sd.c **** }
 170              		.loc 1 33 1 is_stmt 0 view .LVU43
 171 008c 12B0     		add	sp, sp, #72
 172              	.LCFI2:
 173              		.cfi_def_cfa_offset 16
 174              		@ sp needed
ARM GAS  C:\Users\admin\AppData\Local\Temp\ccdvLbey.s 			page 5


 175 008e 70BD     		pop	{r4, r5, r6, pc}
 176              	.L10:
 177              		.align	2
 178              	.L9:
 179 0090 00000000 		.word	fileCount
 180 0094 00000000 		.word	.LC0
 181 0098 00000000 		.word	fileList
 182 009c 04000000 		.word	.LC1
 183 00a0 0C000000 		.word	.LC2
 184              		.cfi_endproc
 185              	.LFE359:
 187              		.section	.rodata.sd_list_files.str1.4,"aMS",%progbits,1
 188              		.align	2
 189              	.LC3:
 190 0000 6F70656E 		.ascii	"opendir failed: %d\000"
 190      64697220 
 190      6661696C 
 190      65643A20 
 190      256400
 191 0013 00       		.align	2
 192              	.LC4:
 193 0014 3D3D3D20 		.ascii	"=== Files on SD ===\000"
 193      46696C65 
 193      73206F6E 
 193      20534420 
 193      3D3D3D00 
 194              		.align	2
 195              	.LC5:
 196 0028 25732020 		.ascii	"%s  %lu bytes\012\000"
 196      256C7520 
 196      62797465 
 196      730A00
 197              		.section	.text.sd_list_files,"ax",%progbits
 198              		.align	1
 199              		.global	sd_list_files
 200              		.syntax unified
 201              		.thumb
 202              		.thumb_func
 204              	sd_list_files:
 205              	.LFB360:
  34:./Application/Src/sd.c **** 
  35:./Application/Src/sd.c **** void sd_list_files(void) {
 206              		.loc 1 35 26 is_stmt 1 view -0
 207              		.cfi_startproc
 208              		@ args = 0, pretend = 0, frame = 72
 209              		@ frame_needed = 0, uses_anonymous_args = 0
 210 0000 10B5     		push	{r4, lr}
 211              	.LCFI3:
 212              		.cfi_def_cfa_offset 8
 213              		.cfi_offset 4, -8
 214              		.cfi_offset 14, -4
 215 0002 94B0     		sub	sp, sp, #80
 216              	.LCFI4:
 217              		.cfi_def_cfa_offset 88
  36:./Application/Src/sd.c ****     DIR dir;
 218              		.loc 1 36 5 view .LVU45
  37:./Application/Src/sd.c ****     FILINFO fno;
ARM GAS  C:\Users\admin\AppData\Local\Temp\ccdvLbey.s 			page 6


 219              		.loc 1 37 5 view .LVU46
  38:./Application/Src/sd.c ****     FRESULT res;
 220              		.loc 1 38 5 view .LVU47
  39:./Application/Src/sd.c **** 
  40:./Application/Src/sd.c ****     res = f_opendir(&dir, "/");
 221              		.loc 1 40 5 view .LVU48
 222              		.loc 1 40 11 is_stmt 0 view .LVU49
 223 0004 1949     		ldr	r1, .L18
 224 0006 09A8     		add	r0, sp, #36
 225 0008 FFF7FEFF 		bl	f_opendir
 226              	.LVL12:
  41:./Application/Src/sd.c ****     if (res != FR_OK) {
 227              		.loc 1 41 5 is_stmt 1 view .LVU50
 228              		.loc 1 41 8 is_stmt 0 view .LVU51
 229 000c E0B9     		cbnz	r0, .L17
  42:./Application/Src/sd.c ****         snprintf(sd_msg, sizeof(sd_msg), "opendir failed: %d", res);
  43:./Application/Src/sd.c ****         hc04_send_string((uint8_t*)sd_msg);
  44:./Application/Src/sd.c ****         return;
  45:./Application/Src/sd.c ****     }
  46:./Application/Src/sd.c **** 
  47:./Application/Src/sd.c ****     hc04_send_string((uint8_t*)"=== Files on SD ===");
 230              		.loc 1 47 5 is_stmt 1 view .LVU52
 231 000e 1848     		ldr	r0, .L18+4
 232              	.LVL13:
 233              		.loc 1 47 5 is_stmt 0 view .LVU53
 234 0010 FFF7FEFF 		bl	hc04_send_string
 235              	.LVL14:
 236              	.L15:
  48:./Application/Src/sd.c ****     while (1) {
 237              		.loc 1 48 5 is_stmt 1 view .LVU54
  49:./Application/Src/sd.c ****         res = f_readdir(&dir, &fno);
 238              		.loc 1 49 9 view .LVU55
 239              		.loc 1 49 15 is_stmt 0 view .LVU56
 240 0014 03A9     		add	r1, sp, #12
 241 0016 09A8     		add	r0, sp, #36
 242 0018 FFF7FEFF 		bl	f_readdir
 243              	.LVL15:
  50:./Application/Src/sd.c ****         if (res != FR_OK || fno.fname[0] == 0) break;
 244              		.loc 1 50 9 is_stmt 1 view .LVU57
 245              		.loc 1 50 12 is_stmt 0 view .LVU58
 246 001c 00BB     		cbnz	r0, .L14
 247              		.loc 1 50 38 discriminator 1 view .LVU59
 248 001e 9DF81530 		ldrb	r3, [sp, #21]	@ zero_extendqisi2
 249              		.loc 1 50 26 discriminator 1 view .LVU60
 250 0022 EBB1     		cbz	r3, .L14
  51:./Application/Src/sd.c **** 
  52:./Application/Src/sd.c ****         snprintf(sd_msg, sizeof(sd_msg), "%s  %lu bytes\n",
 251              		.loc 1 52 9 is_stmt 1 view .LVU61
 252 0024 134C     		ldr	r4, .L18+8
 253 0026 039B     		ldr	r3, [sp, #12]
 254 0028 0093     		str	r3, [sp]
 255 002a 0DF11503 		add	r3, sp, #21
 256 002e 124A     		ldr	r2, .L18+12
 257 0030 4FF48C71 		mov	r1, #280
 258 0034 2046     		mov	r0, r4
 259              	.LVL16:
 260              		.loc 1 52 9 is_stmt 0 view .LVU62
ARM GAS  C:\Users\admin\AppData\Local\Temp\ccdvLbey.s 			page 7


 261 0036 FFF7FEFF 		bl	snprintf
 262              	.LVL17:
  53:./Application/Src/sd.c ****                  fno.fname, fno.fsize);
  54:./Application/Src/sd.c ****         hc04_send_string((uint8_t*)sd_msg);
 263              		.loc 1 54 9 is_stmt 1 view .LVU63
 264 003a 2046     		mov	r0, r4
 265 003c FFF7FEFF 		bl	hc04_send_string
 266              	.LVL18:
  55:./Application/Src/sd.c ****         HAL_Delay(50);
 267              		.loc 1 55 9 view .LVU64
 268 0040 3220     		movs	r0, #50
 269 0042 FFF7FEFF 		bl	HAL_Delay
 270              	.LVL19:
  48:./Application/Src/sd.c ****         res = f_readdir(&dir, &fno);
 271              		.loc 1 48 11 view .LVU65
  49:./Application/Src/sd.c ****         if (res != FR_OK || fno.fname[0] == 0) break;
 272              		.loc 1 49 13 is_stmt 0 view .LVU66
 273 0046 E5E7     		b	.L15
 274              	.LVL20:
 275              	.L17:
  49:./Application/Src/sd.c ****         if (res != FR_OK || fno.fname[0] == 0) break;
 276              		.loc 1 49 13 view .LVU67
 277 0048 0346     		mov	r3, r0
  42:./Application/Src/sd.c ****         hc04_send_string((uint8_t*)sd_msg);
 278              		.loc 1 42 9 is_stmt 1 view .LVU68
 279 004a 0A4C     		ldr	r4, .L18+8
 280 004c 0B4A     		ldr	r2, .L18+16
 281 004e 4FF48C71 		mov	r1, #280
 282 0052 2046     		mov	r0, r4
 283              	.LVL21:
  42:./Application/Src/sd.c ****         hc04_send_string((uint8_t*)sd_msg);
 284              		.loc 1 42 9 is_stmt 0 view .LVU69
 285 0054 FFF7FEFF 		bl	snprintf
 286              	.LVL22:
  43:./Application/Src/sd.c ****         return;
 287              		.loc 1 43 9 is_stmt 1 view .LVU70
 288 0058 2046     		mov	r0, r4
 289 005a FFF7FEFF 		bl	hc04_send_string
 290              	.LVL23:
  44:./Application/Src/sd.c ****     }
 291              		.loc 1 44 9 view .LVU71
 292 005e 02E0     		b	.L11
 293              	.LVL24:
 294              	.L14:
  56:./Application/Src/sd.c ****     }
  57:./Application/Src/sd.c ****     f_closedir(&dir);
 295              		.loc 1 57 5 view .LVU72
 296 0060 09A8     		add	r0, sp, #36
 297              	.LVL25:
 298              		.loc 1 57 5 is_stmt 0 view .LVU73
 299 0062 FFF7FEFF 		bl	f_closedir
 300              	.LVL26:
 301              	.L11:
  58:./Application/Src/sd.c **** }
 302              		.loc 1 58 1 view .LVU74
 303 0066 14B0     		add	sp, sp, #80
 304              	.LCFI5:
ARM GAS  C:\Users\admin\AppData\Local\Temp\ccdvLbey.s 			page 8


 305              		.cfi_def_cfa_offset 8
 306              		@ sp needed
 307 0068 10BD     		pop	{r4, pc}
 308              	.L19:
 309 006a 00BF     		.align	2
 310              	.L18:
 311 006c 00000000 		.word	.LC0
 312 0070 14000000 		.word	.LC4
 313 0074 00000000 		.word	sd_msg
 314 0078 28000000 		.word	.LC5
 315 007c 00000000 		.word	.LC3
 316              		.cfi_endproc
 317              	.LFE360:
 319              		.section	.rodata.sd_print_file.str1.4,"aMS",%progbits,1
 320              		.align	2
 321              	.LC6:
 322 0000 6F70656E 		.ascii	"open failed: %d\000"
 322      20666169 
 322      6C65643A 
 322      20256400 
 323              		.align	2
 324              	.LC7:
 325 0010 3D3D3D20 		.ascii	"=== %s ===\012\000"
 325      2573203D 
 325      3D3D0A00 
 326              		.section	.text.sd_print_file,"ax",%progbits
 327              		.align	1
 328              		.global	sd_print_file
 329              		.syntax unified
 330              		.thumb
 331              		.thumb_func
 333              	sd_print_file:
 334              	.LVL27:
 335              	.LFB361:
  59:./Application/Src/sd.c **** 
  60:./Application/Src/sd.c **** void sd_print_file(const char *filename) {
 336              		.loc 1 60 42 is_stmt 1 view -0
 337              		.cfi_startproc
 338              		@ args = 0, pretend = 0, frame = 552
 339              		@ frame_needed = 0, uses_anonymous_args = 0
 340              		.loc 1 60 42 is_stmt 0 view .LVU76
 341 0000 10B5     		push	{r4, lr}
 342              	.LCFI6:
 343              		.cfi_def_cfa_offset 8
 344              		.cfi_offset 4, -8
 345              		.cfi_offset 14, -4
 346 0002 ADF50A7D 		sub	sp, sp, #552
 347              	.LCFI7:
 348              		.cfi_def_cfa_offset 560
 349 0006 0146     		mov	r1, r0
 350 0008 0446     		mov	r4, r0
  61:./Application/Src/sd.c ****     FIL file;
 351              		.loc 1 61 5 is_stmt 1 view .LVU77
  62:./Application/Src/sd.c ****     FRESULT res;
 352              		.loc 1 62 5 view .LVU78
  63:./Application/Src/sd.c **** 
  64:./Application/Src/sd.c ****     res = f_open(&file, filename, FA_READ);
ARM GAS  C:\Users\admin\AppData\Local\Temp\ccdvLbey.s 			page 9


 353              		.loc 1 64 5 view .LVU79
 354              		.loc 1 64 11 is_stmt 0 view .LVU80
 355 000a 0122     		movs	r2, #1
 356 000c 6846     		mov	r0, sp
 357              	.LVL28:
 358              		.loc 1 64 11 view .LVU81
 359 000e FFF7FEFF 		bl	f_open
 360              	.LVL29:
  65:./Application/Src/sd.c ****     if (res != FR_OK) {
 361              		.loc 1 65 5 is_stmt 1 view .LVU82
 362              		.loc 1 65 8 is_stmt 0 view .LVU83
 363 0012 50B9     		cbnz	r0, .L26
  66:./Application/Src/sd.c ****         snprintf(sd_msg, sizeof(sd_msg), "open failed: %d", res);
  67:./Application/Src/sd.c ****         hc04_send_string((uint8_t*)sd_msg);
  68:./Application/Src/sd.c ****         return;
  69:./Application/Src/sd.c ****     }
  70:./Application/Src/sd.c **** 
  71:./Application/Src/sd.c ****     snprintf(sd_msg, sizeof(sd_msg), "=== %s ===\n", filename);
 364              		.loc 1 71 5 is_stmt 1 view .LVU84
 365 0014 2346     		mov	r3, r4
 366 0016 144A     		ldr	r2, .L27
 367 0018 4FF48C71 		mov	r1, #280
 368 001c 1348     		ldr	r0, .L27+4
 369              	.LVL30:
 370              		.loc 1 71 5 is_stmt 0 view .LVU85
 371 001e FFF7FEFF 		bl	snprintf
 372              	.LVL31:
  72:./Application/Src/sd.c ****     hc04_send_string((uint8_t*)sd_msg);
 373              		.loc 1 72 5 is_stmt 1 view .LVU86
 374 0022 1248     		ldr	r0, .L27+4
 375 0024 FFF7FEFF 		bl	hc04_send_string
 376              	.LVL32:
  73:./Application/Src/sd.c **** 
  74:./Application/Src/sd.c ****     // read file line by line
  75:./Application/Src/sd.c ****     while (f_gets(sd_buf, sizeof(sd_buf), &file) != NULL) {
 377              		.loc 1 75 5 view .LVU87
 378              		.loc 1 75 11 is_stmt 0 view .LVU88
 379 0028 10E0     		b	.L23
 380              	.LVL33:
 381              	.L26:
 382              		.loc 1 75 11 view .LVU89
 383 002a 0346     		mov	r3, r0
  66:./Application/Src/sd.c ****         hc04_send_string((uint8_t*)sd_msg);
 384              		.loc 1 66 9 is_stmt 1 view .LVU90
 385 002c 104A     		ldr	r2, .L27+8
 386 002e 4FF48C71 		mov	r1, #280
 387 0032 0E48     		ldr	r0, .L27+4
 388              	.LVL34:
  66:./Application/Src/sd.c ****         hc04_send_string((uint8_t*)sd_msg);
 389              		.loc 1 66 9 is_stmt 0 view .LVU91
 390 0034 FFF7FEFF 		bl	snprintf
 391              	.LVL35:
  67:./Application/Src/sd.c ****         return;
 392              		.loc 1 67 9 is_stmt 1 view .LVU92
 393 0038 0C48     		ldr	r0, .L27+4
 394 003a FFF7FEFF 		bl	hc04_send_string
 395              	.LVL36:
ARM GAS  C:\Users\admin\AppData\Local\Temp\ccdvLbey.s 			page 10


  68:./Application/Src/sd.c ****     }
 396              		.loc 1 68 9 view .LVU93
 397 003e 0FE0     		b	.L20
 398              	.L24:
  76:./Application/Src/sd.c ****         hc04_send_string((uint8_t*)sd_buf);
 399              		.loc 1 76 9 view .LVU94
 400 0040 0C48     		ldr	r0, .L27+12
 401 0042 FFF7FEFF 		bl	hc04_send_string
 402              	.LVL37:
  77:./Application/Src/sd.c ****         HAL_Delay(50);
 403              		.loc 1 77 9 view .LVU95
 404 0046 3220     		movs	r0, #50
 405 0048 FFF7FEFF 		bl	HAL_Delay
 406              	.LVL38:
 407              	.L23:
  75:./Application/Src/sd.c ****         hc04_send_string((uint8_t*)sd_buf);
 408              		.loc 1 75 50 view .LVU96
  75:./Application/Src/sd.c ****         hc04_send_string((uint8_t*)sd_buf);
 409              		.loc 1 75 12 is_stmt 0 view .LVU97
 410 004c 6A46     		mov	r2, sp
 411 004e 8021     		movs	r1, #128
 412 0050 0848     		ldr	r0, .L27+12
 413 0052 FFF7FEFF 		bl	f_gets
 414              	.LVL39:
  75:./Application/Src/sd.c ****         hc04_send_string((uint8_t*)sd_buf);
 415              		.loc 1 75 50 discriminator 1 view .LVU98
 416 0056 0028     		cmp	r0, #0
 417 0058 F2D1     		bne	.L24
  78:./Application/Src/sd.c ****     }
  79:./Application/Src/sd.c ****     f_close(&file);
 418              		.loc 1 79 5 is_stmt 1 view .LVU99
 419 005a 6846     		mov	r0, sp
 420 005c FFF7FEFF 		bl	f_close
 421              	.LVL40:
 422              	.L20:
  80:./Application/Src/sd.c **** }
 423              		.loc 1 80 1 is_stmt 0 view .LVU100
 424 0060 0DF50A7D 		add	sp, sp, #552
 425              	.LCFI8:
 426              		.cfi_def_cfa_offset 8
 427              		@ sp needed
 428 0064 10BD     		pop	{r4, pc}
 429              	.LVL41:
 430              	.L28:
 431              		.loc 1 80 1 view .LVU101
 432 0066 00BF     		.align	2
 433              	.L27:
 434 0068 10000000 		.word	.LC7
 435 006c 00000000 		.word	sd_msg
 436 0070 00000000 		.word	.LC6
 437 0074 00000000 		.word	sd_buf
 438              		.cfi_endproc
 439              	.LFE361:
 441              		.section	.rodata.sd_write_file.str1.4,"aMS",%progbits,1
 442              		.align	2
 443              	.LC8:
 444 0000 63726561 		.ascii	"create failed: %d\000"
ARM GAS  C:\Users\admin\AppData\Local\Temp\ccdvLbey.s 			page 11


 444      74652066 
 444      61696C65 
 444      643A2025 
 444      6400
 445 0012 0000     		.align	2
 446              	.LC9:
 447 0014 57726F74 		.ascii	"Wrote %u bytes to %s\000"
 447      65202575 
 447      20627974 
 447      65732074 
 447      6F202573 
 448              		.section	.text.sd_write_file,"ax",%progbits
 449              		.align	1
 450              		.global	sd_write_file
 451              		.syntax unified
 452              		.thumb
 453              		.thumb_func
 455              	sd_write_file:
 456              	.LVL42:
 457              	.LFB362:
  81:./Application/Src/sd.c **** 
  82:./Application/Src/sd.c **** void sd_write_file(const char *filename, const char *text) {
 458              		.loc 1 82 60 is_stmt 1 view -0
 459              		.cfi_startproc
 460              		@ args = 0, pretend = 0, frame = 560
 461              		@ frame_needed = 0, uses_anonymous_args = 0
 462              		.loc 1 82 60 is_stmt 0 view .LVU103
 463 0000 30B5     		push	{r4, r5, lr}
 464              	.LCFI9:
 465              		.cfi_def_cfa_offset 12
 466              		.cfi_offset 4, -12
 467              		.cfi_offset 5, -8
 468              		.cfi_offset 14, -4
 469 0002 ADF50F7D 		sub	sp, sp, #572
 470              	.LCFI10:
 471              		.cfi_def_cfa_offset 584
 472 0006 0546     		mov	r5, r0
 473 0008 0C46     		mov	r4, r1
  83:./Application/Src/sd.c ****     FIL file;
 474              		.loc 1 83 5 is_stmt 1 view .LVU104
  84:./Application/Src/sd.c ****     FRESULT res;
 475              		.loc 1 84 5 view .LVU105
  85:./Application/Src/sd.c ****     UINT bytes_written;
 476              		.loc 1 85 5 view .LVU106
  86:./Application/Src/sd.c **** 
  87:./Application/Src/sd.c ****     res = f_open(&file, filename, FA_WRITE | FA_CREATE_ALWAYS);
 477              		.loc 1 87 5 view .LVU107
 478              		.loc 1 87 11 is_stmt 0 view .LVU108
 479 000a 0A22     		movs	r2, #10
 480 000c 0146     		mov	r1, r0
 481              	.LVL43:
 482              		.loc 1 87 11 view .LVU109
 483 000e 04A8     		add	r0, sp, #16
 484              	.LVL44:
 485              		.loc 1 87 11 view .LVU110
 486 0010 FFF7FEFF 		bl	f_open
 487              	.LVL45:
ARM GAS  C:\Users\admin\AppData\Local\Temp\ccdvLbey.s 			page 12


  88:./Application/Src/sd.c ****     if (res != FR_OK) {
 488              		.loc 1 88 5 is_stmt 1 view .LVU111
 489              		.loc 1 88 8 is_stmt 0 view .LVU112
 490 0014 C8B9     		cbnz	r0, .L33
  89:./Application/Src/sd.c ****         snprintf(sd_msg, sizeof(sd_msg), "create failed: %d", res);
  90:./Application/Src/sd.c ****         hc04_send_string((uint8_t*)sd_msg);
  91:./Application/Src/sd.c ****         return;
  92:./Application/Src/sd.c ****     }
  93:./Application/Src/sd.c **** 
  94:./Application/Src/sd.c ****     f_write(&file, text, strlen(text), &bytes_written);
 491              		.loc 1 94 5 is_stmt 1 view .LVU113
 492              		.loc 1 94 26 is_stmt 0 view .LVU114
 493 0016 2046     		mov	r0, r4
 494              	.LVL46:
 495              		.loc 1 94 26 view .LVU115
 496 0018 FFF7FEFF 		bl	strlen
 497              	.LVL47:
 498 001c 0246     		mov	r2, r0
 499              		.loc 1 94 5 discriminator 1 view .LVU116
 500 001e 03AB     		add	r3, sp, #12
 501 0020 2146     		mov	r1, r4
 502 0022 04A8     		add	r0, sp, #16
 503 0024 FFF7FEFF 		bl	f_write
 504              	.LVL48:
  95:./Application/Src/sd.c ****     f_close(&file);
 505              		.loc 1 95 5 is_stmt 1 view .LVU117
 506 0028 04A8     		add	r0, sp, #16
 507 002a FFF7FEFF 		bl	f_close
 508              	.LVL49:
  96:./Application/Src/sd.c **** 
  97:./Application/Src/sd.c ****     snprintf(sd_msg, sizeof(sd_msg), "Wrote %u bytes to %s", bytes_written, filename);
 509              		.loc 1 97 5 view .LVU118
 510 002e 0095     		str	r5, [sp]
 511 0030 039B     		ldr	r3, [sp, #12]
 512 0032 0B4A     		ldr	r2, .L34
 513 0034 4FF48C71 		mov	r1, #280
 514 0038 0A48     		ldr	r0, .L34+4
 515 003a FFF7FEFF 		bl	snprintf
 516              	.LVL50:
  98:./Application/Src/sd.c ****     hc04_send_string((uint8_t*)sd_msg);
 517              		.loc 1 98 5 view .LVU119
 518 003e 0948     		ldr	r0, .L34+4
 519 0040 FFF7FEFF 		bl	hc04_send_string
 520              	.LVL51:
 521              	.L29:
  99:./Application/Src/sd.c **** }
 522              		.loc 1 99 1 is_stmt 0 view .LVU120
 523 0044 0DF50F7D 		add	sp, sp, #572
 524              	.LCFI11:
 525              		.cfi_remember_state
 526              		.cfi_def_cfa_offset 12
 527              		@ sp needed
 528 0048 30BD     		pop	{r4, r5, pc}
 529              	.LVL52:
 530              	.L33:
 531              	.LCFI12:
 532              		.cfi_restore_state
ARM GAS  C:\Users\admin\AppData\Local\Temp\ccdvLbey.s 			page 13


 533              		.loc 1 99 1 view .LVU121
 534 004a 0346     		mov	r3, r0
  89:./Application/Src/sd.c ****         hc04_send_string((uint8_t*)sd_msg);
 535              		.loc 1 89 9 is_stmt 1 view .LVU122
 536 004c 064A     		ldr	r2, .L34+8
 537 004e 4FF48C71 		mov	r1, #280
 538 0052 0448     		ldr	r0, .L34+4
 539              	.LVL53:
  89:./Application/Src/sd.c ****         hc04_send_string((uint8_t*)sd_msg);
 540              		.loc 1 89 9 is_stmt 0 view .LVU123
 541 0054 FFF7FEFF 		bl	snprintf
 542              	.LVL54:
  90:./Application/Src/sd.c ****         return;
 543              		.loc 1 90 9 is_stmt 1 view .LVU124
 544 0058 0248     		ldr	r0, .L34+4
 545 005a FFF7FEFF 		bl	hc04_send_string
 546              	.LVL55:
  91:./Application/Src/sd.c ****     }
 547              		.loc 1 91 9 view .LVU125
 548 005e F1E7     		b	.L29
 549              	.L35:
 550              		.align	2
 551              	.L34:
 552 0060 14000000 		.word	.LC9
 553 0064 00000000 		.word	sd_msg
 554 0068 00000000 		.word	.LC8
 555              		.cfi_endproc
 556              	.LFE362:
 558              		.section	.rodata.sd_parse_array.str1.4,"aMS",%progbits,1
 559              		.align	2
 560              	.LC10:
 561 0000 2000     		.ascii	" \000"
 562              		.section	.text.sd_parse_array,"ax",%progbits
 563              		.align	1
 564              		.global	sd_parse_array
 565              		.syntax unified
 566              		.thumb
 567              		.thumb_func
 569              	sd_parse_array:
 570              	.LVL56:
 571              	.LFB363:
 100:./Application/Src/sd.c **** 
 101:./Application/Src/sd.c **** void sd_parse_array(const char *filename){
 572              		.loc 1 101 42 view -0
 573              		.cfi_startproc
 574              		@ args = 0, pretend = 0, frame = 552
 575              		@ frame_needed = 0, uses_anonymous_args = 0
 576              		.loc 1 101 42 is_stmt 0 view .LVU127
 577 0000 70B5     		push	{r4, r5, r6, lr}
 578              	.LCFI13:
 579              		.cfi_def_cfa_offset 16
 580              		.cfi_offset 4, -16
 581              		.cfi_offset 5, -12
 582              		.cfi_offset 6, -8
 583              		.cfi_offset 14, -4
 584 0002 ADF50A7D 		sub	sp, sp, #552
 585              	.LCFI14:
ARM GAS  C:\Users\admin\AppData\Local\Temp\ccdvLbey.s 			page 14


 586              		.cfi_def_cfa_offset 568
 587 0006 0146     		mov	r1, r0
 102:./Application/Src/sd.c ****     FIL file;
 588              		.loc 1 102 5 is_stmt 1 view .LVU128
 103:./Application/Src/sd.c ****     FRESULT res;
 589              		.loc 1 103 5 view .LVU129
 104:./Application/Src/sd.c ****     int index = 0; // used to index for chord_events array
 590              		.loc 1 104 5 view .LVU130
 591              	.LVL57:
 105:./Application/Src/sd.c **** 
 106:./Application/Src/sd.c ****     res = f_open(&file, filename, FA_READ);
 592              		.loc 1 106 5 view .LVU131
 593              		.loc 1 106 11 is_stmt 0 view .LVU132
 594 0008 0122     		movs	r2, #1
 595 000a 6846     		mov	r0, sp
 596              	.LVL58:
 597              		.loc 1 106 11 view .LVU133
 598 000c FFF7FEFF 		bl	f_open
 599              	.LVL59:
 107:./Application/Src/sd.c ****     if (res != FR_OK) {
 600              		.loc 1 107 5 is_stmt 1 view .LVU134
 601              		.loc 1 107 8 is_stmt 0 view .LVU135
 602 0010 08B9     		cbnz	r0, .L57
 104:./Application/Src/sd.c ****     int index = 0; // used to index for chord_events array
 603              		.loc 1 104 9 view .LVU136
 604 0012 0546     		mov	r5, r0
 605 0014 1BE0     		b	.L37
 606              	.L57:
 607 0016 0346     		mov	r3, r0
 108:./Application/Src/sd.c ****         snprintf(sd_msg, sizeof(sd_msg), "open failed: %d", res);
 608              		.loc 1 108 9 is_stmt 1 view .LVU137
 609 0018 414C     		ldr	r4, .L66
 610 001a 424A     		ldr	r2, .L66+4
 611 001c 4FF48C71 		mov	r1, #280
 612 0020 2046     		mov	r0, r4
 613              	.LVL60:
 614              		.loc 1 108 9 is_stmt 0 view .LVU138
 615 0022 FFF7FEFF 		bl	snprintf
 616              	.LVL61:
 109:./Application/Src/sd.c ****         hc04_send_string((uint8_t*)sd_msg);
 617              		.loc 1 109 9 is_stmt 1 view .LVU139
 618 0026 2046     		mov	r0, r4
 619 0028 FFF7FEFF 		bl	hc04_send_string
 620              	.LVL62:
 110:./Application/Src/sd.c ****         return;
 621              		.loc 1 110 9 view .LVU140
 622 002c 74E0     		b	.L36
 623              	.LVL63:
 624              	.L39:
 625              	.LBB4:
 626              	.LBB5:
 111:./Application/Src/sd.c ****     }
 112:./Application/Src/sd.c **** 
 113:./Application/Src/sd.c ****     // parse and store chord events in the file, format example:
 114:./Application/Src/sd.c ****     while (f_gets(sd_buf, sizeof(sd_buf), &file) != NULL) {
 115:./Application/Src/sd.c ****         // skip empty / whitespace-only lines
 116:./Application/Src/sd.c ****         int blank = 1;
ARM GAS  C:\Users\admin\AppData\Local\Temp\ccdvLbey.s 			page 15


 117:./Application/Src/sd.c ****         for (int i = 0; sd_buf[i]; i++) {
 627              		.loc 1 117 37 discriminator 2 view .LVU141
 628 002e 0132     		adds	r2, r2, #1
 629              	.LVL64:
 630              	.L51:
 631              		.loc 1 117 25 discriminator 1 view .LVU142
 632              		.loc 1 117 31 is_stmt 0 discriminator 1 view .LVU143
 633 0030 3D4B     		ldr	r3, .L66+8
 634 0032 9B5C     		ldrb	r3, [r3, r2]	@ zero_extendqisi2
 635              		.loc 1 117 25 discriminator 1 view .LVU144
 636 0034 4BB1     		cbz	r3, .L58
 118:./Application/Src/sd.c ****             if (sd_buf[i] != ' ' && sd_buf[i] != '\t' && sd_buf[i] != '\r' && sd_buf[i] != '\n') {
 637              		.loc 1 118 13 is_stmt 1 view .LVU145
 638              		.loc 1 118 16 is_stmt 0 view .LVU146
 639 0036 202B     		cmp	r3, #32
 640 0038 F9D0     		beq	.L39
 641              		.loc 1 118 34 discriminator 1 view .LVU147
 642 003a 092B     		cmp	r3, #9
 643 003c F7D0     		beq	.L39
 644              		.loc 1 118 55 discriminator 2 view .LVU148
 645 003e 0D2B     		cmp	r3, #13
 646 0040 F5D0     		beq	.L39
 647              		.loc 1 118 76 discriminator 3 view .LVU149
 648 0042 0A2B     		cmp	r3, #10
 649 0044 F3D0     		beq	.L39
 119:./Application/Src/sd.c ****                 blank = 0;
 650              		.loc 1 119 23 view .LVU150
 651 0046 0026     		movs	r6, #0
 652 0048 00E0     		b	.L40
 653              	.L58:
 654              	.LBE5:
 116:./Application/Src/sd.c ****         for (int i = 0; sd_buf[i]; i++) {
 655              		.loc 1 116 13 view .LVU151
 656 004a 0126     		movs	r6, #1
 657              	.L40:
 658              	.LVL65:
 120:./Application/Src/sd.c ****                 break;
 121:./Application/Src/sd.c ****             }
 122:./Application/Src/sd.c ****         }
 123:./Application/Src/sd.c ****         if (blank) continue;
 659              		.loc 1 123 9 is_stmt 1 view .LVU152
 660              		.loc 1 123 12 is_stmt 0 view .LVU153
 661 004c 46B1     		cbz	r6, .L59
 662              	.LVL66:
 663              	.L37:
 664              		.loc 1 123 12 view .LVU154
 665              	.LBE4:
 114:./Application/Src/sd.c ****         // skip empty / whitespace-only lines
 666              		.loc 1 114 50 is_stmt 1 view .LVU155
 114:./Application/Src/sd.c ****         // skip empty / whitespace-only lines
 667              		.loc 1 114 12 is_stmt 0 view .LVU156
 668 004e 6A46     		mov	r2, sp
 669 0050 8021     		movs	r1, #128
 670 0052 3548     		ldr	r0, .L66+8
 671 0054 FFF7FEFF 		bl	f_gets
 672              	.LVL67:
 114:./Application/Src/sd.c ****         // skip empty / whitespace-only lines
ARM GAS  C:\Users\admin\AppData\Local\Temp\ccdvLbey.s 			page 16


 673              		.loc 1 114 50 discriminator 1 view .LVU157
 674 0058 0028     		cmp	r0, #0
 675 005a 5AD0     		beq	.L60
 676              	.LBB8:
 677              	.LBB6:
 117:./Application/Src/sd.c ****             if (sd_buf[i] != ' ' && sd_buf[i] != '\t' && sd_buf[i] != '\r' && sd_buf[i] != '\n') {
 678              		.loc 1 117 18 view .LVU158
 679 005c 0022     		movs	r2, #0
 680 005e E7E7     		b	.L51
 681              	.LVL68:
 682              	.L59:
 117:./Application/Src/sd.c ****             if (sd_buf[i] != ' ' && sd_buf[i] != '\t' && sd_buf[i] != '\r' && sd_buf[i] != '\n') {
 683              		.loc 1 117 18 view .LVU159
 684              	.LBE6:
 124:./Application/Src/sd.c **** 
 125:./Application/Src/sd.c ****         // 1.5 3.2 row_high row_low 1 0 1 0 0 1 0 0 1 0 500 as example, using strtok to parse the l
 126:./Application/Src/sd.c ****         char *token = strtok(sd_buf, " ");
 685              		.loc 1 126 9 is_stmt 1 view .LVU160
 686              		.loc 1 126 23 is_stmt 0 view .LVU161
 687 0060 3249     		ldr	r1, .L66+12
 688 0062 3148     		ldr	r0, .L66+8
 689 0064 FFF7FEFF 		bl	strtok
 690              	.LVL69:
 127:./Application/Src/sd.c ****         while (token != NULL) {
 691              		.loc 1 127 9 is_stmt 1 view .LVU162
 692              	.L43:
 693              		.loc 1 127 22 view .LVU163
 694 0068 0028     		cmp	r0, #0
 695 006a 4DD0     		beq	.L61
 696              	.LBB7:
 128:./Application/Src/sd.c ****             // parse the token and store in chord_events[index]
 129:./Application/Src/sd.c ****             // for simplicity, we assume the format is always correct and there are always 14 token
 130:./Application/Src/sd.c ****             // in real application, you should add error checking here
 131:./Application/Src/sd.c ****             int token_index = 0;
 697              		.loc 1 131 17 is_stmt 0 view .LVU164
 698 006c 3446     		mov	r4, r6
 699 006e 10E0     		b	.L50
 700              	.LVL70:
 701              	.L62:
 132:./Application/Src/sd.c ****             while (token != NULL) {
 133:./Application/Src/sd.c ****                 if (token_index < 2) { // first 2 tokens are positions, using strtof to convert str
 134:./Application/Src/sd.c ****                     chord_events[index].positions[token_index] = strtof(token, NULL);
 702              		.loc 1 134 21 is_stmt 1 view .LVU165
 703              		.loc 1 134 66 is_stmt 0 view .LVU166
 704 0070 0021     		movs	r1, #0
 705 0072 FFF7FEFF 		bl	strtof
 706              	.LVL71:
 707              		.loc 1 134 64 discriminator 1 view .LVU167
 708 0076 05EB4502 		add	r2, r5, r5, lsl #1
 709 007a 04EB4202 		add	r2, r4, r2, lsl #1
 710 007e 2C4B     		ldr	r3, .L66+16
 711 0080 03EB8203 		add	r3, r3, r2, lsl #2
 712 0084 83ED000A 		vstr.32	s0, [r3]
 713              	.L45:
 135:./Application/Src/sd.c ****                 } else if (token_index < 2 + MAX_CHORD_NOTES) {
 136:./Application/Src/sd.c ****                     // use atoi to convert "0" or "1" to int, and then store as bool
 137:./Application/Src/sd.c ****                     chord_events[index].pressed[token_index - 2] = atoi(token) != 0;
ARM GAS  C:\Users\admin\AppData\Local\Temp\ccdvLbey.s 			page 17


 138:./Application/Src/sd.c ****                 } else if (token_index == 2 + MAX_CHORD_NOTES) {
 139:./Application/Src/sd.c ****                     chord_events[index].duration_ms = atoi(token);
 140:./Application/Src/sd.c ****                 } else if (token_index == 3 + MAX_CHORD_NOTES) {
 141:./Application/Src/sd.c ****                     chord_events[index].long_pressed[0] = atoi(token) != 0;
 142:./Application/Src/sd.c ****                 } else if (token_index == 4 + MAX_CHORD_NOTES) {
 143:./Application/Src/sd.c ****                     chord_events[index].long_pressed[1] = atoi(token) != 0;
 144:./Application/Src/sd.c ****                 }
 145:./Application/Src/sd.c ****                 token = strtok(NULL, " ");
 714              		.loc 1 145 17 is_stmt 1 view .LVU168
 715              		.loc 1 145 25 is_stmt 0 view .LVU169
 716 0088 2849     		ldr	r1, .L66+12
 717 008a 0020     		movs	r0, #0
 718 008c FFF7FEFF 		bl	strtok
 719              	.LVL72:
 146:./Application/Src/sd.c ****                 token_index++;
 720              		.loc 1 146 17 is_stmt 1 view .LVU170
 721              		.loc 1 146 28 is_stmt 0 view .LVU171
 722 0090 0134     		adds	r4, r4, #1
 723              	.LVL73:
 724              	.L50:
 132:./Application/Src/sd.c ****             while (token != NULL) {
 725              		.loc 1 132 26 is_stmt 1 view .LVU172
 726 0092 0028     		cmp	r0, #0
 727 0094 E8D0     		beq	.L43
 133:./Application/Src/sd.c ****                     chord_events[index].positions[token_index] = strtof(token, NULL);
 728              		.loc 1 133 17 view .LVU173
 133:./Application/Src/sd.c ****                     chord_events[index].positions[token_index] = strtof(token, NULL);
 729              		.loc 1 133 20 is_stmt 0 view .LVU174
 730 0096 012C     		cmp	r4, #1
 731 0098 EADD     		ble	.L62
 135:./Application/Src/sd.c ****                 } else if (token_index < 2 + MAX_CHORD_NOTES) {
 732              		.loc 1 135 24 is_stmt 1 view .LVU175
 135:./Application/Src/sd.c ****                 } else if (token_index < 2 + MAX_CHORD_NOTES) {
 733              		.loc 1 135 27 is_stmt 0 view .LVU176
 734 009a 0B2C     		cmp	r4, #11
 735 009c 11DD     		ble	.L63
 138:./Application/Src/sd.c ****                     chord_events[index].duration_ms = atoi(token);
 736              		.loc 1 138 24 is_stmt 1 view .LVU177
 138:./Application/Src/sd.c ****                     chord_events[index].duration_ms = atoi(token);
 737              		.loc 1 138 27 is_stmt 0 view .LVU178
 738 009e 0C2C     		cmp	r4, #12
 739 00a0 1DD0     		beq	.L64
 140:./Application/Src/sd.c ****                     chord_events[index].long_pressed[0] = atoi(token) != 0;
 740              		.loc 1 140 24 is_stmt 1 view .LVU179
 140:./Application/Src/sd.c ****                     chord_events[index].long_pressed[0] = atoi(token) != 0;
 741              		.loc 1 140 27 is_stmt 0 view .LVU180
 742 00a2 0D2C     		cmp	r4, #13
 743 00a4 24D0     		beq	.L65
 142:./Application/Src/sd.c ****                     chord_events[index].long_pressed[1] = atoi(token) != 0;
 744              		.loc 1 142 24 is_stmt 1 view .LVU181
 142:./Application/Src/sd.c ****                     chord_events[index].long_pressed[1] = atoi(token) != 0;
 745              		.loc 1 142 27 is_stmt 0 view .LVU182
 746 00a6 0E2C     		cmp	r4, #14
 747 00a8 EED1     		bne	.L45
 143:./Application/Src/sd.c ****                 }
 748              		.loc 1 143 21 is_stmt 1 view .LVU183
 143:./Application/Src/sd.c ****                 }
ARM GAS  C:\Users\admin\AppData\Local\Temp\ccdvLbey.s 			page 18


 749              		.loc 1 143 59 is_stmt 0 view .LVU184
 750 00aa FFF7FEFF 		bl	atoi
 751              	.LVL74:
 143:./Application/Src/sd.c ****                 }
 752              		.loc 1 143 21 discriminator 1 view .LVU185
 753 00ae 0038     		subs	r0, r0, #0
 754 00b0 18BF     		it	ne
 755 00b2 0120     		movne	r0, #1
 143:./Application/Src/sd.c ****                 }
 756              		.loc 1 143 57 discriminator 1 view .LVU186
 757 00b4 05EB4502 		add	r2, r5, r5, lsl #1
 758 00b8 1D4B     		ldr	r3, .L66+16
 759 00ba 03EBC203 		add	r3, r3, r2, lsl #3
 760 00be 5875     		strb	r0, [r3, #21]
 761 00c0 E2E7     		b	.L45
 762              	.LVL75:
 763              	.L63:
 137:./Application/Src/sd.c ****                 } else if (token_index == 2 + MAX_CHORD_NOTES) {
 764              		.loc 1 137 21 is_stmt 1 view .LVU187
 137:./Application/Src/sd.c ****                 } else if (token_index == 2 + MAX_CHORD_NOTES) {
 765              		.loc 1 137 68 is_stmt 0 view .LVU188
 766 00c2 FFF7FEFF 		bl	atoi
 767              	.LVL76:
 137:./Application/Src/sd.c ****                 } else if (token_index == 2 + MAX_CHORD_NOTES) {
 768              		.loc 1 137 61 discriminator 1 view .LVU189
 769 00c6 A21E     		subs	r2, r4, #2
 137:./Application/Src/sd.c ****                 } else if (token_index == 2 + MAX_CHORD_NOTES) {
 770              		.loc 1 137 21 discriminator 1 view .LVU190
 771 00c8 0038     		subs	r0, r0, #0
 772 00ca 18BF     		it	ne
 773 00cc 0120     		movne	r0, #1
 137:./Application/Src/sd.c ****                 } else if (token_index == 2 + MAX_CHORD_NOTES) {
 774              		.loc 1 137 66 discriminator 1 view .LVU191
 775 00ce 05EB4501 		add	r1, r5, r5, lsl #1
 776 00d2 174B     		ldr	r3, .L66+16
 777 00d4 03EBC103 		add	r3, r3, r1, lsl #3
 778 00d8 1344     		add	r3, r3, r2
 779 00da 1872     		strb	r0, [r3, #8]
 780 00dc D4E7     		b	.L45
 781              	.LVL77:
 782              	.L64:
 139:./Application/Src/sd.c ****                 } else if (token_index == 3 + MAX_CHORD_NOTES) {
 783              		.loc 1 139 21 is_stmt 1 view .LVU192
 139:./Application/Src/sd.c ****                 } else if (token_index == 3 + MAX_CHORD_NOTES) {
 784              		.loc 1 139 55 is_stmt 0 view .LVU193
 785 00de FFF7FEFF 		bl	atoi
 786              	.LVL78:
 139:./Application/Src/sd.c ****                 } else if (token_index == 3 + MAX_CHORD_NOTES) {
 787              		.loc 1 139 53 discriminator 1 view .LVU194
 788 00e2 05EB4502 		add	r2, r5, r5, lsl #1
 789 00e6 124B     		ldr	r3, .L66+16
 790 00e8 03EBC203 		add	r3, r3, r2, lsl #3
 791 00ec 5882     		strh	r0, [r3, #18]	@ movhi
 792 00ee CBE7     		b	.L45
 793              	.LVL79:
 794              	.L65:
 141:./Application/Src/sd.c ****                 } else if (token_index == 4 + MAX_CHORD_NOTES) {
ARM GAS  C:\Users\admin\AppData\Local\Temp\ccdvLbey.s 			page 19


 795              		.loc 1 141 21 is_stmt 1 view .LVU195
 141:./Application/Src/sd.c ****                 } else if (token_index == 4 + MAX_CHORD_NOTES) {
 796              		.loc 1 141 59 is_stmt 0 view .LVU196
 797 00f0 FFF7FEFF 		bl	atoi
 798              	.LVL80:
 141:./Application/Src/sd.c ****                 } else if (token_index == 4 + MAX_CHORD_NOTES) {
 799              		.loc 1 141 21 discriminator 1 view .LVU197
 800 00f4 0038     		subs	r0, r0, #0
 801 00f6 18BF     		it	ne
 802 00f8 0120     		movne	r0, #1
 141:./Application/Src/sd.c ****                 } else if (token_index == 4 + MAX_CHORD_NOTES) {
 803              		.loc 1 141 57 discriminator 1 view .LVU198
 804 00fa 05EB4502 		add	r2, r5, r5, lsl #1
 805 00fe 0C4B     		ldr	r3, .L66+16
 806 0100 03EBC203 		add	r3, r3, r2, lsl #3
 807 0104 1875     		strb	r0, [r3, #20]
 808 0106 BFE7     		b	.L45
 809              	.LVL81:
 810              	.L61:
 141:./Application/Src/sd.c ****                 } else if (token_index == 4 + MAX_CHORD_NOTES) {
 811              		.loc 1 141 57 discriminator 1 view .LVU199
 812              	.LBE7:
 147:./Application/Src/sd.c ****             }
 148:./Application/Src/sd.c ****         }
 149:./Application/Src/sd.c **** 
 150:./Application/Src/sd.c ****         index++;
 813              		.loc 1 150 9 is_stmt 1 view .LVU200
 814              		.loc 1 150 14 is_stmt 0 view .LVU201
 815 0108 0135     		adds	r5, r5, #1
 816              	.LVL82:
 151:./Application/Src/sd.c ****         HAL_Delay(50);
 817              		.loc 1 151 9 is_stmt 1 view .LVU202
 818 010a 3220     		movs	r0, #50
 819              	.LVL83:
 820              		.loc 1 151 9 is_stmt 0 view .LVU203
 821 010c FFF7FEFF 		bl	HAL_Delay
 822              	.LVL84:
 823 0110 9DE7     		b	.L37
 824              	.LVL85:
 825              	.L60:
 826              		.loc 1 151 9 view .LVU204
 827              	.LBE8:
 152:./Application/Src/sd.c ****     }
 153:./Application/Src/sd.c ****     f_close(&file);
 828              		.loc 1 153 5 is_stmt 1 view .LVU205
 829 0112 6846     		mov	r0, sp
 830 0114 FFF7FEFF 		bl	f_close
 831              	.LVL86:
 832              	.L36:
 154:./Application/Src/sd.c **** 
 155:./Application/Src/sd.c **** }...
 833              		.loc 1 155 1 is_stmt 0 view .LVU206
 834 0118 0DF50A7D 		add	sp, sp, #552
 835              	.LCFI15:
 836              		.cfi_def_cfa_offset 16
 837              		@ sp needed
 838 011c 70BD     		pop	{r4, r5, r6, pc}
ARM GAS  C:\Users\admin\AppData\Local\Temp\ccdvLbey.s 			page 20


 839              	.L67:
 840 011e 00BF     		.align	2
 841              	.L66:
 842 0120 00000000 		.word	sd_msg
 843 0124 00000000 		.word	.LC6
 844 0128 00000000 		.word	sd_buf
 845 012c 00000000 		.word	.LC10
 846 0130 00000000 		.word	chord_events
 847              		.cfi_endproc
 848              	.LFE363:
 850              		.global	fileCount
 851              		.section	.bss.fileCount,"aw",%nobits
 852              		.align	2
 855              	fileCount:
 856 0000 00000000 		.space	4
 857              		.global	fileList
 858              		.section	.bss.fileList,"aw",%nobits
 859              		.align	2
 862              	fileList:
 863 0000 00000000 		.space	640
 863      00000000 
 863      00000000 
 863      00000000 
 863      00000000 
 864              		.section	.bss.sd_msg,"aw",%nobits
 865              		.align	2
 868              	sd_msg:
 869 0000 00000000 		.space	280
 869      00000000 
 869      00000000 
 869      00000000 
 869      00000000 
 870              		.section	.bss.sd_buf,"aw",%nobits
 871              		.align	2
 874              	sd_buf:
 875 0000 00000000 		.space	128
 875      00000000 
 875      00000000 
 875      00000000 
 875      00000000 
 876              		.text
 877              	.Letext0:
 878              		.file 2 "C:/arm-bare-metal/arm-none-eabi/include/machine/_default_types.h"
 879              		.file 3 "C:/arm-bare-metal/arm-none-eabi/include/sys/_stdint.h"
 880              		.file 4 "ThirdParty/FatFs/Inc/ff.h"
 881              		.file 5 "C:/arm-bare-metal/lib/gcc/arm-none-eabi/15.2.1/include/stddef.h"
 882              		.file 6 "Drivers/CMSIS/Device/ST/STM32H5xx/Include/stm32h523xx.h"
 883              		.file 7 "Application/Inc/application.h"
 884              		.file 8 "Application/Inc/sd.h"
 885              		.file 9 "C:/arm-bare-metal/arm-none-eabi/include/stdlib.h"
 886              		.file 10 "C:/arm-bare-metal/arm-none-eabi/include/string.h"
 887              		.file 11 "Drivers/STM32H5xx_HAL_Driver/Inc/stm32h5xx_hal.h"
 888              		.file 12 "Application/Inc/hc04.h"
 889              		.file 13 "C:/arm-bare-metal/arm-none-eabi/include/stdio.h"
ARM GAS  C:\Users\admin\AppData\Local\Temp\ccdvLbey.s 			page 21


DEFINED SYMBOLS
                            *ABS*:00000000 sd.c
C:\Users\admin\AppData\Local\Temp\ccdvLbey.s:22     .rodata.sd_list_txt_files.str1.4:00000000 $d
C:\Users\admin\AppData\Local\Temp\ccdvLbey.s:32     .text.sd_list_txt_files:00000000 $t
C:\Users\admin\AppData\Local\Temp\ccdvLbey.s:38     .text.sd_list_txt_files:00000000 sd_list_txt_files
C:\Users\admin\AppData\Local\Temp\ccdvLbey.s:179    .text.sd_list_txt_files:00000090 $d
C:\Users\admin\AppData\Local\Temp\ccdvLbey.s:855    .bss.fileCount:00000000 fileCount
C:\Users\admin\AppData\Local\Temp\ccdvLbey.s:862    .bss.fileList:00000000 fileList
C:\Users\admin\AppData\Local\Temp\ccdvLbey.s:188    .rodata.sd_list_files.str1.4:00000000 $d
C:\Users\admin\AppData\Local\Temp\ccdvLbey.s:198    .text.sd_list_files:00000000 $t
C:\Users\admin\AppData\Local\Temp\ccdvLbey.s:204    .text.sd_list_files:00000000 sd_list_files
C:\Users\admin\AppData\Local\Temp\ccdvLbey.s:311    .text.sd_list_files:0000006c $d
C:\Users\admin\AppData\Local\Temp\ccdvLbey.s:868    .bss.sd_msg:00000000 sd_msg
C:\Users\admin\AppData\Local\Temp\ccdvLbey.s:320    .rodata.sd_print_file.str1.4:00000000 $d
C:\Users\admin\AppData\Local\Temp\ccdvLbey.s:327    .text.sd_print_file:00000000 $t
C:\Users\admin\AppData\Local\Temp\ccdvLbey.s:333    .text.sd_print_file:00000000 sd_print_file
C:\Users\admin\AppData\Local\Temp\ccdvLbey.s:434    .text.sd_print_file:00000068 $d
C:\Users\admin\AppData\Local\Temp\ccdvLbey.s:874    .bss.sd_buf:00000000 sd_buf
C:\Users\admin\AppData\Local\Temp\ccdvLbey.s:442    .rodata.sd_write_file.str1.4:00000000 $d
C:\Users\admin\AppData\Local\Temp\ccdvLbey.s:449    .text.sd_write_file:00000000 $t
C:\Users\admin\AppData\Local\Temp\ccdvLbey.s:455    .text.sd_write_file:00000000 sd_write_file
C:\Users\admin\AppData\Local\Temp\ccdvLbey.s:552    .text.sd_write_file:00000060 $d
C:\Users\admin\AppData\Local\Temp\ccdvLbey.s:559    .rodata.sd_parse_array.str1.4:00000000 $d
C:\Users\admin\AppData\Local\Temp\ccdvLbey.s:563    .text.sd_parse_array:00000000 $t
C:\Users\admin\AppData\Local\Temp\ccdvLbey.s:569    .text.sd_parse_array:00000000 sd_parse_array
C:\Users\admin\AppData\Local\Temp\ccdvLbey.s:842    .text.sd_parse_array:00000120 $d
C:\Users\admin\AppData\Local\Temp\ccdvLbey.s:852    .bss.fileCount:00000000 $d
C:\Users\admin\AppData\Local\Temp\ccdvLbey.s:859    .bss.fileList:00000000 $d
C:\Users\admin\AppData\Local\Temp\ccdvLbey.s:865    .bss.sd_msg:00000000 $d
C:\Users\admin\AppData\Local\Temp\ccdvLbey.s:871    .bss.sd_buf:00000000 $d

UNDEFINED SYMBOLS
f_opendir
strncpy
f_readdir
strrchr
strcmp
f_closedir
hc04_send_string
snprintf
HAL_Delay
f_open
f_gets
f_close
strlen
f_write
strtok
strtof
atoi
chord_events
