ARM GAS  C:\Users\Xuleo\AppData\Local\Temp\ccjv7ezu.s 			page 1


   1              		.cpu cortex-m33
   2              		.arch armv8-m.main
   3              		.fpu fpv5-sp-d16
   4              		.arch_extension dsp
   5              		.eabi_attribute 27, 1
   6              		.eabi_attribute 28, 1
   7              		.eabi_attribute 20, 1
   8              		.eabi_attribute 21, 1
   9              		.eabi_attribute 23, 3
  10              		.eabi_attribute 24, 1
  11              		.eabi_attribute 25, 1
  12              		.eabi_attribute 26, 1
  13              		.eabi_attribute 30, 1
  14              		.eabi_attribute 34, 1
  15              		.eabi_attribute 18, 4
  16              		.file	"stm32h5xx_hal_smbus_ex.c"
  17              		.text
  18              	.Ltext0:
  19              		.cfi_sections	.debug_frame
  20              		.file 1 "Drivers/STM32H5xx_HAL_Driver/Src/stm32h5xx_hal_smbus_ex.c"
  21              		.section	.text.HAL_SMBUSEx_EnableWakeUp,"ax",%progbits
  22              		.align	1
  23              		.global	HAL_SMBUSEx_EnableWakeUp
  24              		.syntax unified
  25              		.thumb
  26              		.thumb_func
  28              	HAL_SMBUSEx_EnableWakeUp:
  29              	.LVL0:
  30              	.LFB356:
   1:Drivers/STM32H5xx_HAL_Driver/Src/stm32h5xx_hal_smbus_ex.c **** /**
   2:Drivers/STM32H5xx_HAL_Driver/Src/stm32h5xx_hal_smbus_ex.c ****   ******************************************************************************
   3:Drivers/STM32H5xx_HAL_Driver/Src/stm32h5xx_hal_smbus_ex.c ****   * @file    stm32h5xx_hal_smbus_ex.c
   4:Drivers/STM32H5xx_HAL_Driver/Src/stm32h5xx_hal_smbus_ex.c ****   * @author  MCD Application Team
   5:Drivers/STM32H5xx_HAL_Driver/Src/stm32h5xx_hal_smbus_ex.c ****   * @brief   SMBUS Extended HAL module driver.
   6:Drivers/STM32H5xx_HAL_Driver/Src/stm32h5xx_hal_smbus_ex.c ****   *          This file provides firmware functions to manage the following
   7:Drivers/STM32H5xx_HAL_Driver/Src/stm32h5xx_hal_smbus_ex.c ****   *          functionalities of SMBUS Extended peripheral:
   8:Drivers/STM32H5xx_HAL_Driver/Src/stm32h5xx_hal_smbus_ex.c ****   *           + Extended features functions
   9:Drivers/STM32H5xx_HAL_Driver/Src/stm32h5xx_hal_smbus_ex.c ****   *           + WakeUp Mode Functions
  10:Drivers/STM32H5xx_HAL_Driver/Src/stm32h5xx_hal_smbus_ex.c ****   *           + FastModePlus Functions
  11:Drivers/STM32H5xx_HAL_Driver/Src/stm32h5xx_hal_smbus_ex.c ****   *
  12:Drivers/STM32H5xx_HAL_Driver/Src/stm32h5xx_hal_smbus_ex.c ****   ******************************************************************************
  13:Drivers/STM32H5xx_HAL_Driver/Src/stm32h5xx_hal_smbus_ex.c ****   * @attention
  14:Drivers/STM32H5xx_HAL_Driver/Src/stm32h5xx_hal_smbus_ex.c ****   *
  15:Drivers/STM32H5xx_HAL_Driver/Src/stm32h5xx_hal_smbus_ex.c ****   * Copyright (c) 2023 STMicroelectronics.
  16:Drivers/STM32H5xx_HAL_Driver/Src/stm32h5xx_hal_smbus_ex.c ****   * All rights reserved.
  17:Drivers/STM32H5xx_HAL_Driver/Src/stm32h5xx_hal_smbus_ex.c ****   *
  18:Drivers/STM32H5xx_HAL_Driver/Src/stm32h5xx_hal_smbus_ex.c ****   * This software is licensed under terms that can be found in the LICENSE file
  19:Drivers/STM32H5xx_HAL_Driver/Src/stm32h5xx_hal_smbus_ex.c ****   * in the root directory of this software component.
  20:Drivers/STM32H5xx_HAL_Driver/Src/stm32h5xx_hal_smbus_ex.c ****   * If no LICENSE file comes with this software, it is provided AS-IS.
  21:Drivers/STM32H5xx_HAL_Driver/Src/stm32h5xx_hal_smbus_ex.c ****   *
  22:Drivers/STM32H5xx_HAL_Driver/Src/stm32h5xx_hal_smbus_ex.c ****   ******************************************************************************
  23:Drivers/STM32H5xx_HAL_Driver/Src/stm32h5xx_hal_smbus_ex.c ****   @verbatim
  24:Drivers/STM32H5xx_HAL_Driver/Src/stm32h5xx_hal_smbus_ex.c ****   ==============================================================================
  25:Drivers/STM32H5xx_HAL_Driver/Src/stm32h5xx_hal_smbus_ex.c ****                ##### SMBUS peripheral Extended features  #####
  26:Drivers/STM32H5xx_HAL_Driver/Src/stm32h5xx_hal_smbus_ex.c ****   ==============================================================================
  27:Drivers/STM32H5xx_HAL_Driver/Src/stm32h5xx_hal_smbus_ex.c **** 
  28:Drivers/STM32H5xx_HAL_Driver/Src/stm32h5xx_hal_smbus_ex.c ****   [..] Comparing to other previous devices, the SMBUS interface for STM32H5xx
ARM GAS  C:\Users\Xuleo\AppData\Local\Temp\ccjv7ezu.s 			page 2


  29:Drivers/STM32H5xx_HAL_Driver/Src/stm32h5xx_hal_smbus_ex.c ****        devices contains the following additional features
  30:Drivers/STM32H5xx_HAL_Driver/Src/stm32h5xx_hal_smbus_ex.c **** 
  31:Drivers/STM32H5xx_HAL_Driver/Src/stm32h5xx_hal_smbus_ex.c ****        (+) Disable or enable wakeup from Stop mode(s)
  32:Drivers/STM32H5xx_HAL_Driver/Src/stm32h5xx_hal_smbus_ex.c **** 
  33:Drivers/STM32H5xx_HAL_Driver/Src/stm32h5xx_hal_smbus_ex.c ****                      ##### How to use this driver #####
  34:Drivers/STM32H5xx_HAL_Driver/Src/stm32h5xx_hal_smbus_ex.c ****   ==============================================================================
  35:Drivers/STM32H5xx_HAL_Driver/Src/stm32h5xx_hal_smbus_ex.c ****     (#) Configure the enable or disable of SMBUS Wake Up Mode using the functions :
  36:Drivers/STM32H5xx_HAL_Driver/Src/stm32h5xx_hal_smbus_ex.c ****           (++) HAL_SMBUSEx_EnableWakeUp()
  37:Drivers/STM32H5xx_HAL_Driver/Src/stm32h5xx_hal_smbus_ex.c ****           (++) HAL_SMBUSEx_DisableWakeUp()
  38:Drivers/STM32H5xx_HAL_Driver/Src/stm32h5xx_hal_smbus_ex.c ****     (#) Configure the enable or disable of fast mode plus driving capability using the functions :
  39:Drivers/STM32H5xx_HAL_Driver/Src/stm32h5xx_hal_smbus_ex.c ****           (++) HAL_SMBUSEx_ConfigFastModePlus()
  40:Drivers/STM32H5xx_HAL_Driver/Src/stm32h5xx_hal_smbus_ex.c ****   @endverbatim
  41:Drivers/STM32H5xx_HAL_Driver/Src/stm32h5xx_hal_smbus_ex.c ****   */
  42:Drivers/STM32H5xx_HAL_Driver/Src/stm32h5xx_hal_smbus_ex.c **** 
  43:Drivers/STM32H5xx_HAL_Driver/Src/stm32h5xx_hal_smbus_ex.c **** /* Includes ------------------------------------------------------------------*/
  44:Drivers/STM32H5xx_HAL_Driver/Src/stm32h5xx_hal_smbus_ex.c **** #include "stm32h5xx_hal.h"
  45:Drivers/STM32H5xx_HAL_Driver/Src/stm32h5xx_hal_smbus_ex.c **** 
  46:Drivers/STM32H5xx_HAL_Driver/Src/stm32h5xx_hal_smbus_ex.c **** /** @addtogroup STM32H5xx_HAL_Driver
  47:Drivers/STM32H5xx_HAL_Driver/Src/stm32h5xx_hal_smbus_ex.c ****   * @{
  48:Drivers/STM32H5xx_HAL_Driver/Src/stm32h5xx_hal_smbus_ex.c ****   */
  49:Drivers/STM32H5xx_HAL_Driver/Src/stm32h5xx_hal_smbus_ex.c **** 
  50:Drivers/STM32H5xx_HAL_Driver/Src/stm32h5xx_hal_smbus_ex.c **** /** @defgroup SMBUSEx SMBUSEx
  51:Drivers/STM32H5xx_HAL_Driver/Src/stm32h5xx_hal_smbus_ex.c ****   * @brief SMBUS Extended HAL module driver
  52:Drivers/STM32H5xx_HAL_Driver/Src/stm32h5xx_hal_smbus_ex.c ****   * @{
  53:Drivers/STM32H5xx_HAL_Driver/Src/stm32h5xx_hal_smbus_ex.c ****   */
  54:Drivers/STM32H5xx_HAL_Driver/Src/stm32h5xx_hal_smbus_ex.c **** 
  55:Drivers/STM32H5xx_HAL_Driver/Src/stm32h5xx_hal_smbus_ex.c **** #ifdef HAL_SMBUS_MODULE_ENABLED
  56:Drivers/STM32H5xx_HAL_Driver/Src/stm32h5xx_hal_smbus_ex.c **** 
  57:Drivers/STM32H5xx_HAL_Driver/Src/stm32h5xx_hal_smbus_ex.c **** /* Private typedef -----------------------------------------------------------*/
  58:Drivers/STM32H5xx_HAL_Driver/Src/stm32h5xx_hal_smbus_ex.c **** /* Private define ------------------------------------------------------------*/
  59:Drivers/STM32H5xx_HAL_Driver/Src/stm32h5xx_hal_smbus_ex.c **** /* Private macro -------------------------------------------------------------*/
  60:Drivers/STM32H5xx_HAL_Driver/Src/stm32h5xx_hal_smbus_ex.c **** /* Private variables ---------------------------------------------------------*/
  61:Drivers/STM32H5xx_HAL_Driver/Src/stm32h5xx_hal_smbus_ex.c **** /* Private function prototypes -----------------------------------------------*/
  62:Drivers/STM32H5xx_HAL_Driver/Src/stm32h5xx_hal_smbus_ex.c **** /* Private functions ---------------------------------------------------------*/
  63:Drivers/STM32H5xx_HAL_Driver/Src/stm32h5xx_hal_smbus_ex.c **** 
  64:Drivers/STM32H5xx_HAL_Driver/Src/stm32h5xx_hal_smbus_ex.c **** /** @defgroup SMBUSEx_Exported_Functions SMBUS Extended Exported Functions
  65:Drivers/STM32H5xx_HAL_Driver/Src/stm32h5xx_hal_smbus_ex.c ****   * @{
  66:Drivers/STM32H5xx_HAL_Driver/Src/stm32h5xx_hal_smbus_ex.c ****   */
  67:Drivers/STM32H5xx_HAL_Driver/Src/stm32h5xx_hal_smbus_ex.c **** 
  68:Drivers/STM32H5xx_HAL_Driver/Src/stm32h5xx_hal_smbus_ex.c **** /** @defgroup SMBUSEx_Exported_Functions_Group2 WakeUp Mode Functions
  69:Drivers/STM32H5xx_HAL_Driver/Src/stm32h5xx_hal_smbus_ex.c ****   * @brief    WakeUp Mode Functions
  70:Drivers/STM32H5xx_HAL_Driver/Src/stm32h5xx_hal_smbus_ex.c ****   *
  71:Drivers/STM32H5xx_HAL_Driver/Src/stm32h5xx_hal_smbus_ex.c **** @verbatim
  72:Drivers/STM32H5xx_HAL_Driver/Src/stm32h5xx_hal_smbus_ex.c ****  ===============================================================================
  73:Drivers/STM32H5xx_HAL_Driver/Src/stm32h5xx_hal_smbus_ex.c ****                       ##### WakeUp Mode Functions #####
  74:Drivers/STM32H5xx_HAL_Driver/Src/stm32h5xx_hal_smbus_ex.c ****  ===============================================================================
  75:Drivers/STM32H5xx_HAL_Driver/Src/stm32h5xx_hal_smbus_ex.c ****     [..] This section provides functions allowing to:
  76:Drivers/STM32H5xx_HAL_Driver/Src/stm32h5xx_hal_smbus_ex.c ****       (+) Configure Wake Up Feature
  77:Drivers/STM32H5xx_HAL_Driver/Src/stm32h5xx_hal_smbus_ex.c **** 
  78:Drivers/STM32H5xx_HAL_Driver/Src/stm32h5xx_hal_smbus_ex.c **** @endverbatim
  79:Drivers/STM32H5xx_HAL_Driver/Src/stm32h5xx_hal_smbus_ex.c ****   * @{
  80:Drivers/STM32H5xx_HAL_Driver/Src/stm32h5xx_hal_smbus_ex.c ****   */
  81:Drivers/STM32H5xx_HAL_Driver/Src/stm32h5xx_hal_smbus_ex.c **** 
  82:Drivers/STM32H5xx_HAL_Driver/Src/stm32h5xx_hal_smbus_ex.c **** /**
  83:Drivers/STM32H5xx_HAL_Driver/Src/stm32h5xx_hal_smbus_ex.c ****   * @brief  Enable SMBUS wakeup from Stop mode(s).
  84:Drivers/STM32H5xx_HAL_Driver/Src/stm32h5xx_hal_smbus_ex.c ****   * @param  hsmbus Pointer to a SMBUS_HandleTypeDef structure that contains
  85:Drivers/STM32H5xx_HAL_Driver/Src/stm32h5xx_hal_smbus_ex.c ****   *                the configuration information for the specified SMBUSx peripheral.
ARM GAS  C:\Users\Xuleo\AppData\Local\Temp\ccjv7ezu.s 			page 3


  86:Drivers/STM32H5xx_HAL_Driver/Src/stm32h5xx_hal_smbus_ex.c ****   * @retval HAL status
  87:Drivers/STM32H5xx_HAL_Driver/Src/stm32h5xx_hal_smbus_ex.c ****   */
  88:Drivers/STM32H5xx_HAL_Driver/Src/stm32h5xx_hal_smbus_ex.c **** HAL_StatusTypeDef HAL_SMBUSEx_EnableWakeUp(SMBUS_HandleTypeDef *hsmbus)
  89:Drivers/STM32H5xx_HAL_Driver/Src/stm32h5xx_hal_smbus_ex.c **** {
  31              		.loc 1 89 1 view -0
  32              		.cfi_startproc
  33              		@ args = 0, pretend = 0, frame = 0
  34              		@ frame_needed = 0, uses_anonymous_args = 0
  35              		@ link register save eliminated.
  36              		.loc 1 89 1 is_stmt 0 view .LVU1
  37 0000 0346     		mov	r3, r0
  90:Drivers/STM32H5xx_HAL_Driver/Src/stm32h5xx_hal_smbus_ex.c ****   /* Check the parameters */
  91:Drivers/STM32H5xx_HAL_Driver/Src/stm32h5xx_hal_smbus_ex.c ****   assert_param(IS_I2C_WAKEUP_FROMSTOP_INSTANCE(hsmbus->Instance));
  38              		.loc 1 91 3 is_stmt 1 view .LVU2
  92:Drivers/STM32H5xx_HAL_Driver/Src/stm32h5xx_hal_smbus_ex.c **** 
  93:Drivers/STM32H5xx_HAL_Driver/Src/stm32h5xx_hal_smbus_ex.c ****   if (hsmbus->State == HAL_SMBUS_STATE_READY)
  39              		.loc 1 93 3 view .LVU3
  40              		.loc 1 93 13 is_stmt 0 view .LVU4
  41 0002 826C     		ldr	r2, [r0, #72]
  42              		.loc 1 93 6 view .LVU5
  43 0004 012A     		cmp	r2, #1
  44 0006 1BD1     		bne	.L3
  94:Drivers/STM32H5xx_HAL_Driver/Src/stm32h5xx_hal_smbus_ex.c ****   {
  95:Drivers/STM32H5xx_HAL_Driver/Src/stm32h5xx_hal_smbus_ex.c ****     /* Process Locked */
  96:Drivers/STM32H5xx_HAL_Driver/Src/stm32h5xx_hal_smbus_ex.c ****     __HAL_LOCK(hsmbus);
  45              		.loc 1 96 5 is_stmt 1 view .LVU6
  46              		.loc 1 96 5 view .LVU7
  47 0008 90F84420 		ldrb	r2, [r0, #68]	@ zero_extendqisi2
  48 000c 012A     		cmp	r2, #1
  49 000e 19D0     		beq	.L4
  50              		.loc 1 96 5 discriminator 2 view .LVU8
  51 0010 0121     		movs	r1, #1
  52 0012 80F84410 		strb	r1, [r0, #68]
  53              		.loc 1 96 5 view .LVU9
  97:Drivers/STM32H5xx_HAL_Driver/Src/stm32h5xx_hal_smbus_ex.c **** 
  98:Drivers/STM32H5xx_HAL_Driver/Src/stm32h5xx_hal_smbus_ex.c ****     hsmbus->State = HAL_SMBUS_STATE_BUSY;
  54              		.loc 1 98 5 view .LVU10
  55              		.loc 1 98 19 is_stmt 0 view .LVU11
  56 0016 0222     		movs	r2, #2
  57 0018 8264     		str	r2, [r0, #72]
  99:Drivers/STM32H5xx_HAL_Driver/Src/stm32h5xx_hal_smbus_ex.c **** 
 100:Drivers/STM32H5xx_HAL_Driver/Src/stm32h5xx_hal_smbus_ex.c ****     /* Disable the selected SMBUS peripheral */
 101:Drivers/STM32H5xx_HAL_Driver/Src/stm32h5xx_hal_smbus_ex.c ****     __HAL_SMBUS_DISABLE(hsmbus);
  58              		.loc 1 101 5 is_stmt 1 view .LVU12
  59 001a 0068     		ldr	r0, [r0]
  60              	.LVL1:
  61              		.loc 1 101 5 is_stmt 0 view .LVU13
  62 001c 0268     		ldr	r2, [r0]
  63 001e 22F00102 		bic	r2, r2, #1
  64 0022 0260     		str	r2, [r0]
 102:Drivers/STM32H5xx_HAL_Driver/Src/stm32h5xx_hal_smbus_ex.c **** 
 103:Drivers/STM32H5xx_HAL_Driver/Src/stm32h5xx_hal_smbus_ex.c ****     /* Enable wakeup from stop mode */
 104:Drivers/STM32H5xx_HAL_Driver/Src/stm32h5xx_hal_smbus_ex.c ****     hsmbus->Instance->CR1 |= I2C_CR1_WUPEN;
  65              		.loc 1 104 5 is_stmt 1 view .LVU14
  66              		.loc 1 104 11 is_stmt 0 view .LVU15
  67 0024 1868     		ldr	r0, [r3]
  68              		.loc 1 104 21 view .LVU16
ARM GAS  C:\Users\Xuleo\AppData\Local\Temp\ccjv7ezu.s 			page 4


  69 0026 0268     		ldr	r2, [r0]
  70              		.loc 1 104 27 view .LVU17
  71 0028 42F48022 		orr	r2, r2, #262144
  72 002c 0260     		str	r2, [r0]
 105:Drivers/STM32H5xx_HAL_Driver/Src/stm32h5xx_hal_smbus_ex.c **** 
 106:Drivers/STM32H5xx_HAL_Driver/Src/stm32h5xx_hal_smbus_ex.c ****     __HAL_SMBUS_ENABLE(hsmbus);
  73              		.loc 1 106 5 is_stmt 1 view .LVU18
  74 002e 1868     		ldr	r0, [r3]
  75 0030 0268     		ldr	r2, [r0]
  76 0032 0A43     		orrs	r2, r2, r1
  77 0034 0260     		str	r2, [r0]
 107:Drivers/STM32H5xx_HAL_Driver/Src/stm32h5xx_hal_smbus_ex.c **** 
 108:Drivers/STM32H5xx_HAL_Driver/Src/stm32h5xx_hal_smbus_ex.c ****     hsmbus->State = HAL_SMBUS_STATE_READY;
  78              		.loc 1 108 5 view .LVU19
  79              		.loc 1 108 19 is_stmt 0 view .LVU20
  80 0036 9964     		str	r1, [r3, #72]
 109:Drivers/STM32H5xx_HAL_Driver/Src/stm32h5xx_hal_smbus_ex.c **** 
 110:Drivers/STM32H5xx_HAL_Driver/Src/stm32h5xx_hal_smbus_ex.c ****     /* Process Unlocked */
 111:Drivers/STM32H5xx_HAL_Driver/Src/stm32h5xx_hal_smbus_ex.c ****     __HAL_UNLOCK(hsmbus);
  81              		.loc 1 111 5 is_stmt 1 view .LVU21
  82              		.loc 1 111 5 view .LVU22
  83 0038 0020     		movs	r0, #0
  84 003a 83F84400 		strb	r0, [r3, #68]
  85              		.loc 1 111 5 view .LVU23
 112:Drivers/STM32H5xx_HAL_Driver/Src/stm32h5xx_hal_smbus_ex.c **** 
 113:Drivers/STM32H5xx_HAL_Driver/Src/stm32h5xx_hal_smbus_ex.c ****     return HAL_OK;
  86              		.loc 1 113 5 view .LVU24
  87              		.loc 1 113 12 is_stmt 0 view .LVU25
  88 003e 7047     		bx	lr
  89              	.LVL2:
  90              	.L3:
 114:Drivers/STM32H5xx_HAL_Driver/Src/stm32h5xx_hal_smbus_ex.c ****   }
 115:Drivers/STM32H5xx_HAL_Driver/Src/stm32h5xx_hal_smbus_ex.c ****   else
 116:Drivers/STM32H5xx_HAL_Driver/Src/stm32h5xx_hal_smbus_ex.c ****   {
 117:Drivers/STM32H5xx_HAL_Driver/Src/stm32h5xx_hal_smbus_ex.c ****     return HAL_BUSY;
  91              		.loc 1 117 12 view .LVU26
  92 0040 0220     		movs	r0, #2
  93              	.LVL3:
  94              		.loc 1 117 12 view .LVU27
  95 0042 7047     		bx	lr
  96              	.LVL4:
  97              	.L4:
  96:Drivers/STM32H5xx_HAL_Driver/Src/stm32h5xx_hal_smbus_ex.c **** 
  98              		.loc 1 96 5 discriminator 1 view .LVU28
  99 0044 0220     		movs	r0, #2
 100              	.LVL5:
 118:Drivers/STM32H5xx_HAL_Driver/Src/stm32h5xx_hal_smbus_ex.c ****   }
 119:Drivers/STM32H5xx_HAL_Driver/Src/stm32h5xx_hal_smbus_ex.c **** }
 101              		.loc 1 119 1 view .LVU29
 102 0046 7047     		bx	lr
 103              		.cfi_endproc
 104              	.LFE356:
 106              		.section	.text.HAL_SMBUSEx_DisableWakeUp,"ax",%progbits
 107              		.align	1
 108              		.global	HAL_SMBUSEx_DisableWakeUp
 109              		.syntax unified
 110              		.thumb
ARM GAS  C:\Users\Xuleo\AppData\Local\Temp\ccjv7ezu.s 			page 5


 111              		.thumb_func
 113              	HAL_SMBUSEx_DisableWakeUp:
 114              	.LVL6:
 115              	.LFB357:
 120:Drivers/STM32H5xx_HAL_Driver/Src/stm32h5xx_hal_smbus_ex.c **** 
 121:Drivers/STM32H5xx_HAL_Driver/Src/stm32h5xx_hal_smbus_ex.c **** /**
 122:Drivers/STM32H5xx_HAL_Driver/Src/stm32h5xx_hal_smbus_ex.c ****   * @brief  Disable SMBUS wakeup from Stop mode(s).
 123:Drivers/STM32H5xx_HAL_Driver/Src/stm32h5xx_hal_smbus_ex.c ****   * @param  hsmbus Pointer to a SMBUS_HandleTypeDef structure that contains
 124:Drivers/STM32H5xx_HAL_Driver/Src/stm32h5xx_hal_smbus_ex.c ****   *                the configuration information for the specified SMBUSx peripheral.
 125:Drivers/STM32H5xx_HAL_Driver/Src/stm32h5xx_hal_smbus_ex.c ****   * @retval HAL status
 126:Drivers/STM32H5xx_HAL_Driver/Src/stm32h5xx_hal_smbus_ex.c ****   */
 127:Drivers/STM32H5xx_HAL_Driver/Src/stm32h5xx_hal_smbus_ex.c **** HAL_StatusTypeDef HAL_SMBUSEx_DisableWakeUp(SMBUS_HandleTypeDef *hsmbus)
 128:Drivers/STM32H5xx_HAL_Driver/Src/stm32h5xx_hal_smbus_ex.c **** {
 116              		.loc 1 128 1 is_stmt 1 view -0
 117              		.cfi_startproc
 118              		@ args = 0, pretend = 0, frame = 0
 119              		@ frame_needed = 0, uses_anonymous_args = 0
 120              		@ link register save eliminated.
 121              		.loc 1 128 1 is_stmt 0 view .LVU31
 122 0000 0346     		mov	r3, r0
 129:Drivers/STM32H5xx_HAL_Driver/Src/stm32h5xx_hal_smbus_ex.c ****   /* Check the parameters */
 130:Drivers/STM32H5xx_HAL_Driver/Src/stm32h5xx_hal_smbus_ex.c ****   assert_param(IS_I2C_WAKEUP_FROMSTOP_INSTANCE(hsmbus->Instance));
 123              		.loc 1 130 3 is_stmt 1 view .LVU32
 131:Drivers/STM32H5xx_HAL_Driver/Src/stm32h5xx_hal_smbus_ex.c **** 
 132:Drivers/STM32H5xx_HAL_Driver/Src/stm32h5xx_hal_smbus_ex.c ****   if (hsmbus->State == HAL_SMBUS_STATE_READY)
 124              		.loc 1 132 3 view .LVU33
 125              		.loc 1 132 13 is_stmt 0 view .LVU34
 126 0002 826C     		ldr	r2, [r0, #72]
 127              		.loc 1 132 6 view .LVU35
 128 0004 012A     		cmp	r2, #1
 129 0006 1BD1     		bne	.L7
 133:Drivers/STM32H5xx_HAL_Driver/Src/stm32h5xx_hal_smbus_ex.c ****   {
 134:Drivers/STM32H5xx_HAL_Driver/Src/stm32h5xx_hal_smbus_ex.c ****     /* Process Locked */
 135:Drivers/STM32H5xx_HAL_Driver/Src/stm32h5xx_hal_smbus_ex.c ****     __HAL_LOCK(hsmbus);
 130              		.loc 1 135 5 is_stmt 1 view .LVU36
 131              		.loc 1 135 5 view .LVU37
 132 0008 90F84420 		ldrb	r2, [r0, #68]	@ zero_extendqisi2
 133 000c 012A     		cmp	r2, #1
 134 000e 19D0     		beq	.L8
 135              		.loc 1 135 5 discriminator 2 view .LVU38
 136 0010 0121     		movs	r1, #1
 137 0012 80F84410 		strb	r1, [r0, #68]
 138              		.loc 1 135 5 view .LVU39
 136:Drivers/STM32H5xx_HAL_Driver/Src/stm32h5xx_hal_smbus_ex.c **** 
 137:Drivers/STM32H5xx_HAL_Driver/Src/stm32h5xx_hal_smbus_ex.c ****     hsmbus->State = HAL_SMBUS_STATE_BUSY;
 139              		.loc 1 137 5 view .LVU40
 140              		.loc 1 137 19 is_stmt 0 view .LVU41
 141 0016 0222     		movs	r2, #2
 142 0018 8264     		str	r2, [r0, #72]
 138:Drivers/STM32H5xx_HAL_Driver/Src/stm32h5xx_hal_smbus_ex.c **** 
 139:Drivers/STM32H5xx_HAL_Driver/Src/stm32h5xx_hal_smbus_ex.c ****     /* Disable the selected SMBUS peripheral */
 140:Drivers/STM32H5xx_HAL_Driver/Src/stm32h5xx_hal_smbus_ex.c ****     __HAL_SMBUS_DISABLE(hsmbus);
 143              		.loc 1 140 5 is_stmt 1 view .LVU42
 144 001a 0068     		ldr	r0, [r0]
 145              	.LVL7:
 146              		.loc 1 140 5 is_stmt 0 view .LVU43
 147 001c 0268     		ldr	r2, [r0]
ARM GAS  C:\Users\Xuleo\AppData\Local\Temp\ccjv7ezu.s 			page 6


 148 001e 22F00102 		bic	r2, r2, #1
 149 0022 0260     		str	r2, [r0]
 141:Drivers/STM32H5xx_HAL_Driver/Src/stm32h5xx_hal_smbus_ex.c **** 
 142:Drivers/STM32H5xx_HAL_Driver/Src/stm32h5xx_hal_smbus_ex.c ****     /* Disable wakeup from stop mode */
 143:Drivers/STM32H5xx_HAL_Driver/Src/stm32h5xx_hal_smbus_ex.c ****     hsmbus->Instance->CR1 &= ~(I2C_CR1_WUPEN);
 150              		.loc 1 143 5 is_stmt 1 view .LVU44
 151              		.loc 1 143 11 is_stmt 0 view .LVU45
 152 0024 1868     		ldr	r0, [r3]
 153              		.loc 1 143 21 view .LVU46
 154 0026 0268     		ldr	r2, [r0]
 155              		.loc 1 143 27 view .LVU47
 156 0028 22F48022 		bic	r2, r2, #262144
 157 002c 0260     		str	r2, [r0]
 144:Drivers/STM32H5xx_HAL_Driver/Src/stm32h5xx_hal_smbus_ex.c **** 
 145:Drivers/STM32H5xx_HAL_Driver/Src/stm32h5xx_hal_smbus_ex.c ****     __HAL_SMBUS_ENABLE(hsmbus);
 158              		.loc 1 145 5 is_stmt 1 view .LVU48
 159 002e 1868     		ldr	r0, [r3]
 160 0030 0268     		ldr	r2, [r0]
 161 0032 0A43     		orrs	r2, r2, r1
 162 0034 0260     		str	r2, [r0]
 146:Drivers/STM32H5xx_HAL_Driver/Src/stm32h5xx_hal_smbus_ex.c **** 
 147:Drivers/STM32H5xx_HAL_Driver/Src/stm32h5xx_hal_smbus_ex.c ****     hsmbus->State = HAL_SMBUS_STATE_READY;
 163              		.loc 1 147 5 view .LVU49
 164              		.loc 1 147 19 is_stmt 0 view .LVU50
 165 0036 9964     		str	r1, [r3, #72]
 148:Drivers/STM32H5xx_HAL_Driver/Src/stm32h5xx_hal_smbus_ex.c **** 
 149:Drivers/STM32H5xx_HAL_Driver/Src/stm32h5xx_hal_smbus_ex.c ****     /* Process Unlocked */
 150:Drivers/STM32H5xx_HAL_Driver/Src/stm32h5xx_hal_smbus_ex.c ****     __HAL_UNLOCK(hsmbus);
 166              		.loc 1 150 5 is_stmt 1 view .LVU51
 167              		.loc 1 150 5 view .LVU52
 168 0038 0020     		movs	r0, #0
 169 003a 83F84400 		strb	r0, [r3, #68]
 170              		.loc 1 150 5 view .LVU53
 151:Drivers/STM32H5xx_HAL_Driver/Src/stm32h5xx_hal_smbus_ex.c **** 
 152:Drivers/STM32H5xx_HAL_Driver/Src/stm32h5xx_hal_smbus_ex.c ****     return HAL_OK;
 171              		.loc 1 152 5 view .LVU54
 172              		.loc 1 152 12 is_stmt 0 view .LVU55
 173 003e 7047     		bx	lr
 174              	.LVL8:
 175              	.L7:
 153:Drivers/STM32H5xx_HAL_Driver/Src/stm32h5xx_hal_smbus_ex.c ****   }
 154:Drivers/STM32H5xx_HAL_Driver/Src/stm32h5xx_hal_smbus_ex.c ****   else
 155:Drivers/STM32H5xx_HAL_Driver/Src/stm32h5xx_hal_smbus_ex.c ****   {
 156:Drivers/STM32H5xx_HAL_Driver/Src/stm32h5xx_hal_smbus_ex.c ****     return HAL_BUSY;
 176              		.loc 1 156 12 view .LVU56
 177 0040 0220     		movs	r0, #2
 178              	.LVL9:
 179              		.loc 1 156 12 view .LVU57
 180 0042 7047     		bx	lr
 181              	.LVL10:
 182              	.L8:
 135:Drivers/STM32H5xx_HAL_Driver/Src/stm32h5xx_hal_smbus_ex.c **** 
 183              		.loc 1 135 5 discriminator 1 view .LVU58
 184 0044 0220     		movs	r0, #2
 185              	.LVL11:
 157:Drivers/STM32H5xx_HAL_Driver/Src/stm32h5xx_hal_smbus_ex.c ****   }
 158:Drivers/STM32H5xx_HAL_Driver/Src/stm32h5xx_hal_smbus_ex.c **** }
ARM GAS  C:\Users\Xuleo\AppData\Local\Temp\ccjv7ezu.s 			page 7


 186              		.loc 1 158 1 view .LVU59
 187 0046 7047     		bx	lr
 188              		.cfi_endproc
 189              	.LFE357:
 191              		.section	.text.HAL_SMBUSEx_ConfigFastModePlus,"ax",%progbits
 192              		.align	1
 193              		.global	HAL_SMBUSEx_ConfigFastModePlus
 194              		.syntax unified
 195              		.thumb
 196              		.thumb_func
 198              	HAL_SMBUSEx_ConfigFastModePlus:
 199              	.LVL12:
 200              	.LFB358:
 159:Drivers/STM32H5xx_HAL_Driver/Src/stm32h5xx_hal_smbus_ex.c **** /**
 160:Drivers/STM32H5xx_HAL_Driver/Src/stm32h5xx_hal_smbus_ex.c ****   * @}
 161:Drivers/STM32H5xx_HAL_Driver/Src/stm32h5xx_hal_smbus_ex.c ****   */
 162:Drivers/STM32H5xx_HAL_Driver/Src/stm32h5xx_hal_smbus_ex.c **** 
 163:Drivers/STM32H5xx_HAL_Driver/Src/stm32h5xx_hal_smbus_ex.c **** /** @defgroup SMBUSEx_Exported_Functions_Group3 Fast Mode Plus Functions
 164:Drivers/STM32H5xx_HAL_Driver/Src/stm32h5xx_hal_smbus_ex.c ****   * @brief    Fast Mode Plus Functions
 165:Drivers/STM32H5xx_HAL_Driver/Src/stm32h5xx_hal_smbus_ex.c ****   *
 166:Drivers/STM32H5xx_HAL_Driver/Src/stm32h5xx_hal_smbus_ex.c **** @verbatim
 167:Drivers/STM32H5xx_HAL_Driver/Src/stm32h5xx_hal_smbus_ex.c ****  ===============================================================================
 168:Drivers/STM32H5xx_HAL_Driver/Src/stm32h5xx_hal_smbus_ex.c ****                       ##### Fast Mode Plus Functions #####
 169:Drivers/STM32H5xx_HAL_Driver/Src/stm32h5xx_hal_smbus_ex.c ****  ===============================================================================
 170:Drivers/STM32H5xx_HAL_Driver/Src/stm32h5xx_hal_smbus_ex.c ****     [..] This section provides functions allowing to:
 171:Drivers/STM32H5xx_HAL_Driver/Src/stm32h5xx_hal_smbus_ex.c ****       (+) Configure Fast Mode Plus
 172:Drivers/STM32H5xx_HAL_Driver/Src/stm32h5xx_hal_smbus_ex.c **** 
 173:Drivers/STM32H5xx_HAL_Driver/Src/stm32h5xx_hal_smbus_ex.c **** @endverbatim
 174:Drivers/STM32H5xx_HAL_Driver/Src/stm32h5xx_hal_smbus_ex.c ****   * @{
 175:Drivers/STM32H5xx_HAL_Driver/Src/stm32h5xx_hal_smbus_ex.c ****   */
 176:Drivers/STM32H5xx_HAL_Driver/Src/stm32h5xx_hal_smbus_ex.c **** 
 177:Drivers/STM32H5xx_HAL_Driver/Src/stm32h5xx_hal_smbus_ex.c **** /**
 178:Drivers/STM32H5xx_HAL_Driver/Src/stm32h5xx_hal_smbus_ex.c ****   * @brief  Configure SMBUS Fast Mode Plus.
 179:Drivers/STM32H5xx_HAL_Driver/Src/stm32h5xx_hal_smbus_ex.c ****   * @param  hsmbus Pointer to a SMBUS_HandleTypeDef structure that contains
 180:Drivers/STM32H5xx_HAL_Driver/Src/stm32h5xx_hal_smbus_ex.c ****   *                the configuration information for the specified SMBUSx peripheral.
 181:Drivers/STM32H5xx_HAL_Driver/Src/stm32h5xx_hal_smbus_ex.c ****   * @param  FastModePlus New state of the Fast Mode Plus.
 182:Drivers/STM32H5xx_HAL_Driver/Src/stm32h5xx_hal_smbus_ex.c ****   * @retval HAL status
 183:Drivers/STM32H5xx_HAL_Driver/Src/stm32h5xx_hal_smbus_ex.c ****   */
 184:Drivers/STM32H5xx_HAL_Driver/Src/stm32h5xx_hal_smbus_ex.c **** HAL_StatusTypeDef HAL_SMBUSEx_ConfigFastModePlus(SMBUS_HandleTypeDef *hsmbus, uint32_t FastModePlus
 185:Drivers/STM32H5xx_HAL_Driver/Src/stm32h5xx_hal_smbus_ex.c **** {
 201              		.loc 1 185 1 is_stmt 1 view -0
 202              		.cfi_startproc
 203              		@ args = 0, pretend = 0, frame = 0
 204              		@ frame_needed = 0, uses_anonymous_args = 0
 205              		@ link register save eliminated.
 206              		.loc 1 185 1 is_stmt 0 view .LVU61
 207 0000 0346     		mov	r3, r0
 186:Drivers/STM32H5xx_HAL_Driver/Src/stm32h5xx_hal_smbus_ex.c ****   /* Check the parameters */
 187:Drivers/STM32H5xx_HAL_Driver/Src/stm32h5xx_hal_smbus_ex.c ****   assert_param(IS_SMBUS_ALL_INSTANCE(hsmbus->Instance));
 208              		.loc 1 187 3 is_stmt 1 view .LVU62
 188:Drivers/STM32H5xx_HAL_Driver/Src/stm32h5xx_hal_smbus_ex.c ****   assert_param(IS_SMBUS_FASTMODEPLUS(FastModePlus));
 209              		.loc 1 188 3 view .LVU63
 189:Drivers/STM32H5xx_HAL_Driver/Src/stm32h5xx_hal_smbus_ex.c **** 
 190:Drivers/STM32H5xx_HAL_Driver/Src/stm32h5xx_hal_smbus_ex.c ****   if (hsmbus->State == HAL_SMBUS_STATE_READY)
 210              		.loc 1 190 3 view .LVU64
 211              		.loc 1 190 13 is_stmt 0 view .LVU65
 212 0002 826C     		ldr	r2, [r0, #72]
ARM GAS  C:\Users\Xuleo\AppData\Local\Temp\ccjv7ezu.s 			page 8


 213              		.loc 1 190 6 view .LVU66
 214 0004 012A     		cmp	r2, #1
 215 0006 24D1     		bne	.L13
 191:Drivers/STM32H5xx_HAL_Driver/Src/stm32h5xx_hal_smbus_ex.c ****   {
 192:Drivers/STM32H5xx_HAL_Driver/Src/stm32h5xx_hal_smbus_ex.c ****     /* Process Locked */
 193:Drivers/STM32H5xx_HAL_Driver/Src/stm32h5xx_hal_smbus_ex.c ****     __HAL_LOCK(hsmbus);
 216              		.loc 1 193 5 is_stmt 1 view .LVU67
 217              		.loc 1 193 5 view .LVU68
 218 0008 90F84420 		ldrb	r2, [r0, #68]	@ zero_extendqisi2
 219 000c 012A     		cmp	r2, #1
 220 000e 22D0     		beq	.L14
 221              		.loc 1 193 5 discriminator 2 view .LVU69
 222 0010 0122     		movs	r2, #1
 223 0012 80F84420 		strb	r2, [r0, #68]
 224              		.loc 1 193 5 view .LVU70
 194:Drivers/STM32H5xx_HAL_Driver/Src/stm32h5xx_hal_smbus_ex.c **** 
 195:Drivers/STM32H5xx_HAL_Driver/Src/stm32h5xx_hal_smbus_ex.c ****     hsmbus->State = HAL_SMBUS_STATE_BUSY;
 225              		.loc 1 195 5 view .LVU71
 226              		.loc 1 195 19 is_stmt 0 view .LVU72
 227 0016 0222     		movs	r2, #2
 228 0018 8264     		str	r2, [r0, #72]
 196:Drivers/STM32H5xx_HAL_Driver/Src/stm32h5xx_hal_smbus_ex.c **** 
 197:Drivers/STM32H5xx_HAL_Driver/Src/stm32h5xx_hal_smbus_ex.c ****     /* Disable the selected SMBUS peripheral */
 198:Drivers/STM32H5xx_HAL_Driver/Src/stm32h5xx_hal_smbus_ex.c ****     __HAL_SMBUS_DISABLE(hsmbus);
 229              		.loc 1 198 5 is_stmt 1 view .LVU73
 230 001a 0068     		ldr	r0, [r0]
 231              	.LVL13:
 232              		.loc 1 198 5 is_stmt 0 view .LVU74
 233 001c 0268     		ldr	r2, [r0]
 234 001e 22F00102 		bic	r2, r2, #1
 235 0022 0260     		str	r2, [r0]
 199:Drivers/STM32H5xx_HAL_Driver/Src/stm32h5xx_hal_smbus_ex.c **** 
 200:Drivers/STM32H5xx_HAL_Driver/Src/stm32h5xx_hal_smbus_ex.c ****     if (FastModePlus == SMBUS_FASTMODEPLUS_ENABLE)
 236              		.loc 1 200 5 is_stmt 1 view .LVU75
 237              		.loc 1 200 8 is_stmt 0 view .LVU76
 238 0024 79B9     		cbnz	r1, .L11
 201:Drivers/STM32H5xx_HAL_Driver/Src/stm32h5xx_hal_smbus_ex.c ****     {
 202:Drivers/STM32H5xx_HAL_Driver/Src/stm32h5xx_hal_smbus_ex.c ****       /* Set SMBUSx FMP bit */
 203:Drivers/STM32H5xx_HAL_Driver/Src/stm32h5xx_hal_smbus_ex.c ****       hsmbus->Instance->CR1 |= (I2C_CR1_FMP);
 239              		.loc 1 203 7 is_stmt 1 view .LVU77
 240              		.loc 1 203 13 is_stmt 0 view .LVU78
 241 0026 1968     		ldr	r1, [r3]
 242              	.LVL14:
 243              		.loc 1 203 23 view .LVU79
 244 0028 0A68     		ldr	r2, [r1]
 245              		.loc 1 203 29 view .LVU80
 246 002a 42F08072 		orr	r2, r2, #16777216
 247 002e 0A60     		str	r2, [r1]
 248              	.L12:
 204:Drivers/STM32H5xx_HAL_Driver/Src/stm32h5xx_hal_smbus_ex.c ****     }
 205:Drivers/STM32H5xx_HAL_Driver/Src/stm32h5xx_hal_smbus_ex.c ****     else
 206:Drivers/STM32H5xx_HAL_Driver/Src/stm32h5xx_hal_smbus_ex.c ****     {
 207:Drivers/STM32H5xx_HAL_Driver/Src/stm32h5xx_hal_smbus_ex.c ****       /* Reset SMBUSx FMP bit */
 208:Drivers/STM32H5xx_HAL_Driver/Src/stm32h5xx_hal_smbus_ex.c ****       hsmbus->Instance->CR1 &= ~(I2C_CR1_FMP);
 209:Drivers/STM32H5xx_HAL_Driver/Src/stm32h5xx_hal_smbus_ex.c ****     }
 210:Drivers/STM32H5xx_HAL_Driver/Src/stm32h5xx_hal_smbus_ex.c **** 
 211:Drivers/STM32H5xx_HAL_Driver/Src/stm32h5xx_hal_smbus_ex.c ****     __HAL_SMBUS_ENABLE(hsmbus);
ARM GAS  C:\Users\Xuleo\AppData\Local\Temp\ccjv7ezu.s 			page 9


 249              		.loc 1 211 5 is_stmt 1 view .LVU81
 250 0030 1968     		ldr	r1, [r3]
 251 0032 0A68     		ldr	r2, [r1]
 252 0034 42F00102 		orr	r2, r2, #1
 253 0038 0A60     		str	r2, [r1]
 212:Drivers/STM32H5xx_HAL_Driver/Src/stm32h5xx_hal_smbus_ex.c **** 
 213:Drivers/STM32H5xx_HAL_Driver/Src/stm32h5xx_hal_smbus_ex.c ****     hsmbus->State = HAL_SMBUS_STATE_READY;
 254              		.loc 1 213 5 view .LVU82
 255              		.loc 1 213 19 is_stmt 0 view .LVU83
 256 003a 0122     		movs	r2, #1
 257 003c 9A64     		str	r2, [r3, #72]
 214:Drivers/STM32H5xx_HAL_Driver/Src/stm32h5xx_hal_smbus_ex.c **** 
 215:Drivers/STM32H5xx_HAL_Driver/Src/stm32h5xx_hal_smbus_ex.c ****     /* Process Unlocked */
 216:Drivers/STM32H5xx_HAL_Driver/Src/stm32h5xx_hal_smbus_ex.c ****     __HAL_UNLOCK(hsmbus);
 258              		.loc 1 216 5 is_stmt 1 view .LVU84
 259              		.loc 1 216 5 view .LVU85
 260 003e 0020     		movs	r0, #0
 261 0040 83F84400 		strb	r0, [r3, #68]
 262              		.loc 1 216 5 view .LVU86
 217:Drivers/STM32H5xx_HAL_Driver/Src/stm32h5xx_hal_smbus_ex.c **** 
 218:Drivers/STM32H5xx_HAL_Driver/Src/stm32h5xx_hal_smbus_ex.c ****     return HAL_OK;
 263              		.loc 1 218 5 view .LVU87
 264              		.loc 1 218 12 is_stmt 0 view .LVU88
 265 0044 7047     		bx	lr
 266              	.LVL15:
 267              	.L11:
 208:Drivers/STM32H5xx_HAL_Driver/Src/stm32h5xx_hal_smbus_ex.c ****     }
 268              		.loc 1 208 7 is_stmt 1 view .LVU89
 208:Drivers/STM32H5xx_HAL_Driver/Src/stm32h5xx_hal_smbus_ex.c ****     }
 269              		.loc 1 208 13 is_stmt 0 view .LVU90
 270 0046 1968     		ldr	r1, [r3]
 271              	.LVL16:
 208:Drivers/STM32H5xx_HAL_Driver/Src/stm32h5xx_hal_smbus_ex.c ****     }
 272              		.loc 1 208 23 view .LVU91
 273 0048 0A68     		ldr	r2, [r1]
 208:Drivers/STM32H5xx_HAL_Driver/Src/stm32h5xx_hal_smbus_ex.c ****     }
 274              		.loc 1 208 29 view .LVU92
 275 004a 22F08072 		bic	r2, r2, #16777216
 276 004e 0A60     		str	r2, [r1]
 277 0050 EEE7     		b	.L12
 278              	.LVL17:
 279              	.L13:
 219:Drivers/STM32H5xx_HAL_Driver/Src/stm32h5xx_hal_smbus_ex.c ****   }
 220:Drivers/STM32H5xx_HAL_Driver/Src/stm32h5xx_hal_smbus_ex.c ****   else
 221:Drivers/STM32H5xx_HAL_Driver/Src/stm32h5xx_hal_smbus_ex.c ****   {
 222:Drivers/STM32H5xx_HAL_Driver/Src/stm32h5xx_hal_smbus_ex.c ****     return HAL_BUSY;
 280              		.loc 1 222 12 view .LVU93
 281 0052 0220     		movs	r0, #2
 282              	.LVL18:
 283              		.loc 1 222 12 view .LVU94
 284 0054 7047     		bx	lr
 285              	.LVL19:
 286              	.L14:
 193:Drivers/STM32H5xx_HAL_Driver/Src/stm32h5xx_hal_smbus_ex.c **** 
 287              		.loc 1 193 5 discriminator 1 view .LVU95
 288 0056 0220     		movs	r0, #2
 289              	.LVL20:
ARM GAS  C:\Users\Xuleo\AppData\Local\Temp\ccjv7ezu.s 			page 10


 223:Drivers/STM32H5xx_HAL_Driver/Src/stm32h5xx_hal_smbus_ex.c ****   }
 224:Drivers/STM32H5xx_HAL_Driver/Src/stm32h5xx_hal_smbus_ex.c **** }
 290              		.loc 1 224 1 view .LVU96
 291 0058 7047     		bx	lr
 292              		.cfi_endproc
 293              	.LFE358:
 295              		.text
 296              	.Letext0:
 297              		.file 2 "C:/thirdpartyLibs/arm-gnu-toolchain-15.2/arm-none-eabi/include/machine/_default_types.h"
 298              		.file 3 "C:/thirdpartyLibs/arm-gnu-toolchain-15.2/arm-none-eabi/include/sys/_stdint.h"
 299              		.file 4 "Drivers/CMSIS/Device/ST/STM32H5xx/Include/stm32h523xx.h"
 300              		.file 5 "Drivers/STM32H5xx_HAL_Driver/Inc/stm32h5xx_hal_def.h"
 301              		.file 6 "Drivers/STM32H5xx_HAL_Driver/Inc/stm32h5xx_hal_smbus.h"
ARM GAS  C:\Users\Xuleo\AppData\Local\Temp\ccjv7ezu.s 			page 11


DEFINED SYMBOLS
                            *ABS*:00000000 stm32h5xx_hal_smbus_ex.c
C:\Users\Xuleo\AppData\Local\Temp\ccjv7ezu.s:22     .text.HAL_SMBUSEx_EnableWakeUp:00000000 $t
C:\Users\Xuleo\AppData\Local\Temp\ccjv7ezu.s:28     .text.HAL_SMBUSEx_EnableWakeUp:00000000 HAL_SMBUSEx_EnableWakeUp
C:\Users\Xuleo\AppData\Local\Temp\ccjv7ezu.s:107    .text.HAL_SMBUSEx_DisableWakeUp:00000000 $t
C:\Users\Xuleo\AppData\Local\Temp\ccjv7ezu.s:113    .text.HAL_SMBUSEx_DisableWakeUp:00000000 HAL_SMBUSEx_DisableWakeUp
C:\Users\Xuleo\AppData\Local\Temp\ccjv7ezu.s:192    .text.HAL_SMBUSEx_ConfigFastModePlus:00000000 $t
C:\Users\Xuleo\AppData\Local\Temp\ccjv7ezu.s:198    .text.HAL_SMBUSEx_ConfigFastModePlus:00000000 HAL_SMBUSEx_ConfigFastModePlus

NO UNDEFINED SYMBOLS
