ARM GAS  C:\Users\Xuleo\AppData\Local\Temp\ccjwgNHc.s 			page 1


   1              		.cpu cortex-m33
   2              		.arch armv8-m.main
   3              		.fpu fpv5-sp-d16
   4              		.arch_extension dsp
   5              		.eabi_attribute 27, 1
   6              		.eabi_attribute 28, 1
   7              		.eabi_attribute 20, 1
   8              		.eabi_attribute 21, 1
   9              		.eabi_attribute 23, 3
  10              		.eabi_attribute 24, 1
  11              		.eabi_attribute 25, 1
  12              		.eabi_attribute 26, 1
  13              		.eabi_attribute 30, 1
  14              		.eabi_attribute 34, 1
  15              		.eabi_attribute 18, 4
  16              		.file	"stm32h5xx_it.c"
  17              		.text
  18              	.Ltext0:
  19              		.cfi_sections	.debug_frame
  20              		.file 1 "Core/Src/stm32h5xx_it.c"
  21              		.section	.text.NMI_Handler,"ax",%progbits
  22              		.align	1
  23              		.global	NMI_Handler
  24              		.syntax unified
  25              		.thumb
  26              		.thumb_func
  28              	NMI_Handler:
  29              	.LFB356:
   1:Core/Src/stm32h5xx_it.c **** /* USER CODE BEGIN Header */
   2:Core/Src/stm32h5xx_it.c **** /**
   3:Core/Src/stm32h5xx_it.c ****   ******************************************************************************
   4:Core/Src/stm32h5xx_it.c ****   * @file    stm32h5xx_it.c
   5:Core/Src/stm32h5xx_it.c ****   * @brief   Interrupt Service Routines.
   6:Core/Src/stm32h5xx_it.c ****   ******************************************************************************
   7:Core/Src/stm32h5xx_it.c ****   * @attention
   8:Core/Src/stm32h5xx_it.c ****   *
   9:Core/Src/stm32h5xx_it.c ****   * Copyright (c) 2026 STMicroelectronics.
  10:Core/Src/stm32h5xx_it.c ****   * All rights reserved.
  11:Core/Src/stm32h5xx_it.c ****   *
  12:Core/Src/stm32h5xx_it.c ****   * This software is licensed under terms that can be found in the LICENSE file
  13:Core/Src/stm32h5xx_it.c ****   * in the root directory of this software component.
  14:Core/Src/stm32h5xx_it.c ****   * If no LICENSE file comes with this software, it is provided AS-IS.
  15:Core/Src/stm32h5xx_it.c ****   *
  16:Core/Src/stm32h5xx_it.c ****   ******************************************************************************
  17:Core/Src/stm32h5xx_it.c ****   */
  18:Core/Src/stm32h5xx_it.c **** /* USER CODE END Header */
  19:Core/Src/stm32h5xx_it.c **** 
  20:Core/Src/stm32h5xx_it.c **** /* Includes ------------------------------------------------------------------*/
  21:Core/Src/stm32h5xx_it.c **** #include "main.h"
  22:Core/Src/stm32h5xx_it.c **** #include "stm32h5xx_it.h"
  23:Core/Src/stm32h5xx_it.c **** /* Private includes ----------------------------------------------------------*/
  24:Core/Src/stm32h5xx_it.c **** /* USER CODE BEGIN Includes */
  25:Core/Src/stm32h5xx_it.c **** /* USER CODE END Includes */
  26:Core/Src/stm32h5xx_it.c **** 
  27:Core/Src/stm32h5xx_it.c **** /* Private typedef -----------------------------------------------------------*/
  28:Core/Src/stm32h5xx_it.c **** /* USER CODE BEGIN TD */
  29:Core/Src/stm32h5xx_it.c **** 
ARM GAS  C:\Users\Xuleo\AppData\Local\Temp\ccjwgNHc.s 			page 2


  30:Core/Src/stm32h5xx_it.c **** /* USER CODE END TD */
  31:Core/Src/stm32h5xx_it.c **** 
  32:Core/Src/stm32h5xx_it.c **** /* Private define ------------------------------------------------------------*/
  33:Core/Src/stm32h5xx_it.c **** /* USER CODE BEGIN PD */
  34:Core/Src/stm32h5xx_it.c **** 
  35:Core/Src/stm32h5xx_it.c **** /* USER CODE END PD */
  36:Core/Src/stm32h5xx_it.c **** 
  37:Core/Src/stm32h5xx_it.c **** /* Private macro -------------------------------------------------------------*/
  38:Core/Src/stm32h5xx_it.c **** /* USER CODE BEGIN PM */
  39:Core/Src/stm32h5xx_it.c **** 
  40:Core/Src/stm32h5xx_it.c **** /* USER CODE END PM */
  41:Core/Src/stm32h5xx_it.c **** 
  42:Core/Src/stm32h5xx_it.c **** /* Private variables ---------------------------------------------------------*/
  43:Core/Src/stm32h5xx_it.c **** /* USER CODE BEGIN PV */
  44:Core/Src/stm32h5xx_it.c **** 
  45:Core/Src/stm32h5xx_it.c **** /* USER CODE END PV */
  46:Core/Src/stm32h5xx_it.c **** 
  47:Core/Src/stm32h5xx_it.c **** /* Private function prototypes -----------------------------------------------*/
  48:Core/Src/stm32h5xx_it.c **** /* USER CODE BEGIN PFP */
  49:Core/Src/stm32h5xx_it.c **** 
  50:Core/Src/stm32h5xx_it.c **** /* USER CODE END PFP */
  51:Core/Src/stm32h5xx_it.c **** 
  52:Core/Src/stm32h5xx_it.c **** /* Private user code ---------------------------------------------------------*/
  53:Core/Src/stm32h5xx_it.c **** /* USER CODE BEGIN 0 */
  54:Core/Src/stm32h5xx_it.c **** 
  55:Core/Src/stm32h5xx_it.c **** /* USER CODE END 0 */
  56:Core/Src/stm32h5xx_it.c **** 
  57:Core/Src/stm32h5xx_it.c **** /* External variables --------------------------------------------------------*/
  58:Core/Src/stm32h5xx_it.c **** extern DMA_HandleTypeDef handle_GPDMA1_Channel1;
  59:Core/Src/stm32h5xx_it.c **** extern DMA_NodeTypeDef Node_GPDMA1_Channel0;
  60:Core/Src/stm32h5xx_it.c **** extern DMA_QListTypeDef List_GPDMA1_Channel0;
  61:Core/Src/stm32h5xx_it.c **** extern DMA_HandleTypeDef handle_GPDMA1_Channel0;
  62:Core/Src/stm32h5xx_it.c **** extern UART_HandleTypeDef huart1;
  63:Core/Src/stm32h5xx_it.c **** /* USER CODE BEGIN EV */
  64:Core/Src/stm32h5xx_it.c **** 
  65:Core/Src/stm32h5xx_it.c **** /* USER CODE END EV */
  66:Core/Src/stm32h5xx_it.c **** 
  67:Core/Src/stm32h5xx_it.c **** /******************************************************************************/
  68:Core/Src/stm32h5xx_it.c **** /*           Cortex Processor Interruption and Exception Handlers          */
  69:Core/Src/stm32h5xx_it.c **** /******************************************************************************/
  70:Core/Src/stm32h5xx_it.c **** /**
  71:Core/Src/stm32h5xx_it.c ****   * @brief This function handles Non maskable interrupt.
  72:Core/Src/stm32h5xx_it.c ****   */
  73:Core/Src/stm32h5xx_it.c **** void NMI_Handler(void)
  74:Core/Src/stm32h5xx_it.c **** {
  30              		.loc 1 74 1 view -0
  31              		.cfi_startproc
  32              		@ Volatile: function does not return.
  33              		@ args = 0, pretend = 0, frame = 0
  34              		@ frame_needed = 0, uses_anonymous_args = 0
  35              		@ link register save eliminated.
  36              	.L2:
  75:Core/Src/stm32h5xx_it.c ****   /* USER CODE BEGIN NonMaskableInt_IRQn 0 */
  76:Core/Src/stm32h5xx_it.c **** 
  77:Core/Src/stm32h5xx_it.c ****   /* USER CODE END NonMaskableInt_IRQn 0 */
  78:Core/Src/stm32h5xx_it.c ****   /* USER CODE BEGIN NonMaskableInt_IRQn 1 */
  79:Core/Src/stm32h5xx_it.c ****    while (1)
ARM GAS  C:\Users\Xuleo\AppData\Local\Temp\ccjwgNHc.s 			page 3


  37              		.loc 1 79 4 view .LVU1
  80:Core/Src/stm32h5xx_it.c ****   {
  81:Core/Src/stm32h5xx_it.c ****   }
  38              		.loc 1 81 3 view .LVU2
  79:Core/Src/stm32h5xx_it.c ****   {
  39              		.loc 1 79 10 view .LVU3
  40 0000 FEE7     		b	.L2
  41              		.cfi_endproc
  42              	.LFE356:
  44              		.section	.text.HardFault_Handler,"ax",%progbits
  45              		.align	1
  46              		.global	HardFault_Handler
  47              		.syntax unified
  48              		.thumb
  49              		.thumb_func
  51              	HardFault_Handler:
  52              	.LFB357:
  82:Core/Src/stm32h5xx_it.c ****   /* USER CODE END NonMaskableInt_IRQn 1 */
  83:Core/Src/stm32h5xx_it.c **** }
  84:Core/Src/stm32h5xx_it.c **** 
  85:Core/Src/stm32h5xx_it.c **** /**
  86:Core/Src/stm32h5xx_it.c ****   * @brief This function handles Hard fault interrupt.
  87:Core/Src/stm32h5xx_it.c ****   */
  88:Core/Src/stm32h5xx_it.c **** void HardFault_Handler(void)
  89:Core/Src/stm32h5xx_it.c **** {
  53              		.loc 1 89 1 view -0
  54              		.cfi_startproc
  55              		@ Volatile: function does not return.
  56              		@ args = 0, pretend = 0, frame = 0
  57              		@ frame_needed = 0, uses_anonymous_args = 0
  58              		@ link register save eliminated.
  59              	.L4:
  90:Core/Src/stm32h5xx_it.c ****   /* USER CODE BEGIN HardFault_IRQn 0 */
  91:Core/Src/stm32h5xx_it.c **** 
  92:Core/Src/stm32h5xx_it.c ****   /* USER CODE END HardFault_IRQn 0 */
  93:Core/Src/stm32h5xx_it.c ****   while (1)
  60              		.loc 1 93 3 view .LVU5
  94:Core/Src/stm32h5xx_it.c ****   {
  95:Core/Src/stm32h5xx_it.c ****     /* USER CODE BEGIN W1_HardFault_IRQn 0 */
  96:Core/Src/stm32h5xx_it.c ****     /* USER CODE END W1_HardFault_IRQn 0 */
  97:Core/Src/stm32h5xx_it.c ****   }
  61              		.loc 1 97 3 view .LVU6
  93:Core/Src/stm32h5xx_it.c ****   {
  62              		.loc 1 93 9 view .LVU7
  63 0000 FEE7     		b	.L4
  64              		.cfi_endproc
  65              	.LFE357:
  67              		.section	.text.MemManage_Handler,"ax",%progbits
  68              		.align	1
  69              		.global	MemManage_Handler
  70              		.syntax unified
  71              		.thumb
  72              		.thumb_func
  74              	MemManage_Handler:
  75              	.LFB358:
  98:Core/Src/stm32h5xx_it.c **** }
  99:Core/Src/stm32h5xx_it.c **** 
ARM GAS  C:\Users\Xuleo\AppData\Local\Temp\ccjwgNHc.s 			page 4


 100:Core/Src/stm32h5xx_it.c **** /**
 101:Core/Src/stm32h5xx_it.c ****   * @brief This function handles Memory management fault.
 102:Core/Src/stm32h5xx_it.c ****   */
 103:Core/Src/stm32h5xx_it.c **** void MemManage_Handler(void)
 104:Core/Src/stm32h5xx_it.c **** {
  76              		.loc 1 104 1 view -0
  77              		.cfi_startproc
  78              		@ Volatile: function does not return.
  79              		@ args = 0, pretend = 0, frame = 0
  80              		@ frame_needed = 0, uses_anonymous_args = 0
  81              		@ link register save eliminated.
  82              	.L6:
 105:Core/Src/stm32h5xx_it.c ****   /* USER CODE BEGIN MemoryManagement_IRQn 0 */
 106:Core/Src/stm32h5xx_it.c **** 
 107:Core/Src/stm32h5xx_it.c ****   /* USER CODE END MemoryManagement_IRQn 0 */
 108:Core/Src/stm32h5xx_it.c ****   while (1)
  83              		.loc 1 108 3 view .LVU9
 109:Core/Src/stm32h5xx_it.c ****   {
 110:Core/Src/stm32h5xx_it.c ****     /* USER CODE BEGIN W1_MemoryManagement_IRQn 0 */
 111:Core/Src/stm32h5xx_it.c ****     /* USER CODE END W1_MemoryManagement_IRQn 0 */
 112:Core/Src/stm32h5xx_it.c ****   }
  84              		.loc 1 112 3 view .LVU10
 108:Core/Src/stm32h5xx_it.c ****   {
  85              		.loc 1 108 9 view .LVU11
  86 0000 FEE7     		b	.L6
  87              		.cfi_endproc
  88              	.LFE358:
  90              		.section	.text.BusFault_Handler,"ax",%progbits
  91              		.align	1
  92              		.global	BusFault_Handler
  93              		.syntax unified
  94              		.thumb
  95              		.thumb_func
  97              	BusFault_Handler:
  98              	.LFB359:
 113:Core/Src/stm32h5xx_it.c **** }
 114:Core/Src/stm32h5xx_it.c **** 
 115:Core/Src/stm32h5xx_it.c **** /**
 116:Core/Src/stm32h5xx_it.c ****   * @brief This function handles Pre-fetch fault, memory access fault.
 117:Core/Src/stm32h5xx_it.c ****   */
 118:Core/Src/stm32h5xx_it.c **** void BusFault_Handler(void)
 119:Core/Src/stm32h5xx_it.c **** {
  99              		.loc 1 119 1 view -0
 100              		.cfi_startproc
 101              		@ Volatile: function does not return.
 102              		@ args = 0, pretend = 0, frame = 0
 103              		@ frame_needed = 0, uses_anonymous_args = 0
 104              		@ link register save eliminated.
 105              	.L8:
 120:Core/Src/stm32h5xx_it.c ****   /* USER CODE BEGIN BusFault_IRQn 0 */
 121:Core/Src/stm32h5xx_it.c **** 
 122:Core/Src/stm32h5xx_it.c ****   /* USER CODE END BusFault_IRQn 0 */
 123:Core/Src/stm32h5xx_it.c ****   while (1)
 106              		.loc 1 123 3 view .LVU13
 124:Core/Src/stm32h5xx_it.c ****   {
 125:Core/Src/stm32h5xx_it.c ****     /* USER CODE BEGIN W1_BusFault_IRQn 0 */
 126:Core/Src/stm32h5xx_it.c ****     /* USER CODE END W1_BusFault_IRQn 0 */
ARM GAS  C:\Users\Xuleo\AppData\Local\Temp\ccjwgNHc.s 			page 5


 127:Core/Src/stm32h5xx_it.c ****   }
 107              		.loc 1 127 3 view .LVU14
 123:Core/Src/stm32h5xx_it.c ****   {
 108              		.loc 1 123 9 view .LVU15
 109 0000 FEE7     		b	.L8
 110              		.cfi_endproc
 111              	.LFE359:
 113              		.section	.text.UsageFault_Handler,"ax",%progbits
 114              		.align	1
 115              		.global	UsageFault_Handler
 116              		.syntax unified
 117              		.thumb
 118              		.thumb_func
 120              	UsageFault_Handler:
 121              	.LFB360:
 128:Core/Src/stm32h5xx_it.c **** }
 129:Core/Src/stm32h5xx_it.c **** 
 130:Core/Src/stm32h5xx_it.c **** /**
 131:Core/Src/stm32h5xx_it.c ****   * @brief This function handles Undefined instruction or illegal state.
 132:Core/Src/stm32h5xx_it.c ****   */
 133:Core/Src/stm32h5xx_it.c **** void UsageFault_Handler(void)
 134:Core/Src/stm32h5xx_it.c **** {
 122              		.loc 1 134 1 view -0
 123              		.cfi_startproc
 124              		@ Volatile: function does not return.
 125              		@ args = 0, pretend = 0, frame = 0
 126              		@ frame_needed = 0, uses_anonymous_args = 0
 127              		@ link register save eliminated.
 128              	.L10:
 135:Core/Src/stm32h5xx_it.c ****   /* USER CODE BEGIN UsageFault_IRQn 0 */
 136:Core/Src/stm32h5xx_it.c **** 
 137:Core/Src/stm32h5xx_it.c ****   /* USER CODE END UsageFault_IRQn 0 */
 138:Core/Src/stm32h5xx_it.c ****   while (1)
 129              		.loc 1 138 3 view .LVU17
 139:Core/Src/stm32h5xx_it.c ****   {
 140:Core/Src/stm32h5xx_it.c ****     /* USER CODE BEGIN W1_UsageFault_IRQn 0 */
 141:Core/Src/stm32h5xx_it.c ****     /* USER CODE END W1_UsageFault_IRQn 0 */
 142:Core/Src/stm32h5xx_it.c ****   }
 130              		.loc 1 142 3 view .LVU18
 138:Core/Src/stm32h5xx_it.c ****   {
 131              		.loc 1 138 9 view .LVU19
 132 0000 FEE7     		b	.L10
 133              		.cfi_endproc
 134              	.LFE360:
 136              		.section	.text.SVC_Handler,"ax",%progbits
 137              		.align	1
 138              		.global	SVC_Handler
 139              		.syntax unified
 140              		.thumb
 141              		.thumb_func
 143              	SVC_Handler:
 144              	.LFB361:
 143:Core/Src/stm32h5xx_it.c **** }
 144:Core/Src/stm32h5xx_it.c **** 
 145:Core/Src/stm32h5xx_it.c **** /**
 146:Core/Src/stm32h5xx_it.c ****   * @brief This function handles System service call via SWI instruction.
 147:Core/Src/stm32h5xx_it.c ****   */
ARM GAS  C:\Users\Xuleo\AppData\Local\Temp\ccjwgNHc.s 			page 6


 148:Core/Src/stm32h5xx_it.c **** void SVC_Handler(void)
 149:Core/Src/stm32h5xx_it.c **** {
 145              		.loc 1 149 1 view -0
 146              		.cfi_startproc
 147              		@ args = 0, pretend = 0, frame = 0
 148              		@ frame_needed = 0, uses_anonymous_args = 0
 149              		@ link register save eliminated.
 150:Core/Src/stm32h5xx_it.c ****   /* USER CODE BEGIN SVCall_IRQn 0 */
 151:Core/Src/stm32h5xx_it.c **** 
 152:Core/Src/stm32h5xx_it.c ****   /* USER CODE END SVCall_IRQn 0 */
 153:Core/Src/stm32h5xx_it.c ****   /* USER CODE BEGIN SVCall_IRQn 1 */
 154:Core/Src/stm32h5xx_it.c **** 
 155:Core/Src/stm32h5xx_it.c ****   /* USER CODE END SVCall_IRQn 1 */
 156:Core/Src/stm32h5xx_it.c **** }
 150              		.loc 1 156 1 view .LVU21
 151 0000 7047     		bx	lr
 152              		.cfi_endproc
 153              	.LFE361:
 155              		.section	.text.DebugMon_Handler,"ax",%progbits
 156              		.align	1
 157              		.global	DebugMon_Handler
 158              		.syntax unified
 159              		.thumb
 160              		.thumb_func
 162              	DebugMon_Handler:
 163              	.LFB362:
 157:Core/Src/stm32h5xx_it.c **** 
 158:Core/Src/stm32h5xx_it.c **** /**
 159:Core/Src/stm32h5xx_it.c ****   * @brief This function handles Debug monitor.
 160:Core/Src/stm32h5xx_it.c ****   */
 161:Core/Src/stm32h5xx_it.c **** void DebugMon_Handler(void)
 162:Core/Src/stm32h5xx_it.c **** {
 164              		.loc 1 162 1 view -0
 165              		.cfi_startproc
 166              		@ args = 0, pretend = 0, frame = 0
 167              		@ frame_needed = 0, uses_anonymous_args = 0
 168              		@ link register save eliminated.
 163:Core/Src/stm32h5xx_it.c ****   /* USER CODE BEGIN DebugMonitor_IRQn 0 */
 164:Core/Src/stm32h5xx_it.c **** 
 165:Core/Src/stm32h5xx_it.c ****   /* USER CODE END DebugMonitor_IRQn 0 */
 166:Core/Src/stm32h5xx_it.c ****   /* USER CODE BEGIN DebugMonitor_IRQn 1 */
 167:Core/Src/stm32h5xx_it.c **** 
 168:Core/Src/stm32h5xx_it.c ****   /* USER CODE END DebugMonitor_IRQn 1 */
 169:Core/Src/stm32h5xx_it.c **** }
 169              		.loc 1 169 1 view .LVU23
 170 0000 7047     		bx	lr
 171              		.cfi_endproc
 172              	.LFE362:
 174              		.section	.text.PendSV_Handler,"ax",%progbits
 175              		.align	1
 176              		.global	PendSV_Handler
 177              		.syntax unified
 178              		.thumb
 179              		.thumb_func
 181              	PendSV_Handler:
 182              	.LFB363:
 170:Core/Src/stm32h5xx_it.c **** 
ARM GAS  C:\Users\Xuleo\AppData\Local\Temp\ccjwgNHc.s 			page 7


 171:Core/Src/stm32h5xx_it.c **** /**
 172:Core/Src/stm32h5xx_it.c ****   * @brief This function handles Pendable request for system service.
 173:Core/Src/stm32h5xx_it.c ****   */
 174:Core/Src/stm32h5xx_it.c **** void PendSV_Handler(void)
 175:Core/Src/stm32h5xx_it.c **** {
 183              		.loc 1 175 1 view -0
 184              		.cfi_startproc
 185              		@ args = 0, pretend = 0, frame = 0
 186              		@ frame_needed = 0, uses_anonymous_args = 0
 187              		@ link register save eliminated.
 176:Core/Src/stm32h5xx_it.c ****   /* USER CODE BEGIN PendSV_IRQn 0 */
 177:Core/Src/stm32h5xx_it.c **** 
 178:Core/Src/stm32h5xx_it.c ****   /* USER CODE END PendSV_IRQn 0 */
 179:Core/Src/stm32h5xx_it.c ****   /* USER CODE BEGIN PendSV_IRQn 1 */
 180:Core/Src/stm32h5xx_it.c **** 
 181:Core/Src/stm32h5xx_it.c ****   /* USER CODE END PendSV_IRQn 1 */
 182:Core/Src/stm32h5xx_it.c **** }
 188              		.loc 1 182 1 view .LVU25
 189 0000 7047     		bx	lr
 190              		.cfi_endproc
 191              	.LFE363:
 193              		.section	.text.SysTick_Handler,"ax",%progbits
 194              		.align	1
 195              		.global	SysTick_Handler
 196              		.syntax unified
 197              		.thumb
 198              		.thumb_func
 200              	SysTick_Handler:
 201              	.LFB364:
 183:Core/Src/stm32h5xx_it.c **** 
 184:Core/Src/stm32h5xx_it.c **** /**
 185:Core/Src/stm32h5xx_it.c ****   * @brief This function handles System tick timer.
 186:Core/Src/stm32h5xx_it.c ****   */
 187:Core/Src/stm32h5xx_it.c **** void SysTick_Handler(void)
 188:Core/Src/stm32h5xx_it.c **** {
 202              		.loc 1 188 1 view -0
 203              		.cfi_startproc
 204              		@ args = 0, pretend = 0, frame = 0
 205              		@ frame_needed = 0, uses_anonymous_args = 0
 206 0000 08B5     		push	{r3, lr}
 207              	.LCFI0:
 208              		.cfi_def_cfa_offset 8
 209              		.cfi_offset 3, -8
 210              		.cfi_offset 14, -4
 189:Core/Src/stm32h5xx_it.c ****   /* USER CODE BEGIN SysTick_IRQn 0 */
 190:Core/Src/stm32h5xx_it.c **** 
 191:Core/Src/stm32h5xx_it.c ****   /* USER CODE END SysTick_IRQn 0 */
 192:Core/Src/stm32h5xx_it.c ****   HAL_IncTick();
 211              		.loc 1 192 3 view .LVU27
 212 0002 FFF7FEFF 		bl	HAL_IncTick
 213              	.LVL0:
 193:Core/Src/stm32h5xx_it.c ****   /* USER CODE BEGIN SysTick_IRQn 1 */
 194:Core/Src/stm32h5xx_it.c **** 
 195:Core/Src/stm32h5xx_it.c ****   /* USER CODE END SysTick_IRQn 1 */
 196:Core/Src/stm32h5xx_it.c **** }
 214              		.loc 1 196 1 is_stmt 0 view .LVU28
 215 0006 08BD     		pop	{r3, pc}
ARM GAS  C:\Users\Xuleo\AppData\Local\Temp\ccjwgNHc.s 			page 8


 216              		.cfi_endproc
 217              	.LFE364:
 219              		.section	.text.GPDMA1_Channel0_IRQHandler,"ax",%progbits
 220              		.align	1
 221              		.global	GPDMA1_Channel0_IRQHandler
 222              		.syntax unified
 223              		.thumb
 224              		.thumb_func
 226              	GPDMA1_Channel0_IRQHandler:
 227              	.LFB365:
 197:Core/Src/stm32h5xx_it.c **** 
 198:Core/Src/stm32h5xx_it.c **** /******************************************************************************/
 199:Core/Src/stm32h5xx_it.c **** /* STM32H5xx Peripheral Interrupt Handlers                                    */
 200:Core/Src/stm32h5xx_it.c **** /* Add here the Interrupt Handlers for the used peripherals.                  */
 201:Core/Src/stm32h5xx_it.c **** /* For the available peripheral interrupt handler names,                      */
 202:Core/Src/stm32h5xx_it.c **** /* please refer to the startup file (startup_stm32h5xx.s).                    */
 203:Core/Src/stm32h5xx_it.c **** /******************************************************************************/
 204:Core/Src/stm32h5xx_it.c **** 
 205:Core/Src/stm32h5xx_it.c **** /**
 206:Core/Src/stm32h5xx_it.c ****   * @brief This function handles GPDMA1 Channel 0 global interrupt.
 207:Core/Src/stm32h5xx_it.c ****   */
 208:Core/Src/stm32h5xx_it.c **** void GPDMA1_Channel0_IRQHandler(void)
 209:Core/Src/stm32h5xx_it.c **** {
 228              		.loc 1 209 1 is_stmt 1 view -0
 229              		.cfi_startproc
 230              		@ args = 0, pretend = 0, frame = 0
 231              		@ frame_needed = 0, uses_anonymous_args = 0
 232 0000 08B5     		push	{r3, lr}
 233              	.LCFI1:
 234              		.cfi_def_cfa_offset 8
 235              		.cfi_offset 3, -8
 236              		.cfi_offset 14, -4
 210:Core/Src/stm32h5xx_it.c ****   /* USER CODE BEGIN GPDMA1_Channel0_IRQn 0 */
 211:Core/Src/stm32h5xx_it.c **** 
 212:Core/Src/stm32h5xx_it.c ****   /* USER CODE END GPDMA1_Channel0_IRQn 0 */
 213:Core/Src/stm32h5xx_it.c ****   HAL_DMA_IRQHandler(&handle_GPDMA1_Channel0);
 237              		.loc 1 213 3 view .LVU30
 238 0002 0248     		ldr	r0, .L18
 239 0004 FFF7FEFF 		bl	HAL_DMA_IRQHandler
 240              	.LVL1:
 214:Core/Src/stm32h5xx_it.c ****   /* USER CODE BEGIN GPDMA1_Channel0_IRQn 1 */
 215:Core/Src/stm32h5xx_it.c **** 
 216:Core/Src/stm32h5xx_it.c ****   /* USER CODE END GPDMA1_Channel0_IRQn 1 */
 217:Core/Src/stm32h5xx_it.c **** }
 241              		.loc 1 217 1 is_stmt 0 view .LVU31
 242 0008 08BD     		pop	{r3, pc}
 243              	.L19:
 244 000a 00BF     		.align	2
 245              	.L18:
 246 000c 00000000 		.word	handle_GPDMA1_Channel0
 247              		.cfi_endproc
 248              	.LFE365:
 250              		.section	.text.GPDMA1_Channel1_IRQHandler,"ax",%progbits
 251              		.align	1
 252              		.global	GPDMA1_Channel1_IRQHandler
 253              		.syntax unified
 254              		.thumb
ARM GAS  C:\Users\Xuleo\AppData\Local\Temp\ccjwgNHc.s 			page 9


 255              		.thumb_func
 257              	GPDMA1_Channel1_IRQHandler:
 258              	.LFB366:
 218:Core/Src/stm32h5xx_it.c **** 
 219:Core/Src/stm32h5xx_it.c **** /**
 220:Core/Src/stm32h5xx_it.c ****   * @brief This function handles GPDMA1 Channel 1 global interrupt.
 221:Core/Src/stm32h5xx_it.c ****   */
 222:Core/Src/stm32h5xx_it.c **** void GPDMA1_Channel1_IRQHandler(void)
 223:Core/Src/stm32h5xx_it.c **** {
 259              		.loc 1 223 1 is_stmt 1 view -0
 260              		.cfi_startproc
 261              		@ args = 0, pretend = 0, frame = 0
 262              		@ frame_needed = 0, uses_anonymous_args = 0
 263 0000 08B5     		push	{r3, lr}
 264              	.LCFI2:
 265              		.cfi_def_cfa_offset 8
 266              		.cfi_offset 3, -8
 267              		.cfi_offset 14, -4
 224:Core/Src/stm32h5xx_it.c ****   /* USER CODE BEGIN GPDMA1_Channel1_IRQn 0 */
 225:Core/Src/stm32h5xx_it.c **** 
 226:Core/Src/stm32h5xx_it.c ****   /* USER CODE END GPDMA1_Channel1_IRQn 0 */
 227:Core/Src/stm32h5xx_it.c ****   HAL_DMA_IRQHandler(&handle_GPDMA1_Channel1);
 268              		.loc 1 227 3 view .LVU33
 269 0002 0248     		ldr	r0, .L22
 270 0004 FFF7FEFF 		bl	HAL_DMA_IRQHandler
 271              	.LVL2:
 228:Core/Src/stm32h5xx_it.c ****   /* USER CODE BEGIN GPDMA1_Channel1_IRQn 1 */
 229:Core/Src/stm32h5xx_it.c **** 
 230:Core/Src/stm32h5xx_it.c ****   /* USER CODE END GPDMA1_Channel1_IRQn 1 */
 231:Core/Src/stm32h5xx_it.c **** }
 272              		.loc 1 231 1 is_stmt 0 view .LVU34
 273 0008 08BD     		pop	{r3, pc}
 274              	.L23:
 275 000a 00BF     		.align	2
 276              	.L22:
 277 000c 00000000 		.word	handle_GPDMA1_Channel1
 278              		.cfi_endproc
 279              	.LFE366:
 281              		.section	.text.USART1_IRQHandler,"ax",%progbits
 282              		.align	1
 283              		.global	USART1_IRQHandler
 284              		.syntax unified
 285              		.thumb
 286              		.thumb_func
 288              	USART1_IRQHandler:
 289              	.LFB367:
 232:Core/Src/stm32h5xx_it.c **** 
 233:Core/Src/stm32h5xx_it.c **** /**
 234:Core/Src/stm32h5xx_it.c ****   * @brief This function handles USART1 global interrupt.
 235:Core/Src/stm32h5xx_it.c ****   */
 236:Core/Src/stm32h5xx_it.c **** void USART1_IRQHandler(void)
 237:Core/Src/stm32h5xx_it.c **** {
 290              		.loc 1 237 1 is_stmt 1 view -0
 291              		.cfi_startproc
 292              		@ args = 0, pretend = 0, frame = 0
 293              		@ frame_needed = 0, uses_anonymous_args = 0
 294 0000 08B5     		push	{r3, lr}
ARM GAS  C:\Users\Xuleo\AppData\Local\Temp\ccjwgNHc.s 			page 10


 295              	.LCFI3:
 296              		.cfi_def_cfa_offset 8
 297              		.cfi_offset 3, -8
 298              		.cfi_offset 14, -4
 238:Core/Src/stm32h5xx_it.c ****   /* USER CODE BEGIN USART1_IRQn 0 */
 239:Core/Src/stm32h5xx_it.c **** 
 240:Core/Src/stm32h5xx_it.c ****   /* USER CODE END USART1_IRQn 0 */
 241:Core/Src/stm32h5xx_it.c ****   HAL_UART_IRQHandler(&huart1);
 299              		.loc 1 241 3 view .LVU36
 300 0002 0248     		ldr	r0, .L26
 301 0004 FFF7FEFF 		bl	HAL_UART_IRQHandler
 302              	.LVL3:
 242:Core/Src/stm32h5xx_it.c ****   /* USER CODE BEGIN USART1_IRQn 1 */
 243:Core/Src/stm32h5xx_it.c **** 
 244:Core/Src/stm32h5xx_it.c ****   /* USER CODE END USART1_IRQn 1 */
 245:Core/Src/stm32h5xx_it.c **** }
 303              		.loc 1 245 1 is_stmt 0 view .LVU37
 304 0008 08BD     		pop	{r3, pc}
 305              	.L27:
 306 000a 00BF     		.align	2
 307              	.L26:
 308 000c 00000000 		.word	huart1
 309              		.cfi_endproc
 310              	.LFE367:
 312              		.text
 313              	.Letext0:
 314              		.file 2 "C:/thirdpartyLibs/arm-gnu-toolchain-15.2/arm-none-eabi/include/machine/_default_types.h"
 315              		.file 3 "C:/thirdpartyLibs/arm-gnu-toolchain-15.2/arm-none-eabi/include/sys/_stdint.h"
 316              		.file 4 "Drivers/CMSIS/Device/ST/STM32H5xx/Include/stm32h523xx.h"
 317              		.file 5 "Drivers/STM32H5xx_HAL_Driver/Inc/stm32h5xx_hal_def.h"
 318              		.file 6 "Drivers/STM32H5xx_HAL_Driver/Inc/stm32h5xx_hal_dma.h"
 319              		.file 7 "Drivers/STM32H5xx_HAL_Driver/Inc/stm32h5xx_hal_dma_ex.h"
 320              		.file 8 "Drivers/STM32H5xx_HAL_Driver/Inc/stm32h5xx_hal_uart.h"
 321              		.file 9 "Drivers/STM32H5xx_HAL_Driver/Inc/stm32h5xx_hal.h"
ARM GAS  C:\Users\Xuleo\AppData\Local\Temp\ccjwgNHc.s 			page 11


DEFINED SYMBOLS
                            *ABS*:00000000 stm32h5xx_it.c
C:\Users\Xuleo\AppData\Local\Temp\ccjwgNHc.s:22     .text.NMI_Handler:00000000 $t
C:\Users\Xuleo\AppData\Local\Temp\ccjwgNHc.s:28     .text.NMI_Handler:00000000 NMI_Handler
C:\Users\Xuleo\AppData\Local\Temp\ccjwgNHc.s:45     .text.HardFault_Handler:00000000 $t
C:\Users\Xuleo\AppData\Local\Temp\ccjwgNHc.s:51     .text.HardFault_Handler:00000000 HardFault_Handler
C:\Users\Xuleo\AppData\Local\Temp\ccjwgNHc.s:68     .text.MemManage_Handler:00000000 $t
C:\Users\Xuleo\AppData\Local\Temp\ccjwgNHc.s:74     .text.MemManage_Handler:00000000 MemManage_Handler
C:\Users\Xuleo\AppData\Local\Temp\ccjwgNHc.s:91     .text.BusFault_Handler:00000000 $t
C:\Users\Xuleo\AppData\Local\Temp\ccjwgNHc.s:97     .text.BusFault_Handler:00000000 BusFault_Handler
C:\Users\Xuleo\AppData\Local\Temp\ccjwgNHc.s:114    .text.UsageFault_Handler:00000000 $t
C:\Users\Xuleo\AppData\Local\Temp\ccjwgNHc.s:120    .text.UsageFault_Handler:00000000 UsageFault_Handler
C:\Users\Xuleo\AppData\Local\Temp\ccjwgNHc.s:137    .text.SVC_Handler:00000000 $t
C:\Users\Xuleo\AppData\Local\Temp\ccjwgNHc.s:143    .text.SVC_Handler:00000000 SVC_Handler
C:\Users\Xuleo\AppData\Local\Temp\ccjwgNHc.s:156    .text.DebugMon_Handler:00000000 $t
C:\Users\Xuleo\AppData\Local\Temp\ccjwgNHc.s:162    .text.DebugMon_Handler:00000000 DebugMon_Handler
C:\Users\Xuleo\AppData\Local\Temp\ccjwgNHc.s:175    .text.PendSV_Handler:00000000 $t
C:\Users\Xuleo\AppData\Local\Temp\ccjwgNHc.s:181    .text.PendSV_Handler:00000000 PendSV_Handler
C:\Users\Xuleo\AppData\Local\Temp\ccjwgNHc.s:194    .text.SysTick_Handler:00000000 $t
C:\Users\Xuleo\AppData\Local\Temp\ccjwgNHc.s:200    .text.SysTick_Handler:00000000 SysTick_Handler
C:\Users\Xuleo\AppData\Local\Temp\ccjwgNHc.s:220    .text.GPDMA1_Channel0_IRQHandler:00000000 $t
C:\Users\Xuleo\AppData\Local\Temp\ccjwgNHc.s:226    .text.GPDMA1_Channel0_IRQHandler:00000000 GPDMA1_Channel0_IRQHandler
C:\Users\Xuleo\AppData\Local\Temp\ccjwgNHc.s:246    .text.GPDMA1_Channel0_IRQHandler:0000000c $d
C:\Users\Xuleo\AppData\Local\Temp\ccjwgNHc.s:251    .text.GPDMA1_Channel1_IRQHandler:00000000 $t
C:\Users\Xuleo\AppData\Local\Temp\ccjwgNHc.s:257    .text.GPDMA1_Channel1_IRQHandler:00000000 GPDMA1_Channel1_IRQHandler
C:\Users\Xuleo\AppData\Local\Temp\ccjwgNHc.s:277    .text.GPDMA1_Channel1_IRQHandler:0000000c $d
C:\Users\Xuleo\AppData\Local\Temp\ccjwgNHc.s:282    .text.USART1_IRQHandler:00000000 $t
C:\Users\Xuleo\AppData\Local\Temp\ccjwgNHc.s:288    .text.USART1_IRQHandler:00000000 USART1_IRQHandler
C:\Users\Xuleo\AppData\Local\Temp\ccjwgNHc.s:308    .text.USART1_IRQHandler:0000000c $d

UNDEFINED SYMBOLS
HAL_IncTick
HAL_DMA_IRQHandler
handle_GPDMA1_Channel0
handle_GPDMA1_Channel1
HAL_UART_IRQHandler
huart1
