ARM GAS  C:\Users\admin\AppData\Local\Temp\ccMEiaUq.s 			page 1


   1              		.cpu cortex-m33
   2              		.arch armv8-m.main
   3              		.fpu fpv5-sp-d16
   4              		.arch_extension dsp
   5              		.eabi_attribute 27, 1
   6              		.eabi_attribute 28, 1
   7              		.eabi_attribute 20, 1
   8              		.eabi_attribute 21, 1
   9              		.eabi_attribute 23, 3
  10              		.eabi_attribute 24, 1
  11              		.eabi_attribute 25, 1
  12              		.eabi_attribute 26, 1
  13              		.eabi_attribute 30, 1
  14              		.eabi_attribute 34, 1
  15              		.eabi_attribute 18, 4
  16              		.file	"system_stm32h5xx.c"
  17              		.text
  18              	.Ltext0:
  19              		.cfi_sections	.debug_frame
  20              		.file 1 "Core/Src/system_stm32h5xx.c"
  21              		.section	.text.SystemInit,"ax",%progbits
  22              		.align	1
  23              		.global	SystemInit
  24              		.syntax unified
  25              		.thumb
  26              		.thumb_func
  28              	SystemInit:
  29              	.LFB356:
   1:Core/Src/system_stm32h5xx.c **** /**
   2:Core/Src/system_stm32h5xx.c ****   ******************************************************************************
   3:Core/Src/system_stm32h5xx.c ****   * @file    system_stm32h5xx.c
   4:Core/Src/system_stm32h5xx.c ****   * @author  MCD Application Team
   5:Core/Src/system_stm32h5xx.c ****   * @brief   CMSIS Cortex-M33 Device Peripheral Access Layer System Source File
   6:Core/Src/system_stm32h5xx.c ****   *
   7:Core/Src/system_stm32h5xx.c ****   ******************************************************************************
   8:Core/Src/system_stm32h5xx.c ****   * @attention
   9:Core/Src/system_stm32h5xx.c ****   *
  10:Core/Src/system_stm32h5xx.c ****   * Copyright (c) 2023 STMicroelectronics.
  11:Core/Src/system_stm32h5xx.c ****   * All rights reserved.
  12:Core/Src/system_stm32h5xx.c ****   *
  13:Core/Src/system_stm32h5xx.c ****   * This software is licensed under terms that can be found in the LICENSE file
  14:Core/Src/system_stm32h5xx.c ****   * in the root directory of this software component.
  15:Core/Src/system_stm32h5xx.c ****   * If no LICENSE file comes with this software, it is provided AS-IS.
  16:Core/Src/system_stm32h5xx.c ****   *
  17:Core/Src/system_stm32h5xx.c ****   ******************************************************************************
  18:Core/Src/system_stm32h5xx.c ****   *   This file provides two functions and one global variable to be called from
  19:Core/Src/system_stm32h5xx.c ****   *   user application:
  20:Core/Src/system_stm32h5xx.c ****   *      - SystemInit(): This function is called at startup just after reset and
  21:Core/Src/system_stm32h5xx.c ****   *                      before branch to main program. This call is made inside
  22:Core/Src/system_stm32h5xx.c ****   *                      the "startup_stm32h5xx.s" file.
  23:Core/Src/system_stm32h5xx.c ****   *
  24:Core/Src/system_stm32h5xx.c ****   *      - SystemCoreClock variable: Contains the core clock (HCLK), it can be used
  25:Core/Src/system_stm32h5xx.c ****   *                                  by the user application to setup the SysTick
  26:Core/Src/system_stm32h5xx.c ****   *                                  timer or configure other parameters.
  27:Core/Src/system_stm32h5xx.c ****   *
  28:Core/Src/system_stm32h5xx.c ****   *      - SystemCoreClockUpdate(): Updates the variable SystemCoreClock and must
  29:Core/Src/system_stm32h5xx.c ****   *                                 be called whenever the core clock is changed
ARM GAS  C:\Users\admin\AppData\Local\Temp\ccMEiaUq.s 			page 2


  30:Core/Src/system_stm32h5xx.c ****   *                                 during program execution.
  31:Core/Src/system_stm32h5xx.c ****   *
  32:Core/Src/system_stm32h5xx.c ****   *   After each device reset the HSI (64 MHz) is used as system clock source.
  33:Core/Src/system_stm32h5xx.c ****   *   Then SystemInit() function is called, in "startup_stm32h5xx.s" file, to
  34:Core/Src/system_stm32h5xx.c ****   *   configure the system clock before to branch to main program.
  35:Core/Src/system_stm32h5xx.c ****   *
  36:Core/Src/system_stm32h5xx.c ****   *   This file configures the system clock as follows:
  37:Core/Src/system_stm32h5xx.c ****   *=============================================================================
  38:Core/Src/system_stm32h5xx.c ****   *-----------------------------------------------------------------------------
  39:Core/Src/system_stm32h5xx.c ****   *        System Clock source                     | HSI
  40:Core/Src/system_stm32h5xx.c ****   *-----------------------------------------------------------------------------
  41:Core/Src/system_stm32h5xx.c ****   *        SYSCLK(Hz)                              | 64000000
  42:Core/Src/system_stm32h5xx.c ****   *-----------------------------------------------------------------------------
  43:Core/Src/system_stm32h5xx.c ****   *        HCLK(Hz)                                | 64000000
  44:Core/Src/system_stm32h5xx.c ****   *-----------------------------------------------------------------------------
  45:Core/Src/system_stm32h5xx.c ****   *        AHB Prescaler                           | 1
  46:Core/Src/system_stm32h5xx.c ****   *-----------------------------------------------------------------------------
  47:Core/Src/system_stm32h5xx.c ****   *        APB1 Prescaler                          | 1
  48:Core/Src/system_stm32h5xx.c ****   *-----------------------------------------------------------------------------
  49:Core/Src/system_stm32h5xx.c ****   *        APB2 Prescaler                          | 1
  50:Core/Src/system_stm32h5xx.c ****   *-----------------------------------------------------------------------------
  51:Core/Src/system_stm32h5xx.c ****   *        APB3 Prescaler                          | 1
  52:Core/Src/system_stm32h5xx.c ****   *-----------------------------------------------------------------------------
  53:Core/Src/system_stm32h5xx.c ****   *        HSI Division factor                     | 1
  54:Core/Src/system_stm32h5xx.c ****   *-----------------------------------------------------------------------------
  55:Core/Src/system_stm32h5xx.c ****   *        PLL1_SRC                                | No clock
  56:Core/Src/system_stm32h5xx.c ****   *-----------------------------------------------------------------------------
  57:Core/Src/system_stm32h5xx.c ****   *        PLL1_M                                  | Prescaler disabled
  58:Core/Src/system_stm32h5xx.c ****   *-----------------------------------------------------------------------------
  59:Core/Src/system_stm32h5xx.c ****   *        PLL1_N                                  | 129
  60:Core/Src/system_stm32h5xx.c ****   *-----------------------------------------------------------------------------
  61:Core/Src/system_stm32h5xx.c ****   *        PLL1_P                                  | 2
  62:Core/Src/system_stm32h5xx.c ****   *-----------------------------------------------------------------------------
  63:Core/Src/system_stm32h5xx.c ****   *        PLL1_Q                                  | 2
  64:Core/Src/system_stm32h5xx.c ****   *-----------------------------------------------------------------------------
  65:Core/Src/system_stm32h5xx.c ****   *        PLL1_R                                  | 2
  66:Core/Src/system_stm32h5xx.c ****   *-----------------------------------------------------------------------------
  67:Core/Src/system_stm32h5xx.c ****   *        PLL1_FRACN                              | 0
  68:Core/Src/system_stm32h5xx.c ****   *-----------------------------------------------------------------------------
  69:Core/Src/system_stm32h5xx.c ****   *        PLL2_SRC                                | No clock
  70:Core/Src/system_stm32h5xx.c ****   *-----------------------------------------------------------------------------
  71:Core/Src/system_stm32h5xx.c ****   *        PLL2_M                                  | Prescaler disabled
  72:Core/Src/system_stm32h5xx.c ****   *-----------------------------------------------------------------------------
  73:Core/Src/system_stm32h5xx.c ****   *        PLL2_N                                  | 129
  74:Core/Src/system_stm32h5xx.c ****   *-----------------------------------------------------------------------------
  75:Core/Src/system_stm32h5xx.c ****   *        PLL2_P                                  | 2
  76:Core/Src/system_stm32h5xx.c ****   *-----------------------------------------------------------------------------
  77:Core/Src/system_stm32h5xx.c ****   *        PLL2_Q                                  | 2
  78:Core/Src/system_stm32h5xx.c ****   *-----------------------------------------------------------------------------
  79:Core/Src/system_stm32h5xx.c ****   *        PLL2_R                                  | 2
  80:Core/Src/system_stm32h5xx.c ****   *-----------------------------------------------------------------------------
  81:Core/Src/system_stm32h5xx.c ****   *        PLL2_FRACN                              | 0
  82:Core/Src/system_stm32h5xx.c ****   *-----------------------------------------------------------------------------
  83:Core/Src/system_stm32h5xx.c ****   *        PLL3_SRC                                | No clock
  84:Core/Src/system_stm32h5xx.c ****   *-----------------------------------------------------------------------------
  85:Core/Src/system_stm32h5xx.c ****   *        PLL3_M                                  | Prescaler disabled
  86:Core/Src/system_stm32h5xx.c ****   *-----------------------------------------------------------------------------
ARM GAS  C:\Users\admin\AppData\Local\Temp\ccMEiaUq.s 			page 3


  87:Core/Src/system_stm32h5xx.c ****   *        PLL3_N                                  | 129
  88:Core/Src/system_stm32h5xx.c ****   *-----------------------------------------------------------------------------
  89:Core/Src/system_stm32h5xx.c ****   *        PLL3_P                                  | 2
  90:Core/Src/system_stm32h5xx.c ****   *-----------------------------------------------------------------------------
  91:Core/Src/system_stm32h5xx.c ****   *        PLL3_Q                                  | 2
  92:Core/Src/system_stm32h5xx.c ****   *-----------------------------------------------------------------------------
  93:Core/Src/system_stm32h5xx.c ****   *        PLL3_R                                  | 2
  94:Core/Src/system_stm32h5xx.c ****   *-----------------------------------------------------------------------------
  95:Core/Src/system_stm32h5xx.c ****   *        PLL3_FRACN                              | 0
  96:Core/Src/system_stm32h5xx.c ****   *-----------------------------------------------------------------------------
  97:Core/Src/system_stm32h5xx.c ****   *=============================================================================
  98:Core/Src/system_stm32h5xx.c ****   */
  99:Core/Src/system_stm32h5xx.c **** 
 100:Core/Src/system_stm32h5xx.c **** /** @addtogroup CMSIS
 101:Core/Src/system_stm32h5xx.c ****   * @{
 102:Core/Src/system_stm32h5xx.c ****   */
 103:Core/Src/system_stm32h5xx.c **** 
 104:Core/Src/system_stm32h5xx.c **** /** @addtogroup STM32H5xx_system
 105:Core/Src/system_stm32h5xx.c ****   * @{
 106:Core/Src/system_stm32h5xx.c ****   */
 107:Core/Src/system_stm32h5xx.c **** 
 108:Core/Src/system_stm32h5xx.c **** /** @addtogroup STM32H5xx_System_Private_Includes
 109:Core/Src/system_stm32h5xx.c ****   * @{
 110:Core/Src/system_stm32h5xx.c ****   */
 111:Core/Src/system_stm32h5xx.c **** 
 112:Core/Src/system_stm32h5xx.c **** #include "stm32h5xx.h"
 113:Core/Src/system_stm32h5xx.c **** 
 114:Core/Src/system_stm32h5xx.c **** /**
 115:Core/Src/system_stm32h5xx.c ****   * @}
 116:Core/Src/system_stm32h5xx.c ****   */
 117:Core/Src/system_stm32h5xx.c **** 
 118:Core/Src/system_stm32h5xx.c **** /** @addtogroup STM32H5xx_System_Private_TypesDefinitions
 119:Core/Src/system_stm32h5xx.c ****   * @{
 120:Core/Src/system_stm32h5xx.c ****   */
 121:Core/Src/system_stm32h5xx.c **** 
 122:Core/Src/system_stm32h5xx.c **** /**
 123:Core/Src/system_stm32h5xx.c ****   * @}
 124:Core/Src/system_stm32h5xx.c ****   */
 125:Core/Src/system_stm32h5xx.c **** 
 126:Core/Src/system_stm32h5xx.c **** /** @addtogroup STM32H5xx_System_Private_Defines
 127:Core/Src/system_stm32h5xx.c ****   * @{
 128:Core/Src/system_stm32h5xx.c ****   */
 129:Core/Src/system_stm32h5xx.c **** 
 130:Core/Src/system_stm32h5xx.c **** #if !defined  (HSE_VALUE)
 131:Core/Src/system_stm32h5xx.c ****   #define HSE_VALUE    (25000000UL) /*!< Value of the External oscillator in Hz */
 132:Core/Src/system_stm32h5xx.c **** #endif /* HSE_VALUE */
 133:Core/Src/system_stm32h5xx.c **** 
 134:Core/Src/system_stm32h5xx.c **** #if !defined  (CSI_VALUE)
 135:Core/Src/system_stm32h5xx.c ****   #define CSI_VALUE    (4000000UL)  /*!< Value of the Internal oscillator in Hz*/
 136:Core/Src/system_stm32h5xx.c **** #endif /* CSI_VALUE */
 137:Core/Src/system_stm32h5xx.c **** 
 138:Core/Src/system_stm32h5xx.c **** #if !defined  (HSI_VALUE)
 139:Core/Src/system_stm32h5xx.c ****   #define HSI_VALUE    (64000000UL) /*!< Value of the Internal oscillator in Hz */
 140:Core/Src/system_stm32h5xx.c **** #endif /* HSI_VALUE */
 141:Core/Src/system_stm32h5xx.c **** 
 142:Core/Src/system_stm32h5xx.c **** /************************* Miscellaneous Configuration ************************/
 143:Core/Src/system_stm32h5xx.c **** /*!< Uncomment the following line if you need to relocate your vector Table in
ARM GAS  C:\Users\admin\AppData\Local\Temp\ccMEiaUq.s 			page 4


 144:Core/Src/system_stm32h5xx.c ****      Internal SRAM. */
 145:Core/Src/system_stm32h5xx.c **** /* #define VECT_TAB_SRAM */
 146:Core/Src/system_stm32h5xx.c **** #define VECT_TAB_OFFSET  0x00U /*!< Vector Table base offset field.
 147:Core/Src/system_stm32h5xx.c ****                                    This value must be a multiple of 0x200. */
 148:Core/Src/system_stm32h5xx.c **** /******************************************************************************/
 149:Core/Src/system_stm32h5xx.c **** 
 150:Core/Src/system_stm32h5xx.c **** /**
 151:Core/Src/system_stm32h5xx.c ****   * @}
 152:Core/Src/system_stm32h5xx.c ****   */
 153:Core/Src/system_stm32h5xx.c **** 
 154:Core/Src/system_stm32h5xx.c **** /** @addtogroup STM32H5xx_System_Private_Macros
 155:Core/Src/system_stm32h5xx.c ****   * @{
 156:Core/Src/system_stm32h5xx.c ****   */
 157:Core/Src/system_stm32h5xx.c **** 
 158:Core/Src/system_stm32h5xx.c **** /**
 159:Core/Src/system_stm32h5xx.c ****   * @}
 160:Core/Src/system_stm32h5xx.c ****   */
 161:Core/Src/system_stm32h5xx.c **** 
 162:Core/Src/system_stm32h5xx.c **** /** @addtogroup STM32H5xx_System_Private_Variables
 163:Core/Src/system_stm32h5xx.c ****   * @{
 164:Core/Src/system_stm32h5xx.c ****   */
 165:Core/Src/system_stm32h5xx.c ****   /* The SystemCoreClock variable is updated in three ways:
 166:Core/Src/system_stm32h5xx.c ****       1) by calling CMSIS function SystemCoreClockUpdate()
 167:Core/Src/system_stm32h5xx.c ****       2) by calling HAL API function HAL_RCC_GetHCLKFreq()
 168:Core/Src/system_stm32h5xx.c ****       3) each time HAL_RCC_ClockConfig() is called to configure the system clock frequency
 169:Core/Src/system_stm32h5xx.c ****          Note: If you use this function to configure the system clock; then there
 170:Core/Src/system_stm32h5xx.c ****                is no need to call the 2 first functions listed above, since SystemCoreClock
 171:Core/Src/system_stm32h5xx.c ****                variable is updated automatically.
 172:Core/Src/system_stm32h5xx.c ****   */
 173:Core/Src/system_stm32h5xx.c ****   uint32_t SystemCoreClock = 64000000U;
 174:Core/Src/system_stm32h5xx.c **** 
 175:Core/Src/system_stm32h5xx.c ****   const uint8_t  AHBPrescTable[16] = {0U, 0U, 0U, 0U, 0U, 0U, 0U, 0U, 1U, 2U, 3U, 4U, 6U, 7U, 8U, 9
 176:Core/Src/system_stm32h5xx.c ****   const uint8_t  APBPrescTable[8] =  {0U, 0U, 0U, 0U, 1U, 2U, 3U, 4U};
 177:Core/Src/system_stm32h5xx.c **** /**
 178:Core/Src/system_stm32h5xx.c ****   * @}
 179:Core/Src/system_stm32h5xx.c ****   */
 180:Core/Src/system_stm32h5xx.c **** 
 181:Core/Src/system_stm32h5xx.c **** /** @addtogroup STM32H5xx_System_Private_FunctionPrototypes
 182:Core/Src/system_stm32h5xx.c ****   * @{
 183:Core/Src/system_stm32h5xx.c ****   */
 184:Core/Src/system_stm32h5xx.c **** 
 185:Core/Src/system_stm32h5xx.c **** /**
 186:Core/Src/system_stm32h5xx.c ****   * @}
 187:Core/Src/system_stm32h5xx.c ****   */
 188:Core/Src/system_stm32h5xx.c **** 
 189:Core/Src/system_stm32h5xx.c **** /** @addtogroup STM32H5xx_System_Private_Functions
 190:Core/Src/system_stm32h5xx.c ****   * @{
 191:Core/Src/system_stm32h5xx.c ****   */
 192:Core/Src/system_stm32h5xx.c **** 
 193:Core/Src/system_stm32h5xx.c **** /**
 194:Core/Src/system_stm32h5xx.c ****   * @brief  Setup the microcontroller system.
 195:Core/Src/system_stm32h5xx.c ****   * @param  None
 196:Core/Src/system_stm32h5xx.c ****   * @retval None
 197:Core/Src/system_stm32h5xx.c ****   */
 198:Core/Src/system_stm32h5xx.c **** 
 199:Core/Src/system_stm32h5xx.c **** void SystemInit(void)
 200:Core/Src/system_stm32h5xx.c **** {
ARM GAS  C:\Users\admin\AppData\Local\Temp\ccMEiaUq.s 			page 5


  30              		.loc 1 200 1 view -0
  31              		.cfi_startproc
  32              		@ args = 0, pretend = 0, frame = 0
  33              		@ frame_needed = 0, uses_anonymous_args = 0
  34              		@ link register save eliminated.
 201:Core/Src/system_stm32h5xx.c ****   uint32_t reg_opsr;
  35              		.loc 1 201 3 view .LVU1
 202:Core/Src/system_stm32h5xx.c **** 
 203:Core/Src/system_stm32h5xx.c ****   /* FPU settings ------------------------------------------------------------*/
 204:Core/Src/system_stm32h5xx.c ****   #if (__FPU_PRESENT == 1) && (__FPU_USED == 1)
 205:Core/Src/system_stm32h5xx.c ****    SCB->CPACR |= ((3UL << 20U)|(3UL << 22U));  /* set CP10 and CP11 Full Access */
  36              		.loc 1 205 4 view .LVU2
  37              		.loc 1 205 7 is_stmt 0 view .LVU3
  38 0000 2149     		ldr	r1, .L5
  39 0002 D1F88830 		ldr	r3, [r1, #136]
  40              		.loc 1 205 15 view .LVU4
  41 0006 43F47003 		orr	r3, r3, #15728640
  42 000a C1F88830 		str	r3, [r1, #136]
 206:Core/Src/system_stm32h5xx.c ****   #endif
 207:Core/Src/system_stm32h5xx.c **** 
 208:Core/Src/system_stm32h5xx.c ****   /* Reset the RCC clock configuration to the default reset state ------------*/
 209:Core/Src/system_stm32h5xx.c ****   /* Set HSION bit */
 210:Core/Src/system_stm32h5xx.c ****   RCC->CR = RCC_CR_HSION;
  43              		.loc 1 210 3 is_stmt 1 view .LVU5
  44              		.loc 1 210 11 is_stmt 0 view .LVU6
  45 000e 1F4B     		ldr	r3, .L5+4
  46 0010 0122     		movs	r2, #1
  47 0012 1A60     		str	r2, [r3]
 211:Core/Src/system_stm32h5xx.c **** 
 212:Core/Src/system_stm32h5xx.c ****   /* Reset CFGR register */
 213:Core/Src/system_stm32h5xx.c ****   RCC->CFGR1 = 0U;
  48              		.loc 1 213 3 is_stmt 1 view .LVU7
  49              		.loc 1 213 14 is_stmt 0 view .LVU8
  50 0014 0022     		movs	r2, #0
  51 0016 DA61     		str	r2, [r3, #28]
 214:Core/Src/system_stm32h5xx.c ****   RCC->CFGR2 = 0U;
  52              		.loc 1 214 3 is_stmt 1 view .LVU9
  53              		.loc 1 214 14 is_stmt 0 view .LVU10
  54 0018 1A62     		str	r2, [r3, #32]
 215:Core/Src/system_stm32h5xx.c **** 
 216:Core/Src/system_stm32h5xx.c ****   /* Reset HSEON, HSECSSON, HSEBYP, HSEEXT, HSIDIV, HSIKERON, CSION, CSIKERON, HSI48 and PLLxON bit
 217:Core/Src/system_stm32h5xx.c **** #if defined(RCC_CR_PLL3ON)
 218:Core/Src/system_stm32h5xx.c ****   RCC->CR &= ~(RCC_CR_HSEON | RCC_CR_HSECSSON | RCC_CR_HSEBYP | RCC_CR_HSEEXT | RCC_CR_HSIDIV | RCC
  55              		.loc 1 218 3 is_stmt 1 view .LVU11
  56              		.loc 1 218 6 is_stmt 0 view .LVU12
  57 001a D3F800C0 		ldr	ip, [r3]
  58              		.loc 1 218 11 view .LVU13
  59 001e 1C48     		ldr	r0, .L5+8
  60 0020 0CEA0000 		and	r0, ip, r0
  61 0024 1860     		str	r0, [r3]
 219:Core/Src/system_stm32h5xx.c ****                RCC_CR_CSION | RCC_CR_CSIKERON |RCC_CR_HSI48ON | RCC_CR_PLL1ON | RCC_CR_PLL2ON | RCC
 220:Core/Src/system_stm32h5xx.c **** #else
 221:Core/Src/system_stm32h5xx.c ****   RCC->CR &= ~(RCC_CR_HSEON | RCC_CR_HSECSSON | RCC_CR_HSEBYP | RCC_CR_HSEEXT | RCC_CR_HSIDIV | RCC
 222:Core/Src/system_stm32h5xx.c ****                RCC_CR_CSION | RCC_CR_CSIKERON |RCC_CR_HSI48ON | RCC_CR_PLL1ON | RCC_CR_PLL2ON);
 223:Core/Src/system_stm32h5xx.c **** #endif
 224:Core/Src/system_stm32h5xx.c **** 
 225:Core/Src/system_stm32h5xx.c ****   /* Reset PLLxCFGR register */
ARM GAS  C:\Users\admin\AppData\Local\Temp\ccMEiaUq.s 			page 6


 226:Core/Src/system_stm32h5xx.c ****   RCC->PLL1CFGR = 0U;
  62              		.loc 1 226 3 is_stmt 1 view .LVU14
  63              		.loc 1 226 17 is_stmt 0 view .LVU15
  64 0026 9A62     		str	r2, [r3, #40]
 227:Core/Src/system_stm32h5xx.c ****   RCC->PLL2CFGR = 0U;
  65              		.loc 1 227 3 is_stmt 1 view .LVU16
  66              		.loc 1 227 17 is_stmt 0 view .LVU17
  67 0028 DA62     		str	r2, [r3, #44]
 228:Core/Src/system_stm32h5xx.c **** #if defined(RCC_CR_PLL3ON)
 229:Core/Src/system_stm32h5xx.c ****   RCC->PLL3CFGR = 0U;
  68              		.loc 1 229 3 is_stmt 1 view .LVU18
  69              		.loc 1 229 17 is_stmt 0 view .LVU19
  70 002a 1A63     		str	r2, [r3, #48]
 230:Core/Src/system_stm32h5xx.c **** #endif /* RCC_CR_PLL3ON */
 231:Core/Src/system_stm32h5xx.c **** 
 232:Core/Src/system_stm32h5xx.c ****   /* Reset PLL1DIVR register */
 233:Core/Src/system_stm32h5xx.c ****   RCC->PLL1DIVR = 0x01010280U;
  71              		.loc 1 233 3 is_stmt 1 view .LVU20
  72              		.loc 1 233 17 is_stmt 0 view .LVU21
  73 002c 1948     		ldr	r0, .L5+12
  74 002e 5863     		str	r0, [r3, #52]
 234:Core/Src/system_stm32h5xx.c ****   /* Reset PLL1FRACR register */
 235:Core/Src/system_stm32h5xx.c ****   RCC->PLL1FRACR = 0x00000000U;
  75              		.loc 1 235 3 is_stmt 1 view .LVU22
  76              		.loc 1 235 18 is_stmt 0 view .LVU23
  77 0030 9A63     		str	r2, [r3, #56]
 236:Core/Src/system_stm32h5xx.c ****   /* Reset PLL2DIVR register */
 237:Core/Src/system_stm32h5xx.c ****   RCC->PLL2DIVR = 0x01010280U;
  78              		.loc 1 237 3 is_stmt 1 view .LVU24
  79              		.loc 1 237 17 is_stmt 0 view .LVU25
  80 0032 D863     		str	r0, [r3, #60]
 238:Core/Src/system_stm32h5xx.c ****   /* Reset PLL2FRACR register */
 239:Core/Src/system_stm32h5xx.c ****   RCC->PLL2FRACR = 0x00000000U;
  81              		.loc 1 239 3 is_stmt 1 view .LVU26
  82              		.loc 1 239 18 is_stmt 0 view .LVU27
  83 0034 1A64     		str	r2, [r3, #64]
 240:Core/Src/system_stm32h5xx.c **** #if defined(RCC_CR_PLL3ON)
 241:Core/Src/system_stm32h5xx.c ****   /* Reset PLL3DIVR register */
 242:Core/Src/system_stm32h5xx.c ****   RCC->PLL3DIVR = 0x01010280U;
  84              		.loc 1 242 3 is_stmt 1 view .LVU28
  85              		.loc 1 242 17 is_stmt 0 view .LVU29
  86 0036 5864     		str	r0, [r3, #68]
 243:Core/Src/system_stm32h5xx.c ****   /* Reset PLL3FRACR register */
 244:Core/Src/system_stm32h5xx.c ****   RCC->PLL3FRACR = 0x00000000U;
  87              		.loc 1 244 3 is_stmt 1 view .LVU30
  88              		.loc 1 244 18 is_stmt 0 view .LVU31
  89 0038 9A64     		str	r2, [r3, #72]
 245:Core/Src/system_stm32h5xx.c **** #endif /* RCC_CR_PLL3ON */
 246:Core/Src/system_stm32h5xx.c **** 
 247:Core/Src/system_stm32h5xx.c ****   /* Reset HSEBYP bit */
 248:Core/Src/system_stm32h5xx.c ****   RCC->CR &= ~(RCC_CR_HSEBYP);
  90              		.loc 1 248 3 is_stmt 1 view .LVU32
  91              		.loc 1 248 6 is_stmt 0 view .LVU33
  92 003a 1868     		ldr	r0, [r3]
  93              		.loc 1 248 11 view .LVU34
  94 003c 20F48020 		bic	r0, r0, #262144
  95 0040 1860     		str	r0, [r3]
ARM GAS  C:\Users\admin\AppData\Local\Temp\ccMEiaUq.s 			page 7


 249:Core/Src/system_stm32h5xx.c **** 
 250:Core/Src/system_stm32h5xx.c ****   /* Disable all interrupts */
 251:Core/Src/system_stm32h5xx.c ****   RCC->CIER = 0U;
  96              		.loc 1 251 3 is_stmt 1 view .LVU35
  97              		.loc 1 251 13 is_stmt 0 view .LVU36
  98 0042 1A65     		str	r2, [r3, #80]
 252:Core/Src/system_stm32h5xx.c **** 
 253:Core/Src/system_stm32h5xx.c ****   /* Configure the Vector Table location add offset address ------------------*/
 254:Core/Src/system_stm32h5xx.c ****   #ifdef VECT_TAB_SRAM
 255:Core/Src/system_stm32h5xx.c ****     SCB->VTOR = SRAM1_BASE | VECT_TAB_OFFSET; /* Vector Table Relocation in Internal SRAM */
 256:Core/Src/system_stm32h5xx.c ****   #else
 257:Core/Src/system_stm32h5xx.c ****     SCB->VTOR = FLASH_BASE | VECT_TAB_OFFSET; /* Vector Table Relocation in Internal FLASH */
  99              		.loc 1 257 5 is_stmt 1 view .LVU37
 100              		.loc 1 257 15 is_stmt 0 view .LVU38
 101 0044 4FF00063 		mov	r3, #134217728
 102 0048 8B60     		str	r3, [r1, #8]
 258:Core/Src/system_stm32h5xx.c ****   #endif /* VECT_TAB_SRAM */
 259:Core/Src/system_stm32h5xx.c **** 
 260:Core/Src/system_stm32h5xx.c ****   /* Check OPSR register to verify if there is an ongoing swap or option bytes update interrupted b
 261:Core/Src/system_stm32h5xx.c ****   reg_opsr = FLASH->OPSR & FLASH_OPSR_CODE_OP;
 103              		.loc 1 261 3 is_stmt 1 view .LVU39
 104              		.loc 1 261 19 is_stmt 0 view .LVU40
 105 004a 134B     		ldr	r3, .L5+16
 106 004c 9B69     		ldr	r3, [r3, #24]
 107              		.loc 1 261 12 view .LVU41
 108 004e 03F06043 		and	r3, r3, #-536870912
 109              	.LVL0:
 262:Core/Src/system_stm32h5xx.c ****   if ((reg_opsr == FLASH_OPSR_CODE_OP) || (reg_opsr == (FLASH_OPSR_CODE_OP_2 | FLASH_OPSR_CODE_OP_1
 110              		.loc 1 262 3 is_stmt 1 view .LVU42
 111              		.loc 1 262 6 is_stmt 0 view .LVU43
 112 0052 B3F1604F 		cmp	r3, #-536870912
 113 0056 02D0     		beq	.L2
 114              		.loc 1 262 40 discriminator 1 view .LVU44
 115 0058 B3F1404F 		cmp	r3, #-1073741824
 116 005c 13D1     		bne	.L1
 117              	.L2:
 263:Core/Src/system_stm32h5xx.c ****   {
 264:Core/Src/system_stm32h5xx.c ****     /* Check FLASH Option Control Register access */
 265:Core/Src/system_stm32h5xx.c ****     if ((FLASH->OPTCR & FLASH_OPTCR_OPTLOCK) != 0U)
 118              		.loc 1 265 5 is_stmt 1 view .LVU45
 119              		.loc 1 265 15 is_stmt 0 view .LVU46
 120 005e 0E4B     		ldr	r3, .L5+16
 121              	.LVL1:
 122              		.loc 1 265 15 view .LVU47
 123 0060 DB69     		ldr	r3, [r3, #28]
 124              		.loc 1 265 8 view .LVU48
 125 0062 13F0010F 		tst	r3, #1
 126 0066 05D0     		beq	.L4
 266:Core/Src/system_stm32h5xx.c ****     {
 267:Core/Src/system_stm32h5xx.c ****       /* Authorizes the Option Byte registers programming */
 268:Core/Src/system_stm32h5xx.c ****       FLASH->OPTKEYR = 0x08192A3BU;
 127              		.loc 1 268 7 is_stmt 1 view .LVU49
 128              		.loc 1 268 22 is_stmt 0 view .LVU50
 129 0068 0B4B     		ldr	r3, .L5+16
 130 006a 0C4A     		ldr	r2, .L5+20
 131 006c DA60     		str	r2, [r3, #12]
 269:Core/Src/system_stm32h5xx.c ****       FLASH->OPTKEYR = 0x4C5D6E7FU;
ARM GAS  C:\Users\admin\AppData\Local\Temp\ccMEiaUq.s 			page 8


 132              		.loc 1 269 7 is_stmt 1 view .LVU51
 133              		.loc 1 269 22 is_stmt 0 view .LVU52
 134 006e 02F14432 		add	r2, r2, #1145324612
 135 0072 DA60     		str	r2, [r3, #12]
 136              	.L4:
 270:Core/Src/system_stm32h5xx.c ****     }
 271:Core/Src/system_stm32h5xx.c ****     /* Launch the option bytes change operation */
 272:Core/Src/system_stm32h5xx.c ****     FLASH->OPTCR |= FLASH_OPTCR_OPTSTART;
 137              		.loc 1 272 5 is_stmt 1 view .LVU53
 138              		.loc 1 272 10 is_stmt 0 view .LVU54
 139 0074 084B     		ldr	r3, .L5+16
 140 0076 DA69     		ldr	r2, [r3, #28]
 141              		.loc 1 272 18 view .LVU55
 142 0078 42F00202 		orr	r2, r2, #2
 143 007c DA61     		str	r2, [r3, #28]
 273:Core/Src/system_stm32h5xx.c **** 
 274:Core/Src/system_stm32h5xx.c ****     /* Lock the FLASH Option Control Register access */
 275:Core/Src/system_stm32h5xx.c ****     FLASH->OPTCR |= FLASH_OPTCR_OPTLOCK;
 144              		.loc 1 275 5 is_stmt 1 view .LVU56
 145              		.loc 1 275 10 is_stmt 0 view .LVU57
 146 007e DA69     		ldr	r2, [r3, #28]
 147              		.loc 1 275 18 view .LVU58
 148 0080 42F00102 		orr	r2, r2, #1
 149 0084 DA61     		str	r2, [r3, #28]
 150              	.L1:
 276:Core/Src/system_stm32h5xx.c ****   }
 277:Core/Src/system_stm32h5xx.c **** }
 151              		.loc 1 277 1 view .LVU59
 152 0086 7047     		bx	lr
 153              	.L6:
 154              		.align	2
 155              	.L5:
 156 0088 00ED00E0 		.word	-536810240
 157 008c 000C0244 		.word	1140984832
 158 0090 E3EAE2EA 		.word	-354227485
 159 0094 80020101 		.word	16843392
 160 0098 00200240 		.word	1073881088
 161 009c 3B2A1908 		.word	135866939
 162              		.cfi_endproc
 163              	.LFE356:
 165              		.section	.text.SystemCoreClockUpdate,"ax",%progbits
 166              		.align	1
 167              		.global	SystemCoreClockUpdate
 168              		.syntax unified
 169              		.thumb
 170              		.thumb_func
 172              	SystemCoreClockUpdate:
 173              	.LFB357:
 278:Core/Src/system_stm32h5xx.c **** 
 279:Core/Src/system_stm32h5xx.c **** /**
 280:Core/Src/system_stm32h5xx.c ****   * @brief  Update SystemCoreClock variable according to Clock Register Values.
 281:Core/Src/system_stm32h5xx.c ****   *         The SystemCoreClock variable contains the core clock (HCLK), it can
 282:Core/Src/system_stm32h5xx.c ****   *         be used by the user application to setup the SysTick timer or configure
 283:Core/Src/system_stm32h5xx.c ****   *         other parameters.
 284:Core/Src/system_stm32h5xx.c ****   *
 285:Core/Src/system_stm32h5xx.c ****   * @note   Each time the core clock (HCLK) changes, this function must be called
 286:Core/Src/system_stm32h5xx.c ****   *         to update SystemCoreClock variable value. Otherwise, any configuration
ARM GAS  C:\Users\admin\AppData\Local\Temp\ccMEiaUq.s 			page 9


 287:Core/Src/system_stm32h5xx.c ****   *         based on this variable will be incorrect.
 288:Core/Src/system_stm32h5xx.c ****   *
 289:Core/Src/system_stm32h5xx.c ****   * @note   - The system frequency computed by this function is not the real
 290:Core/Src/system_stm32h5xx.c ****   *           frequency in the chip. It is calculated based on the predefined
 291:Core/Src/system_stm32h5xx.c ****   *           constant and the selected clock source:
 292:Core/Src/system_stm32h5xx.c ****   *
 293:Core/Src/system_stm32h5xx.c ****   *           - If SYSCLK source is CSI, SystemCoreClock will contain the CSI_VALUE(*)
 294:Core/Src/system_stm32h5xx.c ****   *
 295:Core/Src/system_stm32h5xx.c ****   *           - If SYSCLK source is HSI, SystemCoreClock will contain the HSI_VALUE(**)
 296:Core/Src/system_stm32h5xx.c ****   *
 297:Core/Src/system_stm32h5xx.c ****   *           - If SYSCLK source is HSE, SystemCoreClock will contain the HSE_VALUE(***)
 298:Core/Src/system_stm32h5xx.c ****   *
 299:Core/Src/system_stm32h5xx.c ****   *           - If SYSCLK source is PLL, SystemCoreClock will contain the HSE_VALUE(***)
 300:Core/Src/system_stm32h5xx.c ****   *             or HSI_VALUE(**) or CSI_VALUE(*) multiplied/divided by the PLL factors.
 301:Core/Src/system_stm32h5xx.c ****   *
 302:Core/Src/system_stm32h5xx.c ****   *         (*) CSI_VALUE is a constant defined in stm32h5xx_hal.h file (default value
 303:Core/Src/system_stm32h5xx.c ****   *             4 MHz) but the real value may vary depending on the variations
 304:Core/Src/system_stm32h5xx.c ****   *             in voltage and temperature.
 305:Core/Src/system_stm32h5xx.c ****   *
 306:Core/Src/system_stm32h5xx.c ****   *         (**) HSI_VALUE is a constant defined in stm32h5xx_hal.h file (default value
 307:Core/Src/system_stm32h5xx.c ****   *              64 MHz) but the real value may vary depending on the variations
 308:Core/Src/system_stm32h5xx.c ****   *              in voltage and temperature.
 309:Core/Src/system_stm32h5xx.c ****   *
 310:Core/Src/system_stm32h5xx.c ****   *         (***) HSE_VALUE is a constant defined in stm32h5xx_hal.h file (default value
 311:Core/Src/system_stm32h5xx.c ****   *              25 MHz), user has to ensure that HSE_VALUE is same as the real
 312:Core/Src/system_stm32h5xx.c ****   *              frequency of the crystal used. Otherwise, this function may
 313:Core/Src/system_stm32h5xx.c ****   *              have wrong result.
 314:Core/Src/system_stm32h5xx.c ****   *
 315:Core/Src/system_stm32h5xx.c ****   *         - The result of this function could be not correct when using fractional
 316:Core/Src/system_stm32h5xx.c ****   *           value for HSE crystal.
 317:Core/Src/system_stm32h5xx.c ****   *
 318:Core/Src/system_stm32h5xx.c ****   * @param  None
 319:Core/Src/system_stm32h5xx.c ****   * @retval None
 320:Core/Src/system_stm32h5xx.c ****   */
 321:Core/Src/system_stm32h5xx.c **** void SystemCoreClockUpdate(void)
 322:Core/Src/system_stm32h5xx.c **** {
 174              		.loc 1 322 1 is_stmt 1 view -0
 175              		.cfi_startproc
 176              		@ args = 0, pretend = 0, frame = 0
 177              		@ frame_needed = 0, uses_anonymous_args = 0
 178              		@ link register save eliminated.
 323:Core/Src/system_stm32h5xx.c ****   uint32_t pllp, pllsource, pllm, pllfracen, hsivalue, tmp;
 179              		.loc 1 323 3 view .LVU61
 324:Core/Src/system_stm32h5xx.c ****   float_t fracn1, pllvco;
 180              		.loc 1 324 3 view .LVU62
 325:Core/Src/system_stm32h5xx.c **** 
 326:Core/Src/system_stm32h5xx.c ****   /* Get SYSCLK source -------------------------------------------------------*/
 327:Core/Src/system_stm32h5xx.c ****   switch (RCC->CFGR1 & RCC_CFGR1_SWS)
 181              		.loc 1 327 3 view .LVU63
 182              		.loc 1 327 14 is_stmt 0 view .LVU64
 183 0000 5B4B     		ldr	r3, .L19
 184 0002 DB69     		ldr	r3, [r3, #28]
 185              		.loc 1 327 22 view .LVU65
 186 0004 03F01803 		and	r3, r3, #24
 187              		.loc 1 327 3 view .LVU66
 188 0008 102B     		cmp	r3, #16
 189 000a 6CD0     		beq	.L8
ARM GAS  C:\Users\admin\AppData\Local\Temp\ccMEiaUq.s 			page 10


 190 000c 08D8     		bhi	.L9
 191 000e 002B     		cmp	r3, #0
 192 0010 56D0     		beq	.L10
 193 0012 082B     		cmp	r3, #8
 194 0014 40F0A880 		bne	.L12
 328:Core/Src/system_stm32h5xx.c ****   {
 329:Core/Src/system_stm32h5xx.c ****   case 0x00UL:  /* HSI used as system clock source */
 330:Core/Src/system_stm32h5xx.c ****     SystemCoreClock = (uint32_t) (HSI_VALUE >> ((RCC->CR & RCC_CR_HSIDIV)>> 3));
 331:Core/Src/system_stm32h5xx.c ****     break;
 332:Core/Src/system_stm32h5xx.c **** 
 333:Core/Src/system_stm32h5xx.c ****   case 0x08UL:  /* CSI used as system clock  source */
 334:Core/Src/system_stm32h5xx.c ****     SystemCoreClock = CSI_VALUE;
 195              		.loc 1 334 5 is_stmt 1 view .LVU67
 196              		.loc 1 334 21 is_stmt 0 view .LVU68
 197 0018 564B     		ldr	r3, .L19+4
 198 001a 574A     		ldr	r2, .L19+8
 199 001c 1A60     		str	r2, [r3]
 335:Core/Src/system_stm32h5xx.c ****     break;
 200              		.loc 1 335 5 is_stmt 1 view .LVU69
 201 001e 57E0     		b	.L14
 202              	.L9:
 327:Core/Src/system_stm32h5xx.c ****   {
 203              		.loc 1 327 3 is_stmt 0 view .LVU70
 204 0020 182B     		cmp	r3, #24
 205 0022 40F0A180 		bne	.L12
 336:Core/Src/system_stm32h5xx.c **** 
 337:Core/Src/system_stm32h5xx.c ****   case 0x10UL:  /* HSE used as system clock  source */
 338:Core/Src/system_stm32h5xx.c ****     SystemCoreClock = HSE_VALUE;
 339:Core/Src/system_stm32h5xx.c ****     break;
 340:Core/Src/system_stm32h5xx.c **** 
 341:Core/Src/system_stm32h5xx.c ****   case 0x18UL:  /* PLL1 used as system clock source */
 342:Core/Src/system_stm32h5xx.c ****     /* PLL_VCO = (HSE_VALUE or HSI_VALUE or CSI_VALUE/ PLLM) * PLLN
 343:Core/Src/system_stm32h5xx.c ****     SYSCLK = PLL_VCO / PLLR
 344:Core/Src/system_stm32h5xx.c ****     */
 345:Core/Src/system_stm32h5xx.c ****     pllsource = (RCC->PLL1CFGR & RCC_PLL1CFGR_PLL1SRC);
 206              		.loc 1 345 5 is_stmt 1 view .LVU71
 207              		.loc 1 345 21 is_stmt 0 view .LVU72
 208 0026 5248     		ldr	r0, .L19
 209 0028 816A     		ldr	r1, [r0, #40]
 210              		.loc 1 345 15 view .LVU73
 211 002a 01F00301 		and	r1, r1, #3
 212              	.LVL2:
 346:Core/Src/system_stm32h5xx.c ****     pllm = ((RCC->PLL1CFGR & RCC_PLL1CFGR_PLL1M)>> RCC_PLL1CFGR_PLL1M_Pos);
 213              		.loc 1 346 5 is_stmt 1 view .LVU74
 214              		.loc 1 346 17 is_stmt 0 view .LVU75
 215 002e 826A     		ldr	r2, [r0, #40]
 216              		.loc 1 346 10 view .LVU76
 217 0030 C2F30522 		ubfx	r2, r2, #8, #6
 218              	.LVL3:
 347:Core/Src/system_stm32h5xx.c ****     pllfracen = ((RCC->PLL1CFGR & RCC_PLL1CFGR_PLL1FRACEN)>>RCC_PLL1CFGR_PLL1FRACEN_Pos);
 219              		.loc 1 347 5 is_stmt 1 view .LVU77
 220              		.loc 1 347 22 is_stmt 0 view .LVU78
 221 0034 836A     		ldr	r3, [r0, #40]
 222              		.loc 1 347 15 view .LVU79
 223 0036 C3F3001C 		ubfx	ip, r3, #4, #1
 224              	.LVL4:
 348:Core/Src/system_stm32h5xx.c ****     fracn1 = (float_t)(uint32_t)(pllfracen* ((RCC->PLL1FRACR & RCC_PLL1FRACR_PLL1FRACN)>> RCC_PLL1F
ARM GAS  C:\Users\admin\AppData\Local\Temp\ccMEiaUq.s 			page 11


 225              		.loc 1 348 5 is_stmt 1 view .LVU80
 226              		.loc 1 348 50 is_stmt 0 view .LVU81
 227 003a 836B     		ldr	r3, [r0, #56]
 228              		.loc 1 348 88 view .LVU82
 229 003c C3F3CC03 		ubfx	r3, r3, #3, #13
 230              		.loc 1 348 23 view .LVU83
 231 0040 0CFB03F3 		mul	r3, ip, r3
 232              		.loc 1 348 12 view .LVU84
 233 0044 07EE903A 		vmov	s15, r3	@ int
 234 0048 F8EE677A 		vcvt.f32.u32	s15, s15
 235              	.LVL5:
 349:Core/Src/system_stm32h5xx.c **** 
 350:Core/Src/system_stm32h5xx.c ****     switch (pllsource)
 236              		.loc 1 350 5 is_stmt 1 view .LVU85
 237 004c 0229     		cmp	r1, #2
 238 004e 4ED0     		beq	.L15
 239 0050 0329     		cmp	r1, #3
 240 0052 69D0     		beq	.L16
 241 0054 0129     		cmp	r1, #1
 242 0056 40F08480 		bne	.L18
 351:Core/Src/system_stm32h5xx.c ****     {
 352:Core/Src/system_stm32h5xx.c ****     case 0x01UL:  /* HSI used as PLL clock source */
 353:Core/Src/system_stm32h5xx.c ****       hsivalue = (HSI_VALUE >> ((RCC->CR & RCC_CR_HSIDIV)>> 3)) ;
 243              		.loc 1 353 7 view .LVU86
 244              		.loc 1 353 37 is_stmt 0 view .LVU87
 245 005a 0168     		ldr	r1, [r0]
 246              	.LVL6:
 247              		.loc 1 353 58 view .LVU88
 248 005c C1F3C101 		ubfx	r1, r1, #3, #2
 249              		.loc 1 353 16 view .LVU89
 250 0060 464B     		ldr	r3, .L19+12
 251 0062 CB40     		lsrs	r3, r3, r1
 252              	.LVL7:
 354:Core/Src/system_stm32h5xx.c ****       pllvco = ((float_t)hsivalue / (float_t)pllm) * ((float_t)(uint32_t)(RCC->PLL1DIVR & RCC_PLL1D
 253              		.loc 1 354 7 is_stmt 1 view .LVU90
 254              		.loc 1 354 17 is_stmt 0 view .LVU91
 255 0064 07EE103A 		vmov	s14, r3	@ int
 256 0068 B8EE476A 		vcvt.f32.u32	s12, s14
 257              		.loc 1 354 37 view .LVU92
 258 006c 07EE102A 		vmov	s14, r2	@ int
 259 0070 B8EE477A 		vcvt.f32.u32	s14, s14
 260              		.loc 1 354 35 view .LVU93
 261 0074 C6EE076A 		vdiv.f32	s13, s12, s14
 262              		.loc 1 354 78 view .LVU94
 263 0078 436B     		ldr	r3, [r0, #52]
 264              	.LVL8:
 265              		.loc 1 354 64 view .LVU95
 266 007a C3F30803 		ubfx	r3, r3, #0, #9
 267              		.loc 1 354 55 view .LVU96
 268 007e 07EE103A 		vmov	s14, r3	@ int
 269 0082 B8EE477A 		vcvt.f32.u32	s14, s14
 355:Core/Src/system_stm32h5xx.c ****                 (fracn1/(float_t)0x2000) +(float_t)1 );
 270              		.loc 1 355 24 view .LVU97
 271 0086 9FED3E6A 		vldr.32	s12, .L19+16
 272 008a 67EE867A 		vmul.f32	s15, s15, s12
 273              	.LVL9:
 354:Core/Src/system_stm32h5xx.c ****       pllvco = ((float_t)hsivalue / (float_t)pllm) * ((float_t)(uint32_t)(RCC->PLL1DIVR & RCC_PLL1D
ARM GAS  C:\Users\admin\AppData\Local\Temp\ccMEiaUq.s 			page 12


 274              		.loc 1 354 111 view .LVU98
 275 008e 77EE277A 		vadd.f32	s15, s14, s15
 276              		.loc 1 355 42 view .LVU99
 277 0092 B7EE007A 		vmov.f32	s14, #1.0e+0
 278 0096 77EE877A 		vadd.f32	s15, s15, s14
 354:Core/Src/system_stm32h5xx.c ****       pllvco = ((float_t)hsivalue / (float_t)pllm) * ((float_t)(uint32_t)(RCC->PLL1DIVR & RCC_PLL1D
 279              		.loc 1 354 14 view .LVU100
 280 009a 66EEA76A 		vmul.f32	s13, s13, s15
 281              	.LVL10:
 356:Core/Src/system_stm32h5xx.c ****       break;
 282              		.loc 1 356 7 is_stmt 1 view .LVU101
 283              	.L17:
 357:Core/Src/system_stm32h5xx.c **** 
 358:Core/Src/system_stm32h5xx.c ****     case 0x02UL:  /* CSI used as PLL clock source */
 359:Core/Src/system_stm32h5xx.c ****       pllvco = ((float_t)CSI_VALUE / (float_t)pllm) * ((float_t)(uint32_t)(RCC->PLL1DIVR & RCC_PLL1
 360:Core/Src/system_stm32h5xx.c ****                 (fracn1/(float_t)0x2000) +(float_t)1 );
 361:Core/Src/system_stm32h5xx.c ****       break;
 362:Core/Src/system_stm32h5xx.c **** 
 363:Core/Src/system_stm32h5xx.c ****     case 0x03UL:  /* HSE used as PLL clock source */
 364:Core/Src/system_stm32h5xx.c ****       pllvco = ((float_t)HSE_VALUE / (float_t)pllm) * ((float_t)(uint32_t)(RCC->PLL1DIVR & RCC_PLL1
 365:Core/Src/system_stm32h5xx.c ****                 (fracn1/(float_t)0x2000) +(float_t)1 );
 366:Core/Src/system_stm32h5xx.c ****       break;
 367:Core/Src/system_stm32h5xx.c **** 
 368:Core/Src/system_stm32h5xx.c ****     default:  /* No clock sent to PLL*/
 369:Core/Src/system_stm32h5xx.c ****       pllvco = (float_t) 0U;
 370:Core/Src/system_stm32h5xx.c ****       break;
 371:Core/Src/system_stm32h5xx.c ****     }
 372:Core/Src/system_stm32h5xx.c **** 
 373:Core/Src/system_stm32h5xx.c ****     pllp = (((RCC->PLL1DIVR & RCC_PLL1DIVR_PLL1P) >>RCC_PLL1DIVR_PLL1P_Pos) + 1U ) ;
 284              		.loc 1 373 5 view .LVU102
 285              		.loc 1 373 18 is_stmt 0 view .LVU103
 286 009e 344B     		ldr	r3, .L19
 287 00a0 5B6B     		ldr	r3, [r3, #52]
 288              		.loc 1 373 51 view .LVU104
 289 00a2 C3F34623 		ubfx	r3, r3, #9, #7
 290              		.loc 1 373 10 view .LVU105
 291 00a6 0133     		adds	r3, r3, #1
 292              	.LVL11:
 374:Core/Src/system_stm32h5xx.c ****     SystemCoreClock =  (uint32_t)(float_t)(pllvco/(float_t)pllp);
 293              		.loc 1 374 5 is_stmt 1 view .LVU106
 294              		.loc 1 374 51 is_stmt 0 view .LVU107
 295 00a8 07EE903A 		vmov	s15, r3	@ int
 296 00ac F8EE677A 		vcvt.f32.u32	s15, s15
 297              		.loc 1 374 34 view .LVU108
 298 00b0 86EEA77A 		vdiv.f32	s14, s13, s15
 299              		.loc 1 374 24 view .LVU109
 300 00b4 BCEEC77A 		vcvt.u32.f32	s14, s14
 301              		.loc 1 374 21 view .LVU110
 302 00b8 2E4B     		ldr	r3, .L19+4
 303              	.LVL12:
 304              		.loc 1 374 21 view .LVU111
 305 00ba 83ED007A 		vstr.32	s14, [r3]	@ int
 375:Core/Src/system_stm32h5xx.c **** 
 376:Core/Src/system_stm32h5xx.c ****     break;
 306              		.loc 1 376 5 is_stmt 1 view .LVU112
 307 00be 07E0     		b	.L14
 308              	.LVL13:
ARM GAS  C:\Users\admin\AppData\Local\Temp\ccMEiaUq.s 			page 13


 309              	.L10:
 330:Core/Src/system_stm32h5xx.c ****     break;
 310              		.loc 1 330 5 view .LVU113
 330:Core/Src/system_stm32h5xx.c ****     break;
 311              		.loc 1 330 53 is_stmt 0 view .LVU114
 312 00c0 2B4B     		ldr	r3, .L19
 313 00c2 1A68     		ldr	r2, [r3]
 330:Core/Src/system_stm32h5xx.c ****     break;
 314              		.loc 1 330 74 view .LVU115
 315 00c4 C2F3C102 		ubfx	r2, r2, #3, #2
 330:Core/Src/system_stm32h5xx.c ****     break;
 316              		.loc 1 330 23 view .LVU116
 317 00c8 2C4B     		ldr	r3, .L19+12
 318 00ca D340     		lsrs	r3, r3, r2
 330:Core/Src/system_stm32h5xx.c ****     break;
 319              		.loc 1 330 21 view .LVU117
 320 00cc 294A     		ldr	r2, .L19+4
 321 00ce 1360     		str	r3, [r2]
 331:Core/Src/system_stm32h5xx.c **** 
 322              		.loc 1 331 5 is_stmt 1 view .LVU118
 323              	.L14:
 377:Core/Src/system_stm32h5xx.c **** 
 378:Core/Src/system_stm32h5xx.c ****   default:
 379:Core/Src/system_stm32h5xx.c ****     SystemCoreClock = HSI_VALUE;
 380:Core/Src/system_stm32h5xx.c ****     break;
 381:Core/Src/system_stm32h5xx.c ****   }
 382:Core/Src/system_stm32h5xx.c ****   /* Compute HCLK clock frequency --------------------------------------------*/
 383:Core/Src/system_stm32h5xx.c ****   /* Get HCLK prescaler */
 384:Core/Src/system_stm32h5xx.c ****   tmp = AHBPrescTable[((RCC->CFGR2 & RCC_CFGR2_HPRE) >> RCC_CFGR2_HPRE_Pos)];
 324              		.loc 1 384 3 view .LVU119
 325              		.loc 1 384 28 is_stmt 0 view .LVU120
 326 00d0 274B     		ldr	r3, .L19
 327 00d2 1B6A     		ldr	r3, [r3, #32]
 328              		.loc 1 384 54 view .LVU121
 329 00d4 03F00F03 		and	r3, r3, #15
 330              		.loc 1 384 22 view .LVU122
 331 00d8 2A4A     		ldr	r2, .L19+20
 332 00da D15C     		ldrb	r1, [r2, r3]	@ zero_extendqisi2
 333              	.LVL14:
 385:Core/Src/system_stm32h5xx.c ****   /* HCLK clock frequency */
 386:Core/Src/system_stm32h5xx.c ****   SystemCoreClock >>= tmp;
 334              		.loc 1 386 3 is_stmt 1 view .LVU123
 335              		.loc 1 386 19 is_stmt 0 view .LVU124
 336 00dc 254A     		ldr	r2, .L19+4
 337 00de 1368     		ldr	r3, [r2]
 338 00e0 CB40     		lsrs	r3, r3, r1
 339 00e2 1360     		str	r3, [r2]
 387:Core/Src/system_stm32h5xx.c **** }
 340              		.loc 1 387 1 view .LVU125
 341 00e4 7047     		bx	lr
 342              	.LVL15:
 343              	.L8:
 338:Core/Src/system_stm32h5xx.c ****     break;
 344              		.loc 1 338 5 is_stmt 1 view .LVU126
 338:Core/Src/system_stm32h5xx.c ****     break;
 345              		.loc 1 338 21 is_stmt 0 view .LVU127
 346 00e6 234B     		ldr	r3, .L19+4
ARM GAS  C:\Users\admin\AppData\Local\Temp\ccMEiaUq.s 			page 14


 347 00e8 274A     		ldr	r2, .L19+24
 348 00ea 1A60     		str	r2, [r3]
 339:Core/Src/system_stm32h5xx.c **** 
 349              		.loc 1 339 5 is_stmt 1 view .LVU128
 350 00ec F0E7     		b	.L14
 351              	.LVL16:
 352              	.L15:
 359:Core/Src/system_stm32h5xx.c ****                 (fracn1/(float_t)0x2000) +(float_t)1 );
 353              		.loc 1 359 7 view .LVU129
 359:Core/Src/system_stm32h5xx.c ****                 (fracn1/(float_t)0x2000) +(float_t)1 );
 354              		.loc 1 359 38 is_stmt 0 view .LVU130
 355 00ee 07EE102A 		vmov	s14, r2	@ int
 356 00f2 B8EE477A 		vcvt.f32.u32	s14, s14
 359:Core/Src/system_stm32h5xx.c ****                 (fracn1/(float_t)0x2000) +(float_t)1 );
 357              		.loc 1 359 36 view .LVU131
 358 00f6 9FED256A 		vldr.32	s12, .L19+28
 359 00fa C6EE076A 		vdiv.f32	s13, s12, s14
 359:Core/Src/system_stm32h5xx.c ****                 (fracn1/(float_t)0x2000) +(float_t)1 );
 360              		.loc 1 359 79 view .LVU132
 361 00fe 1C4B     		ldr	r3, .L19
 362 0100 5B6B     		ldr	r3, [r3, #52]
 359:Core/Src/system_stm32h5xx.c ****                 (fracn1/(float_t)0x2000) +(float_t)1 );
 363              		.loc 1 359 65 view .LVU133
 364 0102 C3F30803 		ubfx	r3, r3, #0, #9
 359:Core/Src/system_stm32h5xx.c ****                 (fracn1/(float_t)0x2000) +(float_t)1 );
 365              		.loc 1 359 56 view .LVU134
 366 0106 07EE103A 		vmov	s14, r3	@ int
 367 010a B8EE477A 		vcvt.f32.u32	s14, s14
 360:Core/Src/system_stm32h5xx.c ****       break;
 368              		.loc 1 360 24 view .LVU135
 369 010e 9FED1C6A 		vldr.32	s12, .L19+16
 370 0112 67EE867A 		vmul.f32	s15, s15, s12
 371              	.LVL17:
 359:Core/Src/system_stm32h5xx.c ****                 (fracn1/(float_t)0x2000) +(float_t)1 );
 372              		.loc 1 359 112 view .LVU136
 373 0116 77EE277A 		vadd.f32	s15, s14, s15
 360:Core/Src/system_stm32h5xx.c ****       break;
 374              		.loc 1 360 42 view .LVU137
 375 011a B7EE007A 		vmov.f32	s14, #1.0e+0
 376 011e 77EE877A 		vadd.f32	s15, s15, s14
 359:Core/Src/system_stm32h5xx.c ****                 (fracn1/(float_t)0x2000) +(float_t)1 );
 377              		.loc 1 359 14 view .LVU138
 378 0122 66EEA76A 		vmul.f32	s13, s13, s15
 379              	.LVL18:
 361:Core/Src/system_stm32h5xx.c **** 
 380              		.loc 1 361 7 is_stmt 1 view .LVU139
 381 0126 BAE7     		b	.L17
 382              	.LVL19:
 383              	.L16:
 364:Core/Src/system_stm32h5xx.c ****                 (fracn1/(float_t)0x2000) +(float_t)1 );
 384              		.loc 1 364 7 view .LVU140
 364:Core/Src/system_stm32h5xx.c ****                 (fracn1/(float_t)0x2000) +(float_t)1 );
 385              		.loc 1 364 38 is_stmt 0 view .LVU141
 386 0128 07EE102A 		vmov	s14, r2	@ int
 387 012c B8EE477A 		vcvt.f32.u32	s14, s14
 364:Core/Src/system_stm32h5xx.c ****                 (fracn1/(float_t)0x2000) +(float_t)1 );
 388              		.loc 1 364 36 view .LVU142
ARM GAS  C:\Users\admin\AppData\Local\Temp\ccMEiaUq.s 			page 15


 389 0130 9FED176A 		vldr.32	s12, .L19+32
 390 0134 C6EE076A 		vdiv.f32	s13, s12, s14
 364:Core/Src/system_stm32h5xx.c ****                 (fracn1/(float_t)0x2000) +(float_t)1 );
 391              		.loc 1 364 79 view .LVU143
 392 0138 0D4B     		ldr	r3, .L19
 393 013a 5B6B     		ldr	r3, [r3, #52]
 364:Core/Src/system_stm32h5xx.c ****                 (fracn1/(float_t)0x2000) +(float_t)1 );
 394              		.loc 1 364 65 view .LVU144
 395 013c C3F30803 		ubfx	r3, r3, #0, #9
 364:Core/Src/system_stm32h5xx.c ****                 (fracn1/(float_t)0x2000) +(float_t)1 );
 396              		.loc 1 364 56 view .LVU145
 397 0140 07EE103A 		vmov	s14, r3	@ int
 398 0144 B8EE477A 		vcvt.f32.u32	s14, s14
 365:Core/Src/system_stm32h5xx.c ****       break;
 399              		.loc 1 365 24 view .LVU146
 400 0148 9FED0D6A 		vldr.32	s12, .L19+16
 401 014c 67EE867A 		vmul.f32	s15, s15, s12
 402              	.LVL20:
 364:Core/Src/system_stm32h5xx.c ****                 (fracn1/(float_t)0x2000) +(float_t)1 );
 403              		.loc 1 364 112 view .LVU147
 404 0150 77EE277A 		vadd.f32	s15, s14, s15
 365:Core/Src/system_stm32h5xx.c ****       break;
 405              		.loc 1 365 42 view .LVU148
 406 0154 B7EE007A 		vmov.f32	s14, #1.0e+0
 407 0158 77EE877A 		vadd.f32	s15, s15, s14
 364:Core/Src/system_stm32h5xx.c ****                 (fracn1/(float_t)0x2000) +(float_t)1 );
 408              		.loc 1 364 14 view .LVU149
 409 015c 66EEA76A 		vmul.f32	s13, s13, s15
 410              	.LVL21:
 366:Core/Src/system_stm32h5xx.c **** 
 411              		.loc 1 366 7 is_stmt 1 view .LVU150
 412 0160 9DE7     		b	.L17
 413              	.LVL22:
 414              	.L18:
 350:Core/Src/system_stm32h5xx.c ****     {
 415              		.loc 1 350 5 is_stmt 0 view .LVU151
 416 0162 DFED0C6A 		vldr.32	s13, .L19+36
 417 0166 9AE7     		b	.L17
 418              	.LVL23:
 419              	.L12:
 379:Core/Src/system_stm32h5xx.c ****     break;
 420              		.loc 1 379 5 is_stmt 1 view .LVU152
 379:Core/Src/system_stm32h5xx.c ****     break;
 421              		.loc 1 379 21 is_stmt 0 view .LVU153
 422 0168 024B     		ldr	r3, .L19+4
 423 016a 044A     		ldr	r2, .L19+12
 424 016c 1A60     		str	r2, [r3]
 380:Core/Src/system_stm32h5xx.c ****   }
 425              		.loc 1 380 5 is_stmt 1 view .LVU154
 426 016e AFE7     		b	.L14
 427              	.L20:
 428              		.align	2
 429              	.L19:
 430 0170 000C0244 		.word	1140984832
 431 0174 00000000 		.word	SystemCoreClock
 432 0178 00093D00 		.word	4000000
 433 017c 0090D003 		.word	64000000
ARM GAS  C:\Users\admin\AppData\Local\Temp\ccMEiaUq.s 			page 16


 434 0180 00000039 		.word	956301312
 435 0184 00000000 		.word	AHBPrescTable
 436 0188 00127A00 		.word	8000000
 437 018c 0024744A 		.word	1249125376
 438 0190 0024F44A 		.word	1257513984
 439 0194 00000000 		.word	0
 440              		.cfi_endproc
 441              	.LFE357:
 443              		.global	APBPrescTable
 444              		.section	.rodata.APBPrescTable,"a"
 445              		.align	2
 448              	APBPrescTable:
 449 0000 00000000 		.ascii	"\000\000\000\000\001\002\003\004"
 449      01020304 
 450              		.global	AHBPrescTable
 451              		.section	.rodata.AHBPrescTable,"a"
 452              		.align	2
 455              	AHBPrescTable:
 456 0000 00000000 		.ascii	"\000\000\000\000\000\000\000\000\001\002\003\004\006"
 456      00000000 
 456      01020304 
 456      06
 457 000d 070809   		.ascii	"\007\010\011"
 458              		.global	SystemCoreClock
 459              		.section	.data.SystemCoreClock,"aw"
 460              		.align	2
 463              	SystemCoreClock:
 464 0000 0090D003 		.word	64000000
 465              		.text
 466              	.Letext0:
 467              		.file 2 "C:/arm-bare-metal/arm-none-eabi/include/machine/_default_types.h"
 468              		.file 3 "C:/arm-bare-metal/arm-none-eabi/include/math.h"
 469              		.file 4 "C:/arm-bare-metal/arm-none-eabi/include/sys/_stdint.h"
 470              		.file 5 "Drivers/CMSIS/Include/core_cm33.h"
 471              		.file 6 "Drivers/CMSIS/Device/ST/STM32H5xx/Include/system_stm32h5xx.h"
 472              		.file 7 "Drivers/CMSIS/Device/ST/STM32H5xx/Include/stm32h523xx.h"
ARM GAS  C:\Users\admin\AppData\Local\Temp\ccMEiaUq.s 			page 17


DEFINED SYMBOLS
                            *ABS*:00000000 system_stm32h5xx.c
C:\Users\admin\AppData\Local\Temp\ccMEiaUq.s:22     .text.SystemInit:00000000 $t
C:\Users\admin\AppData\Local\Temp\ccMEiaUq.s:28     .text.SystemInit:00000000 SystemInit
C:\Users\admin\AppData\Local\Temp\ccMEiaUq.s:156    .text.SystemInit:00000088 $d
C:\Users\admin\AppData\Local\Temp\ccMEiaUq.s:166    .text.SystemCoreClockUpdate:00000000 $t
C:\Users\admin\AppData\Local\Temp\ccMEiaUq.s:172    .text.SystemCoreClockUpdate:00000000 SystemCoreClockUpdate
C:\Users\admin\AppData\Local\Temp\ccMEiaUq.s:430    .text.SystemCoreClockUpdate:00000170 $d
C:\Users\admin\AppData\Local\Temp\ccMEiaUq.s:463    .data.SystemCoreClock:00000000 SystemCoreClock
C:\Users\admin\AppData\Local\Temp\ccMEiaUq.s:455    .rodata.AHBPrescTable:00000000 AHBPrescTable
C:\Users\admin\AppData\Local\Temp\ccMEiaUq.s:448    .rodata.APBPrescTable:00000000 APBPrescTable
C:\Users\admin\AppData\Local\Temp\ccMEiaUq.s:445    .rodata.APBPrescTable:00000000 $d
C:\Users\admin\AppData\Local\Temp\ccMEiaUq.s:452    .rodata.AHBPrescTable:00000000 $d
C:\Users\admin\AppData\Local\Temp\ccMEiaUq.s:460    .data.SystemCoreClock:00000000 $d

NO UNDEFINED SYMBOLS
