ARM GAS  C:\Users\Xuleo\AppData\Local\Temp\cc5lk614.s 			page 1


   1              		.cpu cortex-m3
   2              		.arch armv7-m
   3              		.fpu softvfp
   4              		.eabi_attribute 20, 1
   5              		.eabi_attribute 21, 1
   6              		.eabi_attribute 23, 3
   7              		.eabi_attribute 24, 1
   8              		.eabi_attribute 25, 1
   9              		.eabi_attribute 26, 1
  10              		.eabi_attribute 30, 1
  11              		.eabi_attribute 34, 1
  12              		.eabi_attribute 18, 4
  13              		.file	"tim.c"
  14              		.text
  15              	.Ltext0:
  16              		.cfi_sections	.debug_frame
  17              		.file 1 "Core/Src/tim.c"
  18              		.section	.text.HAL_TIM_Base_MspInit,"ax",%progbits
  19              		.align	1
  20              		.global	HAL_TIM_Base_MspInit
  21              		.syntax unified
  22              		.thumb
  23              		.thumb_func
  25              	HAL_TIM_Base_MspInit:
  26              	.LVL0:
  27              	.LFB66:
   1:Core/Src/tim.c **** /* USER CODE BEGIN Header */
   2:Core/Src/tim.c **** /**
   3:Core/Src/tim.c ****   ******************************************************************************
   4:Core/Src/tim.c ****   * @file    tim.c
   5:Core/Src/tim.c ****   * @brief   This file provides code for the configuration
   6:Core/Src/tim.c ****   *          of the TIM instances.
   7:Core/Src/tim.c ****   ******************************************************************************
   8:Core/Src/tim.c ****   * @attention
   9:Core/Src/tim.c ****   *
  10:Core/Src/tim.c ****   * Copyright (c) 2026 STMicroelectronics.
  11:Core/Src/tim.c ****   * All rights reserved.
  12:Core/Src/tim.c ****   *
  13:Core/Src/tim.c ****   * This software is licensed under terms that can be found in the LICENSE file
  14:Core/Src/tim.c ****   * in the root directory of this software component.
  15:Core/Src/tim.c ****   * If no LICENSE file comes with this software, it is provided AS-IS.
  16:Core/Src/tim.c ****   *
  17:Core/Src/tim.c ****   ******************************************************************************
  18:Core/Src/tim.c ****   */
  19:Core/Src/tim.c **** /* USER CODE END Header */
  20:Core/Src/tim.c **** /* Includes ------------------------------------------------------------------*/
  21:Core/Src/tim.c **** #include "tim.h"
  22:Core/Src/tim.c **** 
  23:Core/Src/tim.c **** /* USER CODE BEGIN 0 */
  24:Core/Src/tim.c **** 
  25:Core/Src/tim.c **** /* USER CODE END 0 */
  26:Core/Src/tim.c **** 
  27:Core/Src/tim.c **** TIM_HandleTypeDef htim3;
  28:Core/Src/tim.c **** 
  29:Core/Src/tim.c **** /* TIM3 init function */
  30:Core/Src/tim.c **** void MX_TIM3_Init(void)
  31:Core/Src/tim.c **** {
ARM GAS  C:\Users\Xuleo\AppData\Local\Temp\cc5lk614.s 			page 2


  32:Core/Src/tim.c **** 
  33:Core/Src/tim.c ****   /* USER CODE BEGIN TIM3_Init 0 */
  34:Core/Src/tim.c **** 
  35:Core/Src/tim.c ****   /* USER CODE END TIM3_Init 0 */
  36:Core/Src/tim.c **** 
  37:Core/Src/tim.c ****   TIM_ClockConfigTypeDef sClockSourceConfig = {0};
  38:Core/Src/tim.c ****   TIM_MasterConfigTypeDef sMasterConfig = {0};
  39:Core/Src/tim.c ****   TIM_OC_InitTypeDef sConfigOC = {0};
  40:Core/Src/tim.c **** 
  41:Core/Src/tim.c ****   /* USER CODE BEGIN TIM3_Init 1 */
  42:Core/Src/tim.c **** 
  43:Core/Src/tim.c ****   /* USER CODE END TIM3_Init 1 */
  44:Core/Src/tim.c ****   htim3.Instance = TIM3;
  45:Core/Src/tim.c ****   htim3.Init.Prescaler = 71;
  46:Core/Src/tim.c ****   htim3.Init.CounterMode = TIM_COUNTERMODE_UP;
  47:Core/Src/tim.c ****   htim3.Init.Period = 499;
  48:Core/Src/tim.c ****   htim3.Init.ClockDivision = TIM_CLOCKDIVISION_DIV1;
  49:Core/Src/tim.c ****   htim3.Init.AutoReloadPreload = TIM_AUTORELOAD_PRELOAD_ENABLE;
  50:Core/Src/tim.c ****   if (HAL_TIM_Base_Init(&htim3) != HAL_OK)
  51:Core/Src/tim.c ****   {
  52:Core/Src/tim.c ****     Error_Handler();
  53:Core/Src/tim.c ****   }
  54:Core/Src/tim.c ****   sClockSourceConfig.ClockSource = TIM_CLOCKSOURCE_INTERNAL;
  55:Core/Src/tim.c ****   if (HAL_TIM_ConfigClockSource(&htim3, &sClockSourceConfig) != HAL_OK)
  56:Core/Src/tim.c ****   {
  57:Core/Src/tim.c ****     Error_Handler();
  58:Core/Src/tim.c ****   }
  59:Core/Src/tim.c ****   if (HAL_TIM_PWM_Init(&htim3) != HAL_OK)
  60:Core/Src/tim.c ****   {
  61:Core/Src/tim.c ****     Error_Handler();
  62:Core/Src/tim.c ****   }
  63:Core/Src/tim.c ****   sMasterConfig.MasterOutputTrigger = TIM_TRGO_RESET;
  64:Core/Src/tim.c ****   sMasterConfig.MasterSlaveMode = TIM_MASTERSLAVEMODE_DISABLE;
  65:Core/Src/tim.c ****   if (HAL_TIMEx_MasterConfigSynchronization(&htim3, &sMasterConfig) != HAL_OK)
  66:Core/Src/tim.c ****   {
  67:Core/Src/tim.c ****     Error_Handler();
  68:Core/Src/tim.c ****   }
  69:Core/Src/tim.c ****   sConfigOC.OCMode = TIM_OCMODE_PWM1;
  70:Core/Src/tim.c ****   sConfigOC.Pulse = 0;
  71:Core/Src/tim.c ****   sConfigOC.OCPolarity = TIM_OCPOLARITY_HIGH;
  72:Core/Src/tim.c ****   sConfigOC.OCFastMode = TIM_OCFAST_DISABLE;
  73:Core/Src/tim.c ****   if (HAL_TIM_PWM_ConfigChannel(&htim3, &sConfigOC, TIM_CHANNEL_1) != HAL_OK)
  74:Core/Src/tim.c ****   {
  75:Core/Src/tim.c ****     Error_Handler();
  76:Core/Src/tim.c ****   }
  77:Core/Src/tim.c ****   /* USER CODE BEGIN TIM3_Init 2 */
  78:Core/Src/tim.c **** 
  79:Core/Src/tim.c ****   /* USER CODE END TIM3_Init 2 */
  80:Core/Src/tim.c ****   HAL_TIM_MspPostInit(&htim3);
  81:Core/Src/tim.c **** 
  82:Core/Src/tim.c **** }
  83:Core/Src/tim.c **** 
  84:Core/Src/tim.c **** void HAL_TIM_Base_MspInit(TIM_HandleTypeDef* tim_baseHandle)
  85:Core/Src/tim.c **** {
  28              		.loc 1 85 1 view -0
  29              		.cfi_startproc
  30              		@ args = 0, pretend = 0, frame = 8
ARM GAS  C:\Users\Xuleo\AppData\Local\Temp\cc5lk614.s 			page 3


  31              		@ frame_needed = 0, uses_anonymous_args = 0
  32              		@ link register save eliminated.
  86:Core/Src/tim.c **** 
  87:Core/Src/tim.c ****   if(tim_baseHandle->Instance==TIM3)
  33              		.loc 1 87 3 view .LVU1
  34              		.loc 1 87 20 is_stmt 0 view .LVU2
  35 0000 0268     		ldr	r2, [r0]
  36              		.loc 1 87 5 view .LVU3
  37 0002 094B     		ldr	r3, .L8
  38 0004 9A42     		cmp	r2, r3
  39 0006 00D0     		beq	.L7
  40 0008 7047     		bx	lr
  41              	.L7:
  85:Core/Src/tim.c **** 
  42              		.loc 1 85 1 view .LVU4
  43 000a 82B0     		sub	sp, sp, #8
  44              	.LCFI0:
  45              		.cfi_def_cfa_offset 8
  88:Core/Src/tim.c ****   {
  89:Core/Src/tim.c ****   /* USER CODE BEGIN TIM3_MspInit 0 */
  90:Core/Src/tim.c **** 
  91:Core/Src/tim.c ****   /* USER CODE END TIM3_MspInit 0 */
  92:Core/Src/tim.c ****     /* TIM3 clock enable */
  93:Core/Src/tim.c ****     __HAL_RCC_TIM3_CLK_ENABLE();
  46              		.loc 1 93 5 is_stmt 1 view .LVU5
  47              	.LBB2:
  48              		.loc 1 93 5 view .LVU6
  49              		.loc 1 93 5 view .LVU7
  50 000c 03F50333 		add	r3, r3, #134144
  51 0010 DA69     		ldr	r2, [r3, #28]
  52 0012 42F00202 		orr	r2, r2, #2
  53 0016 DA61     		str	r2, [r3, #28]
  54              		.loc 1 93 5 view .LVU8
  55 0018 DB69     		ldr	r3, [r3, #28]
  56 001a 03F00203 		and	r3, r3, #2
  57 001e 0193     		str	r3, [sp, #4]
  58              		.loc 1 93 5 view .LVU9
  59 0020 019B     		ldr	r3, [sp, #4]
  60              	.LBE2:
  61              		.loc 1 93 5 discriminator 1 view .LVU10
  94:Core/Src/tim.c ****   /* USER CODE BEGIN TIM3_MspInit 1 */
  95:Core/Src/tim.c **** 
  96:Core/Src/tim.c ****   /* USER CODE END TIM3_MspInit 1 */
  97:Core/Src/tim.c ****   }
  98:Core/Src/tim.c **** }
  62              		.loc 1 98 1 is_stmt 0 view .LVU11
  63 0022 02B0     		add	sp, sp, #8
  64              	.LCFI1:
  65              		.cfi_def_cfa_offset 0
  66              		@ sp needed
  67 0024 7047     		bx	lr
  68              	.L9:
  69 0026 00BF     		.align	2
  70              	.L8:
  71 0028 00040040 		.word	1073742848
  72              		.cfi_endproc
  73              	.LFE66:
ARM GAS  C:\Users\Xuleo\AppData\Local\Temp\cc5lk614.s 			page 4


  75              		.section	.text.HAL_TIM_MspPostInit,"ax",%progbits
  76              		.align	1
  77              		.global	HAL_TIM_MspPostInit
  78              		.syntax unified
  79              		.thumb
  80              		.thumb_func
  82              	HAL_TIM_MspPostInit:
  83              	.LVL1:
  84              	.LFB67:
  99:Core/Src/tim.c **** void HAL_TIM_MspPostInit(TIM_HandleTypeDef* timHandle)
 100:Core/Src/tim.c **** {
  85              		.loc 1 100 1 is_stmt 1 view -0
  86              		.cfi_startproc
  87              		@ args = 0, pretend = 0, frame = 24
  88              		@ frame_needed = 0, uses_anonymous_args = 0
  89              		.loc 1 100 1 is_stmt 0 view .LVU13
  90 0000 00B5     		push	{lr}
  91              	.LCFI2:
  92              		.cfi_def_cfa_offset 4
  93              		.cfi_offset 14, -4
  94 0002 87B0     		sub	sp, sp, #28
  95              	.LCFI3:
  96              		.cfi_def_cfa_offset 32
 101:Core/Src/tim.c **** 
 102:Core/Src/tim.c ****   GPIO_InitTypeDef GPIO_InitStruct = {0};
  97              		.loc 1 102 3 is_stmt 1 view .LVU14
  98              		.loc 1 102 20 is_stmt 0 view .LVU15
  99 0004 0023     		movs	r3, #0
 100 0006 0293     		str	r3, [sp, #8]
 101 0008 0393     		str	r3, [sp, #12]
 102 000a 0493     		str	r3, [sp, #16]
 103 000c 0593     		str	r3, [sp, #20]
 103:Core/Src/tim.c ****   if(timHandle->Instance==TIM3)
 104              		.loc 1 103 3 is_stmt 1 view .LVU16
 105              		.loc 1 103 15 is_stmt 0 view .LVU17
 106 000e 0268     		ldr	r2, [r0]
 107              		.loc 1 103 5 view .LVU18
 108 0010 114B     		ldr	r3, .L14
 109 0012 9A42     		cmp	r2, r3
 110 0014 02D0     		beq	.L13
 111              	.LVL2:
 112              	.L10:
 104:Core/Src/tim.c ****   {
 105:Core/Src/tim.c ****   /* USER CODE BEGIN TIM3_MspPostInit 0 */
 106:Core/Src/tim.c **** 
 107:Core/Src/tim.c ****   /* USER CODE END TIM3_MspPostInit 0 */
 108:Core/Src/tim.c **** 
 109:Core/Src/tim.c ****     __HAL_RCC_GPIOB_CLK_ENABLE();
 110:Core/Src/tim.c ****     /**TIM3 GPIO Configuration
 111:Core/Src/tim.c ****     PB4     ------> TIM3_CH1
 112:Core/Src/tim.c ****     */
 113:Core/Src/tim.c ****     GPIO_InitStruct.Pin = GPIO_PIN_4;
 114:Core/Src/tim.c ****     GPIO_InitStruct.Mode = GPIO_MODE_AF_PP;
 115:Core/Src/tim.c ****     GPIO_InitStruct.Speed = GPIO_SPEED_FREQ_LOW;
 116:Core/Src/tim.c ****     HAL_GPIO_Init(GPIOB, &GPIO_InitStruct);
 117:Core/Src/tim.c **** 
 118:Core/Src/tim.c ****     __HAL_AFIO_REMAP_TIM3_PARTIAL();
ARM GAS  C:\Users\Xuleo\AppData\Local\Temp\cc5lk614.s 			page 5


 119:Core/Src/tim.c **** 
 120:Core/Src/tim.c ****   /* USER CODE BEGIN TIM3_MspPostInit 1 */
 121:Core/Src/tim.c **** 
 122:Core/Src/tim.c ****   /* USER CODE END TIM3_MspPostInit 1 */
 123:Core/Src/tim.c ****   }
 124:Core/Src/tim.c **** 
 125:Core/Src/tim.c **** }
 113              		.loc 1 125 1 view .LVU19
 114 0016 07B0     		add	sp, sp, #28
 115              	.LCFI4:
 116              		.cfi_remember_state
 117              		.cfi_def_cfa_offset 4
 118              		@ sp needed
 119 0018 5DF804FB 		ldr	pc, [sp], #4
 120              	.LVL3:
 121              	.L13:
 122              	.LCFI5:
 123              		.cfi_restore_state
 109:Core/Src/tim.c ****     /**TIM3 GPIO Configuration
 124              		.loc 1 109 5 is_stmt 1 view .LVU20
 125              	.LBB3:
 109:Core/Src/tim.c ****     /**TIM3 GPIO Configuration
 126              		.loc 1 109 5 view .LVU21
 109:Core/Src/tim.c ****     /**TIM3 GPIO Configuration
 127              		.loc 1 109 5 view .LVU22
 128 001c 03F50333 		add	r3, r3, #134144
 129 0020 9A69     		ldr	r2, [r3, #24]
 130 0022 42F00802 		orr	r2, r2, #8
 131 0026 9A61     		str	r2, [r3, #24]
 109:Core/Src/tim.c ****     /**TIM3 GPIO Configuration
 132              		.loc 1 109 5 view .LVU23
 133 0028 9B69     		ldr	r3, [r3, #24]
 134 002a 03F00803 		and	r3, r3, #8
 135 002e 0193     		str	r3, [sp, #4]
 109:Core/Src/tim.c ****     /**TIM3 GPIO Configuration
 136              		.loc 1 109 5 view .LVU24
 137 0030 019B     		ldr	r3, [sp, #4]
 138              	.LBE3:
 109:Core/Src/tim.c ****     /**TIM3 GPIO Configuration
 139              		.loc 1 109 5 view .LVU25
 113:Core/Src/tim.c ****     GPIO_InitStruct.Mode = GPIO_MODE_AF_PP;
 140              		.loc 1 113 5 view .LVU26
 113:Core/Src/tim.c ****     GPIO_InitStruct.Mode = GPIO_MODE_AF_PP;
 141              		.loc 1 113 25 is_stmt 0 view .LVU27
 142 0032 1023     		movs	r3, #16
 143 0034 0293     		str	r3, [sp, #8]
 114:Core/Src/tim.c ****     GPIO_InitStruct.Speed = GPIO_SPEED_FREQ_LOW;
 144              		.loc 1 114 5 is_stmt 1 view .LVU28
 114:Core/Src/tim.c ****     GPIO_InitStruct.Speed = GPIO_SPEED_FREQ_LOW;
 145              		.loc 1 114 26 is_stmt 0 view .LVU29
 146 0036 0223     		movs	r3, #2
 147 0038 0393     		str	r3, [sp, #12]
 115:Core/Src/tim.c ****     HAL_GPIO_Init(GPIOB, &GPIO_InitStruct);
 148              		.loc 1 115 5 is_stmt 1 view .LVU30
 115:Core/Src/tim.c ****     HAL_GPIO_Init(GPIOB, &GPIO_InitStruct);
 149              		.loc 1 115 27 is_stmt 0 view .LVU31
 150 003a 0593     		str	r3, [sp, #20]
ARM GAS  C:\Users\Xuleo\AppData\Local\Temp\cc5lk614.s 			page 6


 116:Core/Src/tim.c **** 
 151              		.loc 1 116 5 is_stmt 1 view .LVU32
 152 003c 02A9     		add	r1, sp, #8
 153 003e 0748     		ldr	r0, .L14+4
 154              	.LVL4:
 116:Core/Src/tim.c **** 
 155              		.loc 1 116 5 is_stmt 0 view .LVU33
 156 0040 FFF7FEFF 		bl	HAL_GPIO_Init
 157              	.LVL5:
 118:Core/Src/tim.c **** 
 158              		.loc 1 118 5 is_stmt 1 view .LVU34
 159              	.LBB4:
 118:Core/Src/tim.c **** 
 160              		.loc 1 118 5 view .LVU35
 161 0044 064A     		ldr	r2, .L14+8
 162 0046 5368     		ldr	r3, [r2, #4]
 163              	.LVL6:
 118:Core/Src/tim.c **** 
 164              		.loc 1 118 5 view .LVU36
 165 0048 23F44063 		bic	r3, r3, #3072
 166              	.LVL7:
 118:Core/Src/tim.c **** 
 167              		.loc 1 118 5 view .LVU37
 118:Core/Src/tim.c **** 
 168              		.loc 1 118 5 view .LVU38
 169 004c 43F0E063 		orr	r3, r3, #117440512
 170              	.LVL8:
 118:Core/Src/tim.c **** 
 171              		.loc 1 118 5 is_stmt 0 view .LVU39
 172 0050 43F40063 		orr	r3, r3, #2048
 173              	.LVL9:
 118:Core/Src/tim.c **** 
 174              		.loc 1 118 5 is_stmt 1 view .LVU40
 175 0054 5360     		str	r3, [r2, #4]
 176              	.LBE4:
 118:Core/Src/tim.c **** 
 177              		.loc 1 118 5 discriminator 1 view .LVU41
 178              		.loc 1 125 1 is_stmt 0 view .LVU42
 179 0056 DEE7     		b	.L10
 180              	.L15:
 181              		.align	2
 182              	.L14:
 183 0058 00040040 		.word	1073742848
 184 005c 000C0140 		.word	1073810432
 185 0060 00000140 		.word	1073807360
 186              		.cfi_endproc
 187              	.LFE67:
 189              		.section	.text.MX_TIM3_Init,"ax",%progbits
 190              		.align	1
 191              		.global	MX_TIM3_Init
 192              		.syntax unified
 193              		.thumb
 194              		.thumb_func
 196              	MX_TIM3_Init:
 197              	.LFB65:
  31:Core/Src/tim.c **** 
 198              		.loc 1 31 1 is_stmt 1 view -0
ARM GAS  C:\Users\Xuleo\AppData\Local\Temp\cc5lk614.s 			page 7


 199              		.cfi_startproc
 200              		@ args = 0, pretend = 0, frame = 56
 201              		@ frame_needed = 0, uses_anonymous_args = 0
 202 0000 00B5     		push	{lr}
 203              	.LCFI6:
 204              		.cfi_def_cfa_offset 4
 205              		.cfi_offset 14, -4
 206 0002 8FB0     		sub	sp, sp, #60
 207              	.LCFI7:
 208              		.cfi_def_cfa_offset 64
  37:Core/Src/tim.c ****   TIM_MasterConfigTypeDef sMasterConfig = {0};
 209              		.loc 1 37 3 view .LVU44
  37:Core/Src/tim.c ****   TIM_MasterConfigTypeDef sMasterConfig = {0};
 210              		.loc 1 37 26 is_stmt 0 view .LVU45
 211 0004 0023     		movs	r3, #0
 212 0006 0A93     		str	r3, [sp, #40]
 213 0008 0B93     		str	r3, [sp, #44]
 214 000a 0C93     		str	r3, [sp, #48]
 215 000c 0D93     		str	r3, [sp, #52]
  38:Core/Src/tim.c ****   TIM_OC_InitTypeDef sConfigOC = {0};
 216              		.loc 1 38 3 is_stmt 1 view .LVU46
  38:Core/Src/tim.c ****   TIM_OC_InitTypeDef sConfigOC = {0};
 217              		.loc 1 38 27 is_stmt 0 view .LVU47
 218 000e 0893     		str	r3, [sp, #32]
 219 0010 0993     		str	r3, [sp, #36]
  39:Core/Src/tim.c **** 
 220              		.loc 1 39 3 is_stmt 1 view .LVU48
  39:Core/Src/tim.c **** 
 221              		.loc 1 39 22 is_stmt 0 view .LVU49
 222 0012 0193     		str	r3, [sp, #4]
 223 0014 0293     		str	r3, [sp, #8]
 224 0016 0393     		str	r3, [sp, #12]
 225 0018 0493     		str	r3, [sp, #16]
 226 001a 0593     		str	r3, [sp, #20]
 227 001c 0693     		str	r3, [sp, #24]
 228 001e 0793     		str	r3, [sp, #28]
  44:Core/Src/tim.c ****   htim3.Init.Prescaler = 71;
 229              		.loc 1 44 3 is_stmt 1 view .LVU50
  44:Core/Src/tim.c ****   htim3.Init.Prescaler = 71;
 230              		.loc 1 44 18 is_stmt 0 view .LVU51
 231 0020 2148     		ldr	r0, .L28
 232 0022 224A     		ldr	r2, .L28+4
 233 0024 0260     		str	r2, [r0]
  45:Core/Src/tim.c ****   htim3.Init.CounterMode = TIM_COUNTERMODE_UP;
 234              		.loc 1 45 3 is_stmt 1 view .LVU52
  45:Core/Src/tim.c ****   htim3.Init.CounterMode = TIM_COUNTERMODE_UP;
 235              		.loc 1 45 24 is_stmt 0 view .LVU53
 236 0026 4722     		movs	r2, #71
 237 0028 4260     		str	r2, [r0, #4]
  46:Core/Src/tim.c ****   htim3.Init.Period = 499;
 238              		.loc 1 46 3 is_stmt 1 view .LVU54
  46:Core/Src/tim.c ****   htim3.Init.Period = 499;
 239              		.loc 1 46 26 is_stmt 0 view .LVU55
 240 002a 8360     		str	r3, [r0, #8]
  47:Core/Src/tim.c ****   htim3.Init.ClockDivision = TIM_CLOCKDIVISION_DIV1;
 241              		.loc 1 47 3 is_stmt 1 view .LVU56
  47:Core/Src/tim.c ****   htim3.Init.ClockDivision = TIM_CLOCKDIVISION_DIV1;
ARM GAS  C:\Users\Xuleo\AppData\Local\Temp\cc5lk614.s 			page 8


 242              		.loc 1 47 21 is_stmt 0 view .LVU57
 243 002c 40F2F312 		movw	r2, #499
 244 0030 C260     		str	r2, [r0, #12]
  48:Core/Src/tim.c ****   htim3.Init.AutoReloadPreload = TIM_AUTORELOAD_PRELOAD_ENABLE;
 245              		.loc 1 48 3 is_stmt 1 view .LVU58
  48:Core/Src/tim.c ****   htim3.Init.AutoReloadPreload = TIM_AUTORELOAD_PRELOAD_ENABLE;
 246              		.loc 1 48 28 is_stmt 0 view .LVU59
 247 0032 0361     		str	r3, [r0, #16]
  49:Core/Src/tim.c ****   if (HAL_TIM_Base_Init(&htim3) != HAL_OK)
 248              		.loc 1 49 3 is_stmt 1 view .LVU60
  49:Core/Src/tim.c ****   if (HAL_TIM_Base_Init(&htim3) != HAL_OK)
 249              		.loc 1 49 32 is_stmt 0 view .LVU61
 250 0034 8023     		movs	r3, #128
 251 0036 8361     		str	r3, [r0, #24]
  50:Core/Src/tim.c ****   {
 252              		.loc 1 50 3 is_stmt 1 view .LVU62
  50:Core/Src/tim.c ****   {
 253              		.loc 1 50 7 is_stmt 0 view .LVU63
 254 0038 FFF7FEFF 		bl	HAL_TIM_Base_Init
 255              	.LVL10:
  50:Core/Src/tim.c ****   {
 256              		.loc 1 50 6 discriminator 1 view .LVU64
 257 003c 20BB     		cbnz	r0, .L23
 258              	.L17:
  54:Core/Src/tim.c ****   if (HAL_TIM_ConfigClockSource(&htim3, &sClockSourceConfig) != HAL_OK)
 259              		.loc 1 54 3 is_stmt 1 view .LVU65
  54:Core/Src/tim.c ****   if (HAL_TIM_ConfigClockSource(&htim3, &sClockSourceConfig) != HAL_OK)
 260              		.loc 1 54 34 is_stmt 0 view .LVU66
 261 003e 4FF48053 		mov	r3, #4096
 262 0042 0A93     		str	r3, [sp, #40]
  55:Core/Src/tim.c ****   {
 263              		.loc 1 55 3 is_stmt 1 view .LVU67
  55:Core/Src/tim.c ****   {
 264              		.loc 1 55 7 is_stmt 0 view .LVU68
 265 0044 0AA9     		add	r1, sp, #40
 266 0046 1848     		ldr	r0, .L28
 267 0048 FFF7FEFF 		bl	HAL_TIM_ConfigClockSource
 268              	.LVL11:
  55:Core/Src/tim.c ****   {
 269              		.loc 1 55 6 discriminator 1 view .LVU69
 270 004c F8B9     		cbnz	r0, .L24
 271              	.L18:
  59:Core/Src/tim.c ****   {
 272              		.loc 1 59 3 is_stmt 1 view .LVU70
  59:Core/Src/tim.c ****   {
 273              		.loc 1 59 7 is_stmt 0 view .LVU71
 274 004e 1648     		ldr	r0, .L28
 275 0050 FFF7FEFF 		bl	HAL_TIM_PWM_Init
 276              	.LVL12:
  59:Core/Src/tim.c ****   {
 277              		.loc 1 59 6 discriminator 1 view .LVU72
 278 0054 F0B9     		cbnz	r0, .L25
 279              	.L19:
  63:Core/Src/tim.c ****   sMasterConfig.MasterSlaveMode = TIM_MASTERSLAVEMODE_DISABLE;
 280              		.loc 1 63 3 is_stmt 1 view .LVU73
  63:Core/Src/tim.c ****   sMasterConfig.MasterSlaveMode = TIM_MASTERSLAVEMODE_DISABLE;
 281              		.loc 1 63 37 is_stmt 0 view .LVU74
ARM GAS  C:\Users\Xuleo\AppData\Local\Temp\cc5lk614.s 			page 9


 282 0056 0023     		movs	r3, #0
 283 0058 0893     		str	r3, [sp, #32]
  64:Core/Src/tim.c ****   if (HAL_TIMEx_MasterConfigSynchronization(&htim3, &sMasterConfig) != HAL_OK)
 284              		.loc 1 64 3 is_stmt 1 view .LVU75
  64:Core/Src/tim.c ****   if (HAL_TIMEx_MasterConfigSynchronization(&htim3, &sMasterConfig) != HAL_OK)
 285              		.loc 1 64 33 is_stmt 0 view .LVU76
 286 005a 0993     		str	r3, [sp, #36]
  65:Core/Src/tim.c ****   {
 287              		.loc 1 65 3 is_stmt 1 view .LVU77
  65:Core/Src/tim.c ****   {
 288              		.loc 1 65 7 is_stmt 0 view .LVU78
 289 005c 08A9     		add	r1, sp, #32
 290 005e 1248     		ldr	r0, .L28
 291 0060 FFF7FEFF 		bl	HAL_TIMEx_MasterConfigSynchronization
 292              	.LVL13:
  65:Core/Src/tim.c ****   {
 293              		.loc 1 65 6 discriminator 1 view .LVU79
 294 0064 C8B9     		cbnz	r0, .L26
 295              	.L20:
  69:Core/Src/tim.c ****   sConfigOC.Pulse = 0;
 296              		.loc 1 69 3 is_stmt 1 view .LVU80
  69:Core/Src/tim.c ****   sConfigOC.Pulse = 0;
 297              		.loc 1 69 20 is_stmt 0 view .LVU81
 298 0066 6023     		movs	r3, #96
 299 0068 0193     		str	r3, [sp, #4]
  70:Core/Src/tim.c ****   sConfigOC.OCPolarity = TIM_OCPOLARITY_HIGH;
 300              		.loc 1 70 3 is_stmt 1 view .LVU82
  70:Core/Src/tim.c ****   sConfigOC.OCPolarity = TIM_OCPOLARITY_HIGH;
 301              		.loc 1 70 19 is_stmt 0 view .LVU83
 302 006a 0022     		movs	r2, #0
 303 006c 0292     		str	r2, [sp, #8]
  71:Core/Src/tim.c ****   sConfigOC.OCFastMode = TIM_OCFAST_DISABLE;
 304              		.loc 1 71 3 is_stmt 1 view .LVU84
  71:Core/Src/tim.c ****   sConfigOC.OCFastMode = TIM_OCFAST_DISABLE;
 305              		.loc 1 71 24 is_stmt 0 view .LVU85
 306 006e 0392     		str	r2, [sp, #12]
  72:Core/Src/tim.c ****   if (HAL_TIM_PWM_ConfigChannel(&htim3, &sConfigOC, TIM_CHANNEL_1) != HAL_OK)
 307              		.loc 1 72 3 is_stmt 1 view .LVU86
  72:Core/Src/tim.c ****   if (HAL_TIM_PWM_ConfigChannel(&htim3, &sConfigOC, TIM_CHANNEL_1) != HAL_OK)
 308              		.loc 1 72 24 is_stmt 0 view .LVU87
 309 0070 0592     		str	r2, [sp, #20]
  73:Core/Src/tim.c ****   {
 310              		.loc 1 73 3 is_stmt 1 view .LVU88
  73:Core/Src/tim.c ****   {
 311              		.loc 1 73 7 is_stmt 0 view .LVU89
 312 0072 01A9     		add	r1, sp, #4
 313 0074 0C48     		ldr	r0, .L28
 314 0076 FFF7FEFF 		bl	HAL_TIM_PWM_ConfigChannel
 315              	.LVL14:
  73:Core/Src/tim.c ****   {
 316              		.loc 1 73 6 discriminator 1 view .LVU90
 317 007a 88B9     		cbnz	r0, .L27
 318              	.L21:
  80:Core/Src/tim.c **** 
 319              		.loc 1 80 3 is_stmt 1 view .LVU91
 320 007c 0A48     		ldr	r0, .L28
 321 007e FFF7FEFF 		bl	HAL_TIM_MspPostInit
ARM GAS  C:\Users\Xuleo\AppData\Local\Temp\cc5lk614.s 			page 10


 322              	.LVL15:
  82:Core/Src/tim.c **** 
 323              		.loc 1 82 1 is_stmt 0 view .LVU92
 324 0082 0FB0     		add	sp, sp, #60
 325              	.LCFI8:
 326              		.cfi_remember_state
 327              		.cfi_def_cfa_offset 4
 328              		@ sp needed
 329 0084 5DF804FB 		ldr	pc, [sp], #4
 330              	.L23:
 331              	.LCFI9:
 332              		.cfi_restore_state
  52:Core/Src/tim.c ****   }
 333              		.loc 1 52 5 is_stmt 1 view .LVU93
 334 0088 FFF7FEFF 		bl	Error_Handler
 335              	.LVL16:
 336 008c D7E7     		b	.L17
 337              	.L24:
  57:Core/Src/tim.c ****   }
 338              		.loc 1 57 5 view .LVU94
 339 008e FFF7FEFF 		bl	Error_Handler
 340              	.LVL17:
 341 0092 DCE7     		b	.L18
 342              	.L25:
  61:Core/Src/tim.c ****   }
 343              		.loc 1 61 5 view .LVU95
 344 0094 FFF7FEFF 		bl	Error_Handler
 345              	.LVL18:
 346 0098 DDE7     		b	.L19
 347              	.L26:
  67:Core/Src/tim.c ****   }
 348              		.loc 1 67 5 view .LVU96
 349 009a FFF7FEFF 		bl	Error_Handler
 350              	.LVL19:
 351 009e E2E7     		b	.L20
 352              	.L27:
  75:Core/Src/tim.c ****   }
 353              		.loc 1 75 5 view .LVU97
 354 00a0 FFF7FEFF 		bl	Error_Handler
 355              	.LVL20:
 356 00a4 EAE7     		b	.L21
 357              	.L29:
 358 00a6 00BF     		.align	2
 359              	.L28:
 360 00a8 00000000 		.word	htim3
 361 00ac 00040040 		.word	1073742848
 362              		.cfi_endproc
 363              	.LFE65:
 365              		.section	.text.HAL_TIM_Base_MspDeInit,"ax",%progbits
 366              		.align	1
 367              		.global	HAL_TIM_Base_MspDeInit
 368              		.syntax unified
 369              		.thumb
 370              		.thumb_func
 372              	HAL_TIM_Base_MspDeInit:
 373              	.LVL21:
 374              	.LFB68:
ARM GAS  C:\Users\Xuleo\AppData\Local\Temp\cc5lk614.s 			page 11


 126:Core/Src/tim.c **** 
 127:Core/Src/tim.c **** void HAL_TIM_Base_MspDeInit(TIM_HandleTypeDef* tim_baseHandle)
 128:Core/Src/tim.c **** {
 375              		.loc 1 128 1 view -0
 376              		.cfi_startproc
 377              		@ args = 0, pretend = 0, frame = 0
 378              		@ frame_needed = 0, uses_anonymous_args = 0
 379              		@ link register save eliminated.
 129:Core/Src/tim.c **** 
 130:Core/Src/tim.c ****   if(tim_baseHandle->Instance==TIM3)
 380              		.loc 1 130 3 view .LVU99
 381              		.loc 1 130 20 is_stmt 0 view .LVU100
 382 0000 0268     		ldr	r2, [r0]
 383              		.loc 1 130 5 view .LVU101
 384 0002 054B     		ldr	r3, .L33
 385 0004 9A42     		cmp	r2, r3
 386 0006 00D0     		beq	.L32
 387              	.L30:
 131:Core/Src/tim.c ****   {
 132:Core/Src/tim.c ****   /* USER CODE BEGIN TIM3_MspDeInit 0 */
 133:Core/Src/tim.c **** 
 134:Core/Src/tim.c ****   /* USER CODE END TIM3_MspDeInit 0 */
 135:Core/Src/tim.c ****     /* Peripheral clock disable */
 136:Core/Src/tim.c ****     __HAL_RCC_TIM3_CLK_DISABLE();
 137:Core/Src/tim.c ****   /* USER CODE BEGIN TIM3_MspDeInit 1 */
 138:Core/Src/tim.c **** 
 139:Core/Src/tim.c ****   /* USER CODE END TIM3_MspDeInit 1 */
 140:Core/Src/tim.c ****   }
 141:Core/Src/tim.c **** }
 388              		.loc 1 141 1 view .LVU102
 389 0008 7047     		bx	lr
 390              	.L32:
 136:Core/Src/tim.c ****   /* USER CODE BEGIN TIM3_MspDeInit 1 */
 391              		.loc 1 136 5 is_stmt 1 view .LVU103
 392 000a 044A     		ldr	r2, .L33+4
 393 000c D369     		ldr	r3, [r2, #28]
 394 000e 23F00203 		bic	r3, r3, #2
 395 0012 D361     		str	r3, [r2, #28]
 396              		.loc 1 141 1 is_stmt 0 view .LVU104
 397 0014 F8E7     		b	.L30
 398              	.L34:
 399 0016 00BF     		.align	2
 400              	.L33:
 401 0018 00040040 		.word	1073742848
 402 001c 00100240 		.word	1073876992
 403              		.cfi_endproc
 404              	.LFE68:
 406              		.global	htim3
 407              		.section	.bss.htim3,"aw",%nobits
 408              		.align	2
 411              	htim3:
 412 0000 00000000 		.space	72
 412      00000000 
 412      00000000 
 412      00000000 
 412      00000000 
 413              		.text
ARM GAS  C:\Users\Xuleo\AppData\Local\Temp\cc5lk614.s 			page 12


 414              	.Letext0:
 415              		.file 2 "C:\\ST\\STM32CubeCLT_1.19.0\\GNU-tools-for-STM32\\bin/../lib/gcc/arm-none-eabi/13.3.1/../
 416              		.file 3 "C:\\ST\\STM32CubeCLT_1.19.0\\GNU-tools-for-STM32\\bin/../lib/gcc/arm-none-eabi/13.3.1/../
 417              		.file 4 "Drivers/CMSIS/Device/ST/STM32F1xx/Include/stm32f103xb.h"
 418              		.file 5 "Drivers/STM32F1xx_HAL_Driver/Inc/stm32f1xx_hal_def.h"
 419              		.file 6 "Drivers/STM32F1xx_HAL_Driver/Inc/stm32f1xx_hal_gpio.h"
 420              		.file 7 "Drivers/STM32F1xx_HAL_Driver/Inc/stm32f1xx_hal_dma.h"
 421              		.file 8 "Drivers/STM32F1xx_HAL_Driver/Inc/stm32f1xx_hal_tim.h"
 422              		.file 9 "Drivers/STM32F1xx_HAL_Driver/Inc/stm32f1xx_hal_tim_ex.h"
 423              		.file 10 "Core/Inc/tim.h"
 424              		.file 11 "Core/Inc/main.h"
ARM GAS  C:\Users\Xuleo\AppData\Local\Temp\cc5lk614.s 			page 13


DEFINED SYMBOLS
                            *ABS*:00000000 tim.c
C:\Users\Xuleo\AppData\Local\Temp\cc5lk614.s:19     .text.HAL_TIM_Base_MspInit:00000000 $t
C:\Users\Xuleo\AppData\Local\Temp\cc5lk614.s:25     .text.HAL_TIM_Base_MspInit:00000000 HAL_TIM_Base_MspInit
C:\Users\Xuleo\AppData\Local\Temp\cc5lk614.s:71     .text.HAL_TIM_Base_MspInit:00000028 $d
C:\Users\Xuleo\AppData\Local\Temp\cc5lk614.s:76     .text.HAL_TIM_MspPostInit:00000000 $t
C:\Users\Xuleo\AppData\Local\Temp\cc5lk614.s:82     .text.HAL_TIM_MspPostInit:00000000 HAL_TIM_MspPostInit
C:\Users\Xuleo\AppData\Local\Temp\cc5lk614.s:183    .text.HAL_TIM_MspPostInit:00000058 $d
C:\Users\Xuleo\AppData\Local\Temp\cc5lk614.s:190    .text.MX_TIM3_Init:00000000 $t
C:\Users\Xuleo\AppData\Local\Temp\cc5lk614.s:196    .text.MX_TIM3_Init:00000000 MX_TIM3_Init
C:\Users\Xuleo\AppData\Local\Temp\cc5lk614.s:360    .text.MX_TIM3_Init:000000a8 $d
C:\Users\Xuleo\AppData\Local\Temp\cc5lk614.s:411    .bss.htim3:00000000 htim3
C:\Users\Xuleo\AppData\Local\Temp\cc5lk614.s:366    .text.HAL_TIM_Base_MspDeInit:00000000 $t
C:\Users\Xuleo\AppData\Local\Temp\cc5lk614.s:372    .text.HAL_TIM_Base_MspDeInit:00000000 HAL_TIM_Base_MspDeInit
C:\Users\Xuleo\AppData\Local\Temp\cc5lk614.s:401    .text.HAL_TIM_Base_MspDeInit:00000018 $d
C:\Users\Xuleo\AppData\Local\Temp\cc5lk614.s:408    .bss.htim3:00000000 $d

UNDEFINED SYMBOLS
HAL_GPIO_Init
HAL_TIM_Base_Init
HAL_TIM_ConfigClockSource
HAL_TIM_PWM_Init
HAL_TIMEx_MasterConfigSynchronization
HAL_TIM_PWM_ConfigChannel
Error_Handler
